[2025-10-31T20:13:58.293+0100] {local_task_job_runner.py:120} INFO - ::group::Pre task execution logs
[2025-10-31T20:13:58.524+0100] {taskinstance.py:2076} INFO - Dependencies all met for dep_context=non-requeueable deps ti=<TaskInstance: avito_kafka_every_5min.run_avito_producer scheduled__2025-10-31T18:55:00+00:00 [queued]>
[2025-10-31T20:13:58.589+0100] {taskinstance.py:2076} INFO - Dependencies all met for dep_context=requeueable deps ti=<TaskInstance: avito_kafka_every_5min.run_avito_producer scheduled__2025-10-31T18:55:00+00:00 [queued]>
[2025-10-31T20:13:58.595+0100] {taskinstance.py:2306} INFO - Starting attempt 1 of 3
[2025-10-31T20:13:58.659+0100] {taskinstance.py:2330} INFO - Executing <Task(BashOperator): run_avito_producer> on 2025-10-31 18:55:00+00:00
[2025-10-31T20:13:58.795+0100] {standard_task_runner.py:90} INFO - Running: ['***', 'tasks', 'run', 'avito_kafka_every_5min', 'run_avito_producer', 'scheduled__2025-10-31T18:55:00+00:00', '--job-id', '40', '--raw', '--subdir', 'DAGS_FOLDER/avito_kafka_every_5min.py', '--cfg-path', '/tmp/tmp5s2xo7pv']
[2025-10-31T20:13:58.903+0100] {standard_task_runner.py:91} INFO - Job 40: Subtask run_avito_producer
[2025-10-31T20:13:58.841+0100] {logging_mixin.py:188} WARNING - /home/***/.local/lib/python3.12/site-packages/***/task/task_runner/standard_task_runner.py:62 DeprecationWarning: This process (pid=705) is multi-threaded, use of fork() may lead to deadlocks in the child.
[2025-10-31T20:13:59.017+0100] {standard_task_runner.py:64} INFO - Started process 711 to run task
[2025-10-31T20:13:59.598+0100] {task_command.py:426} INFO - Running <TaskInstance: avito_kafka_every_5min.run_avito_producer scheduled__2025-10-31T18:55:00+00:00 [running]> on host bfe5844a8915
[2025-10-31T20:14:00.335+0100] {taskinstance.py:2648} INFO - Exporting env vars: AIRFLOW_CTX_DAG_OWNER='data' AIRFLOW_CTX_DAG_ID='avito_kafka_every_5min' AIRFLOW_CTX_TASK_ID='run_avito_producer' AIRFLOW_CTX_EXECUTION_DATE='2025-10-31T18:55:00+00:00' AIRFLOW_CTX_TRY_NUMBER='1' AIRFLOW_CTX_DAG_RUN_ID='scheduled__2025-10-31T18:55:00+00:00'
[2025-10-31T20:14:00.348+0100] {taskinstance.py:430} INFO - ::endgroup::
[2025-10-31T20:14:00.479+0100] {subprocess.py:63} INFO - Tmp dir root location: /tmp
[2025-10-31T20:14:00.499+0100] {subprocess.py:75} INFO - Running command: ['/usr/bin/bash', '-c', 'python -m Pipeline.producer.avito_producer --mode louer --pages 1 --limit 10 --bootstrap kafka:9092 --topic realestate.avito.raw']
[2025-10-31T20:14:00.566+0100] {subprocess.py:86} INFO - Output:
[2025-10-31T20:14:24.641+0100] {subprocess.py:93} INFO - [*] Mode: LOUER | Pages: 1 | Sink: kafka | Limit: 10
[2025-10-31T20:14:24.643+0100] {subprocess.py:93} INFO - [SERP] Page 1 → https://www.avito.ma/fr/maroc/locations_immobilieres-à_louer
[2025-10-31T20:14:24.644+0100] {subprocess.py:93} INFO -        Reached limit 10, stopping SERP crawl
[2025-10-31T20:14:24.645+0100] {subprocess.py:93} INFO - [*] Total URLs: 10
[2025-10-31T20:14:24.646+0100] {subprocess.py:93} INFO - [1/10] https://www.avito.ma/fr/oasis/appartements/Studio_meublé_à_Oasis___Route_El_Jadida_57131276.htm
[2025-10-31T20:14:24.647+0100] {subprocess.py:93} INFO - [2/10] https://www.avito.ma/fr/harhoura/appartements/Bel_appartement_F2_Meublé_à_Harhoura_56884636.htm
[2025-10-31T20:14:24.648+0100] {subprocess.py:93} INFO - [3/10] https://www.avito.ma/fr/moulay_bousselham/appartements/Chambres_vue_sur_mer_57051054.htm
[2025-10-31T20:14:24.649+0100] {subprocess.py:93} INFO - [4/10] https://www.avito.ma/fr/roches_noires/appartements/Studio_vide_à_louer_sur_roche_noir_52_m²_57127356.htm
[2025-10-31T20:14:24.656+0100] {subprocess.py:93} INFO - [5/10] https://www.avito.ma/fr/les_princesses/appartements/STUDIO_MEUBLÉ_NEUF_À_LOUER_À_LES_PRINCESSES_57146110.htm
[2025-10-31T20:14:24.657+0100] {subprocess.py:93} INFO - [6/10] https://www.avito.ma/fr/sidi_maarouf/appartements/à_Wouroud_avec_3_ch_apprt_meublé_à_louer_57041759.htm
[2025-10-31T20:14:24.658+0100] {subprocess.py:93} INFO - [7/10] https://www.avito.ma/fr/oulfa/appartements/Appartement_3_chambres_Oulfa_Rahma_56960341.htm
[2025-10-31T20:14:24.660+0100] {subprocess.py:93} INFO - [8/10] https://www.avito.ma/fr/oulfa/appartements/Appartement_à_louer_59_m²_à_Casablanca_57146084.htm
[2025-10-31T20:14:24.661+0100] {subprocess.py:93} INFO - [9/10] https://www.avito.ma/fr/el_mansouria/appartements/Appartement_meublé_de_82m²_à_louer_56897606.htm
[2025-10-31T20:14:24.661+0100] {subprocess.py:93} INFO - [10/10] https://www.avito.ma/fr/maarif/appartements/STUDIO_AVEC_GR_TERASSE_À_LOUER_À_MAARIF_57146079.htm
[2025-10-31T20:14:24.664+0100] {subprocess.py:93} INFO - [✓] Sent 10 messages to Kafka topic 'realestate.avito.raw'
[2025-10-31T20:14:24.784+0100] {subprocess.py:97} INFO - Command exited with return code 0
[2025-10-31T20:14:24.786+0100] {taskinstance.py:441} INFO - ::group::Post task execution logs
[2025-10-31T20:14:24.859+0100] {taskinstance.py:1206} INFO - Marking task as SUCCESS. dag_id=avito_kafka_every_5min, task_id=run_avito_producer, run_id=scheduled__2025-10-31T18:55:00+00:00, execution_date=20251031T185500, start_date=20251031T191358, end_date=20251031T191424
[2025-10-31T20:14:24.923+0100] {local_task_job_runner.py:243} INFO - Task exited with return code 0
[2025-10-31T20:14:24.969+0100] {taskinstance.py:3503} INFO - 0 downstream tasks scheduled from follow-on schedule check
[2025-10-31T20:14:24.972+0100] {local_task_job_runner.py:222} INFO - ::endgroup::
