[2025-10-31T23:00:00.853+0100] {local_task_job_runner.py:120} INFO - ::group::Pre task execution logs
[2025-10-31T23:00:00.896+0100] {taskinstance.py:2076} INFO - Dependencies all met for dep_context=non-requeueable deps ti=<TaskInstance: avito_kafka_every_5min.run_avito_producer scheduled__2025-10-31T21:55:00+00:00 [queued]>
[2025-10-31T23:00:00.905+0100] {taskinstance.py:2076} INFO - Dependencies all met for dep_context=requeueable deps ti=<TaskInstance: avito_kafka_every_5min.run_avito_producer scheduled__2025-10-31T21:55:00+00:00 [queued]>
[2025-10-31T23:00:00.906+0100] {taskinstance.py:2306} INFO - Starting attempt 1 of 3
[2025-10-31T23:00:00.919+0100] {taskinstance.py:2330} INFO - Executing <Task(BashOperator): run_avito_producer> on 2025-10-31 21:55:00+00:00
[2025-10-31T23:00:00.930+0100] {logging_mixin.py:188} WARNING - /home/***/.local/lib/python3.12/site-packages/***/task/task_runner/standard_task_runner.py:62 DeprecationWarning: This process (pid=2585) is multi-threaded, use of fork() may lead to deadlocks in the child.
[2025-10-31T23:00:00.928+0100] {standard_task_runner.py:90} INFO - Running: ['***', 'tasks', 'run', 'avito_kafka_every_5min', 'run_avito_producer', 'scheduled__2025-10-31T21:55:00+00:00', '--job-id', '74', '--raw', '--subdir', 'DAGS_FOLDER/avito_kafka_every_5min.py', '--cfg-path', '/tmp/tmpurkjts1_']
[2025-10-31T23:00:00.931+0100] {standard_task_runner.py:64} INFO - Started process 2586 to run task
[2025-10-31T23:00:00.932+0100] {standard_task_runner.py:91} INFO - Job 74: Subtask run_avito_producer
[2025-10-31T23:00:00.998+0100] {task_command.py:426} INFO - Running <TaskInstance: avito_kafka_every_5min.run_avito_producer scheduled__2025-10-31T21:55:00+00:00 [running]> on host bfe5844a8915
[2025-10-31T23:00:01.117+0100] {taskinstance.py:2648} INFO - Exporting env vars: AIRFLOW_CTX_DAG_OWNER='data' AIRFLOW_CTX_DAG_ID='avito_kafka_every_5min' AIRFLOW_CTX_TASK_ID='run_avito_producer' AIRFLOW_CTX_EXECUTION_DATE='2025-10-31T21:55:00+00:00' AIRFLOW_CTX_TRY_NUMBER='1' AIRFLOW_CTX_DAG_RUN_ID='scheduled__2025-10-31T21:55:00+00:00'
[2025-10-31T23:00:01.119+0100] {taskinstance.py:430} INFO - ::endgroup::
[2025-10-31T23:00:01.134+0100] {subprocess.py:63} INFO - Tmp dir root location: /tmp
[2025-10-31T23:00:01.136+0100] {subprocess.py:75} INFO - Running command: ['/usr/bin/bash', '-c', 'python -m Pipeline.producer.avito_producer --mode louer --pages 1 --limit 10 --bootstrap kafka:9092 --topic realestate.avito.raw']
[2025-10-31T23:00:01.144+0100] {subprocess.py:86} INFO - Output:
[2025-10-31T23:00:19.861+0100] {subprocess.py:93} INFO - [*] Mode: LOUER | Pages: 1 | Sink: kafka | Limit: 10
[2025-10-31T23:00:19.862+0100] {subprocess.py:93} INFO - [SERP] Page 1 → https://www.avito.ma/fr/maroc/locations_immobilieres-à_louer
[2025-10-31T23:00:19.863+0100] {subprocess.py:93} INFO -        Reached limit 10, stopping SERP crawl
[2025-10-31T23:00:19.863+0100] {subprocess.py:93} INFO - [*] Total URLs: 10
[2025-10-31T23:00:19.864+0100] {subprocess.py:93} INFO - [1/10] https://www.avito.ma/fr/agdal/appartements/Appartement_meublé_de_standing_haut_Agdal_56253379.htm
[2025-10-31T23:00:19.864+0100] {subprocess.py:93} INFO - [2/10] https://www.avito.ma/fr/abbadi/local/Local_commercial_à_louer_avec_pas_de_porte_saroute_57002798.htm
[2025-10-31T23:00:19.864+0100] {subprocess.py:93} INFO - [3/10] https://www.avito.ma/fr/moulay_bousselham/villas_et_riads/Villa_avec_piscine_à_louer_57019964.htm
[2025-10-31T23:00:19.865+0100] {subprocess.py:93} INFO - [4/10] https://www.avito.ma/fr/hay_riad/appartements/Appartement_meublé_à_louer_sur_Hay_Riad_Prestigia_56989971.htm
[2025-10-31T23:00:19.865+0100] {subprocess.py:93} INFO - [5/10] https://www.avito.ma/fr/centre_ville/appartements/Appartement_à_louer_à_Moulay_Smail_57082582.htm
[2025-10-31T23:00:19.865+0100] {subprocess.py:93} INFO - [6/10] https://www.avito.ma/fr/aviation___mabella/appartements/Appartement_Rénové_à_louer_Quartier_Administratif_55344055.htm
[2025-10-31T23:00:19.866+0100] {subprocess.py:93} INFO - [7/10] https://www.avito.ma/fr/bachkou/appartements/Location_studio_neuf_6000_dh_à_Ronpoing_bachkou_56867301.htm
[2025-10-31T23:00:19.866+0100] {subprocess.py:93} INFO - [8/10] https://www.avito.ma/fr/hassan/maisons/Jolie_Maison_à_Louer_Hassan_57080372.htm
[2025-10-31T23:00:19.866+0100] {subprocess.py:93} INFO - [9/10] https://www.avito.ma/fr/hay_riad/appartements/appartement_à_louer_ensoleillé_57009617.htm
[2025-10-31T23:00:19.867+0100] {subprocess.py:93} INFO - [10/10] https://www.avito.ma/fr/ain_sebaa/local/Hangar_750m2_à_Ain_sebaa__industriel_55899139.htm
[2025-10-31T23:00:19.867+0100] {subprocess.py:93} INFO - [✓] Sent 10 messages to Kafka topic 'realestate.avito.raw'
[2025-10-31T23:00:19.908+0100] {subprocess.py:97} INFO - Command exited with return code 0
[2025-10-31T23:00:19.909+0100] {taskinstance.py:441} INFO - ::group::Post task execution logs
[2025-10-31T23:00:19.945+0100] {taskinstance.py:1206} INFO - Marking task as SUCCESS. dag_id=avito_kafka_every_5min, task_id=run_avito_producer, run_id=scheduled__2025-10-31T21:55:00+00:00, execution_date=20251031T215500, start_date=20251031T220000, end_date=20251031T220019
[2025-10-31T23:00:19.963+0100] {local_task_job_runner.py:243} INFO - Task exited with return code 0
[2025-10-31T23:00:19.989+0100] {taskinstance.py:3503} INFO - 0 downstream tasks scheduled from follow-on schedule check
[2025-10-31T23:00:19.991+0100] {local_task_job_runner.py:222} INFO - ::endgroup::
