[2025-10-31T22:55:00.914+0100] {local_task_job_runner.py:120} INFO - ::group::Pre task execution logs
[2025-10-31T22:55:00.956+0100] {taskinstance.py:2076} INFO - Dependencies all met for dep_context=non-requeueable deps ti=<TaskInstance: avito_kafka_every_5min.run_avito_producer scheduled__2025-10-31T21:50:00+00:00 [queued]>
[2025-10-31T22:55:00.965+0100] {taskinstance.py:2076} INFO - Dependencies all met for dep_context=requeueable deps ti=<TaskInstance: avito_kafka_every_5min.run_avito_producer scheduled__2025-10-31T21:50:00+00:00 [queued]>
[2025-10-31T22:55:00.966+0100] {taskinstance.py:2306} INFO - Starting attempt 1 of 3
[2025-10-31T22:55:00.980+0100] {taskinstance.py:2330} INFO - Executing <Task(BashOperator): run_avito_producer> on 2025-10-31 21:50:00+00:00
[2025-10-31T22:55:00.990+0100] {logging_mixin.py:188} WARNING - /home/***/.local/lib/python3.12/site-packages/***/task/task_runner/standard_task_runner.py:62 DeprecationWarning: This process (pid=2528) is multi-threaded, use of fork() may lead to deadlocks in the child.
[2025-10-31T22:55:00.988+0100] {standard_task_runner.py:90} INFO - Running: ['***', 'tasks', 'run', 'avito_kafka_every_5min', 'run_avito_producer', 'scheduled__2025-10-31T21:50:00+00:00', '--job-id', '73', '--raw', '--subdir', 'DAGS_FOLDER/avito_kafka_every_5min.py', '--cfg-path', '/tmp/tmpgbbiecrp']
[2025-10-31T22:55:00.991+0100] {standard_task_runner.py:64} INFO - Started process 2529 to run task
[2025-10-31T22:55:00.991+0100] {standard_task_runner.py:91} INFO - Job 73: Subtask run_avito_producer
[2025-10-31T22:55:01.059+0100] {task_command.py:426} INFO - Running <TaskInstance: avito_kafka_every_5min.run_avito_producer scheduled__2025-10-31T21:50:00+00:00 [running]> on host bfe5844a8915
[2025-10-31T22:55:01.175+0100] {taskinstance.py:2648} INFO - Exporting env vars: AIRFLOW_CTX_DAG_OWNER='data' AIRFLOW_CTX_DAG_ID='avito_kafka_every_5min' AIRFLOW_CTX_TASK_ID='run_avito_producer' AIRFLOW_CTX_EXECUTION_DATE='2025-10-31T21:50:00+00:00' AIRFLOW_CTX_TRY_NUMBER='1' AIRFLOW_CTX_DAG_RUN_ID='scheduled__2025-10-31T21:50:00+00:00'
[2025-10-31T22:55:01.176+0100] {taskinstance.py:430} INFO - ::endgroup::
[2025-10-31T22:55:01.193+0100] {subprocess.py:63} INFO - Tmp dir root location: /tmp
[2025-10-31T22:55:01.195+0100] {subprocess.py:75} INFO - Running command: ['/usr/bin/bash', '-c', 'python -m Pipeline.producer.avito_producer --mode louer --pages 1 --limit 10 --bootstrap kafka:9092 --topic realestate.avito.raw']
[2025-10-31T22:55:01.204+0100] {subprocess.py:86} INFO - Output:
[2025-10-31T22:55:20.951+0100] {subprocess.py:93} INFO - [*] Mode: LOUER | Pages: 1 | Sink: kafka | Limit: 10
[2025-10-31T22:55:20.952+0100] {subprocess.py:93} INFO - [SERP] Page 1 → https://www.avito.ma/fr/maroc/locations_immobilieres-à_louer
[2025-10-31T22:55:20.952+0100] {subprocess.py:93} INFO -        Reached limit 10, stopping SERP crawl
[2025-10-31T22:55:20.953+0100] {subprocess.py:93} INFO - [*] Total URLs: 10
[2025-10-31T22:55:20.953+0100] {subprocess.py:93} INFO - [1/10] https://www.avito.ma/fr/aviation___mabella/appartements/Appartement_Rénové_à_louer_Quartier_Administratif_55344055.htm
[2025-10-31T22:55:20.954+0100] {subprocess.py:93} INFO - [2/10] https://www.avito.ma/fr/de_la_plage/appartements/Appartement_à_louer_80_m²_à_Tanger_57145480.htm
[2025-10-31T22:55:20.954+0100] {subprocess.py:93} INFO - [3/10] https://www.avito.ma/fr/gauthier/appartements/Très_joli_appartement_à_Gauthier_à_louer_57140848.htm
[2025-10-31T22:55:20.954+0100] {subprocess.py:93} INFO - [4/10] https://www.avito.ma/fr/agdal/appartements/Appartement_à_louer_sur_l_Agdal_57124735.htm
[2025-10-31T22:55:20.955+0100] {subprocess.py:93} INFO - [5/10] https://www.avito.ma/fr/bourgogne/appartements/Appartement_vide_à_louer_120_m²_à_Bourgogne_57139122.htm
[2025-10-31T22:55:20.955+0100] {subprocess.py:93} INFO - [6/10] https://www.avito.ma/fr/hay_riad/bureaux/Appartement_bureau_à_louer_sur_Hay_Riad_56806045.htm
[2025-10-31T22:55:20.955+0100] {subprocess.py:93} INFO - [7/10] https://www.avito.ma/fr/hay_riad/appartements/Appartement_à_louer_56952217.htm
[2025-10-31T22:55:20.956+0100] {subprocess.py:93} INFO - [8/10] https://www.avito.ma/fr/mhannech/appartements/3_chambres_à_louer_pour_étudiantes_57146551.htm
[2025-10-31T22:55:20.956+0100] {subprocess.py:93} INFO - [9/10] https://www.avito.ma/fr/sidi_maarouf/bureaux/bureau_1_étage_vue_bd_sidi_maarouf_57146549.htm
[2025-10-31T22:55:20.956+0100] {subprocess.py:93} INFO - [10/10] https://www.avito.ma/fr/maarif/appartements/Appart_2_ch_meublé_à_louer_avec_2_terrasses_55936470.htm
[2025-10-31T22:55:20.957+0100] {subprocess.py:93} INFO - [✓] Sent 10 messages to Kafka topic 'realestate.avito.raw'
[2025-10-31T22:55:20.980+0100] {subprocess.py:97} INFO - Command exited with return code 0
[2025-10-31T22:55:20.981+0100] {taskinstance.py:441} INFO - ::group::Post task execution logs
[2025-10-31T22:55:21.012+0100] {taskinstance.py:1206} INFO - Marking task as SUCCESS. dag_id=avito_kafka_every_5min, task_id=run_avito_producer, run_id=scheduled__2025-10-31T21:50:00+00:00, execution_date=20251031T215000, start_date=20251031T215500, end_date=20251031T215521
[2025-10-31T22:55:21.049+0100] {local_task_job_runner.py:243} INFO - Task exited with return code 0
[2025-10-31T22:55:21.065+0100] {taskinstance.py:3503} INFO - 0 downstream tasks scheduled from follow-on schedule check
[2025-10-31T22:55:21.068+0100] {local_task_job_runner.py:222} INFO - ::endgroup::
