[2025-11-01T00:54:43.833+0100] {local_task_job_runner.py:120} INFO - ::group::Pre task execution logs
[2025-11-01T00:54:43.875+0100] {taskinstance.py:2076} INFO - Dependencies all met for dep_context=non-requeueable deps ti=<TaskInstance: avito_minimal_scrape_to_iceberg.prepare_scraper_launcher manual__2025-10-31T23:54:06+00:00 [queued]>
[2025-11-01T00:54:43.886+0100] {taskinstance.py:2076} INFO - Dependencies all met for dep_context=requeueable deps ti=<TaskInstance: avito_minimal_scrape_to_iceberg.prepare_scraper_launcher manual__2025-10-31T23:54:06+00:00 [queued]>
[2025-11-01T00:54:43.886+0100] {taskinstance.py:2306} INFO - Starting attempt 1 of 3
[2025-11-01T00:54:43.902+0100] {taskinstance.py:2330} INFO - Executing <Task(BashOperator): prepare_scraper_launcher> on 2025-10-31 23:54:06+00:00
[2025-11-01T00:54:43.914+0100] {standard_task_runner.py:90} INFO - Running: ['***', 'tasks', 'run', 'avito_minimal_scrape_to_iceberg', 'prepare_scraper_launcher', 'manual__2025-10-31T23:54:06+00:00', '--job-id', '121', '--raw', '--subdir', 'DAGS_FOLDER/avito_pipeline.py', '--cfg-path', '/tmp/tmpq5ub77iw']
[2025-11-01T00:54:43.919+0100] {standard_task_runner.py:91} INFO - Job 121: Subtask prepare_scraper_launcher
[2025-11-01T00:54:43.920+0100] {logging_mixin.py:188} WARNING - /home/***/.local/lib/python3.12/site-packages/***/task/task_runner/standard_task_runner.py:62 DeprecationWarning: This process (pid=836) is multi-threaded, use of fork() may lead to deadlocks in the child.
[2025-11-01T00:54:43.920+0100] {standard_task_runner.py:64} INFO - Started process 837 to run task
[2025-11-01T00:54:43.986+0100] {task_command.py:426} INFO - Running <TaskInstance: avito_minimal_scrape_to_iceberg.prepare_scraper_launcher manual__2025-10-31T23:54:06+00:00 [running]> on host 840b98c7ef92
[2025-11-01T00:54:44.110+0100] {taskinstance.py:2648} INFO - Exporting env vars: AIRFLOW_CTX_DAG_OWNER='avito' AIRFLOW_CTX_DAG_ID='avito_minimal_scrape_to_iceberg' AIRFLOW_CTX_TASK_ID='prepare_scraper_launcher' AIRFLOW_CTX_EXECUTION_DATE='2025-10-31T23:54:06+00:00' AIRFLOW_CTX_TRY_NUMBER='1' AIRFLOW_CTX_DAG_RUN_ID='manual__2025-10-31T23:54:06+00:00'
[2025-11-01T00:54:44.112+0100] {taskinstance.py:430} INFO - ::endgroup::
[2025-11-01T00:54:44.131+0100] {subprocess.py:63} INFO - Tmp dir root location: /tmp
[2025-11-01T00:54:44.132+0100] {subprocess.py:75} INFO - Running command: ['/usr/bin/bash', '-c', '\ndocker exec -i avito-scraper bash -lc \'\nset -euo pipefail\ncat > /app/run_avito_scraper.sh << "SH"\n#!/usr/bin/env bash\nset -euo pipefail\n\n# candidate script paths (adjust/extend if you rename files)\nCANDIDATES=(\n  "/app/src/Pipeline/extract/avito_producer.py"\n  "/app/src/avito_producer.py"\n  "/app/src/Pipeline/extract/avito_scraper.py"\n  "/app/src/avito_scraper.py"\n)\n\nSCRIPT=""\nfor p in "${CANDIDATES[@]}"; do\n  if [ -f "$p" ]; then SCRIPT="$p"; break; fi\ndone\n\nif [ -z "$SCRIPT" ]; then\n  echo "[launcher] ERROR: could not find avito producer script under /app/src" >&2\n  echo "[launcher] HINT: check volume mount and file name (case-sensitive)" >&2\n  exit 2\nfi\n\nexport PYTHONPATH=/app/src\npython "$SCRIPT" "$@"\nSH\nchmod +x /app/run_avito_scraper.sh\n\'']
[2025-11-01T00:54:44.142+0100] {subprocess.py:86} INFO - Output:
[2025-11-01T00:54:44.254+0100] {subprocess.py:97} INFO - Command exited with return code 0
[2025-11-01T00:54:44.256+0100] {taskinstance.py:441} INFO - ::group::Post task execution logs
[2025-11-01T00:54:44.294+0100] {taskinstance.py:1206} INFO - Marking task as SUCCESS. dag_id=avito_minimal_scrape_to_iceberg, task_id=prepare_scraper_launcher, run_id=manual__2025-10-31T23:54:06+00:00, execution_date=20251031T235406, start_date=20251031T235443, end_date=20251031T235444
[2025-11-01T00:54:44.336+0100] {local_task_job_runner.py:243} INFO - Task exited with return code 0
[2025-11-01T00:54:44.364+0100] {taskinstance.py:3503} INFO - 1 downstream tasks scheduled from follow-on schedule check
[2025-11-01T00:54:44.366+0100] {local_task_job_runner.py:222} INFO - ::endgroup::
