[2025-10-31T19:30:00.899+0100] {local_task_job_runner.py:120} INFO - ::group::Pre task execution logs
[2025-10-31T19:30:00.951+0100] {taskinstance.py:2076} INFO - Dependencies all met for dep_context=non-requeueable deps ti=<TaskInstance: avito_kafka_every_5min.run_avito_producer scheduled__2025-10-31T18:25:00+00:00 [queued]>
[2025-10-31T19:30:00.963+0100] {taskinstance.py:2076} INFO - Dependencies all met for dep_context=requeueable deps ti=<TaskInstance: avito_kafka_every_5min.run_avito_producer scheduled__2025-10-31T18:25:00+00:00 [queued]>
[2025-10-31T19:30:00.965+0100] {taskinstance.py:2306} INFO - Starting attempt 1 of 3
[2025-10-31T19:30:00.982+0100] {taskinstance.py:2330} INFO - Executing <Task(BashOperator): run_avito_producer> on 2025-10-31 18:25:00+00:00
[2025-10-31T19:30:00.991+0100] {standard_task_runner.py:90} INFO - Running: ['***', 'tasks', 'run', 'avito_kafka_every_5min', 'run_avito_producer', 'scheduled__2025-10-31T18:25:00+00:00', '--job-id', '33', '--raw', '--subdir', 'DAGS_FOLDER/avito_kafka_every_5min.py', '--cfg-path', '/tmp/tmpnkiso6rv']
[2025-10-31T19:30:00.995+0100] {standard_task_runner.py:91} INFO - Job 33: Subtask run_avito_producer
[2025-10-31T19:30:00.995+0100] {logging_mixin.py:188} WARNING - /home/***/.local/lib/python3.12/site-packages/***/task/task_runner/standard_task_runner.py:62 DeprecationWarning: This process (pid=418) is multi-threaded, use of fork() may lead to deadlocks in the child.
[2025-10-31T19:30:00.996+0100] {standard_task_runner.py:64} INFO - Started process 419 to run task
[2025-10-31T19:30:01.068+0100] {task_command.py:426} INFO - Running <TaskInstance: avito_kafka_every_5min.run_avito_producer scheduled__2025-10-31T18:25:00+00:00 [running]> on host bfe5844a8915
[2025-10-31T19:30:01.219+0100] {taskinstance.py:2648} INFO - Exporting env vars: AIRFLOW_CTX_DAG_OWNER='data' AIRFLOW_CTX_DAG_ID='avito_kafka_every_5min' AIRFLOW_CTX_TASK_ID='run_avito_producer' AIRFLOW_CTX_EXECUTION_DATE='2025-10-31T18:25:00+00:00' AIRFLOW_CTX_TRY_NUMBER='1' AIRFLOW_CTX_DAG_RUN_ID='scheduled__2025-10-31T18:25:00+00:00'
[2025-10-31T19:30:01.222+0100] {taskinstance.py:430} INFO - ::endgroup::
[2025-10-31T19:30:01.248+0100] {subprocess.py:63} INFO - Tmp dir root location: /tmp
[2025-10-31T19:30:01.250+0100] {subprocess.py:75} INFO - Running command: ['/usr/bin/bash', '-c', 'python -m Pipeline.producer.avito_producer --mode louer --pages 1 --limit 10 --bootstrap kafka:9092 --topic realestate.avito.raw']
[2025-10-31T19:30:01.261+0100] {subprocess.py:86} INFO - Output:
[2025-10-31T19:30:21.698+0100] {subprocess.py:93} INFO - [*] Mode: LOUER | Pages: 1 | Sink: kafka | Limit: 10
[2025-10-31T19:30:21.700+0100] {subprocess.py:93} INFO - [SERP] Page 1 → https://www.avito.ma/fr/maroc/locations_immobilieres-à_louer
[2025-10-31T19:30:21.701+0100] {subprocess.py:93} INFO -        Reached limit 10, stopping SERP crawl
[2025-10-31T19:30:21.702+0100] {subprocess.py:93} INFO - [*] Total URLs: 10
[2025-10-31T19:30:21.703+0100] {subprocess.py:93} INFO - [1/10] https://www.avito.ma/fr/oasis/appartements/Appart_studio_meublé_à_louer_115_m_à_Casa_Oasis_57090434.htm
[2025-10-31T19:30:21.704+0100] {subprocess.py:93} INFO - [2/10] https://www.avito.ma/fr/guéliz/appartements/Prestige_Duplex_Gueliz_56680746.htm
[2025-10-31T19:30:21.705+0100] {subprocess.py:93} INFO - [3/10] https://www.avito.ma/fr/nouaceur/appartements/Studio_meublé_haut_standing_55510235.htm
[2025-10-31T19:30:21.706+0100] {subprocess.py:93} INFO - [4/10] https://www.avito.ma/fr/ferme_bretone/appartements/Appartement_à_ferme_bretonne_pour_location_56908956.htm
[2025-10-31T19:30:21.708+0100] {subprocess.py:93} INFO - [5/10] https://www.avito.ma/fr/quartier_du_soleil/villas_et_riads/Belle_villa_à_louer_Mohammadia_57122427.htm
[2025-10-31T19:30:21.708+0100] {subprocess.py:93} INFO - [6/10] https://www.avito.ma/fr/hay_salam/appartements/Appartement_meublé_à_louer_mensuellement_à_Hay_Salam_56951887.htm
[2025-10-31T19:30:21.709+0100] {subprocess.py:93} INFO - [7/10] https://www.avito.ma/fr/mimosas/appartements/Appartement_à_louer_100m²_à_Mohammedia_57138269.htm
[2025-10-31T19:30:21.711+0100] {subprocess.py:93} INFO - [8/10] https://www.avito.ma/fr/autre_secteur/villas_et_riads/LOTS_DE_VILLAS_DE_294_À_555_M²_À_SALA_AL_JADIDA_42098023.htm
[2025-10-31T19:30:21.712+0100] {subprocess.py:93} INFO - [9/10] https://www.avito.ma/fr/souissi/appartements/Appartement_à_Louer_à_Souissi_55127305.htm
[2025-10-31T19:30:21.713+0100] {subprocess.py:93} INFO - [10/10] https://www.avito.ma/fr/agdal/appartements/Agdal___Appartement_meublé_à_louer_56508906.htm
[2025-10-31T19:30:21.714+0100] {subprocess.py:93} INFO - [✓] Sent 10 messages to Kafka topic 'realestate.avito.raw'
[2025-10-31T19:30:21.763+0100] {subprocess.py:97} INFO - Command exited with return code 0
[2025-10-31T19:30:21.765+0100] {taskinstance.py:441} INFO - ::group::Post task execution logs
[2025-10-31T19:30:21.829+0100] {taskinstance.py:1206} INFO - Marking task as SUCCESS. dag_id=avito_kafka_every_5min, task_id=run_avito_producer, run_id=scheduled__2025-10-31T18:25:00+00:00, execution_date=20251031T182500, start_date=20251031T183000, end_date=20251031T183021
[2025-10-31T19:30:21.865+0100] {local_task_job_runner.py:243} INFO - Task exited with return code 0
[2025-10-31T19:30:21.894+0100] {taskinstance.py:3503} INFO - 0 downstream tasks scheduled from follow-on schedule check
[2025-10-31T19:30:21.897+0100] {local_task_job_runner.py:222} INFO - ::endgroup::
