[2025-10-31T22:50:00.653+0100] {local_task_job_runner.py:120} INFO - ::group::Pre task execution logs
[2025-10-31T22:50:00.691+0100] {taskinstance.py:2076} INFO - Dependencies all met for dep_context=non-requeueable deps ti=<TaskInstance: avito_kafka_every_5min.run_avito_producer scheduled__2025-10-31T21:45:00+00:00 [queued]>
[2025-10-31T22:50:00.700+0100] {taskinstance.py:2076} INFO - Dependencies all met for dep_context=requeueable deps ti=<TaskInstance: avito_kafka_every_5min.run_avito_producer scheduled__2025-10-31T21:45:00+00:00 [queued]>
[2025-10-31T22:50:00.701+0100] {taskinstance.py:2306} INFO - Starting attempt 1 of 3
[2025-10-31T22:50:00.716+0100] {taskinstance.py:2330} INFO - Executing <Task(BashOperator): run_avito_producer> on 2025-10-31 21:45:00+00:00
[2025-10-31T22:50:00.723+0100] {standard_task_runner.py:90} INFO - Running: ['***', 'tasks', 'run', 'avito_kafka_every_5min', 'run_avito_producer', 'scheduled__2025-10-31T21:45:00+00:00', '--job-id', '72', '--raw', '--subdir', 'DAGS_FOLDER/avito_kafka_every_5min.py', '--cfg-path', '/tmp/tmpyernwsw7']
[2025-10-31T22:50:00.725+0100] {logging_mixin.py:188} WARNING - /home/***/.local/lib/python3.12/site-packages/***/task/task_runner/standard_task_runner.py:62 DeprecationWarning: This process (pid=2471) is multi-threaded, use of fork() may lead to deadlocks in the child.
[2025-10-31T22:50:00.726+0100] {standard_task_runner.py:91} INFO - Job 72: Subtask run_avito_producer
[2025-10-31T22:50:00.726+0100] {standard_task_runner.py:64} INFO - Started process 2472 to run task
[2025-10-31T22:50:00.786+0100] {task_command.py:426} INFO - Running <TaskInstance: avito_kafka_every_5min.run_avito_producer scheduled__2025-10-31T21:45:00+00:00 [running]> on host bfe5844a8915
[2025-10-31T22:50:00.893+0100] {taskinstance.py:2648} INFO - Exporting env vars: AIRFLOW_CTX_DAG_OWNER='data' AIRFLOW_CTX_DAG_ID='avito_kafka_every_5min' AIRFLOW_CTX_TASK_ID='run_avito_producer' AIRFLOW_CTX_EXECUTION_DATE='2025-10-31T21:45:00+00:00' AIRFLOW_CTX_TRY_NUMBER='1' AIRFLOW_CTX_DAG_RUN_ID='scheduled__2025-10-31T21:45:00+00:00'
[2025-10-31T22:50:00.894+0100] {taskinstance.py:430} INFO - ::endgroup::
[2025-10-31T22:50:00.909+0100] {subprocess.py:63} INFO - Tmp dir root location: /tmp
[2025-10-31T22:50:00.910+0100] {subprocess.py:75} INFO - Running command: ['/usr/bin/bash', '-c', 'python -m Pipeline.producer.avito_producer --mode louer --pages 1 --limit 10 --bootstrap kafka:9092 --topic realestate.avito.raw']
[2025-10-31T22:50:00.919+0100] {subprocess.py:86} INFO - Output:
[2025-10-31T22:50:20.083+0100] {subprocess.py:93} INFO - [*] Mode: LOUER | Pages: 1 | Sink: kafka | Limit: 10
[2025-10-31T22:50:20.088+0100] {subprocess.py:93} INFO - [SERP] Page 1 → https://www.avito.ma/fr/maroc/locations_immobilieres-à_louer
[2025-10-31T22:50:20.089+0100] {subprocess.py:93} INFO -        Reached limit 10, stopping SERP crawl
[2025-10-31T22:50:20.089+0100] {subprocess.py:93} INFO - [*] Total URLs: 10
[2025-10-31T22:50:20.090+0100] {subprocess.py:93} INFO - [1/10] https://www.avito.ma/fr/massira/appartements/Appartement_meublé_à_louer_à_Al_Massira_Miami_H_Y_M_4500DH_57131560.htm
[2025-10-31T22:50:20.091+0100] {subprocess.py:93} INFO - [2/10] https://www.avito.ma/fr/abbadi/local/Local_commercial_à_louer_avec_pas_de_porte_saroute_57002798.htm
[2025-10-31T22:50:20.091+0100] {subprocess.py:93} INFO - [3/10] https://www.avito.ma/fr/casablanca_finance_city/appartements/Studio_meublé_neuf_à_louer_53m2_à_CFC_56822757.htm
[2025-10-31T22:50:20.092+0100] {subprocess.py:93} INFO - [4/10] https://www.avito.ma/fr/racine/appartements/Appartement_à_louer_150m²_2ch_sans_vis_à_vis_à_Racine_56934421.htm
[2025-10-31T22:50:20.092+0100] {subprocess.py:93} INFO - [5/10] https://www.avito.ma/fr/bouskoura_centre/autre_immobilier/Hangar_100m2_à_bouskoura_56073590.htm
[2025-10-31T22:50:20.092+0100] {subprocess.py:93} INFO - [6/10] https://www.avito.ma/fr/daoudiate/appartements/Appartement_meublé_à_louer_à_Diour_Marjane_57146538.htm
[2025-10-31T22:50:20.093+0100] {subprocess.py:93} INFO - [7/10] https://www.avito.ma/fr/maarif/appartements/Appartement_de_2_chambres_vide_racine_57146536.htm
[2025-10-31T22:50:20.093+0100] {subprocess.py:93} INFO - [8/10] https://www.avito.ma/fr/bourgogne/appartements/Appartement_à_louer_45_m²_à_Casablanca_57146532.htm
[2025-10-31T22:50:20.094+0100] {subprocess.py:93} INFO - [9/10] https://www.avito.ma/fr/el_mansouria/appartements/Appartement_à_louer_avec_Piscine_et_Vue_sur_Mer_57044390.htm
[2025-10-31T22:50:20.094+0100] {subprocess.py:93} INFO - [10/10] https://www.avito.ma/fr/autre_secteur/appartements/Appartement_à_Chahdia_avec_garage_whatsapp_uni_57146533.htm
[2025-10-31T22:50:20.095+0100] {subprocess.py:93} INFO - [✓] Sent 10 messages to Kafka topic 'realestate.avito.raw'
[2025-10-31T22:50:20.130+0100] {subprocess.py:97} INFO - Command exited with return code 0
[2025-10-31T22:50:20.131+0100] {taskinstance.py:441} INFO - ::group::Post task execution logs
[2025-10-31T22:50:20.162+0100] {taskinstance.py:1206} INFO - Marking task as SUCCESS. dag_id=avito_kafka_every_5min, task_id=run_avito_producer, run_id=scheduled__2025-10-31T21:45:00+00:00, execution_date=20251031T214500, start_date=20251031T215000, end_date=20251031T215020
[2025-10-31T22:50:20.219+0100] {local_task_job_runner.py:243} INFO - Task exited with return code 0
[2025-10-31T22:50:20.237+0100] {taskinstance.py:3503} INFO - 0 downstream tasks scheduled from follow-on schedule check
[2025-10-31T22:50:20.239+0100] {local_task_job_runner.py:222} INFO - ::endgroup::
