[2025-10-31T20:30:00.717+0100] {local_task_job_runner.py:120} INFO - ::group::Pre task execution logs
[2025-10-31T20:30:00.755+0100] {taskinstance.py:2076} INFO - Dependencies all met for dep_context=non-requeueable deps ti=<TaskInstance: avito_kafka_every_5min.run_avito_producer scheduled__2025-10-31T19:25:00+00:00 [queued]>
[2025-10-31T20:30:00.765+0100] {taskinstance.py:2076} INFO - Dependencies all met for dep_context=requeueable deps ti=<TaskInstance: avito_kafka_every_5min.run_avito_producer scheduled__2025-10-31T19:25:00+00:00 [queued]>
[2025-10-31T20:30:00.765+0100] {taskinstance.py:2306} INFO - Starting attempt 1 of 3
[2025-10-31T20:30:00.778+0100] {taskinstance.py:2330} INFO - Executing <Task(BashOperator): run_avito_producer> on 2025-10-31 19:25:00+00:00
[2025-10-31T20:30:00.785+0100] {standard_task_runner.py:90} INFO - Running: ['***', 'tasks', 'run', 'avito_kafka_every_5min', 'run_avito_producer', 'scheduled__2025-10-31T19:25:00+00:00', '--job-id', '44', '--raw', '--subdir', 'DAGS_FOLDER/avito_kafka_every_5min.py', '--cfg-path', '/tmp/tmpidcijptf']
[2025-10-31T20:30:00.788+0100] {standard_task_runner.py:91} INFO - Job 44: Subtask run_avito_producer
[2025-10-31T20:30:00.789+0100] {logging_mixin.py:188} WARNING - /home/***/.local/lib/python3.12/site-packages/***/task/task_runner/standard_task_runner.py:62 DeprecationWarning: This process (pid=900) is multi-threaded, use of fork() may lead to deadlocks in the child.
[2025-10-31T20:30:00.790+0100] {standard_task_runner.py:64} INFO - Started process 901 to run task
[2025-10-31T20:30:00.849+0100] {task_command.py:426} INFO - Running <TaskInstance: avito_kafka_every_5min.run_avito_producer scheduled__2025-10-31T19:25:00+00:00 [running]> on host bfe5844a8915
[2025-10-31T20:30:00.955+0100] {taskinstance.py:2648} INFO - Exporting env vars: AIRFLOW_CTX_DAG_OWNER='data' AIRFLOW_CTX_DAG_ID='avito_kafka_every_5min' AIRFLOW_CTX_TASK_ID='run_avito_producer' AIRFLOW_CTX_EXECUTION_DATE='2025-10-31T19:25:00+00:00' AIRFLOW_CTX_TRY_NUMBER='1' AIRFLOW_CTX_DAG_RUN_ID='scheduled__2025-10-31T19:25:00+00:00'
[2025-10-31T20:30:00.957+0100] {taskinstance.py:430} INFO - ::endgroup::
[2025-10-31T20:30:00.974+0100] {subprocess.py:63} INFO - Tmp dir root location: /tmp
[2025-10-31T20:30:00.975+0100] {subprocess.py:75} INFO - Running command: ['/usr/bin/bash', '-c', 'python -m Pipeline.producer.avito_producer --mode louer --pages 1 --limit 10 --bootstrap kafka:9092 --topic realestate.avito.raw']
[2025-10-31T20:30:00.983+0100] {subprocess.py:86} INFO - Output:
[2025-10-31T20:30:22.515+0100] {subprocess.py:93} INFO - [*] Mode: LOUER | Pages: 1 | Sink: kafka | Limit: 10
[2025-10-31T20:30:22.517+0100] {subprocess.py:93} INFO - [SERP] Page 1 → https://www.avito.ma/fr/maroc/locations_immobilieres-à_louer
[2025-10-31T20:30:22.518+0100] {subprocess.py:93} INFO -        Reached limit 10, stopping SERP crawl
[2025-10-31T20:30:22.519+0100] {subprocess.py:93} INFO - [*] Total URLs: 10
[2025-10-31T20:30:22.519+0100] {subprocess.py:93} INFO - [1/10] https://www.avito.ma/fr/bouskoura_centre/appartements/Appartement_meuble_à_louer_52_m²_à_Bouskoura_57041433.htm
[2025-10-31T20:30:22.519+0100] {subprocess.py:93} INFO - [2/10] https://www.avito.ma/fr/maarif/bureaux/Bureaux_à_Louer_pour_Métiers_Médicaux_57142087.htm
[2025-10-31T20:30:22.520+0100] {subprocess.py:93} INFO - [3/10] https://www.avito.ma/fr/bourgogne/appartements/Bel_appart_meublé_2_ch___Rue_Ibn_Amine_Bourgogne_57131310.htm
[2025-10-31T20:30:22.520+0100] {subprocess.py:93} INFO - [4/10] https://www.avito.ma/fr/bourgogne/appartements/Appart_à_Bourgogne_3_ch_en_face_lycée_Lyautey_57076605.htm
[2025-10-31T20:30:22.521+0100] {subprocess.py:93} INFO - [5/10] https://www.avito.ma/fr/palmier/appartements/Appartement_meublé_Palmier_57080511.htm
[2025-10-31T20:30:22.521+0100] {subprocess.py:93} INFO - [6/10] https://www.avito.ma/fr/centre_ville/appartements/Joli_appartement_de_76_m²_à_louer_57077680.htm
[2025-10-31T20:30:22.521+0100] {subprocess.py:93} INFO - [7/10] https://www.avito.ma/fr/mesnana/appartements/Appartement_meublé_à_louer_à_Moudjahidine_56817041.htm
[2025-10-31T20:30:22.522+0100] {subprocess.py:93} INFO - [8/10] https://www.avito.ma/fr/agdal/local/Local_à_louer_محل_للكراء_57146173.htm
[2025-10-31T20:30:22.522+0100] {subprocess.py:93} INFO - [9/10] https://www.avito.ma/fr/hay_riad/bureaux/Villa_à_louer_pour_bureau_56299716.htm
[2025-10-31T20:30:22.522+0100] {subprocess.py:93} INFO - [10/10] https://www.avito.ma/fr/sidi_maarouf/appartements/À_Almaz_rés_avec_piscine_Appartement_vide_57087877.htm
[2025-10-31T20:30:22.523+0100] {subprocess.py:93} INFO - [✓] Sent 10 messages to Kafka topic 'realestate.avito.raw'
[2025-10-31T20:30:22.546+0100] {subprocess.py:97} INFO - Command exited with return code 0
[2025-10-31T20:30:22.548+0100] {taskinstance.py:441} INFO - ::group::Post task execution logs
[2025-10-31T20:30:22.593+0100] {taskinstance.py:1206} INFO - Marking task as SUCCESS. dag_id=avito_kafka_every_5min, task_id=run_avito_producer, run_id=scheduled__2025-10-31T19:25:00+00:00, execution_date=20251031T192500, start_date=20251031T193000, end_date=20251031T193022
[2025-10-31T20:30:22.614+0100] {local_task_job_runner.py:243} INFO - Task exited with return code 0
[2025-10-31T20:30:22.639+0100] {taskinstance.py:3503} INFO - 0 downstream tasks scheduled from follow-on schedule check
[2025-10-31T20:30:22.642+0100] {local_task_job_runner.py:222} INFO - ::endgroup::
