[2025-10-31T22:25:01.182+0100] {local_task_job_runner.py:120} INFO - ::group::Pre task execution logs
[2025-10-31T22:25:01.225+0100] {taskinstance.py:2076} INFO - Dependencies all met for dep_context=non-requeueable deps ti=<TaskInstance: avito_kafka_every_5min.run_avito_producer scheduled__2025-10-31T21:20:00+00:00 [queued]>
[2025-10-31T22:25:01.233+0100] {taskinstance.py:2076} INFO - Dependencies all met for dep_context=requeueable deps ti=<TaskInstance: avito_kafka_every_5min.run_avito_producer scheduled__2025-10-31T21:20:00+00:00 [queued]>
[2025-10-31T22:25:01.234+0100] {taskinstance.py:2306} INFO - Starting attempt 1 of 3
[2025-10-31T22:25:01.248+0100] {taskinstance.py:2330} INFO - Executing <Task(BashOperator): run_avito_producer> on 2025-10-31 21:20:00+00:00
[2025-10-31T22:25:01.255+0100] {standard_task_runner.py:90} INFO - Running: ['***', 'tasks', 'run', 'avito_kafka_every_5min', 'run_avito_producer', 'scheduled__2025-10-31T21:20:00+00:00', '--job-id', '67', '--raw', '--subdir', 'DAGS_FOLDER/avito_kafka_every_5min.py', '--cfg-path', '/tmp/tmp6l1zq59l']
[2025-10-31T22:25:01.257+0100] {standard_task_runner.py:91} INFO - Job 67: Subtask run_avito_producer
[2025-10-31T22:25:01.264+0100] {logging_mixin.py:188} WARNING - /home/***/.local/lib/python3.12/site-packages/***/task/task_runner/standard_task_runner.py:62 DeprecationWarning: This process (pid=2191) is multi-threaded, use of fork() may lead to deadlocks in the child.
[2025-10-31T22:25:01.265+0100] {standard_task_runner.py:64} INFO - Started process 2192 to run task
[2025-10-31T22:25:01.313+0100] {task_command.py:426} INFO - Running <TaskInstance: avito_kafka_every_5min.run_avito_producer scheduled__2025-10-31T21:20:00+00:00 [running]> on host bfe5844a8915
[2025-10-31T22:25:01.426+0100] {taskinstance.py:2648} INFO - Exporting env vars: AIRFLOW_CTX_DAG_OWNER='data' AIRFLOW_CTX_DAG_ID='avito_kafka_every_5min' AIRFLOW_CTX_TASK_ID='run_avito_producer' AIRFLOW_CTX_EXECUTION_DATE='2025-10-31T21:20:00+00:00' AIRFLOW_CTX_TRY_NUMBER='1' AIRFLOW_CTX_DAG_RUN_ID='scheduled__2025-10-31T21:20:00+00:00'
[2025-10-31T22:25:01.428+0100] {taskinstance.py:430} INFO - ::endgroup::
[2025-10-31T22:25:01.449+0100] {subprocess.py:63} INFO - Tmp dir root location: /tmp
[2025-10-31T22:25:01.452+0100] {subprocess.py:75} INFO - Running command: ['/usr/bin/bash', '-c', 'python -m Pipeline.producer.avito_producer --mode louer --pages 1 --limit 10 --bootstrap kafka:9092 --topic realestate.avito.raw']
[2025-10-31T22:25:01.464+0100] {subprocess.py:86} INFO - Output:
[2025-10-31T22:25:19.399+0100] {subprocess.py:93} INFO - [*] Mode: LOUER | Pages: 1 | Sink: kafka | Limit: 10
[2025-10-31T22:25:19.400+0100] {subprocess.py:93} INFO - [SERP] Page 1 → https://www.avito.ma/fr/maroc/locations_immobilieres-à_louer
[2025-10-31T22:25:19.401+0100] {subprocess.py:93} INFO -        Reached limit 10, stopping SERP crawl
[2025-10-31T22:25:19.401+0100] {subprocess.py:93} INFO - [*] Total URLs: 10
[2025-10-31T22:25:19.402+0100] {subprocess.py:93} INFO - [1/10] https://www.avito.ma/fr/route_de_casablanca/appartements/Appartement_à_louer_60_m²_à_Marrakech_57145351.htm
[2025-10-31T22:25:19.402+0100] {subprocess.py:93} INFO - [2/10] https://www.avito.ma/fr/anfa/bureaux/Création_des_Entreprises_à_Casa_Anfa_57050301.htm
[2025-10-31T22:25:19.402+0100] {subprocess.py:93} INFO - [3/10] https://www.avito.ma/fr/allal_el_fassi/local/Magasin_à_louer_57055228.htm
[2025-10-31T22:25:19.403+0100] {subprocess.py:93} INFO - [4/10] https://www.avito.ma/fr/maârif_extension/appartements/Bel_Appartement_Meublé_à_Maarif_56576048.htm
[2025-10-31T22:25:19.404+0100] {subprocess.py:93} INFO - [5/10] https://www.avito.ma/fr/les_princesses/appartements/Appart_3_ch_vide_à_louer_aux_princesses_56216812.htm
[2025-10-31T22:25:19.404+0100] {subprocess.py:93} INFO - [6/10] https://www.avito.ma/fr/hay_riad/appartements/Joli_appart_4_chambres_1_salon_56845220.htm
[2025-10-31T22:25:19.405+0100] {subprocess.py:93} INFO - [7/10] https://www.avito.ma/fr/bouskoura_centre/appartements/Appartement_à_louer_90_m²_à_Bouskoura_57146501.htm
[2025-10-31T22:25:19.406+0100] {subprocess.py:93} INFO - [8/10] https://www.avito.ma/fr/les_princesses/appartements/Studio_vide_à_louer_au_quartier_princesses_56202166.htm
[2025-10-31T22:25:19.406+0100] {subprocess.py:93} INFO - [9/10] https://www.avito.ma/fr/bourgogne/appartements/Appartement_Haut_standing_meublé_à_Bourgogne_57146492.htm
[2025-10-31T22:25:19.407+0100] {subprocess.py:93} INFO - [10/10] https://www.avito.ma/fr/haut_agdal/local/Local_à_louer_tte_activité_commerciale_250_m²_55747076.htm
[2025-10-31T22:25:19.407+0100] {subprocess.py:93} INFO - [✓] Sent 10 messages to Kafka topic 'realestate.avito.raw'
[2025-10-31T22:25:19.446+0100] {subprocess.py:97} INFO - Command exited with return code 0
[2025-10-31T22:25:19.447+0100] {taskinstance.py:441} INFO - ::group::Post task execution logs
[2025-10-31T22:25:19.478+0100] {taskinstance.py:1206} INFO - Marking task as SUCCESS. dag_id=avito_kafka_every_5min, task_id=run_avito_producer, run_id=scheduled__2025-10-31T21:20:00+00:00, execution_date=20251031T212000, start_date=20251031T212501, end_date=20251031T212519
[2025-10-31T22:25:19.498+0100] {local_task_job_runner.py:243} INFO - Task exited with return code 0
[2025-10-31T22:25:19.517+0100] {taskinstance.py:3503} INFO - 0 downstream tasks scheduled from follow-on schedule check
[2025-10-31T22:25:19.519+0100] {local_task_job_runner.py:222} INFO - ::endgroup::
