[2025-10-31T18:30:01.200+0100] {local_task_job_runner.py:120} INFO - ::group::Pre task execution logs
[2025-10-31T18:30:01.242+0100] {taskinstance.py:2076} INFO - Dependencies all met for dep_context=non-requeueable deps ti=<TaskInstance: avito_kafka_every_5min.run_avito_producer scheduled__2025-10-31T17:25:00+00:00 [queued]>
[2025-10-31T18:30:01.251+0100] {taskinstance.py:2076} INFO - Dependencies all met for dep_context=requeueable deps ti=<TaskInstance: avito_kafka_every_5min.run_avito_producer scheduled__2025-10-31T17:25:00+00:00 [queued]>
[2025-10-31T18:30:01.252+0100] {taskinstance.py:2306} INFO - Starting attempt 1 of 3
[2025-10-31T18:30:01.267+0100] {taskinstance.py:2330} INFO - Executing <Task(BashOperator): run_avito_producer> on 2025-10-31 17:25:00+00:00
[2025-10-31T18:30:01.276+0100] {standard_task_runner.py:90} INFO - Running: ['***', 'tasks', 'run', 'avito_kafka_every_5min', 'run_avito_producer', 'scheduled__2025-10-31T17:25:00+00:00', '--job-id', '20', '--raw', '--subdir', 'DAGS_FOLDER/avito_kafka_every_5min.py', '--cfg-path', '/tmp/tmprjciiulj']
[2025-10-31T18:30:01.278+0100] {logging_mixin.py:188} WARNING - /home/***/.local/lib/python3.12/site-packages/***/task/task_runner/standard_task_runner.py:62 DeprecationWarning: This process (pid=1223) is multi-threaded, use of fork() may lead to deadlocks in the child.
[2025-10-31T18:30:01.279+0100] {standard_task_runner.py:91} INFO - Job 20: Subtask run_avito_producer
[2025-10-31T18:30:01.280+0100] {standard_task_runner.py:64} INFO - Started process 1224 to run task
[2025-10-31T18:30:01.345+0100] {task_command.py:426} INFO - Running <TaskInstance: avito_kafka_every_5min.run_avito_producer scheduled__2025-10-31T17:25:00+00:00 [running]> on host bfe5844a8915
[2025-10-31T18:30:01.457+0100] {taskinstance.py:2648} INFO - Exporting env vars: AIRFLOW_CTX_DAG_OWNER='data' AIRFLOW_CTX_DAG_ID='avito_kafka_every_5min' AIRFLOW_CTX_TASK_ID='run_avito_producer' AIRFLOW_CTX_EXECUTION_DATE='2025-10-31T17:25:00+00:00' AIRFLOW_CTX_TRY_NUMBER='1' AIRFLOW_CTX_DAG_RUN_ID='scheduled__2025-10-31T17:25:00+00:00'
[2025-10-31T18:30:01.458+0100] {taskinstance.py:430} INFO - ::endgroup::
[2025-10-31T18:30:01.475+0100] {subprocess.py:63} INFO - Tmp dir root location: /tmp
[2025-10-31T18:30:01.476+0100] {subprocess.py:75} INFO - Running command: ['/usr/bin/bash', '-c', 'python -m Pipeline.producer.avito_producer --mode louer --pages 1 --limit 10 --bootstrap kafka:9092 --topic realestate.avito.raw']
[2025-10-31T18:30:01.485+0100] {subprocess.py:86} INFO - Output:
[2025-10-31T18:30:23.106+0100] {subprocess.py:93} INFO - [*] Mode: LOUER | Pages: 1 | Sink: kafka | Limit: 10
[2025-10-31T18:30:23.109+0100] {subprocess.py:93} INFO - [SERP] Page 1 → https://www.avito.ma/fr/maroc/locations_immobilieres-à_louer
[2025-10-31T18:30:23.110+0100] {subprocess.py:93} INFO -        Reached limit 10, stopping SERP crawl
[2025-10-31T18:30:23.111+0100] {subprocess.py:93} INFO - [*] Total URLs: 10
[2025-10-31T18:30:23.112+0100] {subprocess.py:93} INFO - [1/10] https://www.avito.ma/fr/route_de_safi/appartements/Appartement_à_louer_78_m²_à_Marrakech_57114352.htm
[2025-10-31T18:30:23.112+0100] {subprocess.py:93} INFO - [2/10] https://www.avito.ma/fr/autre_secteur/appartements/Appart_haut_standing_5Km___ASWAK_SALAM_RiYad_56744104.htm
[2025-10-31T18:30:23.113+0100] {subprocess.py:93} INFO - [3/10] https://www.avito.ma/fr/gauthier/local/Très_beau_magasin_à_louer_à_Gauthier__Casablanca_56960539.htm
[2025-10-31T18:30:23.114+0100] {subprocess.py:93} INFO - [4/10] https://www.avito.ma/fr/mimosas/appartements/Appartement_meublé_3_chambres_à_louer_57040668.htm
[2025-10-31T18:30:23.114+0100] {subprocess.py:93} INFO - [5/10] https://www.avito.ma/fr/sidi_maarouf/appartements/Studio_meublé_avec_terasse_à_evasion_square_57109888.htm
[2025-10-31T18:30:23.114+0100] {subprocess.py:93} INFO - [6/10] https://www.avito.ma/fr/autre_secteur/maisons/Appartement_à_louer_140_m²_à_Bouznika_57040857.htm
[2025-10-31T18:30:23.115+0100] {subprocess.py:93} INFO - [7/10] https://www.avito.ma/fr/maarif/appartements/Appartement_85m_Meublé_Maarif_Ex_Proche_BD_Roudani_57052926.htm
[2025-10-31T18:30:23.115+0100] {subprocess.py:93} INFO - [8/10] https://www.avito.ma/fr/2_mars/appartements/Studio_haut_stading_à_MERS_SULTAN_proche_de_2MARS_56778610.htm
[2025-10-31T18:30:23.116+0100] {subprocess.py:93} INFO - [9/10] https://www.avito.ma/fr/casablanca_finance_city/appartements/appartement_meublé_à_louer_à_CFC_57015502.htm
[2025-10-31T18:30:23.117+0100] {subprocess.py:93} INFO - [10/10] https://www.avito.ma/fr/hay_riad/appartements/Hay_Riad__Duplex_de_4chambres_en_location_56731580.htm
[2025-10-31T18:30:23.117+0100] {subprocess.py:93} INFO - [✓] Sent 10 messages to Kafka topic 'realestate.avito.raw'
[2025-10-31T18:30:23.154+0100] {subprocess.py:97} INFO - Command exited with return code 0
[2025-10-31T18:30:23.155+0100] {taskinstance.py:441} INFO - ::group::Post task execution logs
[2025-10-31T18:30:23.189+0100] {taskinstance.py:1206} INFO - Marking task as SUCCESS. dag_id=avito_kafka_every_5min, task_id=run_avito_producer, run_id=scheduled__2025-10-31T17:25:00+00:00, execution_date=20251031T172500, start_date=20251031T173001, end_date=20251031T173023
[2025-10-31T18:30:23.208+0100] {local_task_job_runner.py:243} INFO - Task exited with return code 0
[2025-10-31T18:30:23.228+0100] {taskinstance.py:3503} INFO - 0 downstream tasks scheduled from follow-on schedule check
[2025-10-31T18:30:23.230+0100] {local_task_job_runner.py:222} INFO - ::endgroup::
