[2025-10-31T19:25:00.634+0100] {local_task_job_runner.py:120} INFO - ::group::Pre task execution logs
[2025-10-31T19:25:00.675+0100] {taskinstance.py:2076} INFO - Dependencies all met for dep_context=non-requeueable deps ti=<TaskInstance: avito_kafka_every_5min.run_avito_producer scheduled__2025-10-31T18:20:00+00:00 [queued]>
[2025-10-31T19:25:00.686+0100] {taskinstance.py:2076} INFO - Dependencies all met for dep_context=requeueable deps ti=<TaskInstance: avito_kafka_every_5min.run_avito_producer scheduled__2025-10-31T18:20:00+00:00 [queued]>
[2025-10-31T19:25:00.686+0100] {taskinstance.py:2306} INFO - Starting attempt 1 of 3
[2025-10-31T19:25:00.700+0100] {taskinstance.py:2330} INFO - Executing <Task(BashOperator): run_avito_producer> on 2025-10-31 18:20:00+00:00
[2025-10-31T19:25:00.707+0100] {standard_task_runner.py:90} INFO - Running: ['***', 'tasks', 'run', 'avito_kafka_every_5min', 'run_avito_producer', 'scheduled__2025-10-31T18:20:00+00:00', '--job-id', '32', '--raw', '--subdir', 'DAGS_FOLDER/avito_kafka_every_5min.py', '--cfg-path', '/tmp/tmpkoyx28sp']
[2025-10-31T19:25:00.710+0100] {logging_mixin.py:188} WARNING - /home/***/.local/lib/python3.12/site-packages/***/task/task_runner/standard_task_runner.py:62 DeprecationWarning: This process (pid=361) is multi-threaded, use of fork() may lead to deadlocks in the child.
[2025-10-31T19:25:00.711+0100] {standard_task_runner.py:91} INFO - Job 32: Subtask run_avito_producer
[2025-10-31T19:25:00.711+0100] {standard_task_runner.py:64} INFO - Started process 362 to run task
[2025-10-31T19:25:00.782+0100] {task_command.py:426} INFO - Running <TaskInstance: avito_kafka_every_5min.run_avito_producer scheduled__2025-10-31T18:20:00+00:00 [running]> on host bfe5844a8915
[2025-10-31T19:25:00.889+0100] {taskinstance.py:2648} INFO - Exporting env vars: AIRFLOW_CTX_DAG_OWNER='data' AIRFLOW_CTX_DAG_ID='avito_kafka_every_5min' AIRFLOW_CTX_TASK_ID='run_avito_producer' AIRFLOW_CTX_EXECUTION_DATE='2025-10-31T18:20:00+00:00' AIRFLOW_CTX_TRY_NUMBER='1' AIRFLOW_CTX_DAG_RUN_ID='scheduled__2025-10-31T18:20:00+00:00'
[2025-10-31T19:25:00.890+0100] {taskinstance.py:430} INFO - ::endgroup::
[2025-10-31T19:25:00.908+0100] {subprocess.py:63} INFO - Tmp dir root location: /tmp
[2025-10-31T19:25:00.909+0100] {subprocess.py:75} INFO - Running command: ['/usr/bin/bash', '-c', 'python -m Pipeline.producer.avito_producer --mode louer --pages 1 --limit 10 --bootstrap kafka:9092 --topic realestate.avito.raw']
[2025-10-31T19:25:00.919+0100] {subprocess.py:86} INFO - Output:
[2025-10-31T19:25:20.206+0100] {subprocess.py:93} INFO - [*] Mode: LOUER | Pages: 1 | Sink: kafka | Limit: 10
[2025-10-31T19:25:20.213+0100] {subprocess.py:93} INFO - [SERP] Page 1 → https://www.avito.ma/fr/maroc/locations_immobilieres-à_louer
[2025-10-31T19:25:20.214+0100] {subprocess.py:93} INFO -        Reached limit 10, stopping SERP crawl
[2025-10-31T19:25:20.215+0100] {subprocess.py:93} INFO - [*] Total URLs: 10
[2025-10-31T19:25:20.215+0100] {subprocess.py:93} INFO - [1/10] https://www.avito.ma/fr/abdelmoumen/appartements/Studio_neuf_meublé_à_louer_65m2_Casablanca_56629376.htm
[2025-10-31T19:25:20.216+0100] {subprocess.py:93} INFO - [2/10] https://www.avito.ma/fr/quartier_des_hôpitaux/appartements/Appartement_de_luxe_à_louer_Bd_Anoual_57014110.htm
[2025-10-31T19:25:20.216+0100] {subprocess.py:93} INFO - [3/10] https://www.avito.ma/fr/aviation/appartements/Appartement_à_louer_165_m²_à_Rabat_57049193.htm
[2025-10-31T19:25:20.217+0100] {subprocess.py:93} INFO - [4/10] https://www.avito.ma/fr/souissi/appartements/Appartement_à_Louer_à_Souissi_55127305.htm
[2025-10-31T19:25:20.217+0100] {subprocess.py:93} INFO - [5/10] https://www.avito.ma/fr/agdal/appartements/Appartement_à_louer_meublé_sur_Agdal_57141755.htm
[2025-10-31T19:25:20.217+0100] {subprocess.py:93} INFO - [6/10] https://www.avito.ma/fr/mimosas/appartements/Appartements_à_Kénitra_Mimoosas_57145973.htm
[2025-10-31T19:25:20.218+0100] {subprocess.py:93} INFO - [7/10] https://www.avito.ma/fr/aïn_diab/villas_et_riads/Location_Villa_de_485_m2_à_Casablanca_57058642.htm
[2025-10-31T19:25:20.218+0100] {subprocess.py:93} INFO - [8/10] https://www.avito.ma/fr/agdal/appartements/Appartement_Neuf_à_Louer___les_perles_de_l_Agdal_55587097.htm
[2025-10-31T19:25:20.219+0100] {subprocess.py:93} INFO - [9/10] https://www.avito.ma/fr/el_menzeh/appartements/Appartement_à_louer_107_m²_à_El_Menzeh_57064815.htm
[2025-10-31T19:25:20.219+0100] {subprocess.py:93} INFO - [10/10] https://www.avito.ma/fr/wifak/local/Magasin_à_louer_57145962.htm
[2025-10-31T19:25:20.219+0100] {subprocess.py:93} INFO - [✓] Sent 10 messages to Kafka topic 'realestate.avito.raw'
[2025-10-31T19:25:20.240+0100] {subprocess.py:97} INFO - Command exited with return code 0
[2025-10-31T19:25:20.241+0100] {taskinstance.py:441} INFO - ::group::Post task execution logs
[2025-10-31T19:25:20.271+0100] {taskinstance.py:1206} INFO - Marking task as SUCCESS. dag_id=avito_kafka_every_5min, task_id=run_avito_producer, run_id=scheduled__2025-10-31T18:20:00+00:00, execution_date=20251031T182000, start_date=20251031T182500, end_date=20251031T182520
[2025-10-31T19:25:20.296+0100] {local_task_job_runner.py:243} INFO - Task exited with return code 0
[2025-10-31T19:25:20.314+0100] {taskinstance.py:3503} INFO - 0 downstream tasks scheduled from follow-on schedule check
[2025-10-31T19:25:20.316+0100] {local_task_job_runner.py:222} INFO - ::endgroup::
