[2025-10-31T17:55:01.115+0100] {local_task_job_runner.py:120} INFO - ::group::Pre task execution logs
[2025-10-31T17:55:01.154+0100] {taskinstance.py:2076} INFO - Dependencies all met for dep_context=non-requeueable deps ti=<TaskInstance: avito_kafka_every_5min.run_avito_producer scheduled__2025-10-31T16:50:00+00:00 [queued]>
[2025-10-31T17:55:01.162+0100] {taskinstance.py:2076} INFO - Dependencies all met for dep_context=requeueable deps ti=<TaskInstance: avito_kafka_every_5min.run_avito_producer scheduled__2025-10-31T16:50:00+00:00 [queued]>
[2025-10-31T17:55:01.163+0100] {taskinstance.py:2306} INFO - Starting attempt 1 of 3
[2025-10-31T17:55:01.175+0100] {taskinstance.py:2330} INFO - Executing <Task(BashOperator): run_avito_producer> on 2025-10-31 16:50:00+00:00
[2025-10-31T17:55:01.183+0100] {standard_task_runner.py:90} INFO - Running: ['***', 'tasks', 'run', 'avito_kafka_every_5min', 'run_avito_producer', 'scheduled__2025-10-31T16:50:00+00:00', '--job-id', '13', '--raw', '--subdir', 'DAGS_FOLDER/avito_kafka_every_5min.py', '--cfg-path', '/tmp/tmpwr6k_ebm']
[2025-10-31T17:55:01.186+0100] {standard_task_runner.py:91} INFO - Job 13: Subtask run_avito_producer
[2025-10-31T17:55:01.187+0100] {logging_mixin.py:188} WARNING - /home/***/.local/lib/python3.12/site-packages/***/task/task_runner/standard_task_runner.py:62 DeprecationWarning: This process (pid=829) is multi-threaded, use of fork() may lead to deadlocks in the child.
[2025-10-31T17:55:01.189+0100] {standard_task_runner.py:64} INFO - Started process 830 to run task
[2025-10-31T17:55:01.247+0100] {task_command.py:426} INFO - Running <TaskInstance: avito_kafka_every_5min.run_avito_producer scheduled__2025-10-31T16:50:00+00:00 [running]> on host bfe5844a8915
[2025-10-31T17:55:01.349+0100] {taskinstance.py:2648} INFO - Exporting env vars: AIRFLOW_CTX_DAG_OWNER='data' AIRFLOW_CTX_DAG_ID='avito_kafka_every_5min' AIRFLOW_CTX_TASK_ID='run_avito_producer' AIRFLOW_CTX_EXECUTION_DATE='2025-10-31T16:50:00+00:00' AIRFLOW_CTX_TRY_NUMBER='1' AIRFLOW_CTX_DAG_RUN_ID='scheduled__2025-10-31T16:50:00+00:00'
[2025-10-31T17:55:01.350+0100] {taskinstance.py:430} INFO - ::endgroup::
[2025-10-31T17:55:01.365+0100] {subprocess.py:63} INFO - Tmp dir root location: /tmp
[2025-10-31T17:55:01.366+0100] {subprocess.py:75} INFO - Running command: ['/usr/bin/bash', '-c', 'python -m Pipeline.producer.avito_producer --mode louer --pages 1 --limit 10 --bootstrap kafka:9092 --topic realestate.avito.raw']
[2025-10-31T17:55:01.374+0100] {subprocess.py:86} INFO - Output:
[2025-10-31T17:55:21.373+0100] {subprocess.py:93} INFO - [*] Mode: LOUER | Pages: 1 | Sink: kafka | Limit: 10
[2025-10-31T17:55:21.374+0100] {subprocess.py:93} INFO - [SERP] Page 1 → https://www.avito.ma/fr/maroc/locations_immobilieres-à_louer
[2025-10-31T17:55:21.375+0100] {subprocess.py:93} INFO -        Reached limit 10, stopping SERP crawl
[2025-10-31T17:55:21.376+0100] {subprocess.py:93} INFO - [*] Total URLs: 10
[2025-10-31T17:55:21.376+0100] {subprocess.py:93} INFO - [1/10] https://www.avito.ma/fr/c.i.l/appartements/Location_appart_vide_CIL_près_Institut_Dominique_57131214.htm
[2025-10-31T17:55:21.377+0100] {subprocess.py:93} INFO - [2/10] https://www.avito.ma/fr/anfa/bureaux/Création_des_Entreprises_à_Casa_Anfa_57050301.htm
[2025-10-31T17:55:21.377+0100] {subprocess.py:93} INFO - [3/10] https://www.avito.ma/fr/souissi/appartements/Sublime_appartement_à_louer_à_souissi_57113050.htm
[2025-10-31T17:55:21.378+0100] {subprocess.py:93} INFO - [4/10] https://www.avito.ma/fr/palmier/appartements/124955_Appt_à_louer_à_8500DH_à_Palmier__Maarif__56630330.htm
[2025-10-31T17:55:21.379+0100] {subprocess.py:93} INFO - [5/10] https://www.avito.ma/fr/casablanca_finance_city/appartements/Studio_meublé_CFC_55926401.htm
[2025-10-31T17:55:21.380+0100] {subprocess.py:93} INFO - [6/10] https://www.avito.ma/fr/centre_ville/appartements/Appartement_à_louer_à_Temara_Avenue_Tarik_ibn_Ziad_56736033.htm
[2025-10-31T17:55:21.381+0100] {subprocess.py:93} INFO - [7/10] https://www.avito.ma/fr/aïn_diab/appartements/Appartement_à_louer_50_m²_à_Casablanca_57096928.htm
[2025-10-31T17:55:21.382+0100] {subprocess.py:93} INFO - [8/10] https://www.avito.ma/fr/maamora/bureaux/Bureau_à_louer_résidence_business_work_kenitra_55979441.htm
[2025-10-31T17:55:21.382+0100] {subprocess.py:93} INFO - [9/10] https://www.avito.ma/fr/sidi_maarouf/appartements/Appart_85m_3Ch_Proche_Casaneachor_57130484.htm
[2025-10-31T17:55:21.383+0100] {subprocess.py:93} INFO - [10/10] https://www.avito.ma/fr/roches_noires/appartements/Avec_3_chambres_appartement_vide_à_Roche_Noire_135m_56817922.htm
[2025-10-31T17:55:21.383+0100] {subprocess.py:93} INFO - [✓] Sent 10 messages to Kafka topic 'realestate.avito.raw'
[2025-10-31T17:55:21.434+0100] {subprocess.py:97} INFO - Command exited with return code 0
[2025-10-31T17:55:21.436+0100] {taskinstance.py:441} INFO - ::group::Post task execution logs
[2025-10-31T17:55:21.485+0100] {taskinstance.py:1206} INFO - Marking task as SUCCESS. dag_id=avito_kafka_every_5min, task_id=run_avito_producer, run_id=scheduled__2025-10-31T16:50:00+00:00, execution_date=20251031T165000, start_date=20251031T165501, end_date=20251031T165521
[2025-10-31T17:55:21.523+0100] {local_task_job_runner.py:243} INFO - Task exited with return code 0
[2025-10-31T17:55:21.548+0100] {taskinstance.py:3503} INFO - 0 downstream tasks scheduled from follow-on schedule check
[2025-10-31T17:55:21.551+0100] {local_task_job_runner.py:222} INFO - ::endgroup::
