[2025-11-01T00:55:11.078+0100] {local_task_job_runner.py:120} INFO - ::group::Pre task execution logs
[2025-11-01T00:55:11.115+0100] {taskinstance.py:2076} INFO - Dependencies all met for dep_context=non-requeueable deps ti=<TaskInstance: avito_minimal_scrape_to_iceberg.run_scraper manual__2025-10-31T23:54:14.385033+00:00 [queued]>
[2025-11-01T00:55:11.123+0100] {taskinstance.py:2076} INFO - Dependencies all met for dep_context=requeueable deps ti=<TaskInstance: avito_minimal_scrape_to_iceberg.run_scraper manual__2025-10-31T23:54:14.385033+00:00 [queued]>
[2025-11-01T00:55:11.124+0100] {taskinstance.py:2306} INFO - Starting attempt 1 of 3
[2025-11-01T00:55:11.136+0100] {taskinstance.py:2330} INFO - Executing <Task(BashOperator): run_scraper> on 2025-10-31 23:54:14.385033+00:00
[2025-11-01T00:55:11.145+0100] {logging_mixin.py:188} WARNING - /home/***/.local/lib/python3.12/site-packages/***/task/task_runner/standard_task_runner.py:62 DeprecationWarning: This process (pid=903) is multi-threaded, use of fork() may lead to deadlocks in the child.
[2025-11-01T00:55:11.143+0100] {standard_task_runner.py:90} INFO - Running: ['***', 'tasks', 'run', 'avito_minimal_scrape_to_iceberg', 'run_scraper', 'manual__2025-10-31T23:54:14.385033+00:00', '--job-id', '126', '--raw', '--subdir', 'DAGS_FOLDER/avito_pipeline.py', '--cfg-path', '/tmp/tmp6zcb8o1f']
[2025-11-01T00:55:11.147+0100] {standard_task_runner.py:64} INFO - Started process 904 to run task
[2025-11-01T00:55:11.147+0100] {standard_task_runner.py:91} INFO - Job 126: Subtask run_scraper
[2025-11-01T00:55:11.197+0100] {task_command.py:426} INFO - Running <TaskInstance: avito_minimal_scrape_to_iceberg.run_scraper manual__2025-10-31T23:54:14.385033+00:00 [running]> on host 840b98c7ef92
[2025-11-01T00:55:11.290+0100] {taskinstance.py:2648} INFO - Exporting env vars: AIRFLOW_CTX_DAG_OWNER='avito' AIRFLOW_CTX_DAG_ID='avito_minimal_scrape_to_iceberg' AIRFLOW_CTX_TASK_ID='run_scraper' AIRFLOW_CTX_EXECUTION_DATE='2025-10-31T23:54:14.385033+00:00' AIRFLOW_CTX_TRY_NUMBER='1' AIRFLOW_CTX_DAG_RUN_ID='manual__2025-10-31T23:54:14.385033+00:00'
[2025-11-01T00:55:11.291+0100] {taskinstance.py:430} INFO - ::endgroup::
[2025-11-01T00:55:11.307+0100] {subprocess.py:63} INFO - Tmp dir root location: /tmp
[2025-11-01T00:55:11.309+0100] {subprocess.py:75} INFO - Running command: ['/usr/bin/bash', '-c', 'docker exec -i avito-scraper bash -lc "/app/run_avito_scraper.sh --mode louer --pages 1 --limit 10 --bootstrap kafka:9092 --topic realestate.avito.raw"']
[2025-11-01T00:55:11.320+0100] {subprocess.py:86} INFO - Output:
[2025-11-01T00:55:12.321+0100] {subprocess.py:93} INFO - [*] Mode: LOUER | Pages: 1 | Sink: kafka | Limit: 10
[2025-11-01T00:55:12.322+0100] {subprocess.py:93} INFO - [SERP] Page 1 → https://www.avito.ma/fr/maroc/locations_immobilieres-à_louer
[2025-11-01T00:55:12.935+0100] {subprocess.py:93} INFO -        Reached limit 10, stopping SERP crawl
[2025-11-01T00:55:12.936+0100] {subprocess.py:93} INFO - [*] Total URLs: 10
[2025-11-01T00:55:12.938+0100] {subprocess.py:93} INFO - [1/10] https://www.avito.ma/fr/souissi/bureaux/plateau_bureau_700m²_à_rabat_57073000.htm
[2025-11-01T00:55:14.735+0100] {subprocess.py:93} INFO - [2/10] https://www.avito.ma/fr/route_de_casablanca/appartements/Appartement_à_louer_60_m²_à_Marrakech_57145351.htm
[2025-11-01T00:55:16.545+0100] {subprocess.py:93} INFO - [3/10] https://www.avito.ma/fr/hay_mohammadi/local/Magasin_85m2_et_Cave_212m2_à_louer_H_M_Casa__56143311.htm
[2025-11-01T00:55:19.308+0100] {subprocess.py:93} INFO - [4/10] https://www.avito.ma/fr/centre_ville/appartements/Appartement_meublé_à_louer_mensuellement_au_centre_ville_57146724.htm
[2025-11-01T00:55:21.106+0100] {subprocess.py:93} INFO - [5/10] https://www.avito.ma/fr/marjane/appartements/Appartement_à_louer_Mojama3_Hassani_57146726.htm
[2025-11-01T00:55:23.181+0100] {subprocess.py:93} INFO - [6/10] https://www.avito.ma/fr/autre_secteur/local/Magasin_110m_Avenue_Tarik_Bno_Ziyad_56982951.htm
[2025-11-01T00:55:24.997+0100] {subprocess.py:93} INFO - [7/10] https://www.avito.ma/fr/c.i.l/appartements/Location_appart_vide_CIL_près_Institut_Dominique_57131214.htm
[2025-11-01T00:55:26.795+0100] {subprocess.py:93} INFO - [8/10] https://www.avito.ma/fr/centre_ville/appartements/Appartement_meublé_au_centre_ville_57146722.htm
[2025-11-01T00:55:28.607+0100] {subprocess.py:93} INFO - [9/10] https://www.avito.ma/fr/belvédère/appartements/Appartement_meublé_à_louer_quartier_Belvedere_57069850.htm
[2025-11-01T00:55:30.400+0100] {subprocess.py:93} INFO - [10/10] https://www.avito.ma/fr/plateau/appartements/Appartement_à_louer_78_m²_à_El_Jadida_57146716.htm
[2025-11-01T00:55:31.303+0100] {subprocess.py:93} INFO - [✓] Sent 10 messages to Kafka topic 'realestate.avito.raw'
[2025-11-01T00:55:31.339+0100] {subprocess.py:97} INFO - Command exited with return code 0
[2025-11-01T00:55:31.340+0100] {taskinstance.py:441} INFO - ::group::Post task execution logs
[2025-11-01T00:55:31.370+0100] {taskinstance.py:1206} INFO - Marking task as SUCCESS. dag_id=avito_minimal_scrape_to_iceberg, task_id=run_scraper, run_id=manual__2025-10-31T23:54:14.385033+00:00, execution_date=20251031T235414, start_date=20251031T235511, end_date=20251031T235531
[2025-11-01T00:55:31.399+0100] {local_task_job_runner.py:243} INFO - Task exited with return code 0
[2025-11-01T00:55:31.418+0100] {taskinstance.py:3503} INFO - 0 downstream tasks scheduled from follow-on schedule check
[2025-11-01T00:55:31.420+0100] {local_task_job_runner.py:222} INFO - ::endgroup::
