[2025-10-31T17:25:00.549+0100] {local_task_job_runner.py:120} INFO - ::group::Pre task execution logs
[2025-10-31T17:25:00.592+0100] {taskinstance.py:2076} INFO - Dependencies all met for dep_context=non-requeueable deps ti=<TaskInstance: avito_kafka_every_5min.run_avito_producer scheduled__2025-10-31T16:20:00+00:00 [queued]>
[2025-10-31T17:25:00.600+0100] {taskinstance.py:2076} INFO - Dependencies all met for dep_context=requeueable deps ti=<TaskInstance: avito_kafka_every_5min.run_avito_producer scheduled__2025-10-31T16:20:00+00:00 [queued]>
[2025-10-31T17:25:00.601+0100] {taskinstance.py:2306} INFO - Starting attempt 1 of 3
[2025-10-31T17:25:00.615+0100] {taskinstance.py:2330} INFO - Executing <Task(BashOperator): run_avito_producer> on 2025-10-31 16:20:00+00:00
[2025-10-31T17:25:00.621+0100] {standard_task_runner.py:90} INFO - Running: ['***', 'tasks', 'run', 'avito_kafka_every_5min', 'run_avito_producer', 'scheduled__2025-10-31T16:20:00+00:00', '--job-id', '7', '--raw', '--subdir', 'DAGS_FOLDER/avito_kafka_every_5min.py', '--cfg-path', '/tmp/tmplydckntg']
[2025-10-31T17:25:00.624+0100] {standard_task_runner.py:91} INFO - Job 7: Subtask run_avito_producer
[2025-10-31T17:25:00.625+0100] {logging_mixin.py:188} WARNING - /home/***/.local/lib/python3.12/site-packages/***/task/task_runner/standard_task_runner.py:62 DeprecationWarning: This process (pid=492) is multi-threaded, use of fork() may lead to deadlocks in the child.
[2025-10-31T17:25:00.625+0100] {standard_task_runner.py:64} INFO - Started process 493 to run task
[2025-10-31T17:25:00.681+0100] {task_command.py:426} INFO - Running <TaskInstance: avito_kafka_every_5min.run_avito_producer scheduled__2025-10-31T16:20:00+00:00 [running]> on host bfe5844a8915
[2025-10-31T17:25:00.782+0100] {taskinstance.py:2648} INFO - Exporting env vars: AIRFLOW_CTX_DAG_OWNER='data' AIRFLOW_CTX_DAG_ID='avito_kafka_every_5min' AIRFLOW_CTX_TASK_ID='run_avito_producer' AIRFLOW_CTX_EXECUTION_DATE='2025-10-31T16:20:00+00:00' AIRFLOW_CTX_TRY_NUMBER='1' AIRFLOW_CTX_DAG_RUN_ID='scheduled__2025-10-31T16:20:00+00:00'
[2025-10-31T17:25:00.783+0100] {taskinstance.py:430} INFO - ::endgroup::
[2025-10-31T17:25:00.798+0100] {subprocess.py:63} INFO - Tmp dir root location: /tmp
[2025-10-31T17:25:00.800+0100] {subprocess.py:75} INFO - Running command: ['/usr/bin/bash', '-c', 'python -m Pipeline.producer.avito_producer --mode louer --pages 1 --limit 10 --bootstrap kafka:9092 --topic realestate.avito.raw']
[2025-10-31T17:25:00.809+0100] {subprocess.py:86} INFO - Output:
[2025-10-31T17:25:22.678+0100] {subprocess.py:93} INFO - [*] Mode: LOUER | Pages: 1 | Sink: kafka | Limit: 10
[2025-10-31T17:25:22.679+0100] {subprocess.py:93} INFO - [SERP] Page 1 → https://www.avito.ma/fr/maroc/locations_immobilieres-à_louer
[2025-10-31T17:25:22.680+0100] {subprocess.py:93} INFO -        Reached limit 10, stopping SERP crawl
[2025-10-31T17:25:22.681+0100] {subprocess.py:93} INFO - [*] Total URLs: 10
[2025-10-31T17:25:22.681+0100] {subprocess.py:93} INFO - [1/10] https://www.avito.ma/fr/hay_mohammadi/bureaux/Plateau_bureau_Neuf_à_louer_BD_grande_ceinture_53080322.htm
[2025-10-31T17:25:22.682+0100] {subprocess.py:93} INFO - [2/10] https://www.avito.ma/fr/av_mohammed_vi/appartements/Appartement_à_louer_160_m²_à_Marrakech_53845575.htm
[2025-10-31T17:25:22.683+0100] {subprocess.py:93} INFO - [3/10] https://www.avito.ma/fr/haut_agdal/bureaux/plateaux_bureaux_à_Rabat_57120289.htm
[2025-10-31T17:25:22.684+0100] {subprocess.py:93} INFO - [4/10] https://www.avito.ma/fr/bouskoura_centre/bureaux/Plateaux_bureau_location_54022102.htm
[2025-10-31T17:25:22.684+0100] {subprocess.py:93} INFO - [5/10] https://www.avito.ma/fr/autre_secteur/maisons/Maison_RDC_non_meublée_à_louer_57145542.htm
[2025-10-31T17:25:22.685+0100] {subprocess.py:93} INFO - [6/10] https://www.avito.ma/fr/autre_secteur/villas_et_riads/superbe_villa_à_louer_57034287.htm
[2025-10-31T17:25:22.685+0100] {subprocess.py:93} INFO - [7/10] https://www.avito.ma/fr/maarif/appartements/Location_studio_vide_à_Quartier_Maarif_56069005.htm
[2025-10-31T17:25:22.686+0100] {subprocess.py:93} INFO - [8/10] https://www.avito.ma/fr/les_princesses/appartements/Appartement_Neuf_de_250m²_a_Louer_a_Maarif_57141404.htm
[2025-10-31T17:25:22.687+0100] {subprocess.py:93} INFO - [9/10] https://www.avito.ma/fr/dar_bouazza/appartements/Appartement_à_louer_75_m²_à_Dar_Bouazza_56999597.htm
[2025-10-31T17:25:22.687+0100] {subprocess.py:93} INFO - [10/10] https://www.avito.ma/fr/branes_1/local/Local_Commercial_Idéal_à_Louer_à_Branes_57127661.htm
[2025-10-31T17:25:22.688+0100] {subprocess.py:93} INFO - [✓] Sent 10 messages to Kafka topic 'realestate.avito.raw'
[2025-10-31T17:25:22.732+0100] {subprocess.py:97} INFO - Command exited with return code 0
[2025-10-31T17:25:22.733+0100] {taskinstance.py:441} INFO - ::group::Post task execution logs
[2025-10-31T17:25:22.771+0100] {taskinstance.py:1206} INFO - Marking task as SUCCESS. dag_id=avito_kafka_every_5min, task_id=run_avito_producer, run_id=scheduled__2025-10-31T16:20:00+00:00, execution_date=20251031T162000, start_date=20251031T162500, end_date=20251031T162522
[2025-10-31T17:25:22.812+0100] {local_task_job_runner.py:243} INFO - Task exited with return code 0
[2025-10-31T17:25:22.830+0100] {taskinstance.py:3503} INFO - 0 downstream tasks scheduled from follow-on schedule check
[2025-10-31T17:25:22.833+0100] {local_task_job_runner.py:222} INFO - ::endgroup::
