[2025-10-31T18:45:00.857+0100] {local_task_job_runner.py:120} INFO - ::group::Pre task execution logs
[2025-10-31T18:45:00.897+0100] {taskinstance.py:2076} INFO - Dependencies all met for dep_context=non-requeueable deps ti=<TaskInstance: avito_kafka_every_5min.run_avito_producer scheduled__2025-10-31T17:40:00+00:00 [queued]>
[2025-10-31T18:45:00.906+0100] {taskinstance.py:2076} INFO - Dependencies all met for dep_context=requeueable deps ti=<TaskInstance: avito_kafka_every_5min.run_avito_producer scheduled__2025-10-31T17:40:00+00:00 [queued]>
[2025-10-31T18:45:00.907+0100] {taskinstance.py:2306} INFO - Starting attempt 1 of 3
[2025-10-31T18:45:00.921+0100] {taskinstance.py:2330} INFO - Executing <Task(BashOperator): run_avito_producer> on 2025-10-31 17:40:00+00:00
[2025-10-31T18:45:00.929+0100] {standard_task_runner.py:90} INFO - Running: ['***', 'tasks', 'run', 'avito_kafka_every_5min', 'run_avito_producer', 'scheduled__2025-10-31T17:40:00+00:00', '--job-id', '23', '--raw', '--subdir', 'DAGS_FOLDER/avito_kafka_every_5min.py', '--cfg-path', '/tmp/tmpiigz1etu']
[2025-10-31T18:45:00.933+0100] {standard_task_runner.py:91} INFO - Job 23: Subtask run_avito_producer
[2025-10-31T18:45:00.934+0100] {logging_mixin.py:188} WARNING - /home/***/.local/lib/python3.12/site-packages/***/task/task_runner/standard_task_runner.py:62 DeprecationWarning: This process (pid=1394) is multi-threaded, use of fork() may lead to deadlocks in the child.
[2025-10-31T18:45:00.935+0100] {standard_task_runner.py:64} INFO - Started process 1395 to run task
[2025-10-31T18:45:01.016+0100] {task_command.py:426} INFO - Running <TaskInstance: avito_kafka_every_5min.run_avito_producer scheduled__2025-10-31T17:40:00+00:00 [running]> on host bfe5844a8915
[2025-10-31T18:45:01.125+0100] {taskinstance.py:2648} INFO - Exporting env vars: AIRFLOW_CTX_DAG_OWNER='data' AIRFLOW_CTX_DAG_ID='avito_kafka_every_5min' AIRFLOW_CTX_TASK_ID='run_avito_producer' AIRFLOW_CTX_EXECUTION_DATE='2025-10-31T17:40:00+00:00' AIRFLOW_CTX_TRY_NUMBER='1' AIRFLOW_CTX_DAG_RUN_ID='scheduled__2025-10-31T17:40:00+00:00'
[2025-10-31T18:45:01.126+0100] {taskinstance.py:430} INFO - ::endgroup::
[2025-10-31T18:45:01.141+0100] {subprocess.py:63} INFO - Tmp dir root location: /tmp
[2025-10-31T18:45:01.142+0100] {subprocess.py:75} INFO - Running command: ['/usr/bin/bash', '-c', 'python -m Pipeline.producer.avito_producer --mode louer --pages 1 --limit 10 --bootstrap kafka:9092 --topic realestate.avito.raw']
[2025-10-31T18:45:01.152+0100] {subprocess.py:86} INFO - Output:
[2025-10-31T18:45:20.189+0100] {subprocess.py:93} INFO - [*] Mode: LOUER | Pages: 1 | Sink: kafka | Limit: 10
[2025-10-31T18:45:20.190+0100] {subprocess.py:93} INFO - [SERP] Page 1 → https://www.avito.ma/fr/maroc/locations_immobilieres-à_louer
[2025-10-31T18:45:20.191+0100] {subprocess.py:93} INFO -        Reached limit 10, stopping SERP crawl
[2025-10-31T18:45:20.192+0100] {subprocess.py:93} INFO - [*] Total URLs: 10
[2025-10-31T18:45:20.192+0100] {subprocess.py:93} INFO - [1/10] https://www.avito.ma/fr/palmeraie/villas_et_riads/Appartement_à_Gueliz_avec_piscine_privée_57080548.htm
[2025-10-31T18:45:20.193+0100] {subprocess.py:93} INFO - [2/10] https://www.avito.ma/fr/hermitage/appartements/studio_à_louer_hermitage_57105722.htm
[2025-10-31T18:45:20.194+0100] {subprocess.py:93} INFO - [3/10] https://www.avito.ma/fr/autre_secteur/local/Lavage_de_location_avec_vidange_à_Mediona_1000m²_56852768.htm
[2025-10-31T18:45:20.194+0100] {subprocess.py:93} INFO - [4/10] https://www.avito.ma/fr/mimosas/appartements/Location_non_meublée_de_115m²_56295678.htm
[2025-10-31T18:45:20.195+0100] {subprocess.py:93} INFO - [5/10] https://www.avito.ma/fr/mimosas/bureaux/Location_d_un_plateau_de_bureau_NEUF_56285286.htm
[2025-10-31T18:45:20.196+0100] {subprocess.py:93} INFO - [6/10] https://www.avito.ma/fr/roches_noires/appartements/Avec_3_chambres_appartement_vide_à_Roche_Noire_135m_56817922.htm
[2025-10-31T18:45:20.196+0100] {subprocess.py:93} INFO - [7/10] https://www.avito.ma/fr/souissi/appartements/À_louer___Appartement_meublé_neuf___Souissi_56411297.htm
[2025-10-31T18:45:20.197+0100] {subprocess.py:93} INFO - [8/10] https://www.avito.ma/fr/route_de_safi/appartements/Appartement_à_louer_78_m²_à_Marrakech_57114352.htm
[2025-10-31T18:45:20.197+0100] {subprocess.py:93} INFO - [9/10] https://www.avito.ma/fr/ville_verte/appartements/Appartement_Contemporain_à_Louer_76_m²_à_Bouskoura_55949133.htm
[2025-10-31T18:45:20.198+0100] {subprocess.py:93} INFO - [10/10] https://www.avito.ma/fr/mimosas/appartements/Appartement_à_louer_80_m²_à_Mohammedia_57033231.htm
[2025-10-31T18:45:20.199+0100] {subprocess.py:93} INFO - [✓] Sent 10 messages to Kafka topic 'realestate.avito.raw'
[2025-10-31T18:45:20.247+0100] {subprocess.py:97} INFO - Command exited with return code 0
[2025-10-31T18:45:20.248+0100] {taskinstance.py:441} INFO - ::group::Post task execution logs
[2025-10-31T18:45:20.301+0100] {taskinstance.py:1206} INFO - Marking task as SUCCESS. dag_id=avito_kafka_every_5min, task_id=run_avito_producer, run_id=scheduled__2025-10-31T17:40:00+00:00, execution_date=20251031T174000, start_date=20251031T174500, end_date=20251031T174520
[2025-10-31T18:45:20.358+0100] {local_task_job_runner.py:243} INFO - Task exited with return code 0
[2025-10-31T18:45:20.387+0100] {taskinstance.py:3503} INFO - 0 downstream tasks scheduled from follow-on schedule check
[2025-10-31T18:45:20.389+0100] {local_task_job_runner.py:222} INFO - ::endgroup::
