[2025-10-31T22:40:01.172+0100] {local_task_job_runner.py:120} INFO - ::group::Pre task execution logs
[2025-10-31T22:40:01.214+0100] {taskinstance.py:2076} INFO - Dependencies all met for dep_context=non-requeueable deps ti=<TaskInstance: avito_kafka_every_5min.run_avito_producer scheduled__2025-10-31T21:35:00+00:00 [queued]>
[2025-10-31T22:40:01.222+0100] {taskinstance.py:2076} INFO - Dependencies all met for dep_context=requeueable deps ti=<TaskInstance: avito_kafka_every_5min.run_avito_producer scheduled__2025-10-31T21:35:00+00:00 [queued]>
[2025-10-31T22:40:01.223+0100] {taskinstance.py:2306} INFO - Starting attempt 1 of 3
[2025-10-31T22:40:01.235+0100] {taskinstance.py:2330} INFO - Executing <Task(BashOperator): run_avito_producer> on 2025-10-31 21:35:00+00:00
[2025-10-31T22:40:01.246+0100] {logging_mixin.py:188} WARNING - /home/***/.local/lib/python3.12/site-packages/***/task/task_runner/standard_task_runner.py:62 DeprecationWarning: This process (pid=2357) is multi-threaded, use of fork() may lead to deadlocks in the child.
[2025-10-31T22:40:01.244+0100] {standard_task_runner.py:90} INFO - Running: ['***', 'tasks', 'run', 'avito_kafka_every_5min', 'run_avito_producer', 'scheduled__2025-10-31T21:35:00+00:00', '--job-id', '70', '--raw', '--subdir', 'DAGS_FOLDER/avito_kafka_every_5min.py', '--cfg-path', '/tmp/tmpr5c6lnuk']
[2025-10-31T22:40:01.247+0100] {standard_task_runner.py:64} INFO - Started process 2358 to run task
[2025-10-31T22:40:01.247+0100] {standard_task_runner.py:91} INFO - Job 70: Subtask run_avito_producer
[2025-10-31T22:40:01.308+0100] {task_command.py:426} INFO - Running <TaskInstance: avito_kafka_every_5min.run_avito_producer scheduled__2025-10-31T21:35:00+00:00 [running]> on host bfe5844a8915
[2025-10-31T22:40:01.440+0100] {taskinstance.py:2648} INFO - Exporting env vars: AIRFLOW_CTX_DAG_OWNER='data' AIRFLOW_CTX_DAG_ID='avito_kafka_every_5min' AIRFLOW_CTX_TASK_ID='run_avito_producer' AIRFLOW_CTX_EXECUTION_DATE='2025-10-31T21:35:00+00:00' AIRFLOW_CTX_TRY_NUMBER='1' AIRFLOW_CTX_DAG_RUN_ID='scheduled__2025-10-31T21:35:00+00:00'
[2025-10-31T22:40:01.442+0100] {taskinstance.py:430} INFO - ::endgroup::
[2025-10-31T22:40:01.471+0100] {subprocess.py:63} INFO - Tmp dir root location: /tmp
[2025-10-31T22:40:01.478+0100] {subprocess.py:75} INFO - Running command: ['/usr/bin/bash', '-c', 'python -m Pipeline.producer.avito_producer --mode louer --pages 1 --limit 10 --bootstrap kafka:9092 --topic realestate.avito.raw']
[2025-10-31T22:40:01.498+0100] {subprocess.py:86} INFO - Output:
[2025-10-31T22:40:19.517+0100] {subprocess.py:93} INFO - [*] Mode: LOUER | Pages: 1 | Sink: kafka | Limit: 10
[2025-10-31T22:40:19.519+0100] {subprocess.py:93} INFO - [SERP] Page 1 → https://www.avito.ma/fr/maroc/locations_immobilieres-à_louer
[2025-10-31T22:40:19.519+0100] {subprocess.py:93} INFO -        Reached limit 10, stopping SERP crawl
[2025-10-31T22:40:19.520+0100] {subprocess.py:93} INFO - [*] Total URLs: 10
[2025-10-31T22:40:19.520+0100] {subprocess.py:93} INFO - [1/10] https://www.avito.ma/fr/aviation/appartements/Appartement_à_louer_165_m²_à_Rabat_57049193.htm
[2025-10-31T22:40:19.521+0100] {subprocess.py:93} INFO - [2/10] https://www.avito.ma/fr/autre_secteur/bureaux/Bureau_à_louer_Bendibane_57133177.htm
[2025-10-31T22:40:19.521+0100] {subprocess.py:93} INFO - [3/10] https://www.avito.ma/fr/lissasfa/bureaux/Bureau_à_louer_d_une_superficie_29_m²_57020720.htm
[2025-10-31T22:40:19.521+0100] {subprocess.py:93} INFO - [4/10] https://www.avito.ma/fr/guéliz/appartements/Appartement_à_louer__bvd_Hassan_2__Gueliz_57146522.htm
[2025-10-31T22:40:19.522+0100] {subprocess.py:93} INFO - [5/10] https://www.avito.ma/fr/dar_bouazza/appartements/Appartement_à_louer_128_m²_à_Dar_Bouazza_57101562.htm
[2025-10-31T22:40:19.522+0100] {subprocess.py:93} INFO - [6/10] https://www.avito.ma/fr/racine/appartements/Studio_Spacieux_Avec_Terrasse_à_Racine_57146515.htm
[2025-10-31T22:40:19.522+0100] {subprocess.py:93} INFO - [7/10] https://www.avito.ma/fr/casablanca_finance_city/appartements/studio_neuf_HD_a_cfc_57102806.htm
[2025-10-31T22:40:19.523+0100] {subprocess.py:93} INFO - [8/10] https://www.avito.ma/fr/quartier_des_hôpitaux/appartements/studio_meublé_à_louer_50_m²_BD_ANOUAL_57139077.htm
[2025-10-31T22:40:19.523+0100] {subprocess.py:93} INFO - [9/10] https://www.avito.ma/fr/mediouna/local/Dépôt_800m2_à_région_Mediouna_vers_Tit_Mellil_56106159.htm
[2025-10-31T22:40:19.524+0100] {subprocess.py:93} INFO - [10/10] https://www.avito.ma/fr/sidi_maarouf/appartements/location_appartement_mostakbal_4_ème_étage_57080808.htm
[2025-10-31T22:40:19.524+0100] {subprocess.py:93} INFO - [✓] Sent 10 messages to Kafka topic 'realestate.avito.raw'
[2025-10-31T22:40:19.552+0100] {subprocess.py:97} INFO - Command exited with return code 0
[2025-10-31T22:40:19.553+0100] {taskinstance.py:441} INFO - ::group::Post task execution logs
[2025-10-31T22:40:19.582+0100] {taskinstance.py:1206} INFO - Marking task as SUCCESS. dag_id=avito_kafka_every_5min, task_id=run_avito_producer, run_id=scheduled__2025-10-31T21:35:00+00:00, execution_date=20251031T213500, start_date=20251031T214001, end_date=20251031T214019
[2025-10-31T22:40:19.597+0100] {local_task_job_runner.py:243} INFO - Task exited with return code 0
[2025-10-31T22:40:19.613+0100] {taskinstance.py:3503} INFO - 0 downstream tasks scheduled from follow-on schedule check
[2025-10-31T22:40:19.616+0100] {local_task_job_runner.py:222} INFO - ::endgroup::
