[2025-10-31T20:20:00.928+0100] {local_task_job_runner.py:120} INFO - ::group::Pre task execution logs
[2025-10-31T20:20:00.972+0100] {taskinstance.py:2076} INFO - Dependencies all met for dep_context=non-requeueable deps ti=<TaskInstance: avito_kafka_every_5min.run_avito_producer scheduled__2025-10-31T19:15:00+00:00 [queued]>
[2025-10-31T20:20:00.982+0100] {taskinstance.py:2076} INFO - Dependencies all met for dep_context=requeueable deps ti=<TaskInstance: avito_kafka_every_5min.run_avito_producer scheduled__2025-10-31T19:15:00+00:00 [queued]>
[2025-10-31T20:20:00.983+0100] {taskinstance.py:2306} INFO - Starting attempt 1 of 3
[2025-10-31T20:20:00.997+0100] {taskinstance.py:2330} INFO - Executing <Task(BashOperator): run_avito_producer> on 2025-10-31 19:15:00+00:00
[2025-10-31T20:20:01.005+0100] {standard_task_runner.py:90} INFO - Running: ['***', 'tasks', 'run', 'avito_kafka_every_5min', 'run_avito_producer', 'scheduled__2025-10-31T19:15:00+00:00', '--job-id', '42', '--raw', '--subdir', 'DAGS_FOLDER/avito_kafka_every_5min.py', '--cfg-path', '/tmp/tmp6huolj5_']
[2025-10-31T20:20:01.009+0100] {standard_task_runner.py:91} INFO - Job 42: Subtask run_avito_producer
[2025-10-31T20:20:01.010+0100] {logging_mixin.py:188} WARNING - /home/***/.local/lib/python3.12/site-packages/***/task/task_runner/standard_task_runner.py:62 DeprecationWarning: This process (pid=786) is multi-threaded, use of fork() may lead to deadlocks in the child.
[2025-10-31T20:20:01.011+0100] {standard_task_runner.py:64} INFO - Started process 787 to run task
[2025-10-31T20:20:01.085+0100] {task_command.py:426} INFO - Running <TaskInstance: avito_kafka_every_5min.run_avito_producer scheduled__2025-10-31T19:15:00+00:00 [running]> on host bfe5844a8915
[2025-10-31T20:20:01.207+0100] {taskinstance.py:2648} INFO - Exporting env vars: AIRFLOW_CTX_DAG_OWNER='data' AIRFLOW_CTX_DAG_ID='avito_kafka_every_5min' AIRFLOW_CTX_TASK_ID='run_avito_producer' AIRFLOW_CTX_EXECUTION_DATE='2025-10-31T19:15:00+00:00' AIRFLOW_CTX_TRY_NUMBER='1' AIRFLOW_CTX_DAG_RUN_ID='scheduled__2025-10-31T19:15:00+00:00'
[2025-10-31T20:20:01.209+0100] {taskinstance.py:430} INFO - ::endgroup::
[2025-10-31T20:20:01.227+0100] {subprocess.py:63} INFO - Tmp dir root location: /tmp
[2025-10-31T20:20:01.228+0100] {subprocess.py:75} INFO - Running command: ['/usr/bin/bash', '-c', 'python -m Pipeline.producer.avito_producer --mode louer --pages 1 --limit 10 --bootstrap kafka:9092 --topic realestate.avito.raw']
[2025-10-31T20:20:01.237+0100] {subprocess.py:86} INFO - Output:
[2025-10-31T20:20:19.832+0100] {subprocess.py:93} INFO - [*] Mode: LOUER | Pages: 1 | Sink: kafka | Limit: 10
[2025-10-31T20:20:19.836+0100] {subprocess.py:93} INFO - [SERP] Page 1 → https://www.avito.ma/fr/maroc/locations_immobilieres-à_louer
[2025-10-31T20:20:19.837+0100] {subprocess.py:93} INFO -        Reached limit 10, stopping SERP crawl
[2025-10-31T20:20:19.838+0100] {subprocess.py:93} INFO - [*] Total URLs: 10
[2025-10-31T20:20:19.838+0100] {subprocess.py:93} INFO - [1/10] https://www.avito.ma/fr/casablanca_finance_city/appartements/Studio_meublé_neuf_à_louer_53m2_à_CFC_56822757.htm
[2025-10-31T20:20:19.839+0100] {subprocess.py:93} INFO - [2/10] https://www.avito.ma/fr/autre_secteur/terrains_et_fermes/Terrain_à_louer_à_Médiouna__enregistré_et_conservé_57014261.htm
[2025-10-31T20:20:19.840+0100] {subprocess.py:93} INFO - [3/10] https://www.avito.ma/fr/gauthier/appartements/JOLI_STUDIO_A_LOUER_MEUBLE_SUR_GAUTIER_57136526.htm
[2025-10-31T20:20:19.840+0100] {subprocess.py:93} INFO - [4/10] https://www.avito.ma/fr/autre_secteur/appartements/Appartement_studio_à_louer_à_Bouznika_Bahia_Golf_56331534.htm
[2025-10-31T20:20:19.841+0100] {subprocess.py:93} INFO - [5/10] https://www.avito.ma/fr/oulfa/appartements/ALIANCE_BUSWAY_57146126.htm
[2025-10-31T20:20:19.842+0100] {subprocess.py:93} INFO - [6/10] https://www.avito.ma/fr/inzegan/local/Deux_magasins_à_louer_57146125.htm
[2025-10-31T20:20:19.842+0100] {subprocess.py:93} INFO - [7/10] https://www.avito.ma/fr/aviation/appartements/Appartement_à_louer_165_m²_à_Rabat_57049193.htm
[2025-10-31T20:20:19.843+0100] {subprocess.py:93} INFO - [8/10] https://www.avito.ma/fr/roches_noires/appartements/Studio_vide_à_louer_sur_roche_noir_52_m²_57127356.htm
[2025-10-31T20:20:19.844+0100] {subprocess.py:93} INFO - [9/10] https://www.avito.ma/fr/autre_secteur/appartements/Superbe_Appartement_de_103m²_à_louer_avec_Vue_su____56930934.htm
[2025-10-31T20:20:19.844+0100] {subprocess.py:93} INFO - [10/10] https://www.avito.ma/fr/les_princesses/appartements/STUDIO_MEUBLÉ_NEUF_À_LOUER_À_LES_PRINCESSES_57146110.htm
[2025-10-31T20:20:19.845+0100] {subprocess.py:93} INFO - [✓] Sent 10 messages to Kafka topic 'realestate.avito.raw'
[2025-10-31T20:20:19.887+0100] {subprocess.py:97} INFO - Command exited with return code 0
[2025-10-31T20:20:19.888+0100] {taskinstance.py:441} INFO - ::group::Post task execution logs
[2025-10-31T20:20:19.927+0100] {taskinstance.py:1206} INFO - Marking task as SUCCESS. dag_id=avito_kafka_every_5min, task_id=run_avito_producer, run_id=scheduled__2025-10-31T19:15:00+00:00, execution_date=20251031T191500, start_date=20251031T192000, end_date=20251031T192019
[2025-10-31T20:20:19.964+0100] {local_task_job_runner.py:243} INFO - Task exited with return code 0
[2025-10-31T20:20:19.986+0100] {taskinstance.py:3503} INFO - 0 downstream tasks scheduled from follow-on schedule check
[2025-10-31T20:20:19.989+0100] {local_task_job_runner.py:222} INFO - ::endgroup::
