[2025-10-31T19:35:01.661+0100] {local_task_job_runner.py:120} INFO - ::group::Pre task execution logs
[2025-10-31T19:35:01.753+0100] {taskinstance.py:2076} INFO - Dependencies all met for dep_context=non-requeueable deps ti=<TaskInstance: avito_kafka_every_5min.run_avito_producer scheduled__2025-10-31T18:30:00+00:00 [queued]>
[2025-10-31T19:35:01.773+0100] {taskinstance.py:2076} INFO - Dependencies all met for dep_context=requeueable deps ti=<TaskInstance: avito_kafka_every_5min.run_avito_producer scheduled__2025-10-31T18:30:00+00:00 [queued]>
[2025-10-31T19:35:01.774+0100] {taskinstance.py:2306} INFO - Starting attempt 1 of 3
[2025-10-31T19:35:01.796+0100] {taskinstance.py:2330} INFO - Executing <Task(BashOperator): run_avito_producer> on 2025-10-31 18:30:00+00:00
[2025-10-31T19:35:01.808+0100] {standard_task_runner.py:90} INFO - Running: ['***', 'tasks', 'run', 'avito_kafka_every_5min', 'run_avito_producer', 'scheduled__2025-10-31T18:30:00+00:00', '--job-id', '34', '--raw', '--subdir', 'DAGS_FOLDER/avito_kafka_every_5min.py', '--cfg-path', '/tmp/tmp07sqbi2i']
[2025-10-31T19:35:01.813+0100] {standard_task_runner.py:91} INFO - Job 34: Subtask run_avito_producer
[2025-10-31T19:35:01.816+0100] {logging_mixin.py:188} WARNING - /home/***/.local/lib/python3.12/site-packages/***/task/task_runner/standard_task_runner.py:62 DeprecationWarning: This process (pid=475) is multi-threaded, use of fork() may lead to deadlocks in the child.
[2025-10-31T19:35:01.818+0100] {standard_task_runner.py:64} INFO - Started process 476 to run task
[2025-10-31T19:35:01.921+0100] {task_command.py:426} INFO - Running <TaskInstance: avito_kafka_every_5min.run_avito_producer scheduled__2025-10-31T18:30:00+00:00 [running]> on host bfe5844a8915
[2025-10-31T19:35:02.111+0100] {taskinstance.py:2648} INFO - Exporting env vars: AIRFLOW_CTX_DAG_OWNER='data' AIRFLOW_CTX_DAG_ID='avito_kafka_every_5min' AIRFLOW_CTX_TASK_ID='run_avito_producer' AIRFLOW_CTX_EXECUTION_DATE='2025-10-31T18:30:00+00:00' AIRFLOW_CTX_TRY_NUMBER='1' AIRFLOW_CTX_DAG_RUN_ID='scheduled__2025-10-31T18:30:00+00:00'
[2025-10-31T19:35:02.112+0100] {taskinstance.py:430} INFO - ::endgroup::
[2025-10-31T19:35:02.138+0100] {subprocess.py:63} INFO - Tmp dir root location: /tmp
[2025-10-31T19:35:02.141+0100] {subprocess.py:75} INFO - Running command: ['/usr/bin/bash', '-c', 'python -m Pipeline.producer.avito_producer --mode louer --pages 1 --limit 10 --bootstrap kafka:9092 --topic realestate.avito.raw']
[2025-10-31T19:35:02.161+0100] {subprocess.py:86} INFO - Output:
[2025-10-31T19:35:24.497+0100] {subprocess.py:93} INFO - [*] Mode: LOUER | Pages: 1 | Sink: kafka | Limit: 10
[2025-10-31T19:35:24.499+0100] {subprocess.py:93} INFO - [SERP] Page 1 → https://www.avito.ma/fr/maroc/locations_immobilieres-à_louer
[2025-10-31T19:35:24.500+0100] {subprocess.py:93} INFO -        Reached limit 10, stopping SERP crawl
[2025-10-31T19:35:24.501+0100] {subprocess.py:93} INFO - [*] Total URLs: 10
[2025-10-31T19:35:24.502+0100] {subprocess.py:93} INFO - [1/10] https://www.avito.ma/fr/gauthier/appartements/JOLI_STUDIO_A_LOUER_MEUBLE_SUR_GAUTIER_57136526.htm
[2025-10-31T19:35:24.504+0100] {subprocess.py:93} INFO - [2/10] https://www.avito.ma/fr/centre/local/A_LOUER_Magasin_au_Centre_Ville_Fes__56653797.htm
[2025-10-31T19:35:24.506+0100] {subprocess.py:93} INFO - [3/10] https://www.avito.ma/fr/californie/appartements/Studio_luxueux_à_louer_Californie_56726527.htm
[2025-10-31T19:35:24.507+0100] {subprocess.py:93} INFO - [4/10] https://www.avito.ma/fr/mabrouka/appartements/Appartement_à_louer_1_m²_à_Marrakech_57091971.htm
[2025-10-31T19:35:24.508+0100] {subprocess.py:93} INFO - [5/10] https://www.avito.ma/fr/quartier_des_hôpitaux/appartements/Appartement_à_louer_114_m²_à_Casablanca_56659658.htm
[2025-10-31T19:35:24.508+0100] {subprocess.py:93} INFO - [6/10] https://www.avito.ma/fr/harhoura/appartements/Appartement_à_louer_150_m²_à_Temara___RDC_Villa__57095131.htm
[2025-10-31T19:35:24.510+0100] {subprocess.py:93} INFO - [7/10] https://www.avito.ma/fr/tamaris/appartements/Bel_Appartement_en_Rez_de_jardin_à_louer___Tamaris_56775583.htm
[2025-10-31T19:35:24.511+0100] {subprocess.py:93} INFO - [8/10] https://www.avito.ma/fr/sonaba/bureaux/À_louer_plateau_bureau_neuf_a_Agadir_Bay_de_166_m2_57125289.htm
[2025-10-31T19:35:24.513+0100] {subprocess.py:93} INFO - [9/10] https://www.avito.ma/fr/ferme_bretone/appartements/Appartement_à_ferme_bretonne_pour_location_56908956.htm
[2025-10-31T19:35:24.515+0100] {subprocess.py:93} INFO - [10/10] https://www.avito.ma/fr/quartier_du_soleil/villas_et_riads/Belle_villa_à_louer_Mohammadia_57122427.htm
[2025-10-31T19:35:24.516+0100] {subprocess.py:93} INFO - [✓] Sent 10 messages to Kafka topic 'realestate.avito.raw'
[2025-10-31T19:35:24.588+0100] {subprocess.py:97} INFO - Command exited with return code 0
[2025-10-31T19:35:24.590+0100] {taskinstance.py:441} INFO - ::group::Post task execution logs
[2025-10-31T19:35:24.650+0100] {taskinstance.py:1206} INFO - Marking task as SUCCESS. dag_id=avito_kafka_every_5min, task_id=run_avito_producer, run_id=scheduled__2025-10-31T18:30:00+00:00, execution_date=20251031T183000, start_date=20251031T183501, end_date=20251031T183524
[2025-10-31T19:35:24.688+0100] {local_task_job_runner.py:243} INFO - Task exited with return code 0
[2025-10-31T19:35:24.723+0100] {taskinstance.py:3503} INFO - 0 downstream tasks scheduled from follow-on schedule check
[2025-10-31T19:35:24.725+0100] {local_task_job_runner.py:222} INFO - ::endgroup::
