[2025-10-31T16:30:00.715+0100] {local_task_job_runner.py:120} INFO - ::group::Pre task execution logs
[2025-10-31T16:30:00.754+0100] {taskinstance.py:2076} INFO - Dependencies all met for dep_context=non-requeueable deps ti=<TaskInstance: avito_kafka_every_5min.run_avito_producer scheduled__2025-10-31T15:25:00+00:00 [queued]>
[2025-10-31T16:30:00.763+0100] {taskinstance.py:2076} INFO - Dependencies all met for dep_context=requeueable deps ti=<TaskInstance: avito_kafka_every_5min.run_avito_producer scheduled__2025-10-31T15:25:00+00:00 [queued]>
[2025-10-31T16:30:00.763+0100] {taskinstance.py:2306} INFO - Starting attempt 1 of 3
[2025-10-31T16:30:00.775+0100] {taskinstance.py:2330} INFO - Executing <Task(BashOperator): run_avito_producer> on 2025-10-31 15:25:00+00:00
[2025-10-31T16:30:00.782+0100] {standard_task_runner.py:90} INFO - Running: ['***', 'tasks', 'run', 'avito_kafka_every_5min', 'run_avito_producer', 'scheduled__2025-10-31T15:25:00+00:00', '--job-id', '8', '--raw', '--subdir', 'DAGS_FOLDER/avito_kafka_every_5min.py', '--cfg-path', '/tmp/tmpqm_h43zh']
[2025-10-31T16:30:00.785+0100] {standard_task_runner.py:91} INFO - Job 8: Subtask run_avito_producer
[2025-10-31T16:30:00.785+0100] {logging_mixin.py:188} WARNING - /home/***/.local/lib/python3.12/site-packages/***/task/task_runner/standard_task_runner.py:62 DeprecationWarning: This process (pid=229) is multi-threaded, use of fork() may lead to deadlocks in the child.
[2025-10-31T16:30:00.786+0100] {standard_task_runner.py:64} INFO - Started process 230 to run task
[2025-10-31T16:30:00.842+0100] {task_command.py:426} INFO - Running <TaskInstance: avito_kafka_every_5min.run_avito_producer scheduled__2025-10-31T15:25:00+00:00 [running]> on host f5eb3160223b
[2025-10-31T16:30:00.944+0100] {taskinstance.py:2648} INFO - Exporting env vars: AIRFLOW_CTX_DAG_OWNER='data' AIRFLOW_CTX_DAG_ID='avito_kafka_every_5min' AIRFLOW_CTX_TASK_ID='run_avito_producer' AIRFLOW_CTX_EXECUTION_DATE='2025-10-31T15:25:00+00:00' AIRFLOW_CTX_TRY_NUMBER='1' AIRFLOW_CTX_DAG_RUN_ID='scheduled__2025-10-31T15:25:00+00:00'
[2025-10-31T16:30:00.945+0100] {taskinstance.py:430} INFO - ::endgroup::
[2025-10-31T16:30:00.965+0100] {subprocess.py:63} INFO - Tmp dir root location: /tmp
[2025-10-31T16:30:00.967+0100] {subprocess.py:75} INFO - Running command: ['/usr/bin/bash', '-c', 'python -m Pipeline.producer.avito_producer --mode louer --pages 1 --limit 10 --bootstrap kafka:9092 --topic realestate.avito.raw']
[2025-10-31T16:30:00.980+0100] {subprocess.py:86} INFO - Output:
[2025-10-31T16:30:19.627+0100] {subprocess.py:93} INFO - [*] Mode: LOUER | Pages: 1 | Sink: kafka | Limit: 10
[2025-10-31T16:30:19.628+0100] {subprocess.py:93} INFO - [SERP] Page 1 → https://www.avito.ma/fr/maroc/locations_immobilieres-à_louer
[2025-10-31T16:30:19.628+0100] {subprocess.py:93} INFO -        Reached limit 10, stopping SERP crawl
[2025-10-31T16:30:19.629+0100] {subprocess.py:93} INFO - [*] Total URLs: 10
[2025-10-31T16:30:19.630+0100] {subprocess.py:93} INFO - [1/10] https://www.avito.ma/fr/autre_secteur/appartements/Appart_haut_standing_5Km___ASWAK_SALAM_RiYad_56744104.htm
[2025-10-31T16:30:19.630+0100] {subprocess.py:93} INFO - [2/10] https://www.avito.ma/fr/autre_secteur/local/Dépôts_à_louer_57124069.htm
[2025-10-31T16:30:19.631+0100] {subprocess.py:93} INFO - [3/10] https://www.avito.ma/fr/agdal/appartements/Appartement_meublé_de_standing_haut_Agdal_56253379.htm
[2025-10-31T16:30:19.632+0100] {subprocess.py:93} INFO - [4/10] https://www.avito.ma/fr/ain_sebaa/bureaux/Bureau_à_louer___Aïn_Sebaâ__immeuble_neuf_56906756.htm
[2025-10-31T16:30:19.633+0100] {subprocess.py:93} INFO - [5/10] https://www.avito.ma/fr/bourgogne/appartements/Appartement_à_bourgogne_3_chambres_56951638.htm
[2025-10-31T16:30:19.633+0100] {subprocess.py:93} INFO - [6/10] https://www.avito.ma/fr/sidi_maarouf/bureaux/Bureau_en_face_de_l_Hôtel_Onomo_248_m²_à_louer_56127566.htm
[2025-10-31T16:30:19.634+0100] {subprocess.py:93} INFO - [7/10] https://www.avito.ma/fr/centre_ville/bureaux/Bureau_recep_gd_Open_5p_150m2_a_louer_bd_Zerktouni_56175032.htm
[2025-10-31T16:30:19.635+0100] {subprocess.py:93} INFO - [8/10] https://www.avito.ma/fr/agdal/appartements/Appartement_neuf_jamais_habité_à_louer_à_AGDAL_57071389.htm
[2025-10-31T16:30:19.635+0100] {subprocess.py:93} INFO - [9/10] https://www.avito.ma/fr/sidi_maarouf/bureaux/Bureau_bien_équipé_près_de_l_Hôtel_Onomo_148_m²_56127732.htm
[2025-10-31T16:30:19.636+0100] {subprocess.py:93} INFO - [10/10] https://www.avito.ma/fr/tilila/appartements/Appartement_à_louer_à_Tilila_Agadir_56969333.htm
[2025-10-31T16:30:19.637+0100] {subprocess.py:93} INFO - [✓] Sent 10 messages to Kafka topic 'realestate.avito.raw'
[2025-10-31T16:30:19.673+0100] {subprocess.py:97} INFO - Command exited with return code 0
[2025-10-31T16:30:19.674+0100] {taskinstance.py:441} INFO - ::group::Post task execution logs
[2025-10-31T16:30:19.704+0100] {taskinstance.py:1206} INFO - Marking task as SUCCESS. dag_id=avito_kafka_every_5min, task_id=run_avito_producer, run_id=scheduled__2025-10-31T15:25:00+00:00, execution_date=20251031T152500, start_date=20251031T153000, end_date=20251031T153019
[2025-10-31T16:30:19.751+0100] {local_task_job_runner.py:243} INFO - Task exited with return code 0
[2025-10-31T16:30:19.769+0100] {taskinstance.py:3503} INFO - 0 downstream tasks scheduled from follow-on schedule check
[2025-10-31T16:30:19.771+0100] {local_task_job_runner.py:222} INFO - ::endgroup::
