[2025-10-31T21:15:00.512+0100] {local_task_job_runner.py:120} INFO - ::group::Pre task execution logs
[2025-10-31T21:15:00.551+0100] {taskinstance.py:2076} INFO - Dependencies all met for dep_context=non-requeueable deps ti=<TaskInstance: avito_kafka_every_5min.run_avito_producer scheduled__2025-10-31T20:10:00+00:00 [queued]>
[2025-10-31T21:15:00.559+0100] {taskinstance.py:2076} INFO - Dependencies all met for dep_context=requeueable deps ti=<TaskInstance: avito_kafka_every_5min.run_avito_producer scheduled__2025-10-31T20:10:00+00:00 [queued]>
[2025-10-31T21:15:00.560+0100] {taskinstance.py:2306} INFO - Starting attempt 1 of 3
[2025-10-31T21:15:00.572+0100] {taskinstance.py:2330} INFO - Executing <Task(BashOperator): run_avito_producer> on 2025-10-31 20:10:00+00:00
[2025-10-31T21:15:00.579+0100] {standard_task_runner.py:90} INFO - Running: ['***', 'tasks', 'run', 'avito_kafka_every_5min', 'run_avito_producer', 'scheduled__2025-10-31T20:10:00+00:00', '--job-id', '53', '--raw', '--subdir', 'DAGS_FOLDER/avito_kafka_every_5min.py', '--cfg-path', '/tmp/tmp79r2x7rl']
[2025-10-31T21:15:00.582+0100] {standard_task_runner.py:91} INFO - Job 53: Subtask run_avito_producer
[2025-10-31T21:15:00.583+0100] {logging_mixin.py:188} WARNING - /home/***/.local/lib/python3.12/site-packages/***/task/task_runner/standard_task_runner.py:62 DeprecationWarning: This process (pid=1403) is multi-threaded, use of fork() may lead to deadlocks in the child.
[2025-10-31T21:15:00.583+0100] {standard_task_runner.py:64} INFO - Started process 1404 to run task
[2025-10-31T21:15:00.642+0100] {task_command.py:426} INFO - Running <TaskInstance: avito_kafka_every_5min.run_avito_producer scheduled__2025-10-31T20:10:00+00:00 [running]> on host bfe5844a8915
[2025-10-31T21:15:00.745+0100] {taskinstance.py:2648} INFO - Exporting env vars: AIRFLOW_CTX_DAG_OWNER='data' AIRFLOW_CTX_DAG_ID='avito_kafka_every_5min' AIRFLOW_CTX_TASK_ID='run_avito_producer' AIRFLOW_CTX_EXECUTION_DATE='2025-10-31T20:10:00+00:00' AIRFLOW_CTX_TRY_NUMBER='1' AIRFLOW_CTX_DAG_RUN_ID='scheduled__2025-10-31T20:10:00+00:00'
[2025-10-31T21:15:00.746+0100] {taskinstance.py:430} INFO - ::endgroup::
[2025-10-31T21:15:00.761+0100] {subprocess.py:63} INFO - Tmp dir root location: /tmp
[2025-10-31T21:15:00.762+0100] {subprocess.py:75} INFO - Running command: ['/usr/bin/bash', '-c', 'python -m Pipeline.producer.avito_producer --mode louer --pages 1 --limit 10 --bootstrap kafka:9092 --topic realestate.avito.raw']
[2025-10-31T21:15:00.770+0100] {subprocess.py:86} INFO - Output:
[2025-10-31T21:15:20.737+0100] {subprocess.py:93} INFO - [*] Mode: LOUER | Pages: 1 | Sink: kafka | Limit: 10
[2025-10-31T21:15:20.743+0100] {subprocess.py:93} INFO - [SERP] Page 1 → https://www.avito.ma/fr/maroc/locations_immobilieres-à_louer
[2025-10-31T21:15:20.743+0100] {subprocess.py:93} INFO -        Reached limit 10, stopping SERP crawl
[2025-10-31T21:15:20.744+0100] {subprocess.py:93} INFO - [*] Total URLs: 10
[2025-10-31T21:15:20.745+0100] {subprocess.py:93} INFO - [1/10] https://www.avito.ma/fr/agdal/appartements/appartement_meublé_à_louer_56333284.htm
[2025-10-31T21:15:20.745+0100] {subprocess.py:93} INFO - [2/10] https://www.avito.ma/fr/targa/bureaux/Bureaux_privés_Domiciliation_à_Targa__Marrakech_57140550.htm
[2025-10-31T21:15:20.746+0100] {subprocess.py:93} INFO - [3/10] https://www.avito.ma/fr/gauthier/appartements/Très_joli_appartement_à_Gauthier_à_louer_57140848.htm
[2025-10-31T21:15:20.746+0100] {subprocess.py:93} INFO - [4/10] https://www.avito.ma/fr/sidi_maarouf/appartements/Appartement_en_location_à_Sidi_maarouf_57146291.htm
[2025-10-31T21:15:20.747+0100] {subprocess.py:93} INFO - [5/10] https://www.avito.ma/fr/route_de_safi/local/Salons_et_spa_équipée_à_louer_57146287.htm
[2025-10-31T21:15:20.747+0100] {subprocess.py:93} INFO - [6/10] https://www.avito.ma/fr/safir/local/كراء_تسير_حر_محل_تجاري_مجهز_بجميع_المعدات_ب_تطوان_56962553.htm
[2025-10-31T21:15:20.748+0100] {subprocess.py:93} INFO - [7/10] https://www.avito.ma/fr/mimosas/appartements/Appartement_meublé_à_Mansbay_à_louer_56483266.htm
[2025-10-31T21:15:20.748+0100] {subprocess.py:93} INFO - [8/10] https://www.avito.ma/fr/autre_secteur/appartements/Rez_de_chaussée_spacieux_proche_plage_Mansouria_57041650.htm
[2025-10-31T21:15:20.748+0100] {subprocess.py:93} INFO - [9/10] https://www.avito.ma/fr/raounak/appartements/Appartement_location_longue_57134856.htm
[2025-10-31T21:15:20.749+0100] {subprocess.py:93} INFO - [10/10] https://www.avito.ma/fr/autre_secteur/appartements/Appartement_Meublé_de_94m²_à_Louer_à_Mannessman_56835215.htm
[2025-10-31T21:15:20.749+0100] {subprocess.py:93} INFO - [✓] Sent 10 messages to Kafka topic 'realestate.avito.raw'
[2025-10-31T21:15:20.779+0100] {subprocess.py:97} INFO - Command exited with return code 0
[2025-10-31T21:15:20.780+0100] {taskinstance.py:441} INFO - ::group::Post task execution logs
[2025-10-31T21:15:20.809+0100] {taskinstance.py:1206} INFO - Marking task as SUCCESS. dag_id=avito_kafka_every_5min, task_id=run_avito_producer, run_id=scheduled__2025-10-31T20:10:00+00:00, execution_date=20251031T201000, start_date=20251031T201500, end_date=20251031T201520
[2025-10-31T21:15:20.839+0100] {local_task_job_runner.py:243} INFO - Task exited with return code 0
[2025-10-31T21:15:20.854+0100] {taskinstance.py:3503} INFO - 0 downstream tasks scheduled from follow-on schedule check
[2025-10-31T21:15:20.856+0100] {local_task_job_runner.py:222} INFO - ::endgroup::
