[2025-10-31T17:35:01.191+0100] {local_task_job_runner.py:120} INFO - ::group::Pre task execution logs
[2025-10-31T17:35:01.254+0100] {taskinstance.py:2076} INFO - Dependencies all met for dep_context=non-requeueable deps ti=<TaskInstance: avito_kafka_every_5min.run_avito_producer scheduled__2025-10-31T16:30:00+00:00 [queued]>
[2025-10-31T17:35:01.275+0100] {taskinstance.py:2076} INFO - Dependencies all met for dep_context=requeueable deps ti=<TaskInstance: avito_kafka_every_5min.run_avito_producer scheduled__2025-10-31T16:30:00+00:00 [queued]>
[2025-10-31T17:35:01.276+0100] {taskinstance.py:2306} INFO - Starting attempt 1 of 3
[2025-10-31T17:35:01.295+0100] {taskinstance.py:2330} INFO - Executing <Task(BashOperator): run_avito_producer> on 2025-10-31 16:30:00+00:00
[2025-10-31T17:35:01.302+0100] {standard_task_runner.py:90} INFO - Running: ['***', 'tasks', 'run', 'avito_kafka_every_5min', 'run_avito_producer', 'scheduled__2025-10-31T16:30:00+00:00', '--job-id', '9', '--raw', '--subdir', 'DAGS_FOLDER/avito_kafka_every_5min.py', '--cfg-path', '/tmp/tmpsbvzpwoa']
[2025-10-31T17:35:01.304+0100] {standard_task_runner.py:91} INFO - Job 9: Subtask run_avito_producer
[2025-10-31T17:35:01.305+0100] {logging_mixin.py:188} WARNING - /home/***/.local/lib/python3.12/site-packages/***/task/task_runner/standard_task_runner.py:62 DeprecationWarning: This process (pid=606) is multi-threaded, use of fork() may lead to deadlocks in the child.
[2025-10-31T17:35:01.306+0100] {standard_task_runner.py:64} INFO - Started process 607 to run task
[2025-10-31T17:35:01.362+0100] {task_command.py:426} INFO - Running <TaskInstance: avito_kafka_every_5min.run_avito_producer scheduled__2025-10-31T16:30:00+00:00 [running]> on host bfe5844a8915
[2025-10-31T17:35:01.473+0100] {taskinstance.py:2648} INFO - Exporting env vars: AIRFLOW_CTX_DAG_OWNER='data' AIRFLOW_CTX_DAG_ID='avito_kafka_every_5min' AIRFLOW_CTX_TASK_ID='run_avito_producer' AIRFLOW_CTX_EXECUTION_DATE='2025-10-31T16:30:00+00:00' AIRFLOW_CTX_TRY_NUMBER='1' AIRFLOW_CTX_DAG_RUN_ID='scheduled__2025-10-31T16:30:00+00:00'
[2025-10-31T17:35:01.474+0100] {taskinstance.py:430} INFO - ::endgroup::
[2025-10-31T17:35:01.497+0100] {subprocess.py:63} INFO - Tmp dir root location: /tmp
[2025-10-31T17:35:01.499+0100] {subprocess.py:75} INFO - Running command: ['/usr/bin/bash', '-c', 'python -m Pipeline.producer.avito_producer --mode louer --pages 1 --limit 10 --bootstrap kafka:9092 --topic realestate.avito.raw']
[2025-10-31T17:35:01.512+0100] {subprocess.py:86} INFO - Output:
[2025-10-31T17:35:20.326+0100] {subprocess.py:93} INFO - [*] Mode: LOUER | Pages: 1 | Sink: kafka | Limit: 10
[2025-10-31T17:35:20.327+0100] {subprocess.py:93} INFO - [SERP] Page 1 → https://www.avito.ma/fr/maroc/locations_immobilieres-à_louer
[2025-10-31T17:35:20.328+0100] {subprocess.py:93} INFO -        Reached limit 10, stopping SERP crawl
[2025-10-31T17:35:20.329+0100] {subprocess.py:93} INFO - [*] Total URLs: 10
[2025-10-31T17:35:20.329+0100] {subprocess.py:93} INFO - [1/10] https://www.avito.ma/fr/maarif/bureaux/Bureaux_à_Louer_pour_Métiers_Médicaux_57142087.htm
[2025-10-31T17:35:20.330+0100] {subprocess.py:93} INFO - [2/10] https://www.avito.ma/fr/bouskoura_centre/local/Loyer_Magasin_46m²__spte_22m²__cave_46m²_à_Bouskoura_55816416.htm
[2025-10-31T17:35:20.330+0100] {subprocess.py:93} INFO - [3/10] https://www.avito.ma/fr/autre_secteur/appartements/Appart_haut_standing_5Km___ASWAK_SALAM_RiYad_56744104.htm
[2025-10-31T17:35:20.330+0100] {subprocess.py:93} INFO - [4/10] https://www.avito.ma/fr/autre_secteur/local/Local_commercial_à_louer_route_de_la_nouvelle_gare_routière_57094362.htm
[2025-10-31T17:35:20.331+0100] {subprocess.py:93} INFO - [5/10] https://www.avito.ma/fr/val_fleuri/appartements/Appartement_125m_Meublé_A_Val_Fleuri_57013982.htm
[2025-10-31T17:35:20.331+0100] {subprocess.py:93} INFO - [6/10] https://www.avito.ma/fr/les_princesses/appartements/135264_Appt_à_louer_à_8000DH_à_Les_Princesses_56721917.htm
[2025-10-31T17:35:20.332+0100] {subprocess.py:93} INFO - [7/10] https://www.avito.ma/fr/autre_secteur/local/Un_local_commercial_rénové_à_louer_57122209.htm
[2025-10-31T17:35:20.332+0100] {subprocess.py:93} INFO - [8/10] https://www.avito.ma/fr/harhoura/villas_et_riads/Villa_à_louer_vide_ou_meublée_à_Harhoura_56219650.htm
[2025-10-31T17:35:20.333+0100] {subprocess.py:93} INFO - [9/10] https://www.avito.ma/fr/c.i.l/appartements/Appartement_137m_Meublé_A_CIL_Proche_CFC_57056161.htm
[2025-10-31T17:35:20.333+0100] {subprocess.py:93} INFO - [10/10] https://www.avito.ma/fr/ferme_bretone/appartements/Appartement_95m_Meublé_Ferme_Bretone_57079874.htm
[2025-10-31T17:35:20.333+0100] {subprocess.py:93} INFO - [✓] Sent 10 messages to Kafka topic 'realestate.avito.raw'
[2025-10-31T17:35:20.370+0100] {subprocess.py:97} INFO - Command exited with return code 0
[2025-10-31T17:35:20.371+0100] {taskinstance.py:441} INFO - ::group::Post task execution logs
[2025-10-31T17:35:20.404+0100] {taskinstance.py:1206} INFO - Marking task as SUCCESS. dag_id=avito_kafka_every_5min, task_id=run_avito_producer, run_id=scheduled__2025-10-31T16:30:00+00:00, execution_date=20251031T163000, start_date=20251031T163501, end_date=20251031T163520
[2025-10-31T17:35:20.438+0100] {local_task_job_runner.py:243} INFO - Task exited with return code 0
[2025-10-31T17:35:20.462+0100] {taskinstance.py:3503} INFO - 0 downstream tasks scheduled from follow-on schedule check
[2025-10-31T17:35:20.465+0100] {local_task_job_runner.py:222} INFO - ::endgroup::
