[2025-10-31T18:50:00.872+0100] {local_task_job_runner.py:120} INFO - ::group::Pre task execution logs
[2025-10-31T18:50:00.911+0100] {taskinstance.py:2076} INFO - Dependencies all met for dep_context=non-requeueable deps ti=<TaskInstance: avito_kafka_every_5min.run_avito_producer scheduled__2025-10-31T17:45:00+00:00 [queued]>
[2025-10-31T18:50:00.920+0100] {taskinstance.py:2076} INFO - Dependencies all met for dep_context=requeueable deps ti=<TaskInstance: avito_kafka_every_5min.run_avito_producer scheduled__2025-10-31T17:45:00+00:00 [queued]>
[2025-10-31T18:50:00.921+0100] {taskinstance.py:2306} INFO - Starting attempt 1 of 3
[2025-10-31T18:50:00.932+0100] {taskinstance.py:2330} INFO - Executing <Task(BashOperator): run_avito_producer> on 2025-10-31 17:45:00+00:00
[2025-10-31T18:50:00.940+0100] {standard_task_runner.py:90} INFO - Running: ['***', 'tasks', 'run', 'avito_kafka_every_5min', 'run_avito_producer', 'scheduled__2025-10-31T17:45:00+00:00', '--job-id', '24', '--raw', '--subdir', 'DAGS_FOLDER/avito_kafka_every_5min.py', '--cfg-path', '/tmp/tmpz2f1zw76']
[2025-10-31T18:50:00.943+0100] {standard_task_runner.py:91} INFO - Job 24: Subtask run_avito_producer
[2025-10-31T18:50:00.943+0100] {logging_mixin.py:188} WARNING - /home/***/.local/lib/python3.12/site-packages/***/task/task_runner/standard_task_runner.py:62 DeprecationWarning: This process (pid=1451) is multi-threaded, use of fork() may lead to deadlocks in the child.
[2025-10-31T18:50:00.944+0100] {standard_task_runner.py:64} INFO - Started process 1452 to run task
[2025-10-31T18:50:01.002+0100] {task_command.py:426} INFO - Running <TaskInstance: avito_kafka_every_5min.run_avito_producer scheduled__2025-10-31T17:45:00+00:00 [running]> on host bfe5844a8915
[2025-10-31T18:50:01.102+0100] {taskinstance.py:2648} INFO - Exporting env vars: AIRFLOW_CTX_DAG_OWNER='data' AIRFLOW_CTX_DAG_ID='avito_kafka_every_5min' AIRFLOW_CTX_TASK_ID='run_avito_producer' AIRFLOW_CTX_EXECUTION_DATE='2025-10-31T17:45:00+00:00' AIRFLOW_CTX_TRY_NUMBER='1' AIRFLOW_CTX_DAG_RUN_ID='scheduled__2025-10-31T17:45:00+00:00'
[2025-10-31T18:50:01.104+0100] {taskinstance.py:430} INFO - ::endgroup::
[2025-10-31T18:50:01.120+0100] {subprocess.py:63} INFO - Tmp dir root location: /tmp
[2025-10-31T18:50:01.121+0100] {subprocess.py:75} INFO - Running command: ['/usr/bin/bash', '-c', 'python -m Pipeline.producer.avito_producer --mode louer --pages 1 --limit 10 --bootstrap kafka:9092 --topic realestate.avito.raw']
[2025-10-31T18:50:01.129+0100] {subprocess.py:86} INFO - Output:
[2025-10-31T18:50:20.511+0100] {subprocess.py:93} INFO - [*] Mode: LOUER | Pages: 1 | Sink: kafka | Limit: 10
[2025-10-31T18:50:20.512+0100] {subprocess.py:93} INFO - [SERP] Page 1 → https://www.avito.ma/fr/maroc/locations_immobilieres-à_louer
[2025-10-31T18:50:20.514+0100] {subprocess.py:93} INFO -        Reached limit 10, stopping SERP crawl
[2025-10-31T18:50:20.515+0100] {subprocess.py:93} INFO - [*] Total URLs: 10
[2025-10-31T18:50:20.516+0100] {subprocess.py:93} INFO - [1/10] https://www.avito.ma/fr/assam/local/Local_Commercial_Kenitra_Assam_116m2___116m2_cave_57119121.htm
[2025-10-31T18:50:20.518+0100] {subprocess.py:93} INFO - [2/10] https://www.avito.ma/fr/anfa/bureaux/Bd_d_Anfa_très_haut_standing_190_m²_bien_conçus_54397163.htm
[2025-10-31T18:50:20.519+0100] {subprocess.py:93} INFO - [3/10] https://www.avito.ma/fr/wifak/appartements/Dernières_unités__Apt_neufs_à_louer_pour_médecins_56028844.htm
[2025-10-31T18:50:20.520+0100] {subprocess.py:93} INFO - [4/10] https://www.avito.ma/fr/nouaceur/appartements/À_Louer___Appartement_2_Chambres_à_Nouaceur_56926661.htm
[2025-10-31T18:50:20.520+0100] {subprocess.py:93} INFO - [5/10] https://www.avito.ma/fr/quartier_des_hôpitaux/bureaux/cabinet_médical_neuf_en_location_55851154.htm
[2025-10-31T18:50:20.521+0100] {subprocess.py:93} INFO - [6/10] https://www.avito.ma/fr/haut_agdal/appartements/Appartement_meublé_à_louer_dans_le_Haut_Agdal_55587070.htm
[2025-10-31T18:50:20.522+0100] {subprocess.py:93} INFO - [7/10] https://www.avito.ma/fr/sidi_moussa/appartements/Appartement_à_louer_avec_location_57145850.htm
[2025-10-31T18:50:20.523+0100] {subprocess.py:93} INFO - [8/10] https://www.avito.ma/fr/quartier_des_hôpitaux/bureaux/Plateaux_bureau_haut_standing_en_location_52837533.htm
[2025-10-31T18:50:20.524+0100] {subprocess.py:93} INFO - [9/10] https://www.avito.ma/fr/jawhara/appartements/Étage_villa_libre__jawhara_56748555.htm
[2025-10-31T18:50:20.524+0100] {subprocess.py:93} INFO - [10/10] https://www.avito.ma/fr/oasis/appartements/Studio_à_louer_69_m²_à_Casablanca_Oasis_56135613.htm
[2025-10-31T18:50:20.525+0100] {subprocess.py:93} INFO - [✓] Sent 10 messages to Kafka topic 'realestate.avito.raw'
[2025-10-31T18:50:20.582+0100] {subprocess.py:97} INFO - Command exited with return code 0
[2025-10-31T18:50:20.583+0100] {taskinstance.py:441} INFO - ::group::Post task execution logs
[2025-10-31T18:50:20.635+0100] {taskinstance.py:1206} INFO - Marking task as SUCCESS. dag_id=avito_kafka_every_5min, task_id=run_avito_producer, run_id=scheduled__2025-10-31T17:45:00+00:00, execution_date=20251031T174500, start_date=20251031T175000, end_date=20251031T175020
[2025-10-31T18:50:20.677+0100] {local_task_job_runner.py:243} INFO - Task exited with return code 0
[2025-10-31T18:50:20.708+0100] {taskinstance.py:3503} INFO - 0 downstream tasks scheduled from follow-on schedule check
[2025-10-31T18:50:20.710+0100] {local_task_job_runner.py:222} INFO - ::endgroup::
