[2025-10-31T16:45:00.691+0100] {local_task_job_runner.py:120} INFO - ::group::Pre task execution logs
[2025-10-31T16:45:00.729+0100] {taskinstance.py:2076} INFO - Dependencies all met for dep_context=non-requeueable deps ti=<TaskInstance: avito_kafka_every_5min.run_avito_producer scheduled__2025-10-31T15:40:00+00:00 [queued]>
[2025-10-31T16:45:00.737+0100] {taskinstance.py:2076} INFO - Dependencies all met for dep_context=requeueable deps ti=<TaskInstance: avito_kafka_every_5min.run_avito_producer scheduled__2025-10-31T15:40:00+00:00 [queued]>
[2025-10-31T16:45:00.738+0100] {taskinstance.py:2306} INFO - Starting attempt 1 of 3
[2025-10-31T16:45:00.751+0100] {taskinstance.py:2330} INFO - Executing <Task(BashOperator): run_avito_producer> on 2025-10-31 15:40:00+00:00
[2025-10-31T16:45:00.759+0100] {standard_task_runner.py:90} INFO - Running: ['***', 'tasks', 'run', 'avito_kafka_every_5min', 'run_avito_producer', 'scheduled__2025-10-31T15:40:00+00:00', '--job-id', '12', '--raw', '--subdir', 'DAGS_FOLDER/avito_kafka_every_5min.py', '--cfg-path', '/tmp/tmpzzhm16eq']
[2025-10-31T16:45:00.762+0100] {logging_mixin.py:188} WARNING - /home/***/.local/lib/python3.12/site-packages/***/task/task_runner/standard_task_runner.py:62 DeprecationWarning: This process (pid=407) is multi-threaded, use of fork() may lead to deadlocks in the child.
[2025-10-31T16:45:00.762+0100] {standard_task_runner.py:91} INFO - Job 12: Subtask run_avito_producer
[2025-10-31T16:45:00.763+0100] {standard_task_runner.py:64} INFO - Started process 408 to run task
[2025-10-31T16:45:00.825+0100] {task_command.py:426} INFO - Running <TaskInstance: avito_kafka_every_5min.run_avito_producer scheduled__2025-10-31T15:40:00+00:00 [running]> on host f5eb3160223b
[2025-10-31T16:45:00.927+0100] {taskinstance.py:2648} INFO - Exporting env vars: AIRFLOW_CTX_DAG_OWNER='data' AIRFLOW_CTX_DAG_ID='avito_kafka_every_5min' AIRFLOW_CTX_TASK_ID='run_avito_producer' AIRFLOW_CTX_EXECUTION_DATE='2025-10-31T15:40:00+00:00' AIRFLOW_CTX_TRY_NUMBER='1' AIRFLOW_CTX_DAG_RUN_ID='scheduled__2025-10-31T15:40:00+00:00'
[2025-10-31T16:45:00.928+0100] {taskinstance.py:430} INFO - ::endgroup::
[2025-10-31T16:45:00.943+0100] {subprocess.py:63} INFO - Tmp dir root location: /tmp
[2025-10-31T16:45:00.945+0100] {subprocess.py:75} INFO - Running command: ['/usr/bin/bash', '-c', 'python -m Pipeline.producer.avito_producer --mode louer --pages 1 --limit 10 --bootstrap kafka:9092 --topic realestate.avito.raw']
[2025-10-31T16:45:00.953+0100] {subprocess.py:86} INFO - Output:
[2025-10-31T16:45:19.492+0100] {subprocess.py:93} INFO - [*] Mode: LOUER | Pages: 1 | Sink: kafka | Limit: 10
[2025-10-31T16:45:19.493+0100] {subprocess.py:93} INFO - [SERP] Page 1 → https://www.avito.ma/fr/maroc/locations_immobilieres-à_louer
[2025-10-31T16:45:19.494+0100] {subprocess.py:93} INFO -        Reached limit 10, stopping SERP crawl
[2025-10-31T16:45:19.495+0100] {subprocess.py:93} INFO - [*] Total URLs: 10
[2025-10-31T16:45:19.495+0100] {subprocess.py:93} INFO - [1/10] https://www.avito.ma/fr/bouskoura_centre/appartements/Appartement_à_louer_52_m²_à_Bouskoura_57041370.htm
[2025-10-31T16:45:19.496+0100] {subprocess.py:93} INFO - [2/10] https://www.avito.ma/fr/hay_mohammadi/bureaux/Plateau_bureau_Neuf_à_louer_BD_grande_ceinture_53080322.htm
[2025-10-31T16:45:19.496+0100] {subprocess.py:93} INFO - [3/10] https://www.avito.ma/fr/mozart/appartements/Appartement_à_louer_longue_durée_à_Riad_Tétouan_57123688.htm
[2025-10-31T16:45:19.496+0100] {subprocess.py:93} INFO - [4/10] https://www.avito.ma/fr/victoria/villas_et_riads/Villa_de_luxe_meublé__Lilas_Park__bouskoura_57127562.htm
[2025-10-31T16:45:19.497+0100] {subprocess.py:93} INFO - [5/10] https://www.avito.ma/fr/maarif/appartements/Appartement_meublé_à_louer_quartier_Maarif_57034066.htm
[2025-10-31T16:45:19.497+0100] {subprocess.py:93} INFO - [6/10] https://www.avito.ma/fr/centre_ville/appartements/Appartement_à_louer_à_Témara_56705789.htm
[2025-10-31T16:45:19.497+0100] {subprocess.py:93} INFO - [7/10] https://www.avito.ma/fr/gauthier/appartements/Appartement_atypique_style_Riad__160_m²__Gauthier_56956773.htm
[2025-10-31T16:45:19.498+0100] {subprocess.py:93} INFO - [8/10] https://www.avito.ma/fr/aharrarine/appartements/Appartement_à_louer_67_m²_à_Tanger_57145405.htm
[2025-10-31T16:45:19.498+0100] {subprocess.py:93} INFO - [9/10] https://www.avito.ma/fr/maarif/appartements/Appartement_meublé_à_louer_quartier_Maarif_57047331.htm
[2025-10-31T16:45:19.498+0100] {subprocess.py:93} INFO - [10/10] https://www.avito.ma/fr/marina/appartements/À_Louer___Appartement_Meublé___Marina_56952291.htm
[2025-10-31T16:45:19.499+0100] {subprocess.py:93} INFO - [✓] Sent 10 messages to Kafka topic 'realestate.avito.raw'
[2025-10-31T16:45:19.533+0100] {subprocess.py:97} INFO - Command exited with return code 0
[2025-10-31T16:45:19.534+0100] {taskinstance.py:441} INFO - ::group::Post task execution logs
[2025-10-31T16:45:19.561+0100] {taskinstance.py:1206} INFO - Marking task as SUCCESS. dag_id=avito_kafka_every_5min, task_id=run_avito_producer, run_id=scheduled__2025-10-31T15:40:00+00:00, execution_date=20251031T154000, start_date=20251031T154500, end_date=20251031T154519
[2025-10-31T16:45:19.578+0100] {local_task_job_runner.py:243} INFO - Task exited with return code 0
[2025-10-31T16:45:19.594+0100] {taskinstance.py:3503} INFO - 0 downstream tasks scheduled from follow-on schedule check
[2025-10-31T16:45:19.596+0100] {local_task_job_runner.py:222} INFO - ::endgroup::
