[2025-10-31T18:35:01.007+0100] {local_task_job_runner.py:120} INFO - ::group::Pre task execution logs
[2025-10-31T18:35:01.047+0100] {taskinstance.py:2076} INFO - Dependencies all met for dep_context=non-requeueable deps ti=<TaskInstance: avito_kafka_every_5min.run_avito_producer scheduled__2025-10-31T17:30:00+00:00 [queued]>
[2025-10-31T18:35:01.057+0100] {taskinstance.py:2076} INFO - Dependencies all met for dep_context=requeueable deps ti=<TaskInstance: avito_kafka_every_5min.run_avito_producer scheduled__2025-10-31T17:30:00+00:00 [queued]>
[2025-10-31T18:35:01.058+0100] {taskinstance.py:2306} INFO - Starting attempt 1 of 3
[2025-10-31T18:35:01.072+0100] {taskinstance.py:2330} INFO - Executing <Task(BashOperator): run_avito_producer> on 2025-10-31 17:30:00+00:00
[2025-10-31T18:35:01.078+0100] {standard_task_runner.py:90} INFO - Running: ['***', 'tasks', 'run', 'avito_kafka_every_5min', 'run_avito_producer', 'scheduled__2025-10-31T17:30:00+00:00', '--job-id', '21', '--raw', '--subdir', 'DAGS_FOLDER/avito_kafka_every_5min.py', '--cfg-path', '/tmp/tmptmqoxe5s']
[2025-10-31T18:35:01.080+0100] {standard_task_runner.py:91} INFO - Job 21: Subtask run_avito_producer
[2025-10-31T18:35:01.081+0100] {logging_mixin.py:188} WARNING - /home/***/.local/lib/python3.12/site-packages/***/task/task_runner/standard_task_runner.py:62 DeprecationWarning: This process (pid=1280) is multi-threaded, use of fork() may lead to deadlocks in the child.
[2025-10-31T18:35:01.081+0100] {standard_task_runner.py:64} INFO - Started process 1281 to run task
[2025-10-31T18:35:01.134+0100] {task_command.py:426} INFO - Running <TaskInstance: avito_kafka_every_5min.run_avito_producer scheduled__2025-10-31T17:30:00+00:00 [running]> on host bfe5844a8915
[2025-10-31T18:35:01.232+0100] {taskinstance.py:2648} INFO - Exporting env vars: AIRFLOW_CTX_DAG_OWNER='data' AIRFLOW_CTX_DAG_ID='avito_kafka_every_5min' AIRFLOW_CTX_TASK_ID='run_avito_producer' AIRFLOW_CTX_EXECUTION_DATE='2025-10-31T17:30:00+00:00' AIRFLOW_CTX_TRY_NUMBER='1' AIRFLOW_CTX_DAG_RUN_ID='scheduled__2025-10-31T17:30:00+00:00'
[2025-10-31T18:35:01.233+0100] {taskinstance.py:430} INFO - ::endgroup::
[2025-10-31T18:35:01.252+0100] {subprocess.py:63} INFO - Tmp dir root location: /tmp
[2025-10-31T18:35:01.253+0100] {subprocess.py:75} INFO - Running command: ['/usr/bin/bash', '-c', 'python -m Pipeline.producer.avito_producer --mode louer --pages 1 --limit 10 --bootstrap kafka:9092 --topic realestate.avito.raw']
[2025-10-31T18:35:01.264+0100] {subprocess.py:86} INFO - Output:
[2025-10-31T18:35:20.709+0100] {subprocess.py:93} INFO - [*] Mode: LOUER | Pages: 1 | Sink: kafka | Limit: 10
[2025-10-31T18:35:20.710+0100] {subprocess.py:93} INFO - [SERP] Page 1 → https://www.avito.ma/fr/maroc/locations_immobilieres-à_louer
[2025-10-31T18:35:20.710+0100] {subprocess.py:93} INFO -        Reached limit 10, stopping SERP crawl
[2025-10-31T18:35:20.711+0100] {subprocess.py:93} INFO - [*] Total URLs: 10
[2025-10-31T18:35:20.711+0100] {subprocess.py:93} INFO - [1/10] https://www.avito.ma/fr/souissi/bureaux/plateau_bureau_700m²_à_rabat_57073000.htm
[2025-10-31T18:35:20.712+0100] {subprocess.py:93} INFO - [2/10] https://www.avito.ma/fr/hay_riad/bureaux/Plateau_bureau_620_m²_à_louer_Hay_Riad_57137034.htm
[2025-10-31T18:35:20.712+0100] {subprocess.py:93} INFO - [3/10] https://www.avito.ma/fr/hay_salam/local/Sous_sol_à_louer_56439303.htm
[2025-10-31T18:35:20.713+0100] {subprocess.py:93} INFO - [4/10] https://www.avito.ma/fr/val_fleuri/appartements/Appartement_à_louer_93_m²_à_Val_Fleuri_56956456.htm
[2025-10-31T18:35:20.713+0100] {subprocess.py:93} INFO - [5/10] https://www.avito.ma/fr/casablanca_finance_city/appartements/Appartement_neuf_jamais_habité_à_CFC_57042137.htm
[2025-10-31T18:35:20.714+0100] {subprocess.py:93} INFO - [6/10] https://www.avito.ma/fr/hay_mohammadi/bureaux/Bureau_à_louer__ascenseur__immeuble_professionnel_55716240.htm
[2025-10-31T18:35:20.714+0100] {subprocess.py:93} INFO - [7/10] https://www.avito.ma/fr/californie/villas_et_riads/Villa_de_prestige_avec_piscine_à_louer_Californie_57012066.htm
[2025-10-31T18:35:20.714+0100] {subprocess.py:93} INFO - [8/10] https://www.avito.ma/fr/nouaceur/appartements/À_Louer___Appartement_2_Chambres_à_Nouaceur_56926661.htm
[2025-10-31T18:35:20.715+0100] {subprocess.py:93} INFO - [9/10] https://www.avito.ma/fr/oasis/appartements/À_louer_Studio__5ème_étage_vue_dégagée__Oasis_57100777.htm
[2025-10-31T18:35:20.715+0100] {subprocess.py:93} INFO - [10/10] https://www.avito.ma/fr/les_princesses/appartements/Studio_à_Louer_Meublé_Q__Les_Princesses_Maarif_57041021.htm
[2025-10-31T18:35:20.715+0100] {subprocess.py:93} INFO - [✓] Sent 10 messages to Kafka topic 'realestate.avito.raw'
[2025-10-31T18:35:20.757+0100] {subprocess.py:97} INFO - Command exited with return code 0
[2025-10-31T18:35:20.758+0100] {taskinstance.py:441} INFO - ::group::Post task execution logs
[2025-10-31T18:35:20.793+0100] {taskinstance.py:1206} INFO - Marking task as SUCCESS. dag_id=avito_kafka_every_5min, task_id=run_avito_producer, run_id=scheduled__2025-10-31T17:30:00+00:00, execution_date=20251031T173000, start_date=20251031T173501, end_date=20251031T173520
[2025-10-31T18:35:20.848+0100] {local_task_job_runner.py:243} INFO - Task exited with return code 0
[2025-10-31T18:35:20.873+0100] {taskinstance.py:3503} INFO - 0 downstream tasks scheduled from follow-on schedule check
[2025-10-31T18:35:20.875+0100] {local_task_job_runner.py:222} INFO - ::endgroup::
