[2025-11-01T00:50:22.025+0100] {local_task_job_runner.py:120} INFO - ::group::Pre task execution logs
[2025-11-01T00:50:22.073+0100] {taskinstance.py:2076} INFO - Dependencies all met for dep_context=non-requeueable deps ti=<TaskInstance: avito_minimal_scrape_to_iceberg.run_scraper scheduled__2025-10-31T23:45:00+00:00 [queued]>
[2025-11-01T00:50:22.083+0100] {taskinstance.py:2076} INFO - Dependencies all met for dep_context=requeueable deps ti=<TaskInstance: avito_minimal_scrape_to_iceberg.run_scraper scheduled__2025-10-31T23:45:00+00:00 [queued]>
[2025-11-01T00:50:22.084+0100] {taskinstance.py:2306} INFO - Starting attempt 1 of 3
[2025-11-01T00:50:22.100+0100] {taskinstance.py:2330} INFO - Executing <Task(BashOperator): run_scraper> on 2025-10-31 23:45:00+00:00
[2025-11-01T00:50:22.108+0100] {standard_task_runner.py:90} INFO - Running: ['***', 'tasks', 'run', 'avito_minimal_scrape_to_iceberg', 'run_scraper', 'scheduled__2025-10-31T23:45:00+00:00', '--job-id', '112', '--raw', '--subdir', 'DAGS_FOLDER/avito_pipeline.py', '--cfg-path', '/tmp/tmpkw_7r04a']
[2025-11-01T00:50:22.111+0100] {standard_task_runner.py:91} INFO - Job 112: Subtask run_scraper
[2025-11-01T00:50:22.111+0100] {logging_mixin.py:188} WARNING - /home/***/.local/lib/python3.12/site-packages/***/task/task_runner/standard_task_runner.py:62 DeprecationWarning: This process (pid=682) is multi-threaded, use of fork() may lead to deadlocks in the child.
[2025-11-01T00:50:22.112+0100] {standard_task_runner.py:64} INFO - Started process 683 to run task
[2025-11-01T00:50:22.181+0100] {task_command.py:426} INFO - Running <TaskInstance: avito_minimal_scrape_to_iceberg.run_scraper scheduled__2025-10-31T23:45:00+00:00 [running]> on host 840b98c7ef92
[2025-11-01T00:50:22.295+0100] {taskinstance.py:2648} INFO - Exporting env vars: AIRFLOW_CTX_DAG_OWNER='avito' AIRFLOW_CTX_DAG_ID='avito_minimal_scrape_to_iceberg' AIRFLOW_CTX_TASK_ID='run_scraper' AIRFLOW_CTX_EXECUTION_DATE='2025-10-31T23:45:00+00:00' AIRFLOW_CTX_TRY_NUMBER='1' AIRFLOW_CTX_DAG_RUN_ID='scheduled__2025-10-31T23:45:00+00:00'
[2025-11-01T00:50:22.296+0100] {taskinstance.py:430} INFO - ::endgroup::
[2025-11-01T00:50:22.311+0100] {subprocess.py:63} INFO - Tmp dir root location: /tmp
[2025-11-01T00:50:22.313+0100] {subprocess.py:75} INFO - Running command: ['/usr/bin/bash', '-c', 'docker exec -i avito-scraper bash -lc "PYTHONPATH=/app/src python /app/src/Pipeline/extract/avito_producer.py --mode louer --pages 1 --limit 10 --bootstrap kafka:9092 --topic realestate.avito.raw"']
[2025-11-01T00:50:22.323+0100] {subprocess.py:86} INFO - Output:
[2025-11-01T00:50:22.457+0100] {subprocess.py:93} INFO - python: can't open file '/app/src/Pipeline/extract/avito_producer.py': [Errno 2] No such file or directory
[2025-11-01T00:50:22.480+0100] {subprocess.py:97} INFO - Command exited with return code 2
[2025-11-01T00:50:22.482+0100] {taskinstance.py:441} INFO - ::group::Post task execution logs
[2025-11-01T00:50:22.502+0100] {taskinstance.py:2905} ERROR - Task failed with exception
Traceback (most recent call last):
  File "/home/airflow/.local/lib/python3.12/site-packages/airflow/models/taskinstance.py", line 465, in _execute_task
    result = _execute_callable(context=context, **execute_callable_kwargs)
             ^^^^^^^^^^^^^^^^^^^^^^^^^^^^^^^^^^^^^^^^^^^^^^^^^^^^^^^^^^^^^
  File "/home/airflow/.local/lib/python3.12/site-packages/airflow/models/taskinstance.py", line 432, in _execute_callable
    return execute_callable(context=context, **execute_callable_kwargs)
           ^^^^^^^^^^^^^^^^^^^^^^^^^^^^^^^^^^^^^^^^^^^^^^^^^^^^^^^^^^^^
  File "/home/airflow/.local/lib/python3.12/site-packages/airflow/models/baseoperator.py", line 401, in wrapper
    return func(self, *args, **kwargs)
           ^^^^^^^^^^^^^^^^^^^^^^^^^^^
  File "/home/airflow/.local/lib/python3.12/site-packages/airflow/operators/bash.py", line 243, in execute
    raise AirflowException(
airflow.exceptions.AirflowException: Bash command failed. The command returned a non-zero exit code 2.
[2025-11-01T00:50:22.509+0100] {taskinstance.py:1206} INFO - Marking task as UP_FOR_RETRY. dag_id=avito_minimal_scrape_to_iceberg, task_id=run_scraper, run_id=scheduled__2025-10-31T23:45:00+00:00, execution_date=20251031T234500, start_date=20251031T235022, end_date=20251031T235022
[2025-11-01T00:50:22.544+0100] {standard_task_runner.py:110} ERROR - Failed to execute job 112 for task run_scraper (Bash command failed. The command returned a non-zero exit code 2.; 683)
[2025-11-01T00:50:22.571+0100] {local_task_job_runner.py:243} INFO - Task exited with return code 1
[2025-11-01T00:50:22.603+0100] {taskinstance.py:3503} INFO - 0 downstream tasks scheduled from follow-on schedule check
[2025-11-01T00:50:22.609+0100] {local_task_job_runner.py:222} INFO - ::endgroup::
[2025-11-01T00:54:17.946+0100] {local_task_job_runner.py:120} INFO - ::group::Pre task execution logs
[2025-11-01T00:54:18.021+0100] {taskinstance.py:2076} INFO - Dependencies all met for dep_context=non-requeueable deps ti=<TaskInstance: avito_minimal_scrape_to_iceberg.run_scraper scheduled__2025-10-31T23:45:00+00:00 [queued]>
[2025-11-01T00:54:18.036+0100] {taskinstance.py:2076} INFO - Dependencies all met for dep_context=requeueable deps ti=<TaskInstance: avito_minimal_scrape_to_iceberg.run_scraper scheduled__2025-10-31T23:45:00+00:00 [queued]>
[2025-11-01T00:54:18.036+0100] {taskinstance.py:2306} INFO - Starting attempt 1 of 3
[2025-11-01T00:54:18.056+0100] {taskinstance.py:2330} INFO - Executing <Task(BashOperator): run_scraper> on 2025-10-31 23:45:00+00:00
[2025-11-01T00:54:18.064+0100] {standard_task_runner.py:90} INFO - Running: ['***', 'tasks', 'run', 'avito_minimal_scrape_to_iceberg', 'run_scraper', 'scheduled__2025-10-31T23:45:00+00:00', '--job-id', '118', '--raw', '--subdir', 'DAGS_FOLDER/avito_pipeline.py', '--cfg-path', '/tmp/tmpni_wvvpu']
[2025-11-01T00:54:18.067+0100] {standard_task_runner.py:91} INFO - Job 118: Subtask run_scraper
[2025-11-01T00:54:18.067+0100] {logging_mixin.py:188} WARNING - /home/***/.local/lib/python3.12/site-packages/***/task/task_runner/standard_task_runner.py:62 DeprecationWarning: This process (pid=801) is multi-threaded, use of fork() may lead to deadlocks in the child.
[2025-11-01T00:54:18.068+0100] {standard_task_runner.py:64} INFO - Started process 802 to run task
[2025-11-01T00:54:18.129+0100] {task_command.py:426} INFO - Running <TaskInstance: avito_minimal_scrape_to_iceberg.run_scraper scheduled__2025-10-31T23:45:00+00:00 [running]> on host 840b98c7ef92
[2025-11-01T00:54:18.235+0100] {taskinstance.py:2648} INFO - Exporting env vars: AIRFLOW_CTX_DAG_OWNER='avito' AIRFLOW_CTX_DAG_ID='avito_minimal_scrape_to_iceberg' AIRFLOW_CTX_TASK_ID='run_scraper' AIRFLOW_CTX_EXECUTION_DATE='2025-10-31T23:45:00+00:00' AIRFLOW_CTX_TRY_NUMBER='1' AIRFLOW_CTX_DAG_RUN_ID='scheduled__2025-10-31T23:45:00+00:00'
[2025-11-01T00:54:18.236+0100] {taskinstance.py:430} INFO - ::endgroup::
[2025-11-01T00:54:18.262+0100] {subprocess.py:63} INFO - Tmp dir root location: /tmp
[2025-11-01T00:54:18.264+0100] {subprocess.py:75} INFO - Running command: ['/usr/bin/bash', '-c', 'docker exec -i avito-scraper bash -lc "/app/run_avito_scraper.sh --mode louer --pages 1 --limit 10 --bootstrap kafka:9092 --topic realestate.avito.raw"']
[2025-11-01T00:54:18.278+0100] {subprocess.py:86} INFO - Output:
[2025-11-01T00:54:19.271+0100] {subprocess.py:93} INFO - [*] Mode: LOUER | Pages: 1 | Sink: kafka | Limit: 10
[2025-11-01T00:54:19.272+0100] {subprocess.py:93} INFO - [SERP] Page 1 → https://www.avito.ma/fr/maroc/locations_immobilieres-à_louer
[2025-11-01T00:54:19.868+0100] {subprocess.py:93} INFO -        Reached limit 10, stopping SERP crawl
[2025-11-01T00:54:19.871+0100] {subprocess.py:93} INFO - [*] Total URLs: 10
[2025-11-01T00:54:19.887+0100] {subprocess.py:93} INFO - [1/10] https://www.avito.ma/fr/moulay_bousselham/villas_et_riads/Villa_avec_piscine_à_louer_57019964.htm
[2025-11-01T00:54:21.997+0100] {subprocess.py:93} INFO - [2/10] https://www.avito.ma/fr/el_alia/bureaux/Plateau_bureau_neuf_à_louer_56787541.htm
[2025-11-01T00:54:23.752+0100] {subprocess.py:93} INFO - [3/10] https://www.avito.ma/fr/hay_mohammadi/local/Magasin_85m2_et_Cave_212m2_à_louer_H_M_Casa__56143311.htm
[2025-11-01T00:54:25.527+0100] {subprocess.py:93} INFO - [4/10] https://www.avito.ma/fr/autre_secteur/local/Magasin_110m_Avenue_Tarik_Bno_Ziyad_56982951.htm
[2025-11-01T00:54:27.477+0100] {subprocess.py:93} INFO - [5/10] https://www.avito.ma/fr/c.i.l/appartements/Location_appart_vide_CIL_près_Institut_Dominique_57131214.htm
[2025-11-01T00:54:29.307+0100] {subprocess.py:93} INFO - [6/10] https://www.avito.ma/fr/centre_ville/appartements/Appartement_meublé_au_centre_ville_57146722.htm
[2025-11-01T00:54:31.109+0100] {subprocess.py:93} INFO - [7/10] https://www.avito.ma/fr/belvédère/appartements/Appartement_meublé_à_louer_quartier_Belvedere_57069850.htm
[2025-11-01T00:54:33.309+0100] {subprocess.py:93} INFO - [8/10] https://www.avito.ma/fr/plateau/appartements/Appartement_à_louer_78_m²_à_El_Jadida_57146716.htm
[2025-11-01T00:54:35.094+0100] {subprocess.py:93} INFO - [9/10] https://www.avito.ma/fr/guéliz/bureaux/Plateaux_bureaux_à_louer_56183999.htm
[2025-11-01T00:54:36.980+0100] {subprocess.py:93} INFO - [10/10] https://www.avito.ma/fr/2_mars/appartements/STUDIO_MEUBLÉ_À_LOUER_QUARTIER_2_MARS_56383239.htm
[2025-11-01T00:54:37.379+0100] {subprocess.py:93} INFO - [✓] Sent 10 messages to Kafka topic 'realestate.avito.raw'
[2025-11-01T00:54:37.451+0100] {subprocess.py:97} INFO - Command exited with return code 0
[2025-11-01T00:54:37.453+0100] {taskinstance.py:441} INFO - ::group::Post task execution logs
[2025-11-01T00:54:37.492+0100] {taskinstance.py:1206} INFO - Marking task as SUCCESS. dag_id=avito_minimal_scrape_to_iceberg, task_id=run_scraper, run_id=scheduled__2025-10-31T23:45:00+00:00, execution_date=20251031T234500, start_date=20251031T235418, end_date=20251031T235437
[2025-11-01T00:54:37.551+0100] {local_task_job_runner.py:243} INFO - Task exited with return code 0
[2025-11-01T00:54:37.572+0100] {taskinstance.py:3503} INFO - 0 downstream tasks scheduled from follow-on schedule check
[2025-11-01T00:54:37.575+0100] {local_task_job_runner.py:222} INFO - ::endgroup::
