[2025-10-31T17:20:00.889+0100] {local_task_job_runner.py:120} INFO - ::group::Pre task execution logs
[2025-10-31T17:20:00.937+0100] {taskinstance.py:2076} INFO - Dependencies all met for dep_context=non-requeueable deps ti=<TaskInstance: avito_kafka_every_5min.run_avito_producer scheduled__2025-10-31T16:15:00+00:00 [queued]>
[2025-10-31T17:20:00.948+0100] {taskinstance.py:2076} INFO - Dependencies all met for dep_context=requeueable deps ti=<TaskInstance: avito_kafka_every_5min.run_avito_producer scheduled__2025-10-31T16:15:00+00:00 [queued]>
[2025-10-31T17:20:00.949+0100] {taskinstance.py:2306} INFO - Starting attempt 1 of 3
[2025-10-31T17:20:00.973+0100] {taskinstance.py:2330} INFO - Executing <Task(BashOperator): run_avito_producer> on 2025-10-31 16:15:00+00:00
[2025-10-31T17:20:00.983+0100] {standard_task_runner.py:90} INFO - Running: ['***', 'tasks', 'run', 'avito_kafka_every_5min', 'run_avito_producer', 'scheduled__2025-10-31T16:15:00+00:00', '--job-id', '6', '--raw', '--subdir', 'DAGS_FOLDER/avito_kafka_every_5min.py', '--cfg-path', '/tmp/tmpldzd3hbl']
[2025-10-31T17:20:00.987+0100] {standard_task_runner.py:91} INFO - Job 6: Subtask run_avito_producer
[2025-10-31T17:20:00.987+0100] {logging_mixin.py:188} WARNING - /home/***/.local/lib/python3.12/site-packages/***/task/task_runner/standard_task_runner.py:62 DeprecationWarning: This process (pid=435) is multi-threaded, use of fork() may lead to deadlocks in the child.
[2025-10-31T17:20:00.989+0100] {standard_task_runner.py:64} INFO - Started process 436 to run task
[2025-10-31T17:20:01.068+0100] {task_command.py:426} INFO - Running <TaskInstance: avito_kafka_every_5min.run_avito_producer scheduled__2025-10-31T16:15:00+00:00 [running]> on host bfe5844a8915
[2025-10-31T17:20:01.222+0100] {taskinstance.py:2648} INFO - Exporting env vars: AIRFLOW_CTX_DAG_OWNER='data' AIRFLOW_CTX_DAG_ID='avito_kafka_every_5min' AIRFLOW_CTX_TASK_ID='run_avito_producer' AIRFLOW_CTX_EXECUTION_DATE='2025-10-31T16:15:00+00:00' AIRFLOW_CTX_TRY_NUMBER='1' AIRFLOW_CTX_DAG_RUN_ID='scheduled__2025-10-31T16:15:00+00:00'
[2025-10-31T17:20:01.223+0100] {taskinstance.py:430} INFO - ::endgroup::
[2025-10-31T17:20:01.240+0100] {subprocess.py:63} INFO - Tmp dir root location: /tmp
[2025-10-31T17:20:01.242+0100] {subprocess.py:75} INFO - Running command: ['/usr/bin/bash', '-c', 'python -m Pipeline.producer.avito_producer --mode louer --pages 1 --limit 10 --bootstrap kafka:9092 --topic realestate.avito.raw']
[2025-10-31T17:20:01.250+0100] {subprocess.py:86} INFO - Output:
[2025-10-31T17:20:20.446+0100] {subprocess.py:93} INFO - [*] Mode: LOUER | Pages: 1 | Sink: kafka | Limit: 10
[2025-10-31T17:20:20.448+0100] {subprocess.py:93} INFO - [SERP] Page 1 → https://www.avito.ma/fr/maroc/locations_immobilieres-à_louer
[2025-10-31T17:20:20.449+0100] {subprocess.py:93} INFO -        Reached limit 10, stopping SERP crawl
[2025-10-31T17:20:20.449+0100] {subprocess.py:93} INFO - [*] Total URLs: 10
[2025-10-31T17:20:20.450+0100] {subprocess.py:93} INFO - [1/10] https://www.avito.ma/fr/maarif/appartements/Studio_moderne_à_louer___Maarif_proche_Bd_Roudani_57134463.htm
[2025-10-31T17:20:20.450+0100] {subprocess.py:93} INFO - [2/10] https://www.avito.ma/fr/bouskoura_centre/appartements/Appartement_à_louer_52_m²_à_Bouskoura_57041370.htm
[2025-10-31T17:20:20.451+0100] {subprocess.py:93} INFO - [3/10] https://www.avito.ma/fr/maarif/bureaux/Bureaux_à_Louer_pour_Métiers_Médicaux_57142087.htm
[2025-10-31T17:20:20.451+0100] {subprocess.py:93} INFO - [4/10] https://www.avito.ma/fr/hay_mohammadi/local/Local_équipé_Lavage_de_voitures_Hay_Mohammadi_Casa_56982493.htm
[2025-10-31T17:20:20.452+0100] {subprocess.py:93} INFO - [5/10] https://www.avito.ma/fr/centre_ville/appartements/Appartement_gare_Mohammedia_57145489.htm
[2025-10-31T17:20:20.453+0100] {subprocess.py:93} INFO - [6/10] https://www.avito.ma/fr/autre_secteur/appartements/Appartements_à_louer_70_m²_à_Tamri_57145483.htm
[2025-10-31T17:20:20.453+0100] {subprocess.py:93} INFO - [7/10] https://www.avito.ma/fr/roches_noires/appartements/Appartement_meublé_à_louer_à_Roches_Noires_57133023.htm
[2025-10-31T17:20:20.454+0100] {subprocess.py:93} INFO - [8/10] https://www.avito.ma/fr/de_la_plage/appartements/Appartement_à_louer_80_m²_à_Tanger_57145480.htm
[2025-10-31T17:20:20.455+0100] {subprocess.py:93} INFO - [9/10] https://www.avito.ma/fr/bourgogne/appartements/Appart_à_Bourgogne_3_ch_en_face_lycée_Lyautey_57076605.htm
[2025-10-31T17:20:20.455+0100] {subprocess.py:93} INFO - [10/10] https://www.avito.ma/fr/mers_sultan/bureaux/Bureau_3p_100m2_à_louer_sur_bd_Mustapha_Maani_56127354.htm
[2025-10-31T17:20:20.456+0100] {subprocess.py:93} INFO - [✓] Sent 10 messages to Kafka topic 'realestate.avito.raw'
[2025-10-31T17:20:20.519+0100] {subprocess.py:97} INFO - Command exited with return code 0
[2025-10-31T17:20:20.521+0100] {taskinstance.py:441} INFO - ::group::Post task execution logs
[2025-10-31T17:20:20.570+0100] {taskinstance.py:1206} INFO - Marking task as SUCCESS. dag_id=avito_kafka_every_5min, task_id=run_avito_producer, run_id=scheduled__2025-10-31T16:15:00+00:00, execution_date=20251031T161500, start_date=20251031T162000, end_date=20251031T162020
[2025-10-31T17:20:20.627+0100] {local_task_job_runner.py:243} INFO - Task exited with return code 0
[2025-10-31T17:20:20.665+0100] {taskinstance.py:3503} INFO - 0 downstream tasks scheduled from follow-on schedule check
[2025-10-31T17:20:20.667+0100] {local_task_job_runner.py:222} INFO - ::endgroup::
