[2025-10-31T23:10:01.110+0100] {local_task_job_runner.py:120} INFO - ::group::Pre task execution logs
[2025-10-31T23:10:01.148+0100] {taskinstance.py:2076} INFO - Dependencies all met for dep_context=non-requeueable deps ti=<TaskInstance: avito_kafka_every_5min.run_avito_producer scheduled__2025-10-31T22:05:00+00:00 [queued]>
[2025-10-31T23:10:01.156+0100] {taskinstance.py:2076} INFO - Dependencies all met for dep_context=requeueable deps ti=<TaskInstance: avito_kafka_every_5min.run_avito_producer scheduled__2025-10-31T22:05:00+00:00 [queued]>
[2025-10-31T23:10:01.156+0100] {taskinstance.py:2306} INFO - Starting attempt 1 of 3
[2025-10-31T23:10:01.172+0100] {taskinstance.py:2330} INFO - Executing <Task(BashOperator): run_avito_producer> on 2025-10-31 22:05:00+00:00
[2025-10-31T23:10:01.182+0100] {logging_mixin.py:188} WARNING - /home/***/.local/lib/python3.12/site-packages/***/task/task_runner/standard_task_runner.py:62 DeprecationWarning: This process (pid=2697) is multi-threaded, use of fork() may lead to deadlocks in the child.
[2025-10-31T23:10:01.181+0100] {standard_task_runner.py:90} INFO - Running: ['***', 'tasks', 'run', 'avito_kafka_every_5min', 'run_avito_producer', 'scheduled__2025-10-31T22:05:00+00:00', '--job-id', '76', '--raw', '--subdir', 'DAGS_FOLDER/avito_kafka_every_5min.py', '--cfg-path', '/tmp/tmpktcfydyv']
[2025-10-31T23:10:01.183+0100] {standard_task_runner.py:64} INFO - Started process 2700 to run task
[2025-10-31T23:10:01.184+0100] {standard_task_runner.py:91} INFO - Job 76: Subtask run_avito_producer
[2025-10-31T23:10:01.241+0100] {task_command.py:426} INFO - Running <TaskInstance: avito_kafka_every_5min.run_avito_producer scheduled__2025-10-31T22:05:00+00:00 [running]> on host bfe5844a8915
[2025-10-31T23:10:01.348+0100] {taskinstance.py:2648} INFO - Exporting env vars: AIRFLOW_CTX_DAG_OWNER='data' AIRFLOW_CTX_DAG_ID='avito_kafka_every_5min' AIRFLOW_CTX_TASK_ID='run_avito_producer' AIRFLOW_CTX_EXECUTION_DATE='2025-10-31T22:05:00+00:00' AIRFLOW_CTX_TRY_NUMBER='1' AIRFLOW_CTX_DAG_RUN_ID='scheduled__2025-10-31T22:05:00+00:00'
[2025-10-31T23:10:01.348+0100] {taskinstance.py:430} INFO - ::endgroup::
[2025-10-31T23:10:01.362+0100] {subprocess.py:63} INFO - Tmp dir root location: /tmp
[2025-10-31T23:10:01.363+0100] {subprocess.py:75} INFO - Running command: ['/usr/bin/bash', '-c', 'python -m Pipeline.producer.avito_producer --mode louer --pages 1 --limit 10 --bootstrap kafka:9092 --topic realestate.avito.raw']
[2025-10-31T23:10:01.371+0100] {subprocess.py:86} INFO - Output:
[2025-10-31T23:10:23.175+0100] {subprocess.py:93} INFO - [*] Mode: LOUER | Pages: 1 | Sink: kafka | Limit: 10
[2025-10-31T23:10:23.176+0100] {subprocess.py:93} INFO - [SERP] Page 1 → https://www.avito.ma/fr/maroc/locations_immobilieres-à_louer
[2025-10-31T23:10:23.176+0100] {subprocess.py:93} INFO -        Reached limit 10, stopping SERP crawl
[2025-10-31T23:10:23.177+0100] {subprocess.py:93} INFO - [*] Total URLs: 10
[2025-10-31T23:10:23.177+0100] {subprocess.py:93} INFO - [1/10] https://www.avito.ma/fr/hay_riad/villas_et_riads/villa_a_louer_à_hay_riad_57086185.htm
[2025-10-31T23:10:23.178+0100] {subprocess.py:93} INFO - [2/10] https://www.avito.ma/fr/centre/local/Magasins_à_louer_au_centre_ville_57134617.htm
[2025-10-31T23:10:23.178+0100] {subprocess.py:93} INFO - [3/10] https://www.avito.ma/fr/haut_agdal/appartements/Appartement_Meublé_à_Louer__Haut_Agdal_56849594.htm
[2025-10-31T23:10:23.178+0100] {subprocess.py:93} INFO - [4/10] https://www.avito.ma/fr/sidi_bouknadel/appartements/Appartement_à_Louer_Plages_Nations_Sidi_Bouknadel_56849806.htm
[2025-10-31T23:10:23.179+0100] {subprocess.py:93} INFO - [5/10] https://www.avito.ma/fr/hay_riad/appartements/Appartement_à_louer_sur_Hay_Riad_Prestigia_53174953.htm
[2025-10-31T23:10:23.180+0100] {subprocess.py:93} INFO - [6/10] https://www.avito.ma/fr/harhoura/villas_et_riads/Villa_à_Louer_avec_Vue_sur_Mer_à_Harhoura_56894079.htm
[2025-10-31T23:10:23.180+0100] {subprocess.py:93} INFO - [7/10] https://www.avito.ma/fr/av_mohammed_vi/appartements/Appartement_à_louer_Mohammed_6_55869236.htm
[2025-10-31T23:10:23.181+0100] {subprocess.py:93} INFO - [8/10] https://www.avito.ma/fr/val_d_or/appartements/Appartement_à_louer_120_m²_à_Temara_57119354.htm
[2025-10-31T23:10:23.182+0100] {subprocess.py:93} INFO - [9/10] https://www.avito.ma/fr/le_centre_ville/appartements/Appartement_meublé_près_de_souk_alhad_57139222.htm
[2025-10-31T23:10:23.182+0100] {subprocess.py:93} INFO - [10/10] https://www.avito.ma/fr/hay_riad/appartements/Appartement_à_Louer_à_Hay_Riad_57041221.htm
[2025-10-31T23:10:23.183+0100] {subprocess.py:93} INFO - [✓] Sent 10 messages to Kafka topic 'realestate.avito.raw'
[2025-10-31T23:10:23.219+0100] {subprocess.py:97} INFO - Command exited with return code 0
[2025-10-31T23:10:23.222+0100] {taskinstance.py:441} INFO - ::group::Post task execution logs
[2025-10-31T23:10:23.253+0100] {taskinstance.py:1206} INFO - Marking task as SUCCESS. dag_id=avito_kafka_every_5min, task_id=run_avito_producer, run_id=scheduled__2025-10-31T22:05:00+00:00, execution_date=20251031T220500, start_date=20251031T221001, end_date=20251031T221023
[2025-10-31T23:10:23.276+0100] {local_task_job_runner.py:243} INFO - Task exited with return code 0
[2025-10-31T23:10:23.293+0100] {taskinstance.py:3503} INFO - 0 downstream tasks scheduled from follow-on schedule check
[2025-10-31T23:10:23.295+0100] {local_task_job_runner.py:222} INFO - ::endgroup::
