[2025-10-31T20:25:00.838+0100] {local_task_job_runner.py:120} INFO - ::group::Pre task execution logs
[2025-10-31T20:25:00.881+0100] {taskinstance.py:2076} INFO - Dependencies all met for dep_context=non-requeueable deps ti=<TaskInstance: avito_kafka_every_5min.run_avito_producer scheduled__2025-10-31T19:20:00+00:00 [queued]>
[2025-10-31T20:25:00.895+0100] {taskinstance.py:2076} INFO - Dependencies all met for dep_context=requeueable deps ti=<TaskInstance: avito_kafka_every_5min.run_avito_producer scheduled__2025-10-31T19:20:00+00:00 [queued]>
[2025-10-31T20:25:00.897+0100] {taskinstance.py:2306} INFO - Starting attempt 1 of 3
[2025-10-31T20:25:00.915+0100] {taskinstance.py:2330} INFO - Executing <Task(BashOperator): run_avito_producer> on 2025-10-31 19:20:00+00:00
[2025-10-31T20:25:00.926+0100] {standard_task_runner.py:90} INFO - Running: ['***', 'tasks', 'run', 'avito_kafka_every_5min', 'run_avito_producer', 'scheduled__2025-10-31T19:20:00+00:00', '--job-id', '43', '--raw', '--subdir', 'DAGS_FOLDER/avito_kafka_every_5min.py', '--cfg-path', '/tmp/tmpdbgbbr_1']
[2025-10-31T20:25:00.931+0100] {standard_task_runner.py:91} INFO - Job 43: Subtask run_avito_producer
[2025-10-31T20:25:00.931+0100] {logging_mixin.py:188} WARNING - /home/***/.local/lib/python3.12/site-packages/***/task/task_runner/standard_task_runner.py:62 DeprecationWarning: This process (pid=843) is multi-threaded, use of fork() may lead to deadlocks in the child.
[2025-10-31T20:25:00.933+0100] {standard_task_runner.py:64} INFO - Started process 844 to run task
[2025-10-31T20:25:01.016+0100] {task_command.py:426} INFO - Running <TaskInstance: avito_kafka_every_5min.run_avito_producer scheduled__2025-10-31T19:20:00+00:00 [running]> on host bfe5844a8915
[2025-10-31T20:25:01.160+0100] {taskinstance.py:2648} INFO - Exporting env vars: AIRFLOW_CTX_DAG_OWNER='data' AIRFLOW_CTX_DAG_ID='avito_kafka_every_5min' AIRFLOW_CTX_TASK_ID='run_avito_producer' AIRFLOW_CTX_EXECUTION_DATE='2025-10-31T19:20:00+00:00' AIRFLOW_CTX_TRY_NUMBER='1' AIRFLOW_CTX_DAG_RUN_ID='scheduled__2025-10-31T19:20:00+00:00'
[2025-10-31T20:25:01.162+0100] {taskinstance.py:430} INFO - ::endgroup::
[2025-10-31T20:25:01.183+0100] {subprocess.py:63} INFO - Tmp dir root location: /tmp
[2025-10-31T20:25:01.185+0100] {subprocess.py:75} INFO - Running command: ['/usr/bin/bash', '-c', 'python -m Pipeline.producer.avito_producer --mode louer --pages 1 --limit 10 --bootstrap kafka:9092 --topic realestate.avito.raw']
[2025-10-31T20:25:01.194+0100] {subprocess.py:86} INFO - Output:
[2025-10-31T20:25:21.247+0100] {subprocess.py:93} INFO - [*] Mode: LOUER | Pages: 1 | Sink: kafka | Limit: 10
[2025-10-31T20:25:21.251+0100] {subprocess.py:93} INFO - [SERP] Page 1 → https://www.avito.ma/fr/maroc/locations_immobilieres-à_louer
[2025-10-31T20:25:21.252+0100] {subprocess.py:93} INFO -        Reached limit 10, stopping SERP crawl
[2025-10-31T20:25:21.253+0100] {subprocess.py:93} INFO - [*] Total URLs: 10
[2025-10-31T20:25:21.256+0100] {subprocess.py:93} INFO - [1/10] https://www.avito.ma/fr/moujahidine/appartements/Appartement_à_louer_76_m²_à_Tanger_57116963.htm
[2025-10-31T20:25:21.257+0100] {subprocess.py:93} INFO - [2/10] https://www.avito.ma/fr/dar_bouazza/appartements/Appartement_à_louer_128_m²_à_Dar_Bouazza_57101562.htm
[2025-10-31T20:25:21.257+0100] {subprocess.py:93} INFO - [3/10] https://www.avito.ma/fr/palmier/local/Local_commercial_Palmier_proche_de_l_université_56952547.htm
[2025-10-31T20:25:21.258+0100] {subprocess.py:93} INFO - [4/10] https://www.avito.ma/fr/sidi_maarouf/appartements/À_Almaz_rés_avec_piscine_Appartement_vide_57087877.htm
[2025-10-31T20:25:21.259+0100] {subprocess.py:93} INFO - [5/10] https://www.avito.ma/fr/roches_noires/appartements/Avec_3_chambres_appartement_vide_à_Roche_Noire_135m_56817922.htm
[2025-10-31T20:25:21.259+0100] {subprocess.py:93} INFO - [6/10] https://www.avito.ma/fr/la_siesta/appartements/Bel_appartement_de_119m²_à_louer_56816325.htm
[2025-10-31T20:25:21.260+0100] {subprocess.py:93} INFO - [7/10] https://www.avito.ma/fr/malabata/appartements/Appartement_meublé_à_louer_mensuellement_à_Malabata_Hills_56715740.htm
[2025-10-31T20:25:21.261+0100] {subprocess.py:93} INFO - [8/10] https://www.avito.ma/fr/quartier_du_parc/bureaux/Bureau_aménagé_de_78_m²_à_louer_56951206.htm
[2025-10-31T20:25:21.262+0100] {subprocess.py:93} INFO - [9/10] https://www.avito.ma/fr/el_mansouria/appartements/A_LOUER_A_MANSOURIA_56754053.htm
[2025-10-31T20:25:21.262+0100] {subprocess.py:93} INFO - [10/10] https://www.avito.ma/fr/hay_riad/bureaux/Bureau_à_louer_à_Hay_Riad_57047818.htm
[2025-10-31T20:25:21.264+0100] {subprocess.py:93} INFO - [✓] Sent 10 messages to Kafka topic 'realestate.avito.raw'
[2025-10-31T20:25:21.318+0100] {subprocess.py:97} INFO - Command exited with return code 0
[2025-10-31T20:25:21.319+0100] {taskinstance.py:441} INFO - ::group::Post task execution logs
[2025-10-31T20:25:21.360+0100] {taskinstance.py:1206} INFO - Marking task as SUCCESS. dag_id=avito_kafka_every_5min, task_id=run_avito_producer, run_id=scheduled__2025-10-31T19:20:00+00:00, execution_date=20251031T192000, start_date=20251031T192500, end_date=20251031T192521
[2025-10-31T20:25:21.412+0100] {local_task_job_runner.py:243} INFO - Task exited with return code 0
[2025-10-31T20:25:21.436+0100] {taskinstance.py:3503} INFO - 0 downstream tasks scheduled from follow-on schedule check
[2025-10-31T20:25:21.439+0100] {local_task_job_runner.py:222} INFO - ::endgroup::
