[2025-10-31T17:50:00.902+0100] {local_task_job_runner.py:120} INFO - ::group::Pre task execution logs
[2025-10-31T17:50:00.941+0100] {taskinstance.py:2076} INFO - Dependencies all met for dep_context=non-requeueable deps ti=<TaskInstance: avito_kafka_every_5min.run_avito_producer scheduled__2025-10-31T16:45:00+00:00 [queued]>
[2025-10-31T17:50:00.953+0100] {taskinstance.py:2076} INFO - Dependencies all met for dep_context=requeueable deps ti=<TaskInstance: avito_kafka_every_5min.run_avito_producer scheduled__2025-10-31T16:45:00+00:00 [queued]>
[2025-10-31T17:50:00.954+0100] {taskinstance.py:2306} INFO - Starting attempt 1 of 3
[2025-10-31T17:50:00.969+0100] {taskinstance.py:2330} INFO - Executing <Task(BashOperator): run_avito_producer> on 2025-10-31 16:45:00+00:00
[2025-10-31T17:50:00.976+0100] {standard_task_runner.py:90} INFO - Running: ['***', 'tasks', 'run', 'avito_kafka_every_5min', 'run_avito_producer', 'scheduled__2025-10-31T16:45:00+00:00', '--job-id', '12', '--raw', '--subdir', 'DAGS_FOLDER/avito_kafka_every_5min.py', '--cfg-path', '/tmp/tmph8n9adns']
[2025-10-31T17:50:00.978+0100] {standard_task_runner.py:91} INFO - Job 12: Subtask run_avito_producer
[2025-10-31T17:50:00.980+0100] {logging_mixin.py:188} WARNING - /home/***/.local/lib/python3.12/site-packages/***/task/task_runner/standard_task_runner.py:62 DeprecationWarning: This process (pid=772) is multi-threaded, use of fork() may lead to deadlocks in the child.
[2025-10-31T17:50:00.981+0100] {standard_task_runner.py:64} INFO - Started process 773 to run task
[2025-10-31T17:50:01.045+0100] {task_command.py:426} INFO - Running <TaskInstance: avito_kafka_every_5min.run_avito_producer scheduled__2025-10-31T16:45:00+00:00 [running]> on host bfe5844a8915
[2025-10-31T17:50:01.154+0100] {taskinstance.py:2648} INFO - Exporting env vars: AIRFLOW_CTX_DAG_OWNER='data' AIRFLOW_CTX_DAG_ID='avito_kafka_every_5min' AIRFLOW_CTX_TASK_ID='run_avito_producer' AIRFLOW_CTX_EXECUTION_DATE='2025-10-31T16:45:00+00:00' AIRFLOW_CTX_TRY_NUMBER='1' AIRFLOW_CTX_DAG_RUN_ID='scheduled__2025-10-31T16:45:00+00:00'
[2025-10-31T17:50:01.155+0100] {taskinstance.py:430} INFO - ::endgroup::
[2025-10-31T17:50:01.172+0100] {subprocess.py:63} INFO - Tmp dir root location: /tmp
[2025-10-31T17:50:01.173+0100] {subprocess.py:75} INFO - Running command: ['/usr/bin/bash', '-c', 'python -m Pipeline.producer.avito_producer --mode louer --pages 1 --limit 10 --bootstrap kafka:9092 --topic realestate.avito.raw']
[2025-10-31T17:50:01.181+0100] {subprocess.py:86} INFO - Output:
[2025-10-31T17:50:23.482+0100] {subprocess.py:93} INFO - [*] Mode: LOUER | Pages: 1 | Sink: kafka | Limit: 10
[2025-10-31T17:50:23.484+0100] {subprocess.py:93} INFO - [SERP] Page 1 → https://www.avito.ma/fr/maroc/locations_immobilieres-à_louer
[2025-10-31T17:50:23.484+0100] {subprocess.py:93} INFO -        Reached limit 10, stopping SERP crawl
[2025-10-31T17:50:23.485+0100] {subprocess.py:93} INFO - [*] Total URLs: 10
[2025-10-31T17:50:23.485+0100] {subprocess.py:93} INFO - [1/10] https://www.avito.ma/fr/abbadi_braika/local/Magasin_à_louer_avenue_Le_Caire_56387220.htm
[2025-10-31T17:50:23.486+0100] {subprocess.py:93} INFO - [2/10] https://www.avito.ma/fr/haut_agdal/appartements/Appartement_Meublé_à_Louer__Haut_Agdal_56849594.htm
[2025-10-31T17:50:23.487+0100] {subprocess.py:93} INFO - [3/10] https://www.avito.ma/fr/talaa/appartements/Appartement_à_Hay_Al_Hamd_01__1er_étage__spécial_fonctionnaires_57057962.htm
[2025-10-31T17:50:23.487+0100] {subprocess.py:93} INFO - [4/10] https://www.avito.ma/fr/sidi_maarouf/bureaux/En_plein_bd_bureau_neuf_à_louer_évasion_square_55881560.htm
[2025-10-31T17:50:23.488+0100] {subprocess.py:93} INFO - [5/10] https://www.avito.ma/fr/belle_vue/bureaux/Espace_bureau_à_louer_56113052.htm
[2025-10-31T17:50:23.488+0100] {subprocess.py:93} INFO - [6/10] https://www.avito.ma/fr/mimosas/appartements/Appartement_neuf_à_louer___Résidence_les_orchidées_6_56924525.htm
[2025-10-31T17:50:23.489+0100] {subprocess.py:93} INFO - [7/10] https://www.avito.ma/fr/autre_secteur/appartements/Appartement_à_louer_111_m²_à_Mohammedia_57070882.htm
[2025-10-31T17:50:23.489+0100] {subprocess.py:93} INFO - [8/10] https://www.avito.ma/fr/quartier_du_parc/appartements/Appt_lumineux_3_chambres_dans_résidence_fermée_57114445.htm
[2025-10-31T17:50:23.490+0100] {subprocess.py:93} INFO - [9/10] https://www.avito.ma/fr/souissi/local/local_commercial_a_louer_avec_fond_commerce_55094431.htm
[2025-10-31T17:50:23.490+0100] {subprocess.py:93} INFO - [10/10] https://www.avito.ma/fr/oulfa/appartements/Appartement_3_chambres_Oulfa_Rahma_56960341.htm
[2025-10-31T17:50:23.491+0100] {subprocess.py:93} INFO - [✓] Sent 10 messages to Kafka topic 'realestate.avito.raw'
[2025-10-31T17:50:23.528+0100] {subprocess.py:97} INFO - Command exited with return code 0
[2025-10-31T17:50:23.530+0100] {taskinstance.py:441} INFO - ::group::Post task execution logs
[2025-10-31T17:50:23.562+0100] {taskinstance.py:1206} INFO - Marking task as SUCCESS. dag_id=avito_kafka_every_5min, task_id=run_avito_producer, run_id=scheduled__2025-10-31T16:45:00+00:00, execution_date=20251031T164500, start_date=20251031T165000, end_date=20251031T165023
[2025-10-31T17:50:23.630+0100] {local_task_job_runner.py:243} INFO - Task exited with return code 0
[2025-10-31T17:50:23.651+0100] {taskinstance.py:3503} INFO - 0 downstream tasks scheduled from follow-on schedule check
[2025-10-31T17:50:23.653+0100] {local_task_job_runner.py:222} INFO - ::endgroup::
