[2025-10-31T20:45:00.664+0100] {local_task_job_runner.py:120} INFO - ::group::Pre task execution logs
[2025-10-31T20:45:00.701+0100] {taskinstance.py:2076} INFO - Dependencies all met for dep_context=non-requeueable deps ti=<TaskInstance: avito_kafka_every_5min.run_avito_producer scheduled__2025-10-31T19:40:00+00:00 [queued]>
[2025-10-31T20:45:00.711+0100] {taskinstance.py:2076} INFO - Dependencies all met for dep_context=requeueable deps ti=<TaskInstance: avito_kafka_every_5min.run_avito_producer scheduled__2025-10-31T19:40:00+00:00 [queued]>
[2025-10-31T20:45:00.712+0100] {taskinstance.py:2306} INFO - Starting attempt 1 of 3
[2025-10-31T20:45:00.724+0100] {taskinstance.py:2330} INFO - Executing <Task(BashOperator): run_avito_producer> on 2025-10-31 19:40:00+00:00
[2025-10-31T20:45:00.731+0100] {standard_task_runner.py:90} INFO - Running: ['***', 'tasks', 'run', 'avito_kafka_every_5min', 'run_avito_producer', 'scheduled__2025-10-31T19:40:00+00:00', '--job-id', '47', '--raw', '--subdir', 'DAGS_FOLDER/avito_kafka_every_5min.py', '--cfg-path', '/tmp/tmp1ynfeh3l']
[2025-10-31T20:45:00.734+0100] {standard_task_runner.py:91} INFO - Job 47: Subtask run_avito_producer
[2025-10-31T20:45:00.734+0100] {logging_mixin.py:188} WARNING - /home/***/.local/lib/python3.12/site-packages/***/task/task_runner/standard_task_runner.py:62 DeprecationWarning: This process (pid=1066) is multi-threaded, use of fork() may lead to deadlocks in the child.
[2025-10-31T20:45:00.735+0100] {standard_task_runner.py:64} INFO - Started process 1067 to run task
[2025-10-31T20:45:00.790+0100] {task_command.py:426} INFO - Running <TaskInstance: avito_kafka_every_5min.run_avito_producer scheduled__2025-10-31T19:40:00+00:00 [running]> on host bfe5844a8915
[2025-10-31T20:45:00.891+0100] {taskinstance.py:2648} INFO - Exporting env vars: AIRFLOW_CTX_DAG_OWNER='data' AIRFLOW_CTX_DAG_ID='avito_kafka_every_5min' AIRFLOW_CTX_TASK_ID='run_avito_producer' AIRFLOW_CTX_EXECUTION_DATE='2025-10-31T19:40:00+00:00' AIRFLOW_CTX_TRY_NUMBER='1' AIRFLOW_CTX_DAG_RUN_ID='scheduled__2025-10-31T19:40:00+00:00'
[2025-10-31T20:45:00.892+0100] {taskinstance.py:430} INFO - ::endgroup::
[2025-10-31T20:45:00.907+0100] {subprocess.py:63} INFO - Tmp dir root location: /tmp
[2025-10-31T20:45:00.909+0100] {subprocess.py:75} INFO - Running command: ['/usr/bin/bash', '-c', 'python -m Pipeline.producer.avito_producer --mode louer --pages 1 --limit 10 --bootstrap kafka:9092 --topic realestate.avito.raw']
[2025-10-31T20:45:00.917+0100] {subprocess.py:86} INFO - Output:
[2025-10-31T20:45:19.458+0100] {subprocess.py:93} INFO - [*] Mode: LOUER | Pages: 1 | Sink: kafka | Limit: 10
[2025-10-31T20:45:19.459+0100] {subprocess.py:93} INFO - [SERP] Page 1 → https://www.avito.ma/fr/maroc/locations_immobilieres-à_louer
[2025-10-31T20:45:19.463+0100] {subprocess.py:93} INFO -        Reached limit 10, stopping SERP crawl
[2025-10-31T20:45:19.463+0100] {subprocess.py:93} INFO - [*] Total URLs: 10
[2025-10-31T20:45:19.464+0100] {subprocess.py:93} INFO - [1/10] https://www.avito.ma/fr/roches_noires/bureaux/CENTRE_d_AFFAIRES_Mly_ISMAIL_BUREAUX_HAUT_STANDING_54396789.htm
[2025-10-31T20:45:19.464+0100] {subprocess.py:93} INFO - [2/10] https://www.avito.ma/fr/lissasfa/bureaux/Bureau_à_louer_d_une_superficie_77_m²_57020704.htm
[2025-10-31T20:45:19.465+0100] {subprocess.py:93} INFO - [3/10] https://www.avito.ma/fr/hay_riad/appartements/Bel_appartement_meublé_de_3_chambres_à_louer_57129383.htm
[2025-10-31T20:45:19.465+0100] {subprocess.py:93} INFO - [4/10] https://www.avito.ma/fr/hay_riad/villas_et_riads/Villa_à_louer_pour_bureaux_à_Hay_Riad_52599934.htm
[2025-10-31T20:45:19.466+0100] {subprocess.py:93} INFO - [5/10] https://www.avito.ma/fr/autre_secteur/appartements/Appartements_en_location_à_Ifrane_49592977.htm
[2025-10-31T20:45:19.466+0100] {subprocess.py:93} INFO - [6/10] https://www.avito.ma/fr/sidi_rahal/appartements/À_ola_blanca_sidi_rahal_Apprt_à_louer_meublé_57141172.htm
[2025-10-31T20:45:19.466+0100] {subprocess.py:93} INFO - [7/10] https://www.avito.ma/fr/riad_oulad_mtaa/appartements/Appartement_à_louer_à_Temara_Oulad_Mtaa_57134665.htm
[2025-10-31T20:45:19.467+0100] {subprocess.py:93} INFO - [8/10] https://www.avito.ma/fr/2_mars/local/Magasin_n_3_à_louer_à_Anoual___2_Mars_Casablanca_56475288.htm
[2025-10-31T20:45:19.467+0100] {subprocess.py:93} INFO - [9/10] https://www.avito.ma/fr/quartier_du_parc/local/Local_commercial_à_louer_au_parc_56222187.htm
[2025-10-31T20:45:19.467+0100] {subprocess.py:93} INFO - [10/10] https://www.avito.ma/fr/autre_secteur/appartements/Appartement_de_95m²_meublé_à_louer_55881234.htm
[2025-10-31T20:45:19.467+0100] {subprocess.py:93} INFO - [✓] Sent 10 messages to Kafka topic 'realestate.avito.raw'
[2025-10-31T20:45:19.495+0100] {subprocess.py:97} INFO - Command exited with return code 0
[2025-10-31T20:45:19.496+0100] {taskinstance.py:441} INFO - ::group::Post task execution logs
[2025-10-31T20:45:19.525+0100] {taskinstance.py:1206} INFO - Marking task as SUCCESS. dag_id=avito_kafka_every_5min, task_id=run_avito_producer, run_id=scheduled__2025-10-31T19:40:00+00:00, execution_date=20251031T194000, start_date=20251031T194500, end_date=20251031T194519
[2025-10-31T20:45:19.568+0100] {local_task_job_runner.py:243} INFO - Task exited with return code 0
[2025-10-31T20:45:19.588+0100] {taskinstance.py:3503} INFO - 0 downstream tasks scheduled from follow-on schedule check
[2025-10-31T20:45:19.590+0100] {local_task_job_runner.py:222} INFO - ::endgroup::
