[2025-10-31T17:30:00.415+0100] {local_task_job_runner.py:120} INFO - ::group::Pre task execution logs
[2025-10-31T17:30:00.462+0100] {taskinstance.py:2076} INFO - Dependencies all met for dep_context=non-requeueable deps ti=<TaskInstance: avito_kafka_every_5min.run_avito_producer scheduled__2025-10-31T16:25:00+00:00 [queued]>
[2025-10-31T17:30:00.471+0100] {taskinstance.py:2076} INFO - Dependencies all met for dep_context=requeueable deps ti=<TaskInstance: avito_kafka_every_5min.run_avito_producer scheduled__2025-10-31T16:25:00+00:00 [queued]>
[2025-10-31T17:30:00.472+0100] {taskinstance.py:2306} INFO - Starting attempt 1 of 3
[2025-10-31T17:30:00.488+0100] {taskinstance.py:2330} INFO - Executing <Task(BashOperator): run_avito_producer> on 2025-10-31 16:25:00+00:00
[2025-10-31T17:30:00.495+0100] {standard_task_runner.py:90} INFO - Running: ['***', 'tasks', 'run', 'avito_kafka_every_5min', 'run_avito_producer', 'scheduled__2025-10-31T16:25:00+00:00', '--job-id', '8', '--raw', '--subdir', 'DAGS_FOLDER/avito_kafka_every_5min.py', '--cfg-path', '/tmp/tmpphlnv84e']
[2025-10-31T17:30:00.498+0100] {logging_mixin.py:188} WARNING - /home/***/.local/lib/python3.12/site-packages/***/task/task_runner/standard_task_runner.py:62 DeprecationWarning: This process (pid=549) is multi-threaded, use of fork() may lead to deadlocks in the child.
[2025-10-31T17:30:00.499+0100] {standard_task_runner.py:91} INFO - Job 8: Subtask run_avito_producer
[2025-10-31T17:30:00.499+0100] {standard_task_runner.py:64} INFO - Started process 550 to run task
[2025-10-31T17:30:00.567+0100] {task_command.py:426} INFO - Running <TaskInstance: avito_kafka_every_5min.run_avito_producer scheduled__2025-10-31T16:25:00+00:00 [running]> on host bfe5844a8915
[2025-10-31T17:30:00.678+0100] {taskinstance.py:2648} INFO - Exporting env vars: AIRFLOW_CTX_DAG_OWNER='data' AIRFLOW_CTX_DAG_ID='avito_kafka_every_5min' AIRFLOW_CTX_TASK_ID='run_avito_producer' AIRFLOW_CTX_EXECUTION_DATE='2025-10-31T16:25:00+00:00' AIRFLOW_CTX_TRY_NUMBER='1' AIRFLOW_CTX_DAG_RUN_ID='scheduled__2025-10-31T16:25:00+00:00'
[2025-10-31T17:30:00.679+0100] {taskinstance.py:430} INFO - ::endgroup::
[2025-10-31T17:30:00.699+0100] {subprocess.py:63} INFO - Tmp dir root location: /tmp
[2025-10-31T17:30:00.701+0100] {subprocess.py:75} INFO - Running command: ['/usr/bin/bash', '-c', 'python -m Pipeline.producer.avito_producer --mode louer --pages 1 --limit 10 --bootstrap kafka:9092 --topic realestate.avito.raw']
[2025-10-31T17:30:00.711+0100] {subprocess.py:86} INFO - Output:
[2025-10-31T17:30:19.695+0100] {subprocess.py:93} INFO - [*] Mode: LOUER | Pages: 1 | Sink: kafka | Limit: 10
[2025-10-31T17:30:19.696+0100] {subprocess.py:93} INFO - [SERP] Page 1 → https://www.avito.ma/fr/maroc/locations_immobilieres-à_louer
[2025-10-31T17:30:19.697+0100] {subprocess.py:93} INFO -        Reached limit 10, stopping SERP crawl
[2025-10-31T17:30:19.698+0100] {subprocess.py:93} INFO - [*] Total URLs: 10
[2025-10-31T17:30:19.699+0100] {subprocess.py:93} INFO - [1/10] https://www.avito.ma/fr/racine/appartements/Appartement_à_louer_100m2_à_Racine_56958297.htm
[2025-10-31T17:30:19.699+0100] {subprocess.py:93} INFO - [2/10] https://www.avito.ma/fr/route_de_fès/villas_et_riads/28_10_2025_57133508.htm
[2025-10-31T17:30:19.700+0100] {subprocess.py:93} INFO - [3/10] https://www.avito.ma/fr/californie/appartements/Studio_luxueux_à_louer_Californie_56726527.htm
[2025-10-31T17:30:19.701+0100] {subprocess.py:93} INFO - [4/10] https://www.avito.ma/fr/bourgogne/appartements/Appartement_à_louer_87_m²_à_Casablanca_57145560.htm
[2025-10-31T17:30:19.702+0100] {subprocess.py:93} INFO - [5/10] https://www.avito.ma/fr/palmier/appartements/Appartement_110m_Meublé_A_Palmier_57018977.htm
[2025-10-31T17:30:19.703+0100] {subprocess.py:93} INFO - [6/10] https://www.avito.ma/fr/maarif/appartements/Appartement_80m_Meublé_Maarif_Extension_57092112.htm
[2025-10-31T17:30:19.704+0100] {subprocess.py:93} INFO - [7/10] https://www.avito.ma/fr/de_la_plage/appartements/Appartement_à_louer_60_m²_à_Tanger_57145556.htm
[2025-10-31T17:30:19.704+0100] {subprocess.py:93} INFO - [8/10] https://www.avito.ma/fr/guéliz/appartements/Guéliz___T3_lumineux___top_résidence_57113081.htm
[2025-10-31T17:30:19.705+0100] {subprocess.py:93} INFO - [9/10] https://www.avito.ma/fr/palmier/appartements/Studio_57m_Neuf_A_Palmier_56801480.htm
[2025-10-31T17:30:19.705+0100] {subprocess.py:93} INFO - [10/10] https://www.avito.ma/fr/av_mohammed_vi/appartements/Coralia_magnifique_Appart_T3_meuble_56971671.htm
[2025-10-31T17:30:19.706+0100] {subprocess.py:93} INFO - [✓] Sent 10 messages to Kafka topic 'realestate.avito.raw'
[2025-10-31T17:30:19.761+0100] {subprocess.py:97} INFO - Command exited with return code 0
[2025-10-31T17:30:19.765+0100] {taskinstance.py:441} INFO - ::group::Post task execution logs
[2025-10-31T17:30:19.814+0100] {taskinstance.py:1206} INFO - Marking task as SUCCESS. dag_id=avito_kafka_every_5min, task_id=run_avito_producer, run_id=scheduled__2025-10-31T16:25:00+00:00, execution_date=20251031T162500, start_date=20251031T163000, end_date=20251031T163019
[2025-10-31T17:30:19.866+0100] {local_task_job_runner.py:243} INFO - Task exited with return code 0
[2025-10-31T17:30:19.888+0100] {taskinstance.py:3503} INFO - 0 downstream tasks scheduled from follow-on schedule check
[2025-10-31T17:30:19.890+0100] {local_task_job_runner.py:222} INFO - ::endgroup::
