[2025-11-01T00:23:53.963+0100] {processor.py:161} INFO - Started process (PID=182) to work on /opt/airflow/dags/avito_pipeline.py
[2025-11-01T00:23:53.965+0100] {processor.py:830} INFO - Processing file /opt/airflow/dags/avito_pipeline.py for tasks to queue
[2025-11-01T00:23:53.973+0100] {logging_mixin.py:188} INFO - [2025-11-01T00:23:53.972+0100] {dagbag.py:545} INFO - Filling up the DagBag from /opt/airflow/dags/avito_pipeline.py
[2025-11-01T00:23:54.022+0100] {processor.py:840} INFO - DAG(s) 'avito_silver_every_15min', 'avito_producer_every_5min', 'avito_iceberg_maintenance_daily' retrieved from /opt/airflow/dags/avito_pipeline.py
[2025-11-01T00:23:54.490+0100] {logging_mixin.py:188} INFO - [2025-11-01T00:23:54.490+0100] {dag.py:3089} INFO - Sync 3 DAGs
[2025-11-01T00:23:54.546+0100] {logging_mixin.py:188} INFO - [2025-11-01T00:23:54.546+0100] {dag.py:3947} INFO - Setting next_dagrun for avito_iceberg_maintenance_daily to 2025-10-31 02:30:00+00:00, run_after=2025-11-01 02:30:00+00:00
[2025-11-01T00:23:54.554+0100] {logging_mixin.py:188} INFO - [2025-11-01T00:23:54.554+0100] {dag.py:3947} INFO - Setting next_dagrun for avito_producer_every_5min to 2025-10-31 23:15:00+00:00, run_after=2025-10-31 23:20:00+00:00
[2025-11-01T00:23:54.559+0100] {logging_mixin.py:188} INFO - [2025-11-01T00:23:54.559+0100] {dag.py:3947} INFO - Setting next_dagrun for avito_silver_every_15min to 2025-10-31 23:00:00+00:00, run_after=2025-10-31 23:15:00+00:00
[2025-11-01T00:23:54.598+0100] {processor.py:183} INFO - Processing /opt/airflow/dags/avito_pipeline.py took 0.664 seconds
[2025-11-01T00:24:24.889+0100] {processor.py:161} INFO - Started process (PID=187) to work on /opt/airflow/dags/avito_pipeline.py
[2025-11-01T00:24:24.890+0100] {processor.py:830} INFO - Processing file /opt/airflow/dags/avito_pipeline.py for tasks to queue
[2025-11-01T00:24:24.893+0100] {logging_mixin.py:188} INFO - [2025-11-01T00:24:24.893+0100] {dagbag.py:545} INFO - Filling up the DagBag from /opt/airflow/dags/avito_pipeline.py
[2025-11-01T00:24:24.927+0100] {processor.py:840} INFO - DAG(s) 'avito_silver_every_15min', 'avito_producer_every_5min', 'avito_iceberg_maintenance_daily' retrieved from /opt/airflow/dags/avito_pipeline.py
[2025-11-01T00:24:24.974+0100] {logging_mixin.py:188} INFO - [2025-11-01T00:24:24.974+0100] {dag.py:3089} INFO - Sync 3 DAGs
[2025-11-01T00:24:25.011+0100] {logging_mixin.py:188} INFO - [2025-11-01T00:24:25.011+0100] {dag.py:3947} INFO - Setting next_dagrun for avito_iceberg_maintenance_daily to 2025-10-31 02:30:00+00:00, run_after=2025-11-01 02:30:00+00:00
[2025-11-01T00:24:25.022+0100] {logging_mixin.py:188} INFO - [2025-11-01T00:24:25.022+0100] {dag.py:3947} INFO - Setting next_dagrun for avito_producer_every_5min to 2025-10-31 23:15:00+00:00, run_after=2025-10-31 23:20:00+00:00
[2025-11-01T00:24:25.026+0100] {logging_mixin.py:188} INFO - [2025-11-01T00:24:25.026+0100] {dag.py:3947} INFO - Setting next_dagrun for avito_silver_every_15min to 2025-10-31 23:00:00+00:00, run_after=2025-10-31 23:15:00+00:00
[2025-11-01T00:24:25.052+0100] {processor.py:183} INFO - Processing /opt/airflow/dags/avito_pipeline.py took 0.175 seconds
[2025-11-01T00:24:55.280+0100] {processor.py:161} INFO - Started process (PID=192) to work on /opt/airflow/dags/avito_pipeline.py
[2025-11-01T00:24:55.282+0100] {processor.py:830} INFO - Processing file /opt/airflow/dags/avito_pipeline.py for tasks to queue
[2025-11-01T00:24:55.284+0100] {logging_mixin.py:188} INFO - [2025-11-01T00:24:55.284+0100] {dagbag.py:545} INFO - Filling up the DagBag from /opt/airflow/dags/avito_pipeline.py
[2025-11-01T00:24:55.312+0100] {processor.py:840} INFO - DAG(s) 'avito_silver_every_15min', 'avito_iceberg_maintenance_daily', 'avito_producer_every_5min' retrieved from /opt/airflow/dags/avito_pipeline.py
[2025-11-01T00:24:55.370+0100] {logging_mixin.py:188} INFO - [2025-11-01T00:24:55.369+0100] {dag.py:3089} INFO - Sync 3 DAGs
[2025-11-01T00:24:55.410+0100] {logging_mixin.py:188} INFO - [2025-11-01T00:24:55.409+0100] {dag.py:3947} INFO - Setting next_dagrun for avito_iceberg_maintenance_daily to 2025-10-31 02:30:00+00:00, run_after=2025-11-01 02:30:00+00:00
[2025-11-01T00:24:55.421+0100] {logging_mixin.py:188} INFO - [2025-11-01T00:24:55.420+0100] {dag.py:3947} INFO - Setting next_dagrun for avito_producer_every_5min to 2025-10-31 23:15:00+00:00, run_after=2025-10-31 23:20:00+00:00
[2025-11-01T00:24:55.425+0100] {logging_mixin.py:188} INFO - [2025-11-01T00:24:55.425+0100] {dag.py:3947} INFO - Setting next_dagrun for avito_silver_every_15min to 2025-10-31 23:00:00+00:00, run_after=2025-10-31 23:15:00+00:00
[2025-11-01T00:24:55.455+0100] {processor.py:183} INFO - Processing /opt/airflow/dags/avito_pipeline.py took 0.183 seconds
[2025-11-01T00:25:25.681+0100] {processor.py:161} INFO - Started process (PID=197) to work on /opt/airflow/dags/avito_pipeline.py
[2025-11-01T00:25:25.683+0100] {processor.py:830} INFO - Processing file /opt/airflow/dags/avito_pipeline.py for tasks to queue
[2025-11-01T00:25:25.686+0100] {logging_mixin.py:188} INFO - [2025-11-01T00:25:25.685+0100] {dagbag.py:545} INFO - Filling up the DagBag from /opt/airflow/dags/avito_pipeline.py
[2025-11-01T00:25:25.738+0100] {processor.py:840} INFO - DAG(s) 'avito_silver_every_15min', 'avito_producer_every_5min', 'avito_iceberg_maintenance_daily' retrieved from /opt/airflow/dags/avito_pipeline.py
[2025-11-01T00:25:25.817+0100] {logging_mixin.py:188} INFO - [2025-11-01T00:25:25.816+0100] {dag.py:3089} INFO - Sync 3 DAGs
[2025-11-01T00:25:25.860+0100] {logging_mixin.py:188} INFO - [2025-11-01T00:25:25.859+0100] {dag.py:3947} INFO - Setting next_dagrun for avito_iceberg_maintenance_daily to 2025-10-31 02:30:00+00:00, run_after=2025-11-01 02:30:00+00:00
[2025-11-01T00:25:25.870+0100] {logging_mixin.py:188} INFO - [2025-11-01T00:25:25.870+0100] {dag.py:3947} INFO - Setting next_dagrun for avito_producer_every_5min to 2025-10-31 23:20:00+00:00, run_after=2025-10-31 23:25:00+00:00
[2025-11-01T00:25:25.876+0100] {logging_mixin.py:188} INFO - [2025-11-01T00:25:25.876+0100] {dag.py:3947} INFO - Setting next_dagrun for avito_silver_every_15min to 2025-10-31 23:00:00+00:00, run_after=2025-10-31 23:15:00+00:00
[2025-11-01T00:25:25.898+0100] {processor.py:183} INFO - Processing /opt/airflow/dags/avito_pipeline.py took 0.229 seconds
[2025-11-01T00:25:56.228+0100] {processor.py:161} INFO - Started process (PID=202) to work on /opt/airflow/dags/avito_pipeline.py
[2025-11-01T00:25:56.229+0100] {processor.py:830} INFO - Processing file /opt/airflow/dags/avito_pipeline.py for tasks to queue
[2025-11-01T00:25:56.231+0100] {logging_mixin.py:188} INFO - [2025-11-01T00:25:56.231+0100] {dagbag.py:545} INFO - Filling up the DagBag from /opt/airflow/dags/avito_pipeline.py
[2025-11-01T00:25:56.256+0100] {processor.py:840} INFO - DAG(s) 'avito_producer_every_5min', 'avito_iceberg_maintenance_daily', 'avito_silver_every_15min' retrieved from /opt/airflow/dags/avito_pipeline.py
[2025-11-01T00:25:56.303+0100] {logging_mixin.py:188} INFO - [2025-11-01T00:25:56.302+0100] {dag.py:3089} INFO - Sync 3 DAGs
[2025-11-01T00:25:56.330+0100] {logging_mixin.py:188} INFO - [2025-11-01T00:25:56.330+0100] {dag.py:3947} INFO - Setting next_dagrun for avito_iceberg_maintenance_daily to 2025-10-31 02:30:00+00:00, run_after=2025-11-01 02:30:00+00:00
[2025-11-01T00:25:56.337+0100] {logging_mixin.py:188} INFO - [2025-11-01T00:25:56.337+0100] {dag.py:3947} INFO - Setting next_dagrun for avito_producer_every_5min to 2025-10-31 23:20:00+00:00, run_after=2025-10-31 23:25:00+00:00
[2025-11-01T00:25:56.341+0100] {logging_mixin.py:188} INFO - [2025-11-01T00:25:56.341+0100] {dag.py:3947} INFO - Setting next_dagrun for avito_silver_every_15min to 2025-10-31 23:00:00+00:00, run_after=2025-10-31 23:15:00+00:00
[2025-11-01T00:25:56.370+0100] {processor.py:183} INFO - Processing /opt/airflow/dags/avito_pipeline.py took 0.149 seconds
[2025-11-01T00:26:26.561+0100] {processor.py:161} INFO - Started process (PID=207) to work on /opt/airflow/dags/avito_pipeline.py
[2025-11-01T00:26:26.562+0100] {processor.py:830} INFO - Processing file /opt/airflow/dags/avito_pipeline.py for tasks to queue
[2025-11-01T00:26:26.565+0100] {logging_mixin.py:188} INFO - [2025-11-01T00:26:26.564+0100] {dagbag.py:545} INFO - Filling up the DagBag from /opt/airflow/dags/avito_pipeline.py
[2025-11-01T00:26:26.595+0100] {processor.py:840} INFO - DAG(s) 'avito_iceberg_maintenance_daily', 'avito_silver_every_15min', 'avito_producer_every_5min' retrieved from /opt/airflow/dags/avito_pipeline.py
[2025-11-01T00:26:26.645+0100] {logging_mixin.py:188} INFO - [2025-11-01T00:26:26.645+0100] {dag.py:3089} INFO - Sync 3 DAGs
[2025-11-01T00:26:26.683+0100] {logging_mixin.py:188} INFO - [2025-11-01T00:26:26.682+0100] {dag.py:3947} INFO - Setting next_dagrun for avito_iceberg_maintenance_daily to 2025-10-31 02:30:00+00:00, run_after=2025-11-01 02:30:00+00:00
[2025-11-01T00:26:26.691+0100] {logging_mixin.py:188} INFO - [2025-11-01T00:26:26.691+0100] {dag.py:3947} INFO - Setting next_dagrun for avito_producer_every_5min to 2025-10-31 23:20:00+00:00, run_after=2025-10-31 23:25:00+00:00
[2025-11-01T00:26:26.695+0100] {logging_mixin.py:188} INFO - [2025-11-01T00:26:26.694+0100] {dag.py:3947} INFO - Setting next_dagrun for avito_silver_every_15min to 2025-10-31 23:00:00+00:00, run_after=2025-10-31 23:15:00+00:00
[2025-11-01T00:26:26.718+0100] {processor.py:183} INFO - Processing /opt/airflow/dags/avito_pipeline.py took 0.167 seconds
[2025-11-01T00:26:56.924+0100] {processor.py:161} INFO - Started process (PID=212) to work on /opt/airflow/dags/avito_pipeline.py
[2025-11-01T00:26:56.925+0100] {processor.py:830} INFO - Processing file /opt/airflow/dags/avito_pipeline.py for tasks to queue
[2025-11-01T00:26:56.927+0100] {logging_mixin.py:188} INFO - [2025-11-01T00:26:56.927+0100] {dagbag.py:545} INFO - Filling up the DagBag from /opt/airflow/dags/avito_pipeline.py
[2025-11-01T00:26:56.950+0100] {processor.py:840} INFO - DAG(s) 'avito_iceberg_maintenance_daily', 'avito_producer_every_5min', 'avito_silver_every_15min' retrieved from /opt/airflow/dags/avito_pipeline.py
[2025-11-01T00:26:56.997+0100] {logging_mixin.py:188} INFO - [2025-11-01T00:26:56.996+0100] {dag.py:3089} INFO - Sync 3 DAGs
[2025-11-01T00:26:57.025+0100] {logging_mixin.py:188} INFO - [2025-11-01T00:26:57.025+0100] {dag.py:3947} INFO - Setting next_dagrun for avito_iceberg_maintenance_daily to 2025-10-31 02:30:00+00:00, run_after=2025-11-01 02:30:00+00:00
[2025-11-01T00:26:57.038+0100] {logging_mixin.py:188} INFO - [2025-11-01T00:26:57.038+0100] {dag.py:3947} INFO - Setting next_dagrun for avito_producer_every_5min to 2025-10-31 23:20:00+00:00, run_after=2025-10-31 23:25:00+00:00
[2025-11-01T00:26:57.042+0100] {logging_mixin.py:188} INFO - [2025-11-01T00:26:57.042+0100] {dag.py:3947} INFO - Setting next_dagrun for avito_silver_every_15min to 2025-10-31 23:00:00+00:00, run_after=2025-10-31 23:15:00+00:00
[2025-11-01T00:26:57.062+0100] {processor.py:183} INFO - Processing /opt/airflow/dags/avito_pipeline.py took 0.145 seconds
[2025-11-01T00:27:27.112+0100] {processor.py:161} INFO - Started process (PID=217) to work on /opt/airflow/dags/avito_pipeline.py
[2025-11-01T00:27:27.113+0100] {processor.py:830} INFO - Processing file /opt/airflow/dags/avito_pipeline.py for tasks to queue
[2025-11-01T00:27:27.115+0100] {logging_mixin.py:188} INFO - [2025-11-01T00:27:27.115+0100] {dagbag.py:545} INFO - Filling up the DagBag from /opt/airflow/dags/avito_pipeline.py
[2025-11-01T00:27:27.138+0100] {processor.py:840} INFO - DAG(s) 'avito_iceberg_maintenance_daily', 'avito_silver_every_15min', 'avito_producer_every_5min' retrieved from /opt/airflow/dags/avito_pipeline.py
[2025-11-01T00:27:27.178+0100] {logging_mixin.py:188} INFO - [2025-11-01T00:27:27.178+0100] {dag.py:3089} INFO - Sync 3 DAGs
[2025-11-01T00:27:27.203+0100] {logging_mixin.py:188} INFO - [2025-11-01T00:27:27.203+0100] {dag.py:3947} INFO - Setting next_dagrun for avito_iceberg_maintenance_daily to 2025-10-31 02:30:00+00:00, run_after=2025-11-01 02:30:00+00:00
[2025-11-01T00:27:27.210+0100] {logging_mixin.py:188} INFO - [2025-11-01T00:27:27.210+0100] {dag.py:3947} INFO - Setting next_dagrun for avito_producer_every_5min to 2025-10-31 23:20:00+00:00, run_after=2025-10-31 23:25:00+00:00
[2025-11-01T00:27:27.213+0100] {logging_mixin.py:188} INFO - [2025-11-01T00:27:27.213+0100] {dag.py:3947} INFO - Setting next_dagrun for avito_silver_every_15min to 2025-10-31 23:00:00+00:00, run_after=2025-10-31 23:15:00+00:00
[2025-11-01T00:27:27.233+0100] {processor.py:183} INFO - Processing /opt/airflow/dags/avito_pipeline.py took 0.128 seconds
[2025-11-01T00:27:57.399+0100] {processor.py:161} INFO - Started process (PID=231) to work on /opt/airflow/dags/avito_pipeline.py
[2025-11-01T00:27:57.401+0100] {processor.py:830} INFO - Processing file /opt/airflow/dags/avito_pipeline.py for tasks to queue
[2025-11-01T00:27:57.405+0100] {logging_mixin.py:188} INFO - [2025-11-01T00:27:57.404+0100] {dagbag.py:545} INFO - Filling up the DagBag from /opt/airflow/dags/avito_pipeline.py
[2025-11-01T00:27:57.445+0100] {processor.py:840} INFO - DAG(s) 'avito_silver_every_15min', 'avito_iceberg_maintenance_daily', 'avito_producer_every_5min' retrieved from /opt/airflow/dags/avito_pipeline.py
[2025-11-01T00:27:57.493+0100] {logging_mixin.py:188} INFO - [2025-11-01T00:27:57.492+0100] {dag.py:3089} INFO - Sync 3 DAGs
[2025-11-01T00:27:57.522+0100] {logging_mixin.py:188} INFO - [2025-11-01T00:27:57.522+0100] {dag.py:3947} INFO - Setting next_dagrun for avito_iceberg_maintenance_daily to 2025-10-31 02:30:00+00:00, run_after=2025-11-01 02:30:00+00:00
[2025-11-01T00:27:57.530+0100] {logging_mixin.py:188} INFO - [2025-11-01T00:27:57.530+0100] {dag.py:3947} INFO - Setting next_dagrun for avito_producer_every_5min to 2025-10-31 23:20:00+00:00, run_after=2025-10-31 23:25:00+00:00
[2025-11-01T00:27:57.534+0100] {logging_mixin.py:188} INFO - [2025-11-01T00:27:57.534+0100] {dag.py:3947} INFO - Setting next_dagrun for avito_silver_every_15min to 2025-10-31 23:00:00+00:00, run_after=2025-10-31 23:15:00+00:00
[2025-11-01T00:27:57.554+0100] {processor.py:183} INFO - Processing /opt/airflow/dags/avito_pipeline.py took 0.169 seconds
[2025-11-01T00:28:27.650+0100] {processor.py:161} INFO - Started process (PID=236) to work on /opt/airflow/dags/avito_pipeline.py
[2025-11-01T00:28:27.650+0100] {processor.py:830} INFO - Processing file /opt/airflow/dags/avito_pipeline.py for tasks to queue
[2025-11-01T00:28:27.653+0100] {logging_mixin.py:188} INFO - [2025-11-01T00:28:27.652+0100] {dagbag.py:545} INFO - Filling up the DagBag from /opt/airflow/dags/avito_pipeline.py
[2025-11-01T00:28:27.679+0100] {processor.py:840} INFO - DAG(s) 'avito_producer_every_5min', 'avito_iceberg_maintenance_daily', 'avito_silver_every_15min' retrieved from /opt/airflow/dags/avito_pipeline.py
[2025-11-01T00:28:27.727+0100] {logging_mixin.py:188} INFO - [2025-11-01T00:28:27.726+0100] {dag.py:3089} INFO - Sync 3 DAGs
[2025-11-01T00:28:27.757+0100] {logging_mixin.py:188} INFO - [2025-11-01T00:28:27.757+0100] {dag.py:3947} INFO - Setting next_dagrun for avito_iceberg_maintenance_daily to 2025-10-31 02:30:00+00:00, run_after=2025-11-01 02:30:00+00:00
[2025-11-01T00:28:27.765+0100] {logging_mixin.py:188} INFO - [2025-11-01T00:28:27.765+0100] {dag.py:3947} INFO - Setting next_dagrun for avito_producer_every_5min to 2025-10-31 23:20:00+00:00, run_after=2025-10-31 23:25:00+00:00
[2025-11-01T00:28:27.769+0100] {logging_mixin.py:188} INFO - [2025-11-01T00:28:27.769+0100] {dag.py:3947} INFO - Setting next_dagrun for avito_silver_every_15min to 2025-10-31 23:00:00+00:00, run_after=2025-10-31 23:15:00+00:00
[2025-11-01T00:28:27.790+0100] {processor.py:183} INFO - Processing /opt/airflow/dags/avito_pipeline.py took 0.148 seconds
[2025-11-01T00:28:57.992+0100] {processor.py:161} INFO - Started process (PID=241) to work on /opt/airflow/dags/avito_pipeline.py
[2025-11-01T00:28:57.993+0100] {processor.py:830} INFO - Processing file /opt/airflow/dags/avito_pipeline.py for tasks to queue
[2025-11-01T00:28:57.995+0100] {logging_mixin.py:188} INFO - [2025-11-01T00:28:57.995+0100] {dagbag.py:545} INFO - Filling up the DagBag from /opt/airflow/dags/avito_pipeline.py
[2025-11-01T00:28:58.021+0100] {processor.py:840} INFO - DAG(s) 'avito_iceberg_maintenance_daily', 'avito_silver_every_15min', 'avito_producer_every_5min' retrieved from /opt/airflow/dags/avito_pipeline.py
[2025-11-01T00:28:58.068+0100] {logging_mixin.py:188} INFO - [2025-11-01T00:28:58.068+0100] {dag.py:3089} INFO - Sync 3 DAGs
[2025-11-01T00:28:58.100+0100] {logging_mixin.py:188} INFO - [2025-11-01T00:28:58.099+0100] {dag.py:3947} INFO - Setting next_dagrun for avito_iceberg_maintenance_daily to 2025-10-31 02:30:00+00:00, run_after=2025-11-01 02:30:00+00:00
[2025-11-01T00:28:58.107+0100] {logging_mixin.py:188} INFO - [2025-11-01T00:28:58.107+0100] {dag.py:3947} INFO - Setting next_dagrun for avito_producer_every_5min to 2025-10-31 23:20:00+00:00, run_after=2025-10-31 23:25:00+00:00
[2025-11-01T00:28:58.111+0100] {logging_mixin.py:188} INFO - [2025-11-01T00:28:58.111+0100] {dag.py:3947} INFO - Setting next_dagrun for avito_silver_every_15min to 2025-10-31 23:00:00+00:00, run_after=2025-10-31 23:15:00+00:00
[2025-11-01T00:28:58.132+0100] {processor.py:183} INFO - Processing /opt/airflow/dags/avito_pipeline.py took 0.149 seconds
[2025-11-01T00:29:28.181+0100] {processor.py:161} INFO - Started process (PID=246) to work on /opt/airflow/dags/avito_pipeline.py
[2025-11-01T00:29:28.182+0100] {processor.py:830} INFO - Processing file /opt/airflow/dags/avito_pipeline.py for tasks to queue
[2025-11-01T00:29:28.184+0100] {logging_mixin.py:188} INFO - [2025-11-01T00:29:28.183+0100] {dagbag.py:545} INFO - Filling up the DagBag from /opt/airflow/dags/avito_pipeline.py
[2025-11-01T00:29:28.216+0100] {processor.py:840} INFO - DAG(s) 'avito_iceberg_maintenance_daily', 'avito_silver_every_15min', 'avito_producer_every_5min' retrieved from /opt/airflow/dags/avito_pipeline.py
[2025-11-01T00:29:28.263+0100] {logging_mixin.py:188} INFO - [2025-11-01T00:29:28.263+0100] {dag.py:3089} INFO - Sync 3 DAGs
[2025-11-01T00:29:28.286+0100] {logging_mixin.py:188} INFO - [2025-11-01T00:29:28.286+0100] {dag.py:3947} INFO - Setting next_dagrun for avito_iceberg_maintenance_daily to 2025-10-31 02:30:00+00:00, run_after=2025-11-01 02:30:00+00:00
[2025-11-01T00:29:28.292+0100] {logging_mixin.py:188} INFO - [2025-11-01T00:29:28.292+0100] {dag.py:3947} INFO - Setting next_dagrun for avito_producer_every_5min to 2025-10-31 23:20:00+00:00, run_after=2025-10-31 23:25:00+00:00
[2025-11-01T00:29:28.296+0100] {logging_mixin.py:188} INFO - [2025-11-01T00:29:28.295+0100] {dag.py:3947} INFO - Setting next_dagrun for avito_silver_every_15min to 2025-10-31 23:00:00+00:00, run_after=2025-10-31 23:15:00+00:00
[2025-11-01T00:29:28.314+0100] {processor.py:183} INFO - Processing /opt/airflow/dags/avito_pipeline.py took 0.140 seconds
[2025-11-01T00:29:58.379+0100] {processor.py:161} INFO - Started process (PID=251) to work on /opt/airflow/dags/avito_pipeline.py
[2025-11-01T00:29:58.379+0100] {processor.py:830} INFO - Processing file /opt/airflow/dags/avito_pipeline.py for tasks to queue
[2025-11-01T00:29:58.382+0100] {logging_mixin.py:188} INFO - [2025-11-01T00:29:58.382+0100] {dagbag.py:545} INFO - Filling up the DagBag from /opt/airflow/dags/avito_pipeline.py
[2025-11-01T00:29:58.418+0100] {processor.py:840} INFO - DAG(s) 'avito_iceberg_maintenance_daily', 'avito_producer_every_5min', 'avito_silver_every_15min' retrieved from /opt/airflow/dags/avito_pipeline.py
[2025-11-01T00:29:58.479+0100] {logging_mixin.py:188} INFO - [2025-11-01T00:29:58.478+0100] {dag.py:3089} INFO - Sync 3 DAGs
[2025-11-01T00:29:58.532+0100] {logging_mixin.py:188} INFO - [2025-11-01T00:29:58.531+0100] {dag.py:3947} INFO - Setting next_dagrun for avito_iceberg_maintenance_daily to 2025-10-31 02:30:00+00:00, run_after=2025-11-01 02:30:00+00:00
[2025-11-01T00:29:58.542+0100] {logging_mixin.py:188} INFO - [2025-11-01T00:29:58.541+0100] {dag.py:3947} INFO - Setting next_dagrun for avito_producer_every_5min to 2025-10-31 23:20:00+00:00, run_after=2025-10-31 23:25:00+00:00
[2025-11-01T00:29:58.546+0100] {logging_mixin.py:188} INFO - [2025-11-01T00:29:58.546+0100] {dag.py:3947} INFO - Setting next_dagrun for avito_silver_every_15min to 2025-10-31 23:00:00+00:00, run_after=2025-10-31 23:15:00+00:00
[2025-11-01T00:29:58.566+0100] {processor.py:183} INFO - Processing /opt/airflow/dags/avito_pipeline.py took 0.198 seconds
[2025-11-01T00:30:28.764+0100] {processor.py:161} INFO - Started process (PID=256) to work on /opt/airflow/dags/avito_pipeline.py
[2025-11-01T00:30:28.765+0100] {processor.py:830} INFO - Processing file /opt/airflow/dags/avito_pipeline.py for tasks to queue
[2025-11-01T00:30:28.767+0100] {logging_mixin.py:188} INFO - [2025-11-01T00:30:28.767+0100] {dagbag.py:545} INFO - Filling up the DagBag from /opt/airflow/dags/avito_pipeline.py
[2025-11-01T00:30:28.807+0100] {processor.py:840} INFO - DAG(s) 'avito_silver_every_15min', 'avito_producer_every_5min', 'avito_iceberg_maintenance_daily' retrieved from /opt/airflow/dags/avito_pipeline.py
[2025-11-01T00:30:28.905+0100] {logging_mixin.py:188} INFO - [2025-11-01T00:30:28.904+0100] {dag.py:3089} INFO - Sync 3 DAGs
[2025-11-01T00:30:28.975+0100] {logging_mixin.py:188} INFO - [2025-11-01T00:30:28.974+0100] {dag.py:3947} INFO - Setting next_dagrun for avito_iceberg_maintenance_daily to 2025-10-31 02:30:00+00:00, run_after=2025-11-01 02:30:00+00:00
[2025-11-01T00:30:28.993+0100] {logging_mixin.py:188} INFO - [2025-11-01T00:30:28.993+0100] {dag.py:3947} INFO - Setting next_dagrun for avito_producer_every_5min to 2025-10-31 23:25:00+00:00, run_after=2025-10-31 23:30:00+00:00
[2025-11-01T00:30:29.003+0100] {logging_mixin.py:188} INFO - [2025-11-01T00:30:29.003+0100] {dag.py:3947} INFO - Setting next_dagrun for avito_silver_every_15min to 2025-10-31 23:15:00+00:00, run_after=2025-10-31 23:30:00+00:00
[2025-11-01T00:30:29.046+0100] {processor.py:183} INFO - Processing /opt/airflow/dags/avito_pipeline.py took 0.292 seconds
[2025-11-01T00:30:59.347+0100] {processor.py:161} INFO - Started process (PID=261) to work on /opt/airflow/dags/avito_pipeline.py
[2025-11-01T00:30:59.350+0100] {processor.py:830} INFO - Processing file /opt/airflow/dags/avito_pipeline.py for tasks to queue
[2025-11-01T00:30:59.354+0100] {logging_mixin.py:188} INFO - [2025-11-01T00:30:59.354+0100] {dagbag.py:545} INFO - Filling up the DagBag from /opt/airflow/dags/avito_pipeline.py
[2025-11-01T00:30:59.404+0100] {processor.py:840} INFO - DAG(s) 'avito_silver_every_15min', 'avito_producer_every_5min', 'avito_iceberg_maintenance_daily' retrieved from /opt/airflow/dags/avito_pipeline.py
[2025-11-01T00:30:59.495+0100] {logging_mixin.py:188} INFO - [2025-11-01T00:30:59.494+0100] {dag.py:3089} INFO - Sync 3 DAGs
[2025-11-01T00:30:59.542+0100] {logging_mixin.py:188} INFO - [2025-11-01T00:30:59.542+0100] {dag.py:3947} INFO - Setting next_dagrun for avito_iceberg_maintenance_daily to 2025-10-31 02:30:00+00:00, run_after=2025-11-01 02:30:00+00:00
[2025-11-01T00:30:59.556+0100] {logging_mixin.py:188} INFO - [2025-11-01T00:30:59.556+0100] {dag.py:3947} INFO - Setting next_dagrun for avito_producer_every_5min to 2025-10-31 23:25:00+00:00, run_after=2025-10-31 23:30:00+00:00
[2025-11-01T00:30:59.561+0100] {logging_mixin.py:188} INFO - [2025-11-01T00:30:59.560+0100] {dag.py:3947} INFO - Setting next_dagrun for avito_silver_every_15min to 2025-10-31 23:15:00+00:00, run_after=2025-10-31 23:30:00+00:00
[2025-11-01T00:30:59.605+0100] {processor.py:183} INFO - Processing /opt/airflow/dags/avito_pipeline.py took 0.272 seconds
[2025-11-01T00:31:29.869+0100] {processor.py:161} INFO - Started process (PID=273) to work on /opt/airflow/dags/avito_pipeline.py
[2025-11-01T00:31:29.870+0100] {processor.py:830} INFO - Processing file /opt/airflow/dags/avito_pipeline.py for tasks to queue
[2025-11-01T00:31:29.873+0100] {logging_mixin.py:188} INFO - [2025-11-01T00:31:29.872+0100] {dagbag.py:545} INFO - Filling up the DagBag from /opt/airflow/dags/avito_pipeline.py
[2025-11-01T00:31:29.896+0100] {processor.py:840} INFO - DAG(s) 'avito_silver_every_15min', 'avito_iceberg_maintenance_daily', 'avito_producer_every_5min' retrieved from /opt/airflow/dags/avito_pipeline.py
[2025-11-01T00:31:29.955+0100] {logging_mixin.py:188} INFO - [2025-11-01T00:31:29.955+0100] {dag.py:3089} INFO - Sync 3 DAGs
[2025-11-01T00:31:29.986+0100] {logging_mixin.py:188} INFO - [2025-11-01T00:31:29.986+0100] {dag.py:3947} INFO - Setting next_dagrun for avito_iceberg_maintenance_daily to 2025-10-31 02:30:00+00:00, run_after=2025-11-01 02:30:00+00:00
[2025-11-01T00:31:29.993+0100] {logging_mixin.py:188} INFO - [2025-11-01T00:31:29.993+0100] {dag.py:3947} INFO - Setting next_dagrun for avito_producer_every_5min to 2025-10-31 23:25:00+00:00, run_after=2025-10-31 23:30:00+00:00
[2025-11-01T00:31:29.996+0100] {logging_mixin.py:188} INFO - [2025-11-01T00:31:29.996+0100] {dag.py:3947} INFO - Setting next_dagrun for avito_silver_every_15min to 2025-10-31 23:15:00+00:00, run_after=2025-10-31 23:30:00+00:00
[2025-11-01T00:31:30.017+0100] {processor.py:183} INFO - Processing /opt/airflow/dags/avito_pipeline.py took 0.155 seconds
[2025-11-01T00:32:00.417+0100] {processor.py:161} INFO - Started process (PID=278) to work on /opt/airflow/dags/avito_pipeline.py
[2025-11-01T00:32:00.428+0100] {processor.py:830} INFO - Processing file /opt/airflow/dags/avito_pipeline.py for tasks to queue
[2025-11-01T00:32:00.459+0100] {logging_mixin.py:188} INFO - [2025-11-01T00:32:00.458+0100] {dagbag.py:545} INFO - Filling up the DagBag from /opt/airflow/dags/avito_pipeline.py
[2025-11-01T00:32:00.608+0100] {processor.py:840} INFO - DAG(s) 'avito_iceberg_maintenance_daily', 'avito_silver_every_15min', 'avito_producer_every_5min' retrieved from /opt/airflow/dags/avito_pipeline.py
[2025-11-01T00:32:00.808+0100] {logging_mixin.py:188} INFO - [2025-11-01T00:32:00.808+0100] {dag.py:3089} INFO - Sync 3 DAGs
[2025-11-01T00:32:00.967+0100] {processor.py:183} INFO - Processing /opt/airflow/dags/avito_pipeline.py took 0.668 seconds
[2025-11-01T00:32:31.234+0100] {processor.py:161} INFO - Started process (PID=295) to work on /opt/airflow/dags/avito_pipeline.py
[2025-11-01T00:32:31.235+0100] {processor.py:830} INFO - Processing file /opt/airflow/dags/avito_pipeline.py for tasks to queue
[2025-11-01T00:32:31.238+0100] {logging_mixin.py:188} INFO - [2025-11-01T00:32:31.237+0100] {dagbag.py:545} INFO - Filling up the DagBag from /opt/airflow/dags/avito_pipeline.py
[2025-11-01T00:32:31.262+0100] {processor.py:840} INFO - DAG(s) 'avito_silver_every_15min', 'avito_iceberg_maintenance_daily', 'avito_producer_every_5min' retrieved from /opt/airflow/dags/avito_pipeline.py
[2025-11-01T00:32:31.308+0100] {logging_mixin.py:188} INFO - [2025-11-01T00:32:31.308+0100] {dag.py:3089} INFO - Sync 3 DAGs
[2025-11-01T00:32:31.357+0100] {processor.py:183} INFO - Processing /opt/airflow/dags/avito_pipeline.py took 0.133 seconds
[2025-11-01T00:33:01.409+0100] {processor.py:161} INFO - Started process (PID=300) to work on /opt/airflow/dags/avito_pipeline.py
[2025-11-01T00:33:01.410+0100] {processor.py:830} INFO - Processing file /opt/airflow/dags/avito_pipeline.py for tasks to queue
[2025-11-01T00:33:01.412+0100] {logging_mixin.py:188} INFO - [2025-11-01T00:33:01.412+0100] {dagbag.py:545} INFO - Filling up the DagBag from /opt/airflow/dags/avito_pipeline.py
[2025-11-01T00:33:01.438+0100] {processor.py:840} INFO - DAG(s) 'avito_producer_every_5min', 'avito_silver_every_15min', 'avito_iceberg_maintenance_daily' retrieved from /opt/airflow/dags/avito_pipeline.py
[2025-11-01T00:33:01.486+0100] {logging_mixin.py:188} INFO - [2025-11-01T00:33:01.486+0100] {dag.py:3089} INFO - Sync 3 DAGs
[2025-11-01T00:33:01.536+0100] {processor.py:183} INFO - Processing /opt/airflow/dags/avito_pipeline.py took 0.134 seconds
[2025-11-01T00:33:31.731+0100] {processor.py:161} INFO - Started process (PID=305) to work on /opt/airflow/dags/avito_pipeline.py
[2025-11-01T00:33:31.732+0100] {processor.py:830} INFO - Processing file /opt/airflow/dags/avito_pipeline.py for tasks to queue
[2025-11-01T00:33:31.735+0100] {logging_mixin.py:188} INFO - [2025-11-01T00:33:31.734+0100] {dagbag.py:545} INFO - Filling up the DagBag from /opt/airflow/dags/avito_pipeline.py
[2025-11-01T00:33:31.770+0100] {processor.py:840} INFO - DAG(s) 'avito_producer_every_5min', 'avito_silver_every_15min', 'avito_iceberg_maintenance_daily' retrieved from /opt/airflow/dags/avito_pipeline.py
[2025-11-01T00:33:31.854+0100] {logging_mixin.py:188} INFO - [2025-11-01T00:33:31.854+0100] {dag.py:3089} INFO - Sync 3 DAGs
[2025-11-01T00:33:31.913+0100] {processor.py:183} INFO - Processing /opt/airflow/dags/avito_pipeline.py took 0.190 seconds
[2025-11-01T00:34:02.137+0100] {processor.py:161} INFO - Started process (PID=310) to work on /opt/airflow/dags/avito_pipeline.py
[2025-11-01T00:34:02.138+0100] {processor.py:830} INFO - Processing file /opt/airflow/dags/avito_pipeline.py for tasks to queue
[2025-11-01T00:34:02.140+0100] {logging_mixin.py:188} INFO - [2025-11-01T00:34:02.140+0100] {dagbag.py:545} INFO - Filling up the DagBag from /opt/airflow/dags/avito_pipeline.py
[2025-11-01T00:34:02.162+0100] {processor.py:840} INFO - DAG(s) 'avito_producer_every_5min', 'avito_silver_every_15min', 'avito_iceberg_maintenance_daily' retrieved from /opt/airflow/dags/avito_pipeline.py
[2025-11-01T00:34:02.207+0100] {logging_mixin.py:188} INFO - [2025-11-01T00:34:02.206+0100] {dag.py:3089} INFO - Sync 3 DAGs
[2025-11-01T00:34:02.253+0100] {processor.py:183} INFO - Processing /opt/airflow/dags/avito_pipeline.py took 0.123 seconds
[2025-11-01T00:34:32.384+0100] {processor.py:161} INFO - Started process (PID=326) to work on /opt/airflow/dags/avito_pipeline.py
[2025-11-01T00:34:32.385+0100] {processor.py:830} INFO - Processing file /opt/airflow/dags/avito_pipeline.py for tasks to queue
[2025-11-01T00:34:32.387+0100] {logging_mixin.py:188} INFO - [2025-11-01T00:34:32.386+0100] {dagbag.py:545} INFO - Filling up the DagBag from /opt/airflow/dags/avito_pipeline.py
[2025-11-01T00:34:32.408+0100] {processor.py:840} INFO - DAG(s) 'avito_silver_every_15min', 'avito_producer_every_5min', 'avito_iceberg_maintenance_daily' retrieved from /opt/airflow/dags/avito_pipeline.py
[2025-11-01T00:34:32.450+0100] {logging_mixin.py:188} INFO - [2025-11-01T00:34:32.450+0100] {dag.py:3089} INFO - Sync 3 DAGs
[2025-11-01T00:34:32.495+0100] {processor.py:183} INFO - Processing /opt/airflow/dags/avito_pipeline.py took 0.119 seconds
[2025-11-01T00:35:02.634+0100] {processor.py:161} INFO - Started process (PID=331) to work on /opt/airflow/dags/avito_pipeline.py
[2025-11-01T00:35:02.635+0100] {processor.py:830} INFO - Processing file /opt/airflow/dags/avito_pipeline.py for tasks to queue
[2025-11-01T00:35:02.638+0100] {logging_mixin.py:188} INFO - [2025-11-01T00:35:02.638+0100] {dagbag.py:545} INFO - Filling up the DagBag from /opt/airflow/dags/avito_pipeline.py
[2025-11-01T00:35:02.670+0100] {processor.py:840} INFO - DAG(s) 'avito_producer_every_5min', 'avito_iceberg_maintenance_daily', 'avito_silver_every_15min' retrieved from /opt/airflow/dags/avito_pipeline.py
[2025-11-01T00:35:02.719+0100] {logging_mixin.py:188} INFO - [2025-11-01T00:35:02.718+0100] {dag.py:3089} INFO - Sync 3 DAGs
[2025-11-01T00:35:02.769+0100] {processor.py:183} INFO - Processing /opt/airflow/dags/avito_pipeline.py took 0.145 seconds
[2025-11-01T00:35:32.911+0100] {processor.py:161} INFO - Started process (PID=349) to work on /opt/airflow/dags/avito_pipeline.py
[2025-11-01T00:35:32.913+0100] {processor.py:830} INFO - Processing file /opt/airflow/dags/avito_pipeline.py for tasks to queue
[2025-11-01T00:35:32.917+0100] {logging_mixin.py:188} INFO - [2025-11-01T00:35:32.915+0100] {dagbag.py:545} INFO - Filling up the DagBag from /opt/airflow/dags/avito_pipeline.py
[2025-11-01T00:35:32.960+0100] {processor.py:840} INFO - DAG(s) 'avito_silver_every_15min', 'avito_producer_every_5min', 'avito_iceberg_maintenance_daily' retrieved from /opt/airflow/dags/avito_pipeline.py
[2025-11-01T00:35:33.024+0100] {logging_mixin.py:188} INFO - [2025-11-01T00:35:33.024+0100] {dag.py:3089} INFO - Sync 3 DAGs
[2025-11-01T00:35:33.087+0100] {processor.py:183} INFO - Processing /opt/airflow/dags/avito_pipeline.py took 0.188 seconds
[2025-11-01T00:36:03.148+0100] {processor.py:161} INFO - Started process (PID=366) to work on /opt/airflow/dags/avito_pipeline.py
[2025-11-01T00:36:03.149+0100] {processor.py:830} INFO - Processing file /opt/airflow/dags/avito_pipeline.py for tasks to queue
[2025-11-01T00:36:03.151+0100] {logging_mixin.py:188} INFO - [2025-11-01T00:36:03.150+0100] {dagbag.py:545} INFO - Filling up the DagBag from /opt/airflow/dags/avito_pipeline.py
[2025-11-01T00:36:03.172+0100] {processor.py:840} INFO - DAG(s) 'avito_producer_every_5min', 'avito_iceberg_maintenance_daily', 'avito_silver_every_15min' retrieved from /opt/airflow/dags/avito_pipeline.py
[2025-11-01T00:36:03.215+0100] {logging_mixin.py:188} INFO - [2025-11-01T00:36:03.215+0100] {dag.py:3089} INFO - Sync 3 DAGs
[2025-11-01T00:36:03.261+0100] {processor.py:183} INFO - Processing /opt/airflow/dags/avito_pipeline.py took 0.120 seconds
[2025-11-01T00:36:33.512+0100] {processor.py:161} INFO - Started process (PID=371) to work on /opt/airflow/dags/avito_pipeline.py
[2025-11-01T00:36:33.513+0100] {processor.py:830} INFO - Processing file /opt/airflow/dags/avito_pipeline.py for tasks to queue
[2025-11-01T00:36:33.516+0100] {logging_mixin.py:188} INFO - [2025-11-01T00:36:33.515+0100] {dagbag.py:545} INFO - Filling up the DagBag from /opt/airflow/dags/avito_pipeline.py
[2025-11-01T00:36:33.539+0100] {processor.py:840} INFO - DAG(s) 'avito_iceberg_maintenance_daily', 'avito_producer_every_5min', 'avito_silver_every_15min' retrieved from /opt/airflow/dags/avito_pipeline.py
[2025-11-01T00:36:33.584+0100] {logging_mixin.py:188} INFO - [2025-11-01T00:36:33.584+0100] {dag.py:3089} INFO - Sync 3 DAGs
[2025-11-01T00:36:33.633+0100] {processor.py:183} INFO - Processing /opt/airflow/dags/avito_pipeline.py took 0.127 seconds
[2025-11-01T00:37:03.723+0100] {processor.py:161} INFO - Started process (PID=376) to work on /opt/airflow/dags/avito_pipeline.py
[2025-11-01T00:37:03.724+0100] {processor.py:830} INFO - Processing file /opt/airflow/dags/avito_pipeline.py for tasks to queue
[2025-11-01T00:37:03.727+0100] {logging_mixin.py:188} INFO - [2025-11-01T00:37:03.726+0100] {dagbag.py:545} INFO - Filling up the DagBag from /opt/airflow/dags/avito_pipeline.py
[2025-11-01T00:37:03.748+0100] {processor.py:840} INFO - DAG(s) 'avito_silver_every_15min', 'avito_iceberg_maintenance_daily', 'avito_producer_every_5min' retrieved from /opt/airflow/dags/avito_pipeline.py
[2025-11-01T00:37:03.785+0100] {logging_mixin.py:188} INFO - [2025-11-01T00:37:03.785+0100] {dag.py:3089} INFO - Sync 3 DAGs
[2025-11-01T00:37:03.828+0100] {processor.py:183} INFO - Processing /opt/airflow/dags/avito_pipeline.py took 0.112 seconds
[2025-11-01T00:37:34.080+0100] {processor.py:161} INFO - Started process (PID=381) to work on /opt/airflow/dags/avito_pipeline.py
[2025-11-01T00:37:34.081+0100] {processor.py:830} INFO - Processing file /opt/airflow/dags/avito_pipeline.py for tasks to queue
[2025-11-01T00:37:34.083+0100] {logging_mixin.py:188} INFO - [2025-11-01T00:37:34.083+0100] {dagbag.py:545} INFO - Filling up the DagBag from /opt/airflow/dags/avito_pipeline.py
[2025-11-01T00:37:34.104+0100] {processor.py:840} INFO - DAG(s) 'avito_silver_every_15min', 'avito_iceberg_maintenance_daily', 'avito_producer_every_5min' retrieved from /opt/airflow/dags/avito_pipeline.py
[2025-11-01T00:37:34.149+0100] {logging_mixin.py:188} INFO - [2025-11-01T00:37:34.149+0100] {dag.py:3089} INFO - Sync 3 DAGs
[2025-11-01T00:37:34.199+0100] {processor.py:183} INFO - Processing /opt/airflow/dags/avito_pipeline.py took 0.128 seconds
[2025-11-01T00:38:04.336+0100] {processor.py:161} INFO - Started process (PID=398) to work on /opt/airflow/dags/avito_pipeline.py
[2025-11-01T00:38:04.339+0100] {processor.py:830} INFO - Processing file /opt/airflow/dags/avito_pipeline.py for tasks to queue
[2025-11-01T00:38:04.344+0100] {logging_mixin.py:188} INFO - [2025-11-01T00:38:04.344+0100] {dagbag.py:545} INFO - Filling up the DagBag from /opt/airflow/dags/avito_pipeline.py
[2025-11-01T00:38:04.396+0100] {processor.py:840} INFO - DAG(s) 'avito_silver_every_15min', 'avito_producer_every_5min', 'avito_iceberg_maintenance_daily' retrieved from /opt/airflow/dags/avito_pipeline.py
[2025-11-01T00:38:04.450+0100] {logging_mixin.py:188} INFO - [2025-11-01T00:38:04.449+0100] {dag.py:3089} INFO - Sync 3 DAGs
[2025-11-01T00:38:04.532+0100] {processor.py:183} INFO - Processing /opt/airflow/dags/avito_pipeline.py took 0.207 seconds
[2025-11-01T00:38:34.709+0100] {processor.py:161} INFO - Started process (PID=403) to work on /opt/airflow/dags/avito_pipeline.py
[2025-11-01T00:38:34.710+0100] {processor.py:830} INFO - Processing file /opt/airflow/dags/avito_pipeline.py for tasks to queue
[2025-11-01T00:38:34.714+0100] {logging_mixin.py:188} INFO - [2025-11-01T00:38:34.713+0100] {dagbag.py:545} INFO - Filling up the DagBag from /opt/airflow/dags/avito_pipeline.py
[2025-11-01T00:38:34.759+0100] {processor.py:840} INFO - DAG(s) 'avito_iceberg_maintenance_daily', 'avito_silver_every_15min', 'avito_producer_every_5min' retrieved from /opt/airflow/dags/avito_pipeline.py
[2025-11-01T00:38:34.814+0100] {logging_mixin.py:188} INFO - [2025-11-01T00:38:34.814+0100] {dag.py:3089} INFO - Sync 3 DAGs
[2025-11-01T00:38:34.870+0100] {processor.py:183} INFO - Processing /opt/airflow/dags/avito_pipeline.py took 0.179 seconds
[2025-11-01T00:39:05.073+0100] {processor.py:161} INFO - Started process (PID=408) to work on /opt/airflow/dags/avito_pipeline.py
[2025-11-01T00:39:05.075+0100] {processor.py:830} INFO - Processing file /opt/airflow/dags/avito_pipeline.py for tasks to queue
[2025-11-01T00:39:05.080+0100] {logging_mixin.py:188} INFO - [2025-11-01T00:39:05.079+0100] {dagbag.py:545} INFO - Filling up the DagBag from /opt/airflow/dags/avito_pipeline.py
[2025-11-01T00:39:05.117+0100] {processor.py:840} INFO - DAG(s) 'avito_silver_every_15min', 'avito_iceberg_maintenance_daily', 'avito_producer_every_5min' retrieved from /opt/airflow/dags/avito_pipeline.py
[2025-11-01T00:39:05.180+0100] {logging_mixin.py:188} INFO - [2025-11-01T00:39:05.179+0100] {dag.py:3089} INFO - Sync 3 DAGs
[2025-11-01T00:39:05.248+0100] {processor.py:183} INFO - Processing /opt/airflow/dags/avito_pipeline.py took 0.195 seconds
[2025-11-01T00:39:35.484+0100] {processor.py:161} INFO - Started process (PID=413) to work on /opt/airflow/dags/avito_pipeline.py
[2025-11-01T00:39:35.486+0100] {processor.py:830} INFO - Processing file /opt/airflow/dags/avito_pipeline.py for tasks to queue
[2025-11-01T00:39:35.490+0100] {logging_mixin.py:188} INFO - [2025-11-01T00:39:35.489+0100] {dagbag.py:545} INFO - Filling up the DagBag from /opt/airflow/dags/avito_pipeline.py
[2025-11-01T00:39:35.528+0100] {processor.py:840} INFO - DAG(s) 'avito_silver_every_15min', 'avito_producer_every_5min', 'avito_iceberg_maintenance_daily' retrieved from /opt/airflow/dags/avito_pipeline.py
[2025-11-01T00:39:35.578+0100] {logging_mixin.py:188} INFO - [2025-11-01T00:39:35.578+0100] {dag.py:3089} INFO - Sync 3 DAGs
[2025-11-01T00:39:35.636+0100] {processor.py:183} INFO - Processing /opt/airflow/dags/avito_pipeline.py took 0.171 seconds
[2025-11-01T00:40:05.857+0100] {processor.py:161} INFO - Started process (PID=440) to work on /opt/airflow/dags/avito_pipeline.py
[2025-11-01T00:40:05.859+0100] {processor.py:830} INFO - Processing file /opt/airflow/dags/avito_pipeline.py for tasks to queue
[2025-11-01T00:40:05.869+0100] {logging_mixin.py:188} INFO - [2025-11-01T00:40:05.869+0100] {dagbag.py:545} INFO - Filling up the DagBag from /opt/airflow/dags/avito_pipeline.py
[2025-11-01T00:40:05.908+0100] {processor.py:840} INFO - DAG(s) 'avito_iceberg_maintenance_daily', 'avito_silver_every_15min', 'avito_producer_every_5min' retrieved from /opt/airflow/dags/avito_pipeline.py
[2025-11-01T00:40:05.954+0100] {logging_mixin.py:188} INFO - [2025-11-01T00:40:05.954+0100] {dag.py:3089} INFO - Sync 3 DAGs
[2025-11-01T00:40:06.002+0100] {processor.py:183} INFO - Processing /opt/airflow/dags/avito_pipeline.py took 0.160 seconds
[2025-11-01T00:40:19.986+0100] {processor.py:161} INFO - Started process (PID=445) to work on /opt/airflow/dags/avito_pipeline.py
[2025-11-01T00:40:19.987+0100] {processor.py:830} INFO - Processing file /opt/airflow/dags/avito_pipeline.py for tasks to queue
[2025-11-01T00:40:19.990+0100] {logging_mixin.py:188} INFO - [2025-11-01T00:40:19.990+0100] {dagbag.py:545} INFO - Filling up the DagBag from /opt/airflow/dags/avito_pipeline.py
[2025-11-01T00:40:20.000+0100] {logging_mixin.py:188} INFO - [2025-11-01T00:40:19.999+0100] {dagbag.py:334} INFO - File /opt/airflow/dags/avito_pipeline.py assumed to contain no DAGs. Skipping.
[2025-11-01T00:40:20.000+0100] {processor.py:842} WARNING - No viable dags retrieved from /opt/airflow/dags/avito_pipeline.py
[2025-11-01T00:40:20.023+0100] {processor.py:183} INFO - Processing /opt/airflow/dags/avito_pipeline.py took 0.047 seconds
[2025-11-01T00:40:50.211+0100] {processor.py:161} INFO - Started process (PID=450) to work on /opt/airflow/dags/avito_pipeline.py
[2025-11-01T00:40:50.213+0100] {processor.py:830} INFO - Processing file /opt/airflow/dags/avito_pipeline.py for tasks to queue
[2025-11-01T00:40:50.215+0100] {logging_mixin.py:188} INFO - [2025-11-01T00:40:50.215+0100] {dagbag.py:545} INFO - Filling up the DagBag from /opt/airflow/dags/avito_pipeline.py
[2025-11-01T00:40:50.224+0100] {logging_mixin.py:188} INFO - [2025-11-01T00:40:50.224+0100] {dagbag.py:334} INFO - File /opt/airflow/dags/avito_pipeline.py assumed to contain no DAGs. Skipping.
[2025-11-01T00:40:50.225+0100] {processor.py:842} WARNING - No viable dags retrieved from /opt/airflow/dags/avito_pipeline.py
[2025-11-01T00:40:50.245+0100] {processor.py:183} INFO - Processing /opt/airflow/dags/avito_pipeline.py took 0.043 seconds
[2025-11-01T00:41:20.449+0100] {processor.py:161} INFO - Started process (PID=455) to work on /opt/airflow/dags/avito_pipeline.py
[2025-11-01T00:41:20.451+0100] {processor.py:830} INFO - Processing file /opt/airflow/dags/avito_pipeline.py for tasks to queue
[2025-11-01T00:41:20.462+0100] {logging_mixin.py:188} INFO - [2025-11-01T00:41:20.461+0100] {dagbag.py:545} INFO - Filling up the DagBag from /opt/airflow/dags/avito_pipeline.py
[2025-11-01T00:41:20.470+0100] {logging_mixin.py:188} INFO - [2025-11-01T00:41:20.470+0100] {dagbag.py:334} INFO - File /opt/airflow/dags/avito_pipeline.py assumed to contain no DAGs. Skipping.
[2025-11-01T00:41:20.471+0100] {processor.py:842} WARNING - No viable dags retrieved from /opt/airflow/dags/avito_pipeline.py
[2025-11-01T00:41:20.510+0100] {processor.py:183} INFO - Processing /opt/airflow/dags/avito_pipeline.py took 0.077 seconds
[2025-11-01T00:41:49.787+0100] {processor.py:161} INFO - Started process (PID=460) to work on /opt/airflow/dags/avito_pipeline.py
[2025-11-01T00:41:49.790+0100] {processor.py:830} INFO - Processing file /opt/airflow/dags/avito_pipeline.py for tasks to queue
[2025-11-01T00:41:49.800+0100] {logging_mixin.py:188} INFO - [2025-11-01T00:41:49.799+0100] {dagbag.py:545} INFO - Filling up the DagBag from /opt/airflow/dags/avito_pipeline.py
[2025-11-01T00:41:49.881+0100] {processor.py:840} INFO - DAG(s) 'avito_producer_every_5min', 'avito_silver_every_15min', 'avito_iceberg_maintenance_daily' retrieved from /opt/airflow/dags/avito_pipeline.py
[2025-11-01T00:41:50.336+0100] {logging_mixin.py:188} INFO - [2025-11-01T00:41:50.335+0100] {dag.py:3089} INFO - Sync 3 DAGs
[2025-11-01T00:41:50.396+0100] {processor.py:183} INFO - Processing /opt/airflow/dags/avito_pipeline.py took 0.626 seconds
[2025-11-01T00:42:20.603+0100] {processor.py:161} INFO - Started process (PID=489) to work on /opt/airflow/dags/avito_pipeline.py
[2025-11-01T00:42:20.604+0100] {processor.py:830} INFO - Processing file /opt/airflow/dags/avito_pipeline.py for tasks to queue
[2025-11-01T00:42:20.606+0100] {logging_mixin.py:188} INFO - [2025-11-01T00:42:20.606+0100] {dagbag.py:545} INFO - Filling up the DagBag from /opt/airflow/dags/avito_pipeline.py
[2025-11-01T00:42:20.632+0100] {processor.py:840} INFO - DAG(s) 'avito_producer_every_5min', 'avito_iceberg_maintenance_daily', 'avito_silver_every_15min' retrieved from /opt/airflow/dags/avito_pipeline.py
[2025-11-01T00:42:20.673+0100] {logging_mixin.py:188} INFO - [2025-11-01T00:42:20.673+0100] {dag.py:3089} INFO - Sync 3 DAGs
[2025-11-01T00:42:20.723+0100] {processor.py:183} INFO - Processing /opt/airflow/dags/avito_pipeline.py took 0.128 seconds
[2025-11-01T00:42:50.867+0100] {processor.py:161} INFO - Started process (PID=494) to work on /opt/airflow/dags/avito_pipeline.py
[2025-11-01T00:42:50.868+0100] {processor.py:830} INFO - Processing file /opt/airflow/dags/avito_pipeline.py for tasks to queue
[2025-11-01T00:42:50.871+0100] {logging_mixin.py:188} INFO - [2025-11-01T00:42:50.871+0100] {dagbag.py:545} INFO - Filling up the DagBag from /opt/airflow/dags/avito_pipeline.py
[2025-11-01T00:42:50.896+0100] {processor.py:840} INFO - DAG(s) 'avito_producer_every_5min', 'avito_iceberg_maintenance_daily', 'avito_silver_every_15min' retrieved from /opt/airflow/dags/avito_pipeline.py
[2025-11-01T00:42:50.950+0100] {logging_mixin.py:188} INFO - [2025-11-01T00:42:50.949+0100] {dag.py:3089} INFO - Sync 3 DAGs
[2025-11-01T00:42:51.002+0100] {processor.py:183} INFO - Processing /opt/airflow/dags/avito_pipeline.py took 0.144 seconds
[2025-11-01T00:43:21.394+0100] {processor.py:161} INFO - Started process (PID=499) to work on /opt/airflow/dags/avito_pipeline.py
[2025-11-01T00:43:21.396+0100] {processor.py:830} INFO - Processing file /opt/airflow/dags/avito_pipeline.py for tasks to queue
[2025-11-01T00:43:21.399+0100] {logging_mixin.py:188} INFO - [2025-11-01T00:43:21.399+0100] {dagbag.py:545} INFO - Filling up the DagBag from /opt/airflow/dags/avito_pipeline.py
[2025-11-01T00:43:21.441+0100] {processor.py:840} INFO - DAG(s) 'avito_producer_every_5min', 'avito_iceberg_maintenance_daily', 'avito_silver_every_15min' retrieved from /opt/airflow/dags/avito_pipeline.py
[2025-11-01T00:43:21.497+0100] {logging_mixin.py:188} INFO - [2025-11-01T00:43:21.496+0100] {dag.py:3089} INFO - Sync 3 DAGs
[2025-11-01T00:43:21.605+0100] {processor.py:183} INFO - Processing /opt/airflow/dags/avito_pipeline.py took 0.222 seconds
[2025-11-01T00:43:51.971+0100] {processor.py:161} INFO - Started process (PID=504) to work on /opt/airflow/dags/avito_pipeline.py
[2025-11-01T00:43:51.978+0100] {processor.py:830} INFO - Processing file /opt/airflow/dags/avito_pipeline.py for tasks to queue
[2025-11-01T00:43:51.983+0100] {logging_mixin.py:188} INFO - [2025-11-01T00:43:51.982+0100] {dagbag.py:545} INFO - Filling up the DagBag from /opt/airflow/dags/avito_pipeline.py
[2025-11-01T00:43:52.060+0100] {processor.py:840} INFO - DAG(s) 'avito_producer_every_5min', 'avito_silver_every_15min', 'avito_iceberg_maintenance_daily' retrieved from /opt/airflow/dags/avito_pipeline.py
[2025-11-01T00:43:52.218+0100] {logging_mixin.py:188} INFO - [2025-11-01T00:43:52.217+0100] {dag.py:3089} INFO - Sync 3 DAGs
[2025-11-01T00:43:52.401+0100] {processor.py:183} INFO - Processing /opt/airflow/dags/avito_pipeline.py took 0.454 seconds
[2025-11-01T00:44:22.908+0100] {processor.py:161} INFO - Started process (PID=544) to work on /opt/airflow/dags/avito_pipeline.py
[2025-11-01T00:44:22.910+0100] {processor.py:830} INFO - Processing file /opt/airflow/dags/avito_pipeline.py for tasks to queue
[2025-11-01T00:44:22.913+0100] {logging_mixin.py:188} INFO - [2025-11-01T00:44:22.913+0100] {dagbag.py:545} INFO - Filling up the DagBag from /opt/airflow/dags/avito_pipeline.py
[2025-11-01T00:44:22.949+0100] {processor.py:840} INFO - DAG(s) 'avito_producer_every_5min', 'avito_iceberg_maintenance_daily', 'avito_silver_every_15min' retrieved from /opt/airflow/dags/avito_pipeline.py
[2025-11-01T00:44:23.004+0100] {logging_mixin.py:188} INFO - [2025-11-01T00:44:23.004+0100] {dag.py:3089} INFO - Sync 3 DAGs
[2025-11-01T00:44:23.073+0100] {processor.py:183} INFO - Processing /opt/airflow/dags/avito_pipeline.py took 0.175 seconds
[2025-11-01T00:44:53.192+0100] {processor.py:161} INFO - Started process (PID=549) to work on /opt/airflow/dags/avito_pipeline.py
[2025-11-01T00:44:53.195+0100] {processor.py:830} INFO - Processing file /opt/airflow/dags/avito_pipeline.py for tasks to queue
[2025-11-01T00:44:53.199+0100] {logging_mixin.py:188} INFO - [2025-11-01T00:44:53.198+0100] {dagbag.py:545} INFO - Filling up the DagBag from /opt/airflow/dags/avito_pipeline.py
[2025-11-01T00:44:53.244+0100] {processor.py:840} INFO - DAG(s) 'avito_iceberg_maintenance_daily', 'avito_silver_every_15min', 'avito_producer_every_5min' retrieved from /opt/airflow/dags/avito_pipeline.py
[2025-11-01T00:44:53.318+0100] {logging_mixin.py:188} INFO - [2025-11-01T00:44:53.317+0100] {dag.py:3089} INFO - Sync 3 DAGs
[2025-11-01T00:44:53.388+0100] {processor.py:183} INFO - Processing /opt/airflow/dags/avito_pipeline.py took 0.212 seconds
[2025-11-01T00:45:23.754+0100] {processor.py:161} INFO - Started process (PID=554) to work on /opt/airflow/dags/avito_pipeline.py
[2025-11-01T00:45:23.756+0100] {processor.py:830} INFO - Processing file /opt/airflow/dags/avito_pipeline.py for tasks to queue
[2025-11-01T00:45:23.775+0100] {logging_mixin.py:188} INFO - [2025-11-01T00:45:23.774+0100] {dagbag.py:545} INFO - Filling up the DagBag from /opt/airflow/dags/avito_pipeline.py
[2025-11-01T00:45:23.830+0100] {processor.py:840} INFO - DAG(s) 'avito_producer_every_5min', 'avito_iceberg_maintenance_daily', 'avito_silver_every_15min' retrieved from /opt/airflow/dags/avito_pipeline.py
[2025-11-01T00:45:23.915+0100] {logging_mixin.py:188} INFO - [2025-11-01T00:45:23.915+0100] {dag.py:3089} INFO - Sync 3 DAGs
[2025-11-01T00:45:24.017+0100] {processor.py:183} INFO - Processing /opt/airflow/dags/avito_pipeline.py took 0.281 seconds
[2025-11-01T00:45:54.220+0100] {processor.py:161} INFO - Started process (PID=559) to work on /opt/airflow/dags/avito_pipeline.py
[2025-11-01T00:45:54.221+0100] {processor.py:830} INFO - Processing file /opt/airflow/dags/avito_pipeline.py for tasks to queue
[2025-11-01T00:45:54.224+0100] {logging_mixin.py:188} INFO - [2025-11-01T00:45:54.223+0100] {dagbag.py:545} INFO - Filling up the DagBag from /opt/airflow/dags/avito_pipeline.py
[2025-11-01T00:45:54.251+0100] {processor.py:840} INFO - DAG(s) 'avito_producer_every_5min', 'avito_iceberg_maintenance_daily', 'avito_silver_every_15min' retrieved from /opt/airflow/dags/avito_pipeline.py
[2025-11-01T00:45:54.306+0100] {logging_mixin.py:188} INFO - [2025-11-01T00:45:54.305+0100] {dag.py:3089} INFO - Sync 3 DAGs
[2025-11-01T00:45:54.356+0100] {processor.py:183} INFO - Processing /opt/airflow/dags/avito_pipeline.py took 0.144 seconds
[2025-11-01T00:46:24.450+0100] {processor.py:161} INFO - Started process (PID=576) to work on /opt/airflow/dags/avito_pipeline.py
[2025-11-01T00:46:24.452+0100] {processor.py:830} INFO - Processing file /opt/airflow/dags/avito_pipeline.py for tasks to queue
[2025-11-01T00:46:24.456+0100] {logging_mixin.py:188} INFO - [2025-11-01T00:46:24.455+0100] {dagbag.py:545} INFO - Filling up the DagBag from /opt/airflow/dags/avito_pipeline.py
[2025-11-01T00:46:24.496+0100] {processor.py:840} INFO - DAG(s) 'avito_silver_every_15min', 'avito_iceberg_maintenance_daily', 'avito_producer_every_5min' retrieved from /opt/airflow/dags/avito_pipeline.py
[2025-11-01T00:46:24.572+0100] {logging_mixin.py:188} INFO - [2025-11-01T00:46:24.571+0100] {dag.py:3089} INFO - Sync 3 DAGs
[2025-11-01T00:46:24.663+0100] {processor.py:183} INFO - Processing /opt/airflow/dags/avito_pipeline.py took 0.226 seconds
[2025-11-01T00:46:54.760+0100] {processor.py:161} INFO - Started process (PID=581) to work on /opt/airflow/dags/avito_pipeline.py
[2025-11-01T00:46:54.761+0100] {processor.py:830} INFO - Processing file /opt/airflow/dags/avito_pipeline.py for tasks to queue
[2025-11-01T00:46:54.763+0100] {logging_mixin.py:188} INFO - [2025-11-01T00:46:54.763+0100] {dagbag.py:545} INFO - Filling up the DagBag from /opt/airflow/dags/avito_pipeline.py
[2025-11-01T00:46:54.788+0100] {processor.py:840} INFO - DAG(s) 'avito_iceberg_maintenance_daily', 'avito_producer_every_5min', 'avito_silver_every_15min' retrieved from /opt/airflow/dags/avito_pipeline.py
[2025-11-01T00:46:54.833+0100] {logging_mixin.py:188} INFO - [2025-11-01T00:46:54.832+0100] {dag.py:3089} INFO - Sync 3 DAGs
[2025-11-01T00:46:54.877+0100] {processor.py:183} INFO - Processing /opt/airflow/dags/avito_pipeline.py took 0.124 seconds
[2025-11-01T00:47:25.093+0100] {processor.py:161} INFO - Started process (PID=586) to work on /opt/airflow/dags/avito_pipeline.py
[2025-11-01T00:47:25.094+0100] {processor.py:830} INFO - Processing file /opt/airflow/dags/avito_pipeline.py for tasks to queue
[2025-11-01T00:47:25.095+0100] {logging_mixin.py:188} INFO - [2025-11-01T00:47:25.095+0100] {dagbag.py:545} INFO - Filling up the DagBag from /opt/airflow/dags/avito_pipeline.py
[2025-11-01T00:47:25.117+0100] {processor.py:840} INFO - DAG(s) 'avito_silver_every_15min', 'avito_iceberg_maintenance_daily', 'avito_producer_every_5min' retrieved from /opt/airflow/dags/avito_pipeline.py
[2025-11-01T00:47:25.159+0100] {logging_mixin.py:188} INFO - [2025-11-01T00:47:25.158+0100] {dag.py:3089} INFO - Sync 3 DAGs
[2025-11-01T00:47:25.206+0100] {processor.py:183} INFO - Processing /opt/airflow/dags/avito_pipeline.py took 0.119 seconds
[2025-11-01T00:47:55.288+0100] {processor.py:161} INFO - Started process (PID=591) to work on /opt/airflow/dags/avito_pipeline.py
[2025-11-01T00:47:55.289+0100] {processor.py:830} INFO - Processing file /opt/airflow/dags/avito_pipeline.py for tasks to queue
[2025-11-01T00:47:55.291+0100] {logging_mixin.py:188} INFO - [2025-11-01T00:47:55.291+0100] {dagbag.py:545} INFO - Filling up the DagBag from /opt/airflow/dags/avito_pipeline.py
[2025-11-01T00:47:55.560+0100] {processor.py:840} INFO - DAG(s) 'avito_iceberg_maintenance_daily', 'avito_producer_every_5min', 'avito_silver_every_15min' retrieved from /opt/airflow/dags/avito_pipeline.py
[2025-11-01T00:47:55.608+0100] {logging_mixin.py:188} INFO - [2025-11-01T00:47:55.608+0100] {dag.py:3089} INFO - Sync 3 DAGs
[2025-11-01T00:47:55.656+0100] {processor.py:183} INFO - Processing /opt/airflow/dags/avito_pipeline.py took 0.375 seconds
[2025-11-01T00:48:25.939+0100] {processor.py:161} INFO - Started process (PID=632) to work on /opt/airflow/dags/avito_pipeline.py
[2025-11-01T00:48:25.940+0100] {processor.py:830} INFO - Processing file /opt/airflow/dags/avito_pipeline.py for tasks to queue
[2025-11-01T00:48:25.943+0100] {logging_mixin.py:188} INFO - [2025-11-01T00:48:25.942+0100] {dagbag.py:545} INFO - Filling up the DagBag from /opt/airflow/dags/avito_pipeline.py
[2025-11-01T00:48:25.965+0100] {processor.py:840} INFO - DAG(s) 'avito_producer_every_5min', 'avito_silver_every_15min', 'avito_iceberg_maintenance_daily' retrieved from /opt/airflow/dags/avito_pipeline.py
[2025-11-01T00:48:26.004+0100] {logging_mixin.py:188} INFO - [2025-11-01T00:48:26.004+0100] {dag.py:3089} INFO - Sync 3 DAGs
[2025-11-01T00:48:26.052+0100] {processor.py:183} INFO - Processing /opt/airflow/dags/avito_pipeline.py took 0.120 seconds
[2025-11-01T00:48:56.203+0100] {processor.py:161} INFO - Started process (PID=637) to work on /opt/airflow/dags/avito_pipeline.py
[2025-11-01T00:48:56.205+0100] {processor.py:830} INFO - Processing file /opt/airflow/dags/avito_pipeline.py for tasks to queue
[2025-11-01T00:48:56.208+0100] {logging_mixin.py:188} INFO - [2025-11-01T00:48:56.208+0100] {dagbag.py:545} INFO - Filling up the DagBag from /opt/airflow/dags/avito_pipeline.py
[2025-11-01T00:48:56.375+0100] {processor.py:840} INFO - DAG(s) 'avito_iceberg_maintenance_daily', 'avito_producer_every_5min', 'avito_silver_every_15min' retrieved from /opt/airflow/dags/avito_pipeline.py
[2025-11-01T00:48:56.443+0100] {logging_mixin.py:188} INFO - [2025-11-01T00:48:56.443+0100] {dag.py:3089} INFO - Sync 3 DAGs
[2025-11-01T00:48:56.524+0100] {processor.py:183} INFO - Processing /opt/airflow/dags/avito_pipeline.py took 0.331 seconds
[2025-11-01T00:49:26.733+0100] {processor.py:161} INFO - Started process (PID=642) to work on /opt/airflow/dags/avito_pipeline.py
[2025-11-01T00:49:26.734+0100] {processor.py:830} INFO - Processing file /opt/airflow/dags/avito_pipeline.py for tasks to queue
[2025-11-01T00:49:26.736+0100] {logging_mixin.py:188} INFO - [2025-11-01T00:49:26.736+0100] {dagbag.py:545} INFO - Filling up the DagBag from /opt/airflow/dags/avito_pipeline.py
[2025-11-01T00:49:26.760+0100] {processor.py:840} INFO - DAG(s) 'avito_silver_every_15min', 'avito_iceberg_maintenance_daily', 'avito_producer_every_5min' retrieved from /opt/airflow/dags/avito_pipeline.py
[2025-11-01T00:49:26.811+0100] {logging_mixin.py:188} INFO - [2025-11-01T00:49:26.811+0100] {dag.py:3089} INFO - Sync 3 DAGs
[2025-11-01T00:49:26.880+0100] {processor.py:183} INFO - Processing /opt/airflow/dags/avito_pipeline.py took 0.154 seconds
[2025-11-01T00:49:34.983+0100] {processor.py:161} INFO - Started process (PID=647) to work on /opt/airflow/dags/avito_pipeline.py
[2025-11-01T00:49:34.985+0100] {processor.py:830} INFO - Processing file /opt/airflow/dags/avito_pipeline.py for tasks to queue
[2025-11-01T00:49:34.989+0100] {logging_mixin.py:188} INFO - [2025-11-01T00:49:34.988+0100] {dagbag.py:545} INFO - Filling up the DagBag from /opt/airflow/dags/avito_pipeline.py
[2025-11-01T00:49:35.040+0100] {processor.py:840} INFO - DAG(s) 'avito_minimal_scrape_to_iceberg' retrieved from /opt/airflow/dags/avito_pipeline.py
[2025-11-01T00:49:35.243+0100] {logging_mixin.py:188} INFO - [2025-11-01T00:49:35.242+0100] {override.py:1858} INFO - Created Permission View: can read on DAG:avito_minimal_scrape_to_iceberg
[2025-11-01T00:49:35.256+0100] {logging_mixin.py:188} INFO - [2025-11-01T00:49:35.256+0100] {override.py:1858} INFO - Created Permission View: can edit on DAG:avito_minimal_scrape_to_iceberg
[2025-11-01T00:49:35.265+0100] {logging_mixin.py:188} INFO - [2025-11-01T00:49:35.265+0100] {override.py:1858} INFO - Created Permission View: can delete on DAG:avito_minimal_scrape_to_iceberg
[2025-11-01T00:49:35.266+0100] {logging_mixin.py:188} INFO - [2025-11-01T00:49:35.266+0100] {dag.py:3089} INFO - Sync 1 DAGs
[2025-11-01T00:49:35.277+0100] {logging_mixin.py:188} INFO - [2025-11-01T00:49:35.277+0100] {dag.py:3111} INFO - Creating ORM DAG for avito_minimal_scrape_to_iceberg
[2025-11-01T00:49:35.292+0100] {logging_mixin.py:188} INFO - [2025-11-01T00:49:35.292+0100] {dag.py:3947} INFO - Setting next_dagrun for avito_minimal_scrape_to_iceberg to 2025-10-31 23:40:00+00:00, run_after=2025-10-31 23:45:00+00:00
[2025-11-01T00:49:35.320+0100] {processor.py:183} INFO - Processing /opt/airflow/dags/avito_pipeline.py took 0.346 seconds
[2025-11-01T00:50:05.539+0100] {processor.py:161} INFO - Started process (PID=652) to work on /opt/airflow/dags/avito_pipeline.py
[2025-11-01T00:50:05.540+0100] {processor.py:830} INFO - Processing file /opt/airflow/dags/avito_pipeline.py for tasks to queue
[2025-11-01T00:50:05.542+0100] {logging_mixin.py:188} INFO - [2025-11-01T00:50:05.542+0100] {dagbag.py:545} INFO - Filling up the DagBag from /opt/airflow/dags/avito_pipeline.py
[2025-11-01T00:50:05.568+0100] {processor.py:840} INFO - DAG(s) 'avito_minimal_scrape_to_iceberg' retrieved from /opt/airflow/dags/avito_pipeline.py
[2025-11-01T00:50:05.607+0100] {logging_mixin.py:188} INFO - [2025-11-01T00:50:05.607+0100] {dag.py:3089} INFO - Sync 1 DAGs
[2025-11-01T00:50:05.637+0100] {logging_mixin.py:188} INFO - [2025-11-01T00:50:05.637+0100] {dag.py:3947} INFO - Setting next_dagrun for avito_minimal_scrape_to_iceberg to 2025-10-31 23:45:00+00:00, run_after=2025-10-31 23:50:00+00:00
[2025-11-01T00:50:05.664+0100] {processor.py:183} INFO - Processing /opt/airflow/dags/avito_pipeline.py took 0.132 seconds
[2025-11-01T00:50:35.740+0100] {processor.py:161} INFO - Started process (PID=694) to work on /opt/airflow/dags/avito_pipeline.py
[2025-11-01T00:50:35.741+0100] {processor.py:830} INFO - Processing file /opt/airflow/dags/avito_pipeline.py for tasks to queue
[2025-11-01T00:50:35.743+0100] {logging_mixin.py:188} INFO - [2025-11-01T00:50:35.742+0100] {dagbag.py:545} INFO - Filling up the DagBag from /opt/airflow/dags/avito_pipeline.py
[2025-11-01T00:50:35.763+0100] {processor.py:840} INFO - DAG(s) 'avito_minimal_scrape_to_iceberg' retrieved from /opt/airflow/dags/avito_pipeline.py
[2025-11-01T00:50:35.801+0100] {logging_mixin.py:188} INFO - [2025-11-01T00:50:35.801+0100] {dag.py:3089} INFO - Sync 1 DAGs
[2025-11-01T00:50:35.845+0100] {processor.py:183} INFO - Processing /opt/airflow/dags/avito_pipeline.py took 0.112 seconds
[2025-11-01T00:51:05.955+0100] {processor.py:161} INFO - Started process (PID=699) to work on /opt/airflow/dags/avito_pipeline.py
[2025-11-01T00:51:05.956+0100] {processor.py:830} INFO - Processing file /opt/airflow/dags/avito_pipeline.py for tasks to queue
[2025-11-01T00:51:05.960+0100] {logging_mixin.py:188} INFO - [2025-11-01T00:51:05.960+0100] {dagbag.py:545} INFO - Filling up the DagBag from /opt/airflow/dags/avito_pipeline.py
[2025-11-01T00:51:05.983+0100] {processor.py:840} INFO - DAG(s) 'avito_minimal_scrape_to_iceberg' retrieved from /opt/airflow/dags/avito_pipeline.py
[2025-11-01T00:51:06.018+0100] {logging_mixin.py:188} INFO - [2025-11-01T00:51:06.018+0100] {dag.py:3089} INFO - Sync 1 DAGs
[2025-11-01T00:51:06.082+0100] {processor.py:183} INFO - Processing /opt/airflow/dags/avito_pipeline.py took 0.135 seconds
[2025-11-01T00:51:36.236+0100] {processor.py:161} INFO - Started process (PID=704) to work on /opt/airflow/dags/avito_pipeline.py
[2025-11-01T00:51:36.237+0100] {processor.py:830} INFO - Processing file /opt/airflow/dags/avito_pipeline.py for tasks to queue
[2025-11-01T00:51:36.239+0100] {logging_mixin.py:188} INFO - [2025-11-01T00:51:36.238+0100] {dagbag.py:545} INFO - Filling up the DagBag from /opt/airflow/dags/avito_pipeline.py
[2025-11-01T00:51:36.261+0100] {processor.py:840} INFO - DAG(s) 'avito_minimal_scrape_to_iceberg' retrieved from /opt/airflow/dags/avito_pipeline.py
[2025-11-01T00:51:36.293+0100] {logging_mixin.py:188} INFO - [2025-11-01T00:51:36.293+0100] {dag.py:3089} INFO - Sync 1 DAGs
[2025-11-01T00:51:36.341+0100] {processor.py:183} INFO - Processing /opt/airflow/dags/avito_pipeline.py took 0.112 seconds
[2025-11-01T00:52:06.525+0100] {processor.py:161} INFO - Started process (PID=709) to work on /opt/airflow/dags/avito_pipeline.py
[2025-11-01T00:52:06.527+0100] {processor.py:830} INFO - Processing file /opt/airflow/dags/avito_pipeline.py for tasks to queue
[2025-11-01T00:52:06.539+0100] {logging_mixin.py:188} INFO - [2025-11-01T00:52:06.538+0100] {dagbag.py:545} INFO - Filling up the DagBag from /opt/airflow/dags/avito_pipeline.py
[2025-11-01T00:52:06.592+0100] {processor.py:840} INFO - DAG(s) 'avito_minimal_scrape_to_iceberg' retrieved from /opt/airflow/dags/avito_pipeline.py
[2025-11-01T00:52:06.669+0100] {logging_mixin.py:188} INFO - [2025-11-01T00:52:06.668+0100] {dag.py:3089} INFO - Sync 1 DAGs
[2025-11-01T00:52:06.788+0100] {processor.py:183} INFO - Processing /opt/airflow/dags/avito_pipeline.py took 0.290 seconds
[2025-11-01T00:52:37.060+0100] {processor.py:161} INFO - Started process (PID=726) to work on /opt/airflow/dags/avito_pipeline.py
[2025-11-01T00:52:37.063+0100] {processor.py:830} INFO - Processing file /opt/airflow/dags/avito_pipeline.py for tasks to queue
[2025-11-01T00:52:37.068+0100] {logging_mixin.py:188} INFO - [2025-11-01T00:52:37.067+0100] {dagbag.py:545} INFO - Filling up the DagBag from /opt/airflow/dags/avito_pipeline.py
[2025-11-01T00:52:37.115+0100] {processor.py:840} INFO - DAG(s) 'avito_minimal_scrape_to_iceberg' retrieved from /opt/airflow/dags/avito_pipeline.py
[2025-11-01T00:52:37.171+0100] {logging_mixin.py:188} INFO - [2025-11-01T00:52:37.170+0100] {dag.py:3089} INFO - Sync 1 DAGs
[2025-11-01T00:52:37.214+0100] {processor.py:183} INFO - Processing /opt/airflow/dags/avito_pipeline.py took 0.176 seconds
[2025-11-01T00:52:42.312+0100] {processor.py:161} INFO - Started process (PID=731) to work on /opt/airflow/dags/avito_pipeline.py
[2025-11-01T00:52:42.313+0100] {processor.py:830} INFO - Processing file /opt/airflow/dags/avito_pipeline.py for tasks to queue
[2025-11-01T00:52:42.315+0100] {logging_mixin.py:188} INFO - [2025-11-01T00:52:42.314+0100] {dagbag.py:545} INFO - Filling up the DagBag from /opt/airflow/dags/avito_pipeline.py
[2025-11-01T00:52:42.347+0100] {processor.py:840} INFO - DAG(s) 'avito_minimal_scrape_to_iceberg' retrieved from /opt/airflow/dags/avito_pipeline.py
[2025-11-01T00:52:42.481+0100] {logging_mixin.py:188} INFO - [2025-11-01T00:52:42.481+0100] {dag.py:3089} INFO - Sync 1 DAGs
[2025-11-01T00:52:42.525+0100] {processor.py:183} INFO - Processing /opt/airflow/dags/avito_pipeline.py took 0.222 seconds
[2025-11-01T00:53:12.743+0100] {processor.py:161} INFO - Started process (PID=748) to work on /opt/airflow/dags/avito_pipeline.py
[2025-11-01T00:53:12.745+0100] {processor.py:830} INFO - Processing file /opt/airflow/dags/avito_pipeline.py for tasks to queue
[2025-11-01T00:53:12.747+0100] {logging_mixin.py:188} INFO - [2025-11-01T00:53:12.747+0100] {dagbag.py:545} INFO - Filling up the DagBag from /opt/airflow/dags/avito_pipeline.py
[2025-11-01T00:53:12.773+0100] {processor.py:840} INFO - DAG(s) 'avito_minimal_scrape_to_iceberg' retrieved from /opt/airflow/dags/avito_pipeline.py
[2025-11-01T00:53:12.816+0100] {logging_mixin.py:188} INFO - [2025-11-01T00:53:12.816+0100] {dag.py:3089} INFO - Sync 1 DAGs
[2025-11-01T00:53:12.862+0100] {processor.py:183} INFO - Processing /opt/airflow/dags/avito_pipeline.py took 0.126 seconds
[2025-11-01T00:53:42.949+0100] {processor.py:161} INFO - Started process (PID=753) to work on /opt/airflow/dags/avito_pipeline.py
[2025-11-01T00:53:42.950+0100] {processor.py:830} INFO - Processing file /opt/airflow/dags/avito_pipeline.py for tasks to queue
[2025-11-01T00:53:42.952+0100] {logging_mixin.py:188} INFO - [2025-11-01T00:53:42.952+0100] {dagbag.py:545} INFO - Filling up the DagBag from /opt/airflow/dags/avito_pipeline.py
[2025-11-01T00:53:42.985+0100] {processor.py:840} INFO - DAG(s) 'avito_minimal_scrape_to_iceberg' retrieved from /opt/airflow/dags/avito_pipeline.py
[2025-11-01T00:53:43.127+0100] {logging_mixin.py:188} INFO - [2025-11-01T00:53:43.127+0100] {dag.py:3089} INFO - Sync 1 DAGs
[2025-11-01T00:53:43.139+0100] {logging_mixin.py:188} INFO - [2025-11-01T00:53:43.139+0100] {dag.py:3111} INFO - Creating ORM DAG for avito_minimal_scrape_to_iceberg
[2025-11-01T00:53:43.153+0100] {logging_mixin.py:188} INFO - [2025-11-01T00:53:43.153+0100] {dag.py:3947} INFO - Setting next_dagrun for avito_minimal_scrape_to_iceberg to 2025-10-31 23:45:00+00:00, run_after=2025-10-31 23:50:00+00:00
[2025-11-01T00:53:43.174+0100] {processor.py:183} INFO - Processing /opt/airflow/dags/avito_pipeline.py took 0.232 seconds
[2025-11-01T00:54:13.366+0100] {processor.py:161} INFO - Started process (PID=771) to work on /opt/airflow/dags/avito_pipeline.py
[2025-11-01T00:54:13.367+0100] {processor.py:830} INFO - Processing file /opt/airflow/dags/avito_pipeline.py for tasks to queue
[2025-11-01T00:54:13.371+0100] {logging_mixin.py:188} INFO - [2025-11-01T00:54:13.371+0100] {dagbag.py:545} INFO - Filling up the DagBag from /opt/airflow/dags/avito_pipeline.py
[2025-11-01T00:54:13.524+0100] {processor.py:840} INFO - DAG(s) 'avito_minimal_scrape_to_iceberg' retrieved from /opt/airflow/dags/avito_pipeline.py
[2025-11-01T00:54:13.669+0100] {logging_mixin.py:188} INFO - [2025-11-01T00:54:13.669+0100] {dag.py:3089} INFO - Sync 1 DAGs
[2025-11-01T00:54:13.747+0100] {processor.py:183} INFO - Processing /opt/airflow/dags/avito_pipeline.py took 0.393 seconds
[2025-11-01T00:54:43.954+0100] {processor.py:161} INFO - Started process (PID=838) to work on /opt/airflow/dags/avito_pipeline.py
[2025-11-01T00:54:43.955+0100] {processor.py:830} INFO - Processing file /opt/airflow/dags/avito_pipeline.py for tasks to queue
[2025-11-01T00:54:43.959+0100] {logging_mixin.py:188} INFO - [2025-11-01T00:54:43.958+0100] {dagbag.py:545} INFO - Filling up the DagBag from /opt/airflow/dags/avito_pipeline.py
[2025-11-01T00:54:43.982+0100] {processor.py:840} INFO - DAG(s) 'avito_minimal_scrape_to_iceberg' retrieved from /opt/airflow/dags/avito_pipeline.py
[2025-11-01T00:54:44.027+0100] {logging_mixin.py:188} INFO - [2025-11-01T00:54:44.026+0100] {dag.py:3089} INFO - Sync 1 DAGs
[2025-11-01T00:54:44.078+0100] {processor.py:183} INFO - Processing /opt/airflow/dags/avito_pipeline.py took 0.131 seconds
[2025-11-01T00:55:14.205+0100] {processor.py:161} INFO - Started process (PID=916) to work on /opt/airflow/dags/avito_pipeline.py
[2025-11-01T00:55:14.206+0100] {processor.py:830} INFO - Processing file /opt/airflow/dags/avito_pipeline.py for tasks to queue
[2025-11-01T00:55:14.211+0100] {logging_mixin.py:188} INFO - [2025-11-01T00:55:14.210+0100] {dagbag.py:545} INFO - Filling up the DagBag from /opt/airflow/dags/avito_pipeline.py
[2025-11-01T00:55:14.232+0100] {processor.py:840} INFO - DAG(s) 'avito_minimal_scrape_to_iceberg' retrieved from /opt/airflow/dags/avito_pipeline.py
[2025-11-01T00:55:14.272+0100] {logging_mixin.py:188} INFO - [2025-11-01T00:55:14.272+0100] {dag.py:3089} INFO - Sync 1 DAGs
[2025-11-01T00:55:14.325+0100] {processor.py:183} INFO - Processing /opt/airflow/dags/avito_pipeline.py took 0.138 seconds
[2025-11-01T00:55:44.574+0100] {processor.py:161} INFO - Started process (PID=921) to work on /opt/airflow/dags/avito_pipeline.py
[2025-11-01T00:55:44.576+0100] {processor.py:830} INFO - Processing file /opt/airflow/dags/avito_pipeline.py for tasks to queue
[2025-11-01T00:55:44.587+0100] {logging_mixin.py:188} INFO - [2025-11-01T00:55:44.587+0100] {dagbag.py:545} INFO - Filling up the DagBag from /opt/airflow/dags/avito_pipeline.py
[2025-11-01T00:55:44.611+0100] {processor.py:840} INFO - DAG(s) 'avito_minimal_scrape_to_iceberg' retrieved from /opt/airflow/dags/avito_pipeline.py
[2025-11-01T00:55:44.644+0100] {logging_mixin.py:188} INFO - [2025-11-01T00:55:44.644+0100] {dag.py:3089} INFO - Sync 1 DAGs
[2025-11-01T00:55:44.668+0100] {logging_mixin.py:188} INFO - [2025-11-01T00:55:44.668+0100] {dag.py:3947} INFO - Setting next_dagrun for avito_minimal_scrape_to_iceberg to 2025-10-31 23:50:00+00:00, run_after=2025-10-31 23:55:00+00:00
[2025-11-01T00:55:44.688+0100] {processor.py:183} INFO - Processing /opt/airflow/dags/avito_pipeline.py took 0.119 seconds
[2025-11-01T00:56:14.854+0100] {processor.py:161} INFO - Started process (PID=976) to work on /opt/airflow/dags/avito_pipeline.py
[2025-11-01T00:56:14.856+0100] {processor.py:830} INFO - Processing file /opt/airflow/dags/avito_pipeline.py for tasks to queue
[2025-11-01T00:56:14.860+0100] {logging_mixin.py:188} INFO - [2025-11-01T00:56:14.859+0100] {dagbag.py:545} INFO - Filling up the DagBag from /opt/airflow/dags/avito_pipeline.py
[2025-11-01T00:56:14.895+0100] {processor.py:840} INFO - DAG(s) 'avito_minimal_scrape_to_iceberg' retrieved from /opt/airflow/dags/avito_pipeline.py
[2025-11-01T00:56:14.950+0100] {logging_mixin.py:188} INFO - [2025-11-01T00:56:14.949+0100] {dag.py:3089} INFO - Sync 1 DAGs
[2025-11-01T00:56:14.988+0100] {logging_mixin.py:188} INFO - [2025-11-01T00:56:14.988+0100] {dag.py:3947} INFO - Setting next_dagrun for avito_minimal_scrape_to_iceberg to 2025-10-31 23:55:00+00:00, run_after=2025-11-01 00:00:00+00:00
[2025-11-01T00:56:15.015+0100] {processor.py:183} INFO - Processing /opt/airflow/dags/avito_pipeline.py took 0.170 seconds
[2025-11-01T00:56:45.097+0100] {processor.py:161} INFO - Started process (PID=981) to work on /opt/airflow/dags/avito_pipeline.py
[2025-11-01T00:56:45.098+0100] {processor.py:830} INFO - Processing file /opt/airflow/dags/avito_pipeline.py for tasks to queue
[2025-11-01T00:56:45.100+0100] {logging_mixin.py:188} INFO - [2025-11-01T00:56:45.100+0100] {dagbag.py:545} INFO - Filling up the DagBag from /opt/airflow/dags/avito_pipeline.py
[2025-11-01T00:56:45.123+0100] {processor.py:840} INFO - DAG(s) 'avito_minimal_scrape_to_iceberg' retrieved from /opt/airflow/dags/avito_pipeline.py
[2025-11-01T00:56:45.158+0100] {logging_mixin.py:188} INFO - [2025-11-01T00:56:45.158+0100] {dag.py:3089} INFO - Sync 1 DAGs
[2025-11-01T00:56:45.185+0100] {logging_mixin.py:188} INFO - [2025-11-01T00:56:45.185+0100] {dag.py:3947} INFO - Setting next_dagrun for avito_minimal_scrape_to_iceberg to 2025-10-31 23:55:00+00:00, run_after=2025-11-01 00:00:00+00:00
[2025-11-01T00:56:45.206+0100] {processor.py:183} INFO - Processing /opt/airflow/dags/avito_pipeline.py took 0.116 seconds
[2025-11-01T00:57:15.408+0100] {processor.py:161} INFO - Started process (PID=986) to work on /opt/airflow/dags/avito_pipeline.py
[2025-11-01T00:57:15.410+0100] {processor.py:830} INFO - Processing file /opt/airflow/dags/avito_pipeline.py for tasks to queue
[2025-11-01T00:57:15.412+0100] {logging_mixin.py:188} INFO - [2025-11-01T00:57:15.411+0100] {dagbag.py:545} INFO - Filling up the DagBag from /opt/airflow/dags/avito_pipeline.py
[2025-11-01T00:57:15.436+0100] {processor.py:840} INFO - DAG(s) 'avito_minimal_scrape_to_iceberg' retrieved from /opt/airflow/dags/avito_pipeline.py
[2025-11-01T00:57:15.486+0100] {logging_mixin.py:188} INFO - [2025-11-01T00:57:15.486+0100] {dag.py:3089} INFO - Sync 1 DAGs
[2025-11-01T00:57:15.519+0100] {logging_mixin.py:188} INFO - [2025-11-01T00:57:15.519+0100] {dag.py:3947} INFO - Setting next_dagrun for avito_minimal_scrape_to_iceberg to 2025-10-31 23:55:00+00:00, run_after=2025-11-01 00:00:00+00:00
[2025-11-01T00:57:15.543+0100] {processor.py:183} INFO - Processing /opt/airflow/dags/avito_pipeline.py took 0.141 seconds
[2025-11-01T00:57:45.630+0100] {processor.py:161} INFO - Started process (PID=991) to work on /opt/airflow/dags/avito_pipeline.py
[2025-11-01T00:57:45.634+0100] {processor.py:830} INFO - Processing file /opt/airflow/dags/avito_pipeline.py for tasks to queue
[2025-11-01T00:57:45.638+0100] {logging_mixin.py:188} INFO - [2025-11-01T00:57:45.637+0100] {dagbag.py:545} INFO - Filling up the DagBag from /opt/airflow/dags/avito_pipeline.py
[2025-11-01T00:57:45.672+0100] {processor.py:840} INFO - DAG(s) 'avito_minimal_scrape_to_iceberg' retrieved from /opt/airflow/dags/avito_pipeline.py
[2025-11-01T00:57:45.728+0100] {logging_mixin.py:188} INFO - [2025-11-01T00:57:45.727+0100] {dag.py:3089} INFO - Sync 1 DAGs
[2025-11-01T00:57:45.768+0100] {logging_mixin.py:188} INFO - [2025-11-01T00:57:45.768+0100] {dag.py:3947} INFO - Setting next_dagrun for avito_minimal_scrape_to_iceberg to 2025-10-31 23:55:00+00:00, run_after=2025-11-01 00:00:00+00:00
[2025-11-01T00:57:45.811+0100] {processor.py:183} INFO - Processing /opt/airflow/dags/avito_pipeline.py took 0.198 seconds
[2025-11-01T00:58:15.922+0100] {processor.py:161} INFO - Started process (PID=996) to work on /opt/airflow/dags/avito_pipeline.py
[2025-11-01T00:58:15.924+0100] {processor.py:830} INFO - Processing file /opt/airflow/dags/avito_pipeline.py for tasks to queue
[2025-11-01T00:58:15.927+0100] {logging_mixin.py:188} INFO - [2025-11-01T00:58:15.926+0100] {dagbag.py:545} INFO - Filling up the DagBag from /opt/airflow/dags/avito_pipeline.py
[2025-11-01T00:58:15.949+0100] {processor.py:840} INFO - DAG(s) 'avito_minimal_scrape_to_iceberg' retrieved from /opt/airflow/dags/avito_pipeline.py
[2025-11-01T00:58:15.986+0100] {logging_mixin.py:188} INFO - [2025-11-01T00:58:15.985+0100] {dag.py:3089} INFO - Sync 1 DAGs
[2025-11-01T00:58:16.014+0100] {logging_mixin.py:188} INFO - [2025-11-01T00:58:16.014+0100] {dag.py:3947} INFO - Setting next_dagrun for avito_minimal_scrape_to_iceberg to 2025-10-31 23:55:00+00:00, run_after=2025-11-01 00:00:00+00:00
[2025-11-01T00:58:16.041+0100] {processor.py:183} INFO - Processing /opt/airflow/dags/avito_pipeline.py took 0.126 seconds
[2025-11-01T00:58:46.249+0100] {processor.py:161} INFO - Started process (PID=1001) to work on /opt/airflow/dags/avito_pipeline.py
[2025-11-01T00:58:46.250+0100] {processor.py:830} INFO - Processing file /opt/airflow/dags/avito_pipeline.py for tasks to queue
[2025-11-01T00:58:46.253+0100] {logging_mixin.py:188} INFO - [2025-11-01T00:58:46.253+0100] {dagbag.py:545} INFO - Filling up the DagBag from /opt/airflow/dags/avito_pipeline.py
[2025-11-01T00:58:46.278+0100] {processor.py:840} INFO - DAG(s) 'avito_minimal_scrape_to_iceberg' retrieved from /opt/airflow/dags/avito_pipeline.py
[2025-11-01T00:58:46.320+0100] {logging_mixin.py:188} INFO - [2025-11-01T00:58:46.320+0100] {dag.py:3089} INFO - Sync 1 DAGs
[2025-11-01T00:58:46.352+0100] {logging_mixin.py:188} INFO - [2025-11-01T00:58:46.351+0100] {dag.py:3947} INFO - Setting next_dagrun for avito_minimal_scrape_to_iceberg to 2025-10-31 23:55:00+00:00, run_after=2025-11-01 00:00:00+00:00
[2025-11-01T00:58:46.373+0100] {processor.py:183} INFO - Processing /opt/airflow/dags/avito_pipeline.py took 0.133 seconds
[2025-11-01T00:59:16.475+0100] {processor.py:161} INFO - Started process (PID=1006) to work on /opt/airflow/dags/avito_pipeline.py
[2025-11-01T00:59:16.476+0100] {processor.py:830} INFO - Processing file /opt/airflow/dags/avito_pipeline.py for tasks to queue
[2025-11-01T00:59:16.479+0100] {logging_mixin.py:188} INFO - [2025-11-01T00:59:16.478+0100] {dagbag.py:545} INFO - Filling up the DagBag from /opt/airflow/dags/avito_pipeline.py
[2025-11-01T00:59:16.498+0100] {processor.py:840} INFO - DAG(s) 'avito_minimal_scrape_to_iceberg' retrieved from /opt/airflow/dags/avito_pipeline.py
[2025-11-01T00:59:16.533+0100] {logging_mixin.py:188} INFO - [2025-11-01T00:59:16.533+0100] {dag.py:3089} INFO - Sync 1 DAGs
[2025-11-01T00:59:16.558+0100] {logging_mixin.py:188} INFO - [2025-11-01T00:59:16.557+0100] {dag.py:3947} INFO - Setting next_dagrun for avito_minimal_scrape_to_iceberg to 2025-10-31 23:55:00+00:00, run_after=2025-11-01 00:00:00+00:00
[2025-11-01T00:59:16.578+0100] {processor.py:183} INFO - Processing /opt/airflow/dags/avito_pipeline.py took 0.109 seconds
[2025-11-01T00:59:46.707+0100] {processor.py:161} INFO - Started process (PID=1011) to work on /opt/airflow/dags/avito_pipeline.py
[2025-11-01T00:59:46.709+0100] {processor.py:830} INFO - Processing file /opt/airflow/dags/avito_pipeline.py for tasks to queue
[2025-11-01T00:59:46.712+0100] {logging_mixin.py:188} INFO - [2025-11-01T00:59:46.711+0100] {dagbag.py:545} INFO - Filling up the DagBag from /opt/airflow/dags/avito_pipeline.py
[2025-11-01T00:59:46.753+0100] {processor.py:840} INFO - DAG(s) 'avito_minimal_scrape_to_iceberg' retrieved from /opt/airflow/dags/avito_pipeline.py
[2025-11-01T00:59:46.929+0100] {logging_mixin.py:188} INFO - [2025-11-01T00:59:46.929+0100] {dag.py:3089} INFO - Sync 1 DAGs
[2025-11-01T00:59:47.070+0100] {logging_mixin.py:188} INFO - [2025-11-01T00:59:47.069+0100] {dag.py:3947} INFO - Setting next_dagrun for avito_minimal_scrape_to_iceberg to 2025-10-31 23:55:00+00:00, run_after=2025-11-01 00:00:00+00:00
[2025-11-01T00:59:47.124+0100] {processor.py:183} INFO - Processing /opt/airflow/dags/avito_pipeline.py took 0.424 seconds
