[2025-10-31T18:00:00.385+0100] {local_task_job_runner.py:120} INFO - ::group::Pre task execution logs
[2025-10-31T18:00:00.426+0100] {taskinstance.py:2076} INFO - Dependencies all met for dep_context=non-requeueable deps ti=<TaskInstance: avito_kafka_every_5min.run_avito_producer scheduled__2025-10-31T16:55:00+00:00 [queued]>
[2025-10-31T18:00:00.435+0100] {taskinstance.py:2076} INFO - Dependencies all met for dep_context=requeueable deps ti=<TaskInstance: avito_kafka_every_5min.run_avito_producer scheduled__2025-10-31T16:55:00+00:00 [queued]>
[2025-10-31T18:00:00.436+0100] {taskinstance.py:2306} INFO - Starting attempt 1 of 3
[2025-10-31T18:00:00.451+0100] {taskinstance.py:2330} INFO - Executing <Task(BashOperator): run_avito_producer> on 2025-10-31 16:55:00+00:00
[2025-10-31T18:00:00.458+0100] {standard_task_runner.py:90} INFO - Running: ['***', 'tasks', 'run', 'avito_kafka_every_5min', 'run_avito_producer', 'scheduled__2025-10-31T16:55:00+00:00', '--job-id', '14', '--raw', '--subdir', 'DAGS_FOLDER/avito_kafka_every_5min.py', '--cfg-path', '/tmp/tmp4w331byd']
[2025-10-31T18:00:00.461+0100] {standard_task_runner.py:91} INFO - Job 14: Subtask run_avito_producer
[2025-10-31T18:00:00.461+0100] {logging_mixin.py:188} WARNING - /home/***/.local/lib/python3.12/site-packages/***/task/task_runner/standard_task_runner.py:62 DeprecationWarning: This process (pid=886) is multi-threaded, use of fork() may lead to deadlocks in the child.
[2025-10-31T18:00:00.462+0100] {standard_task_runner.py:64} INFO - Started process 887 to run task
[2025-10-31T18:00:00.533+0100] {task_command.py:426} INFO - Running <TaskInstance: avito_kafka_every_5min.run_avito_producer scheduled__2025-10-31T16:55:00+00:00 [running]> on host bfe5844a8915
[2025-10-31T18:00:00.650+0100] {taskinstance.py:2648} INFO - Exporting env vars: AIRFLOW_CTX_DAG_OWNER='data' AIRFLOW_CTX_DAG_ID='avito_kafka_every_5min' AIRFLOW_CTX_TASK_ID='run_avito_producer' AIRFLOW_CTX_EXECUTION_DATE='2025-10-31T16:55:00+00:00' AIRFLOW_CTX_TRY_NUMBER='1' AIRFLOW_CTX_DAG_RUN_ID='scheduled__2025-10-31T16:55:00+00:00'
[2025-10-31T18:00:00.651+0100] {taskinstance.py:430} INFO - ::endgroup::
[2025-10-31T18:00:00.671+0100] {subprocess.py:63} INFO - Tmp dir root location: /tmp
[2025-10-31T18:00:00.673+0100] {subprocess.py:75} INFO - Running command: ['/usr/bin/bash', '-c', 'python -m Pipeline.producer.avito_producer --mode louer --pages 1 --limit 10 --bootstrap kafka:9092 --topic realestate.avito.raw']
[2025-10-31T18:00:00.683+0100] {subprocess.py:86} INFO - Output:
[2025-10-31T18:00:20.385+0100] {subprocess.py:93} INFO - [*] Mode: LOUER | Pages: 1 | Sink: kafka | Limit: 10
[2025-10-31T18:00:20.391+0100] {subprocess.py:93} INFO - [SERP] Page 1 → https://www.avito.ma/fr/maroc/locations_immobilieres-à_louer
[2025-10-31T18:00:20.395+0100] {subprocess.py:93} INFO -        Reached limit 10, stopping SERP crawl
[2025-10-31T18:00:20.397+0100] {subprocess.py:93} INFO - [*] Total URLs: 10
[2025-10-31T18:00:20.398+0100] {subprocess.py:93} INFO - [1/10] https://www.avito.ma/fr/mozart/appartements/Appartement_à_louer_100_m²_à_Tanger_57144820.htm
[2025-10-31T18:00:20.400+0100] {subprocess.py:93} INFO - [2/10] https://www.avito.ma/fr/hay_riad/bureaux/Plateau_bureau_620_m²_à_louer_Hay_Riad_57137034.htm
[2025-10-31T18:00:20.402+0100] {subprocess.py:93} INFO - [3/10] https://www.avito.ma/fr/hay_riad/appartements/Appartement_à_louer_amahaj_riad_57032554.htm
[2025-10-31T18:00:20.403+0100] {subprocess.py:93} INFO - [4/10] https://www.avito.ma/fr/les_princesses/appartements/122489_Appt_à_louer_à_8000DH_à_Les_Princesses_56594240.htm
[2025-10-31T18:00:20.405+0100] {subprocess.py:93} INFO - [5/10] https://www.avito.ma/fr/riviera/bureaux/Bureau_Boulevard_Ghandi_56987548.htm
[2025-10-31T18:00:20.407+0100] {subprocess.py:93} INFO - [6/10] https://www.avito.ma/fr/hay_massira/appartements/Appartement_studio_meublé_près_de_souk_alhad_56912260.htm
[2025-10-31T18:00:20.408+0100] {subprocess.py:93} INFO - [7/10] https://www.avito.ma/fr/massira_3/appartements/JOLI_APPARTEMENT_MEUBLE_57026463.htm
[2025-10-31T18:00:20.409+0100] {subprocess.py:93} INFO - [8/10] https://www.avito.ma/fr/quartier_du_parc/appartements/Appartement_neuf_à_louer_au_centre_de_Mohammedia_57028844.htm
[2025-10-31T18:00:20.412+0100] {subprocess.py:93} INFO - [9/10] https://www.avito.ma/fr/centre_ville/appartements/Appartement_à_louer_120_m²_à_Casablanca_57118478.htm
[2025-10-31T18:00:20.413+0100] {subprocess.py:93} INFO - [10/10] https://www.avito.ma/fr/les_princesses/appartements/123181_Appt_à_louer_à_8500DH_à_Les_Princesses_56620263.htm
[2025-10-31T18:00:20.415+0100] {subprocess.py:93} INFO - [✓] Sent 10 messages to Kafka topic 'realestate.avito.raw'
[2025-10-31T18:00:20.532+0100] {subprocess.py:97} INFO - Command exited with return code 0
[2025-10-31T18:00:20.534+0100] {taskinstance.py:441} INFO - ::group::Post task execution logs
[2025-10-31T18:00:20.588+0100] {taskinstance.py:1206} INFO - Marking task as SUCCESS. dag_id=avito_kafka_every_5min, task_id=run_avito_producer, run_id=scheduled__2025-10-31T16:55:00+00:00, execution_date=20251031T165500, start_date=20251031T170000, end_date=20251031T170020
[2025-10-31T18:00:20.639+0100] {local_task_job_runner.py:243} INFO - Task exited with return code 0
[2025-10-31T18:00:20.672+0100] {taskinstance.py:3503} INFO - 0 downstream tasks scheduled from follow-on schedule check
[2025-10-31T18:00:20.675+0100] {local_task_job_runner.py:222} INFO - ::endgroup::
