[2025-10-31T20:50:00.461+0100] {local_task_job_runner.py:120} INFO - ::group::Pre task execution logs
[2025-10-31T20:50:00.501+0100] {taskinstance.py:2076} INFO - Dependencies all met for dep_context=non-requeueable deps ti=<TaskInstance: avito_kafka_every_5min.run_avito_producer scheduled__2025-10-31T19:45:00+00:00 [queued]>
[2025-10-31T20:50:00.512+0100] {taskinstance.py:2076} INFO - Dependencies all met for dep_context=requeueable deps ti=<TaskInstance: avito_kafka_every_5min.run_avito_producer scheduled__2025-10-31T19:45:00+00:00 [queued]>
[2025-10-31T20:50:00.512+0100] {taskinstance.py:2306} INFO - Starting attempt 1 of 3
[2025-10-31T20:50:00.527+0100] {taskinstance.py:2330} INFO - Executing <Task(BashOperator): run_avito_producer> on 2025-10-31 19:45:00+00:00
[2025-10-31T20:50:00.534+0100] {standard_task_runner.py:90} INFO - Running: ['***', 'tasks', 'run', 'avito_kafka_every_5min', 'run_avito_producer', 'scheduled__2025-10-31T19:45:00+00:00', '--job-id', '48', '--raw', '--subdir', 'DAGS_FOLDER/avito_kafka_every_5min.py', '--cfg-path', '/tmp/tmpsb6u0d8c']
[2025-10-31T20:50:00.537+0100] {standard_task_runner.py:91} INFO - Job 48: Subtask run_avito_producer
[2025-10-31T20:50:00.538+0100] {logging_mixin.py:188} WARNING - /home/***/.local/lib/python3.12/site-packages/***/task/task_runner/standard_task_runner.py:62 DeprecationWarning: This process (pid=1123) is multi-threaded, use of fork() may lead to deadlocks in the child.
[2025-10-31T20:50:00.539+0100] {standard_task_runner.py:64} INFO - Started process 1124 to run task
[2025-10-31T20:50:00.600+0100] {task_command.py:426} INFO - Running <TaskInstance: avito_kafka_every_5min.run_avito_producer scheduled__2025-10-31T19:45:00+00:00 [running]> on host bfe5844a8915
[2025-10-31T20:50:00.705+0100] {taskinstance.py:2648} INFO - Exporting env vars: AIRFLOW_CTX_DAG_OWNER='data' AIRFLOW_CTX_DAG_ID='avito_kafka_every_5min' AIRFLOW_CTX_TASK_ID='run_avito_producer' AIRFLOW_CTX_EXECUTION_DATE='2025-10-31T19:45:00+00:00' AIRFLOW_CTX_TRY_NUMBER='1' AIRFLOW_CTX_DAG_RUN_ID='scheduled__2025-10-31T19:45:00+00:00'
[2025-10-31T20:50:00.706+0100] {taskinstance.py:430} INFO - ::endgroup::
[2025-10-31T20:50:00.723+0100] {subprocess.py:63} INFO - Tmp dir root location: /tmp
[2025-10-31T20:50:00.724+0100] {subprocess.py:75} INFO - Running command: ['/usr/bin/bash', '-c', 'python -m Pipeline.producer.avito_producer --mode louer --pages 1 --limit 10 --bootstrap kafka:9092 --topic realestate.avito.raw']
[2025-10-31T20:50:00.735+0100] {subprocess.py:86} INFO - Output:
[2025-10-31T20:50:19.075+0100] {subprocess.py:93} INFO - [*] Mode: LOUER | Pages: 1 | Sink: kafka | Limit: 10
[2025-10-31T20:50:19.075+0100] {subprocess.py:93} INFO - [SERP] Page 1 → https://www.avito.ma/fr/maroc/locations_immobilieres-à_louer
[2025-10-31T20:50:19.076+0100] {subprocess.py:93} INFO -        Reached limit 10, stopping SERP crawl
[2025-10-31T20:50:19.076+0100] {subprocess.py:93} INFO - [*] Total URLs: 10
[2025-10-31T20:50:19.076+0100] {subprocess.py:93} INFO - [1/10] https://www.avito.ma/fr/manar/appartements/Appartement_à_louer_à_Cap_Tenjis_57140170.htm
[2025-10-31T20:50:19.077+0100] {subprocess.py:93} INFO - [2/10] https://www.avito.ma/fr/roches_noires/bureaux/Plateaux_bureaux_de_haut_standing_de_76_à_6000_m²_54393790.htm
[2025-10-31T20:50:19.077+0100] {subprocess.py:93} INFO - [3/10] https://www.avito.ma/fr/agdal/appartements/Appart_meublé_Arribat_centre_56885836.htm
[2025-10-31T20:50:19.077+0100] {subprocess.py:93} INFO - [4/10] https://www.avito.ma/fr/autre_secteur/appartements/Joli_studio_en_location_57132550.htm
[2025-10-31T20:50:19.078+0100] {subprocess.py:93} INFO - [5/10] https://www.avito.ma/fr/allal_el_fassi/appartements/Appartement_équipé_300l_Lila_Allal_el_fassi_57146221.htm
[2025-10-31T20:50:19.078+0100] {subprocess.py:93} INFO - [6/10] https://www.avito.ma/fr/quartier_du_parc/bureaux/Plateau_bureau_à_louer_vue_sur_Mer_56558562.htm
[2025-10-31T20:50:19.078+0100] {subprocess.py:93} INFO - [7/10] https://www.avito.ma/fr/hay_riad/villas_et_riads/Villa_à_louer_pour_bureaux_à_Hay_Riad_52599934.htm
[2025-10-31T20:50:19.079+0100] {subprocess.py:93} INFO - [8/10] https://www.avito.ma/fr/abdelmoumen/bureaux/Bureau_88_m²_n_72_à_louer_93_7_bd_Abdelmoumen_Casa_56791161.htm
[2025-10-31T20:50:19.079+0100] {subprocess.py:93} INFO - [9/10] https://www.avito.ma/fr/autre_secteur/appartements/Appartements_en_location_à_Ifrane_49592977.htm
[2025-10-31T20:50:19.080+0100] {subprocess.py:93} INFO - [10/10] https://www.avito.ma/fr/sidi_rahal/appartements/À_ola_blanca_sidi_rahal_Apprt_à_louer_meublé_57141172.htm
[2025-10-31T20:50:19.080+0100] {subprocess.py:93} INFO - [✓] Sent 10 messages to Kafka topic 'realestate.avito.raw'
[2025-10-31T20:50:19.113+0100] {subprocess.py:97} INFO - Command exited with return code 0
[2025-10-31T20:50:19.115+0100] {taskinstance.py:441} INFO - ::group::Post task execution logs
[2025-10-31T20:50:19.147+0100] {taskinstance.py:1206} INFO - Marking task as SUCCESS. dag_id=avito_kafka_every_5min, task_id=run_avito_producer, run_id=scheduled__2025-10-31T19:45:00+00:00, execution_date=20251031T194500, start_date=20251031T195000, end_date=20251031T195019
[2025-10-31T20:50:19.177+0100] {local_task_job_runner.py:243} INFO - Task exited with return code 0
[2025-10-31T20:50:19.196+0100] {taskinstance.py:3503} INFO - 0 downstream tasks scheduled from follow-on schedule check
[2025-10-31T20:50:19.198+0100] {local_task_job_runner.py:222} INFO - ::endgroup::
