[2025-11-01T00:05:00.983+0100] {local_task_job_runner.py:120} INFO - ::group::Pre task execution logs
[2025-11-01T00:05:01.034+0100] {taskinstance.py:2076} INFO - Dependencies all met for dep_context=non-requeueable deps ti=<TaskInstance: avito_kafka_every_5min.run_avito_producer scheduled__2025-10-31T23:00:00+00:00 [queued]>
[2025-11-01T00:05:01.044+0100] {taskinstance.py:2076} INFO - Dependencies all met for dep_context=requeueable deps ti=<TaskInstance: avito_kafka_every_5min.run_avito_producer scheduled__2025-10-31T23:00:00+00:00 [queued]>
[2025-11-01T00:05:01.045+0100] {taskinstance.py:2306} INFO - Starting attempt 1 of 3
[2025-11-01T00:05:01.060+0100] {taskinstance.py:2330} INFO - Executing <Task(BashOperator): run_avito_producer> on 2025-10-31 23:00:00+00:00
[2025-11-01T00:05:01.066+0100] {standard_task_runner.py:90} INFO - Running: ['***', 'tasks', 'run', 'avito_kafka_every_5min', 'run_avito_producer', 'scheduled__2025-10-31T23:00:00+00:00', '--job-id', '87', '--raw', '--subdir', 'DAGS_FOLDER/avito_kafka_every_5min.py', '--cfg-path', '/tmp/tmpwy31irtc']
[2025-11-01T00:05:01.069+0100] {standard_task_runner.py:91} INFO - Job 87: Subtask run_avito_producer
[2025-11-01T00:05:01.069+0100] {logging_mixin.py:188} WARNING - /home/***/.local/lib/python3.12/site-packages/***/task/task_runner/standard_task_runner.py:62 DeprecationWarning: This process (pid=3316) is multi-threaded, use of fork() may lead to deadlocks in the child.
[2025-11-01T00:05:01.070+0100] {standard_task_runner.py:64} INFO - Started process 3317 to run task
[2025-11-01T00:05:01.135+0100] {task_command.py:426} INFO - Running <TaskInstance: avito_kafka_every_5min.run_avito_producer scheduled__2025-10-31T23:00:00+00:00 [running]> on host bfe5844a8915
[2025-11-01T00:05:01.261+0100] {taskinstance.py:2648} INFO - Exporting env vars: AIRFLOW_CTX_DAG_OWNER='data' AIRFLOW_CTX_DAG_ID='avito_kafka_every_5min' AIRFLOW_CTX_TASK_ID='run_avito_producer' AIRFLOW_CTX_EXECUTION_DATE='2025-10-31T23:00:00+00:00' AIRFLOW_CTX_TRY_NUMBER='1' AIRFLOW_CTX_DAG_RUN_ID='scheduled__2025-10-31T23:00:00+00:00'
[2025-11-01T00:05:01.262+0100] {taskinstance.py:430} INFO - ::endgroup::
[2025-11-01T00:05:01.283+0100] {subprocess.py:63} INFO - Tmp dir root location: /tmp
[2025-11-01T00:05:01.284+0100] {subprocess.py:75} INFO - Running command: ['/usr/bin/bash', '-c', 'python -m Pipeline.producer.avito_producer --mode louer --pages 1 --limit 10 --bootstrap kafka:9092 --topic realestate.avito.raw']
[2025-11-01T00:05:01.295+0100] {subprocess.py:86} INFO - Output:
[2025-11-01T00:05:18.971+0100] {subprocess.py:93} INFO - [*] Mode: LOUER | Pages: 1 | Sink: kafka | Limit: 10
[2025-11-01T00:05:18.972+0100] {subprocess.py:93} INFO - [SERP] Page 1 → https://www.avito.ma/fr/maroc/locations_immobilieres-à_louer
[2025-11-01T00:05:18.973+0100] {subprocess.py:93} INFO -        Reached limit 10, stopping SERP crawl
[2025-11-01T00:05:18.973+0100] {subprocess.py:93} INFO - [*] Total URLs: 10
[2025-11-01T00:05:18.973+0100] {subprocess.py:93} INFO - [1/10] https://www.avito.ma/fr/av_mohammed_vi/appartements/Appartement_à_louer_160_m²_à_Marrakech_53845575.htm
[2025-11-01T00:05:18.974+0100] {subprocess.py:93} INFO - [2/10] https://www.avito.ma/fr/hay_riad/appartements/Appartement_à_louer_amahaj_riad_57032554.htm
[2025-11-01T00:05:18.974+0100] {subprocess.py:93} INFO - [3/10] https://www.avito.ma/fr/bouskoura_centre/appartements/Appartement_meuble_à_louer_52_m²_à_Bouskoura_57041433.htm
[2025-11-01T00:05:18.974+0100] {subprocess.py:93} INFO - [4/10] https://www.avito.ma/fr/hay_salam/appartements/Appartement_meublé_à_Salam_Agadir_4000_dh_57007819.htm
[2025-11-01T00:05:18.975+0100] {subprocess.py:93} INFO - [5/10] https://www.avito.ma/fr/berrechid/appartements/Appartements_excellents_à_louer_à_Hay_Layali_57139305.htm
[2025-11-01T00:05:18.975+0100] {subprocess.py:93} INFO - [6/10] https://www.avito.ma/fr/extension_dakhla/appartements/beau_studio_à_louer_en_face_Macdonald_adrar_56950245.htm
[2025-11-01T00:05:18.975+0100] {subprocess.py:93} INFO - [7/10] https://www.avito.ma/fr/route_d_amezmiz/appartements/Studio_meublé_à_louer_60_m²_à_Chrifia_57104567.htm
[2025-11-01T00:05:18.976+0100] {subprocess.py:93} INFO - [8/10] https://www.avito.ma/fr/autre_secteur/appartements/chambre_à_louer_56771284.htm
[2025-11-01T00:05:18.976+0100] {subprocess.py:93} INFO - [9/10] https://www.avito.ma/fr/hay_riad/appartements/appartement_en_location_prestigia_56525647.htm
[2025-11-01T00:05:18.976+0100] {subprocess.py:93} INFO - [10/10] https://www.avito.ma/fr/hay_riad/appartements/Appartement_en_location_à_prestigia_54684176.htm
[2025-11-01T00:05:18.977+0100] {subprocess.py:93} INFO - [✓] Sent 10 messages to Kafka topic 'realestate.avito.raw'
[2025-11-01T00:05:19.007+0100] {subprocess.py:97} INFO - Command exited with return code 0
[2025-11-01T00:05:19.008+0100] {taskinstance.py:441} INFO - ::group::Post task execution logs
[2025-11-01T00:05:19.036+0100] {taskinstance.py:1206} INFO - Marking task as SUCCESS. dag_id=avito_kafka_every_5min, task_id=run_avito_producer, run_id=scheduled__2025-10-31T23:00:00+00:00, execution_date=20251031T230000, start_date=20251031T230501, end_date=20251031T230519
[2025-11-01T00:05:19.080+0100] {local_task_job_runner.py:243} INFO - Task exited with return code 0
[2025-11-01T00:05:19.099+0100] {taskinstance.py:3503} INFO - 0 downstream tasks scheduled from follow-on schedule check
[2025-11-01T00:05:19.102+0100] {local_task_job_runner.py:222} INFO - ::endgroup::
