[2025-10-31T22:30:00.391+0100] {local_task_job_runner.py:120} INFO - ::group::Pre task execution logs
[2025-10-31T22:30:00.428+0100] {taskinstance.py:2076} INFO - Dependencies all met for dep_context=non-requeueable deps ti=<TaskInstance: avito_kafka_every_5min.run_avito_producer scheduled__2025-10-31T21:25:00+00:00 [queued]>
[2025-10-31T22:30:00.436+0100] {taskinstance.py:2076} INFO - Dependencies all met for dep_context=requeueable deps ti=<TaskInstance: avito_kafka_every_5min.run_avito_producer scheduled__2025-10-31T21:25:00+00:00 [queued]>
[2025-10-31T22:30:00.437+0100] {taskinstance.py:2306} INFO - Starting attempt 1 of 3
[2025-10-31T22:30:00.450+0100] {taskinstance.py:2330} INFO - Executing <Task(BashOperator): run_avito_producer> on 2025-10-31 21:25:00+00:00
[2025-10-31T22:30:00.457+0100] {standard_task_runner.py:90} INFO - Running: ['***', 'tasks', 'run', 'avito_kafka_every_5min', 'run_avito_producer', 'scheduled__2025-10-31T21:25:00+00:00', '--job-id', '68', '--raw', '--subdir', 'DAGS_FOLDER/avito_kafka_every_5min.py', '--cfg-path', '/tmp/tmp2lztt_a9']
[2025-10-31T22:30:00.460+0100] {standard_task_runner.py:91} INFO - Job 68: Subtask run_avito_producer
[2025-10-31T22:30:00.461+0100] {logging_mixin.py:188} WARNING - /home/***/.local/lib/python3.12/site-packages/***/task/task_runner/standard_task_runner.py:62 DeprecationWarning: This process (pid=2248) is multi-threaded, use of fork() may lead to deadlocks in the child.
[2025-10-31T22:30:00.462+0100] {standard_task_runner.py:64} INFO - Started process 2249 to run task
[2025-10-31T22:30:00.517+0100] {task_command.py:426} INFO - Running <TaskInstance: avito_kafka_every_5min.run_avito_producer scheduled__2025-10-31T21:25:00+00:00 [running]> on host bfe5844a8915
[2025-10-31T22:30:00.620+0100] {taskinstance.py:2648} INFO - Exporting env vars: AIRFLOW_CTX_DAG_OWNER='data' AIRFLOW_CTX_DAG_ID='avito_kafka_every_5min' AIRFLOW_CTX_TASK_ID='run_avito_producer' AIRFLOW_CTX_EXECUTION_DATE='2025-10-31T21:25:00+00:00' AIRFLOW_CTX_TRY_NUMBER='1' AIRFLOW_CTX_DAG_RUN_ID='scheduled__2025-10-31T21:25:00+00:00'
[2025-10-31T22:30:00.621+0100] {taskinstance.py:430} INFO - ::endgroup::
[2025-10-31T22:30:00.636+0100] {subprocess.py:63} INFO - Tmp dir root location: /tmp
[2025-10-31T22:30:00.638+0100] {subprocess.py:75} INFO - Running command: ['/usr/bin/bash', '-c', 'python -m Pipeline.producer.avito_producer --mode louer --pages 1 --limit 10 --bootstrap kafka:9092 --topic realestate.avito.raw']
[2025-10-31T22:30:00.646+0100] {subprocess.py:86} INFO - Output:
[2025-10-31T22:30:18.897+0100] {subprocess.py:93} INFO - [*] Mode: LOUER | Pages: 1 | Sink: kafka | Limit: 10
[2025-10-31T22:30:18.898+0100] {subprocess.py:93} INFO - [SERP] Page 1 → https://www.avito.ma/fr/maroc/locations_immobilieres-à_louer
[2025-10-31T22:30:18.898+0100] {subprocess.py:93} INFO -        Reached limit 10, stopping SERP crawl
[2025-10-31T22:30:18.899+0100] {subprocess.py:93} INFO - [*] Total URLs: 10
[2025-10-31T22:30:18.899+0100] {subprocess.py:93} INFO - [1/10] https://www.avito.ma/fr/anfa/bureaux/Création_des_Entreprises_à_Casa_Anfa_57050301.htm
[2025-10-31T22:30:18.900+0100] {subprocess.py:93} INFO - [2/10] https://www.avito.ma/fr/sanaoubar/bureaux/bureau_a_louer_au_quartier_sanawbar_équipée_57124958.htm
[2025-10-31T22:30:18.900+0100] {subprocess.py:93} INFO - [3/10] https://www.avito.ma/fr/hermitage/appartements/studio_à_louer_hermitage_57105722.htm
[2025-10-31T22:30:18.901+0100] {subprocess.py:93} INFO - [4/10] https://www.avito.ma/fr/hassan/bureaux/Plateau_Bureau_à_louer_sur_Hassan_56352328.htm
[2025-10-31T22:30:18.901+0100] {subprocess.py:93} INFO - [5/10] https://www.avito.ma/fr/almaz/appartements/Bel_Appart_de_92m__2_CH__Résidence_Almaz_Garden_2_57132267.htm
[2025-10-31T22:30:18.901+0100] {subprocess.py:93} INFO - [6/10] https://www.avito.ma/fr/bourgogne/appartements/Appartement_Vide_à_louer_à_Bourgogne_57146503.htm
[2025-10-31T22:30:18.902+0100] {subprocess.py:93} INFO - [7/10] https://www.avito.ma/fr/maârif_extension/appartements/Bel_Appartement_Meublé_à_Maarif_56576048.htm
[2025-10-31T22:30:18.902+0100] {subprocess.py:93} INFO - [8/10] https://www.avito.ma/fr/les_princesses/appartements/Studio_meublé_à_louer_aux_princesses_avec_terrasse_56246092.htm
[2025-10-31T22:30:18.902+0100] {subprocess.py:93} INFO - [9/10] https://www.avito.ma/fr/mediouna/autre_immobilier/Hangar_1200m2_région_mediouna_55869569.htm
[2025-10-31T22:30:18.903+0100] {subprocess.py:93} INFO - [10/10] https://www.avito.ma/fr/les_princesses/appartements/Appart_3_ch_vide_à_louer_aux_princesses_56216812.htm
[2025-10-31T22:30:18.903+0100] {subprocess.py:93} INFO - [✓] Sent 10 messages to Kafka topic 'realestate.avito.raw'
[2025-10-31T22:30:18.931+0100] {subprocess.py:97} INFO - Command exited with return code 0
[2025-10-31T22:30:18.932+0100] {taskinstance.py:441} INFO - ::group::Post task execution logs
[2025-10-31T22:30:18.958+0100] {taskinstance.py:1206} INFO - Marking task as SUCCESS. dag_id=avito_kafka_every_5min, task_id=run_avito_producer, run_id=scheduled__2025-10-31T21:25:00+00:00, execution_date=20251031T212500, start_date=20251031T213000, end_date=20251031T213018
[2025-10-31T22:30:18.975+0100] {local_task_job_runner.py:243} INFO - Task exited with return code 0
[2025-10-31T22:30:18.991+0100] {taskinstance.py:3503} INFO - 0 downstream tasks scheduled from follow-on schedule check
[2025-10-31T22:30:18.993+0100] {local_task_job_runner.py:222} INFO - ::endgroup::
