[2025-10-31T19:10:00.414+0100] {local_task_job_runner.py:120} INFO - ::group::Pre task execution logs
[2025-10-31T19:10:00.476+0100] {taskinstance.py:2076} INFO - Dependencies all met for dep_context=non-requeueable deps ti=<TaskInstance: avito_kafka_every_5min.run_avito_producer scheduled__2025-10-31T18:05:00+00:00 [queued]>
[2025-10-31T19:10:00.492+0100] {taskinstance.py:2076} INFO - Dependencies all met for dep_context=requeueable deps ti=<TaskInstance: avito_kafka_every_5min.run_avito_producer scheduled__2025-10-31T18:05:00+00:00 [queued]>
[2025-10-31T19:10:00.494+0100] {taskinstance.py:2306} INFO - Starting attempt 1 of 3
[2025-10-31T19:10:00.518+0100] {taskinstance.py:2330} INFO - Executing <Task(BashOperator): run_avito_producer> on 2025-10-31 18:05:00+00:00
[2025-10-31T19:10:00.529+0100] {standard_task_runner.py:90} INFO - Running: ['***', 'tasks', 'run', 'avito_kafka_every_5min', 'run_avito_producer', 'scheduled__2025-10-31T18:05:00+00:00', '--job-id', '29', '--raw', '--subdir', 'DAGS_FOLDER/avito_kafka_every_5min.py', '--cfg-path', '/tmp/tmpcph00ige']
[2025-10-31T19:10:00.533+0100] {standard_task_runner.py:91} INFO - Job 29: Subtask run_avito_producer
[2025-10-31T19:10:00.537+0100] {logging_mixin.py:188} WARNING - /home/***/.local/lib/python3.12/site-packages/***/task/task_runner/standard_task_runner.py:62 DeprecationWarning: This process (pid=195) is multi-threaded, use of fork() may lead to deadlocks in the child.
[2025-10-31T19:10:00.538+0100] {standard_task_runner.py:64} INFO - Started process 196 to run task
[2025-10-31T19:10:00.628+0100] {task_command.py:426} INFO - Running <TaskInstance: avito_kafka_every_5min.run_avito_producer scheduled__2025-10-31T18:05:00+00:00 [running]> on host bfe5844a8915
[2025-10-31T19:10:00.779+0100] {taskinstance.py:2648} INFO - Exporting env vars: AIRFLOW_CTX_DAG_OWNER='data' AIRFLOW_CTX_DAG_ID='avito_kafka_every_5min' AIRFLOW_CTX_TASK_ID='run_avito_producer' AIRFLOW_CTX_EXECUTION_DATE='2025-10-31T18:05:00+00:00' AIRFLOW_CTX_TRY_NUMBER='1' AIRFLOW_CTX_DAG_RUN_ID='scheduled__2025-10-31T18:05:00+00:00'
[2025-10-31T19:10:00.780+0100] {taskinstance.py:430} INFO - ::endgroup::
[2025-10-31T19:10:00.803+0100] {subprocess.py:63} INFO - Tmp dir root location: /tmp
[2025-10-31T19:10:00.805+0100] {subprocess.py:75} INFO - Running command: ['/usr/bin/bash', '-c', 'python -m Pipeline.producer.avito_producer --mode louer --pages 1 --limit 10 --bootstrap kafka:9092 --topic realestate.avito.raw']
[2025-10-31T19:10:00.815+0100] {subprocess.py:86} INFO - Output:
[2025-10-31T19:10:03.376+0100] {subprocess.py:93} INFO - %4|1761934203.376|GETPID|rdkafka#producer-1| [thrd:main]: Failed to acquire idempotence PID from broker kafka:9092/1: Broker: Coordinator load in progress: retrying
[2025-10-31T19:10:22.261+0100] {subprocess.py:93} INFO - [*] Mode: LOUER | Pages: 1 | Sink: kafka | Limit: 10
[2025-10-31T19:10:22.266+0100] {subprocess.py:93} INFO - [SERP] Page 1 → https://www.avito.ma/fr/maroc/locations_immobilieres-à_louer
[2025-10-31T19:10:22.268+0100] {subprocess.py:93} INFO -        Reached limit 10, stopping SERP crawl
[2025-10-31T19:10:22.269+0100] {subprocess.py:93} INFO - [*] Total URLs: 10
[2025-10-31T19:10:22.270+0100] {subprocess.py:93} INFO - [1/10] https://www.avito.ma/fr/harhoura/appartements/Bel_appartement_F2_Meublé_à_Harhoura_56884636.htm
[2025-10-31T19:10:22.271+0100] {subprocess.py:93} INFO - [2/10] https://www.avito.ma/fr/tamesna/appartements/Appartement_à_louer_avec_ascenseur_et_garage_56777643.htm
[2025-10-31T19:10:22.272+0100] {subprocess.py:93} INFO - [3/10] https://www.avito.ma/fr/malabata/appartements/Appartement_meublé_à_louer_mensuellement_à_Malabata_Hills_56715740.htm
[2025-10-31T19:10:22.273+0100] {subprocess.py:93} INFO - [4/10] https://www.avito.ma/fr/souissi/appartements/Appartement_3ch_Meublé_à_Louer_Souissi_57064835.htm
[2025-10-31T19:10:22.274+0100] {subprocess.py:93} INFO - [5/10] https://www.avito.ma/fr/oulfa/appartements/Appartement_à_louer_72_m²_à_Casablanca_57145907.htm
[2025-10-31T19:10:22.275+0100] {subprocess.py:93} INFO - [6/10] https://www.avito.ma/fr/centre/local/A_LOUER_Magasin_au_Centre_Ville_Fes__56653797.htm
[2025-10-31T19:10:22.276+0100] {subprocess.py:93} INFO - [7/10] https://www.avito.ma/fr/californie/villas_et_riads/Location_Villa_7_pièces_de_822_m2_à_Casablanca_57076850.htm
[2025-10-31T19:10:22.277+0100] {subprocess.py:93} INFO - [8/10] https://www.avito.ma/fr/centre_ville/appartements/Appartement_exceptionnel_à_louer_au_centre__Tanger_56869432.htm
[2025-10-31T19:10:22.278+0100] {subprocess.py:93} INFO - [9/10] https://www.avito.ma/fr/val_fleuri/appartements/Studio_57m_Meublé_A_Val_Fleuri_57018864.htm
[2025-10-31T19:10:22.279+0100] {subprocess.py:93} INFO - [10/10] https://www.avito.ma/fr/hay_riad/villas_et_riads/Villa_Moderne_avec_Piscine_à_Louer_56731166.htm
[2025-10-31T19:10:22.280+0100] {subprocess.py:93} INFO - [✓] Sent 10 messages to Kafka topic 'realestate.avito.raw'
[2025-10-31T19:10:22.349+0100] {subprocess.py:97} INFO - Command exited with return code 0
[2025-10-31T19:10:22.351+0100] {taskinstance.py:441} INFO - ::group::Post task execution logs
[2025-10-31T19:10:22.423+0100] {taskinstance.py:1206} INFO - Marking task as SUCCESS. dag_id=avito_kafka_every_5min, task_id=run_avito_producer, run_id=scheduled__2025-10-31T18:05:00+00:00, execution_date=20251031T180500, start_date=20251031T181000, end_date=20251031T181022
[2025-10-31T19:10:22.490+0100] {local_task_job_runner.py:243} INFO - Task exited with return code 0
[2025-10-31T19:10:22.520+0100] {taskinstance.py:3503} INFO - 0 downstream tasks scheduled from follow-on schedule check
[2025-10-31T19:10:22.524+0100] {local_task_job_runner.py:222} INFO - ::endgroup::
