[2025-10-31T16:41:22.846+0100] {local_task_job_runner.py:120} INFO - ::group::Pre task execution logs
[2025-10-31T16:41:22.927+0100] {taskinstance.py:2076} INFO - Dependencies all met for dep_context=non-requeueable deps ti=<TaskInstance: avito_kafka_every_5min.run_avito_producer manual__2025-10-31T15:41:21.242984+00:00 [queued]>
[2025-10-31T16:41:22.957+0100] {taskinstance.py:2076} INFO - Dependencies all met for dep_context=requeueable deps ti=<TaskInstance: avito_kafka_every_5min.run_avito_producer manual__2025-10-31T15:41:21.242984+00:00 [queued]>
[2025-10-31T16:41:22.958+0100] {taskinstance.py:2306} INFO - Starting attempt 1 of 3
[2025-10-31T16:41:22.981+0100] {taskinstance.py:2330} INFO - Executing <Task(BashOperator): run_avito_producer> on 2025-10-31 15:41:21.242984+00:00
[2025-10-31T16:41:22.996+0100] {standard_task_runner.py:90} INFO - Running: ['***', 'tasks', 'run', 'avito_kafka_every_5min', 'run_avito_producer', 'manual__2025-10-31T15:41:21.242984+00:00', '--job-id', '11', '--raw', '--subdir', 'DAGS_FOLDER/avito_kafka_every_5min.py', '--cfg-path', '/tmp/tmpbtlibv9m']
[2025-10-31T16:41:23.000+0100] {logging_mixin.py:188} WARNING - /home/***/.local/lib/python3.12/site-packages/***/task/task_runner/standard_task_runner.py:62 DeprecationWarning: This process (pid=360) is multi-threaded, use of fork() may lead to deadlocks in the child.
[2025-10-31T16:41:23.001+0100] {standard_task_runner.py:91} INFO - Job 11: Subtask run_avito_producer
[2025-10-31T16:41:23.002+0100] {standard_task_runner.py:64} INFO - Started process 364 to run task
[2025-10-31T16:41:23.088+0100] {task_command.py:426} INFO - Running <TaskInstance: avito_kafka_every_5min.run_avito_producer manual__2025-10-31T15:41:21.242984+00:00 [running]> on host f5eb3160223b
[2025-10-31T16:41:23.238+0100] {taskinstance.py:2648} INFO - Exporting env vars: AIRFLOW_CTX_DAG_OWNER='data' AIRFLOW_CTX_DAG_ID='avito_kafka_every_5min' AIRFLOW_CTX_TASK_ID='run_avito_producer' AIRFLOW_CTX_EXECUTION_DATE='2025-10-31T15:41:21.242984+00:00' AIRFLOW_CTX_TRY_NUMBER='1' AIRFLOW_CTX_DAG_RUN_ID='manual__2025-10-31T15:41:21.242984+00:00'
[2025-10-31T16:41:23.240+0100] {taskinstance.py:430} INFO - ::endgroup::
[2025-10-31T16:41:23.259+0100] {subprocess.py:63} INFO - Tmp dir root location: /tmp
[2025-10-31T16:41:23.260+0100] {subprocess.py:75} INFO - Running command: ['/usr/bin/bash', '-c', 'python -m Pipeline.producer.avito_producer --mode louer --pages 1 --limit 10 --bootstrap kafka:9092 --topic realestate.avito.raw']
[2025-10-31T16:41:23.275+0100] {subprocess.py:86} INFO - Output:
[2025-10-31T16:41:41.885+0100] {subprocess.py:93} INFO - [*] Mode: LOUER | Pages: 1 | Sink: kafka | Limit: 10
[2025-10-31T16:41:41.887+0100] {subprocess.py:93} INFO - [SERP] Page 1 → https://www.avito.ma/fr/maroc/locations_immobilieres-à_louer
[2025-10-31T16:41:41.888+0100] {subprocess.py:93} INFO -        Reached limit 10, stopping SERP crawl
[2025-10-31T16:41:41.889+0100] {subprocess.py:93} INFO - [*] Total URLs: 10
[2025-10-31T16:41:41.890+0100] {subprocess.py:93} INFO - [1/10] https://www.avito.ma/fr/sanaoubar/bureaux/bureau_a_louer_au_quartier_sanawbar_équipée_57124958.htm
[2025-10-31T16:41:41.890+0100] {subprocess.py:93} INFO - [2/10] https://www.avito.ma/fr/hay_mohammadi/bureaux/Immeuble_en_plateaux_bureaux_à_louer_53124468.htm
[2025-10-31T16:41:41.891+0100] {subprocess.py:93} INFO - [3/10] https://www.avito.ma/fr/centre_ville/appartements/Appartement_meublé_moderne_en_plein_centre_ville_56594975.htm
[2025-10-31T16:41:41.892+0100] {subprocess.py:93} INFO - [4/10] https://www.avito.ma/fr/hay_riad/appartements/Joli_appart_4_chambres_1_salon_56845220.htm
[2025-10-31T16:41:41.892+0100] {subprocess.py:93} INFO - [5/10] https://www.avito.ma/fr/californie/appartements/À_Louer_Appartement_Meublé_3_Chambres_à_Californie_56926178.htm
[2025-10-31T16:41:41.893+0100] {subprocess.py:93} INFO - [6/10] https://www.avito.ma/fr/hay_riad/villas_et_riads/LOCATION_LONGUE_DUREE_OU_EVENEMENTS_56754407.htm
[2025-10-31T16:41:41.893+0100] {subprocess.py:93} INFO - [7/10] https://www.avito.ma/fr/la_colline/appartements/Appartement_meublé_à_Mouhamadia_à_louer_57018347.htm
[2025-10-31T16:41:41.894+0100] {subprocess.py:93} INFO - [8/10] https://www.avito.ma/fr/hay_dakhla/appartements/Appartement_à_louer_à_Agadir_56213986.htm
[2025-10-31T16:41:41.895+0100] {subprocess.py:93} INFO - [9/10] https://www.avito.ma/fr/agdal/appartements/Appartement_meublé_à_louer_120_m²_à_l_AGDAL_57030226.htm
[2025-10-31T16:41:41.896+0100] {subprocess.py:93} INFO - [10/10] https://www.avito.ma/fr/zenata/appartements/À_Louer___Studio_Meublé___Zenata_Eco_56935782.htm
[2025-10-31T16:41:41.897+0100] {subprocess.py:93} INFO - [✓] Sent 10 messages to Kafka topic 'realestate.avito.raw'
[2025-10-31T16:41:41.978+0100] {subprocess.py:97} INFO - Command exited with return code 0
[2025-10-31T16:41:41.981+0100] {taskinstance.py:441} INFO - ::group::Post task execution logs
[2025-10-31T16:41:42.046+0100] {taskinstance.py:1206} INFO - Marking task as SUCCESS. dag_id=avito_kafka_every_5min, task_id=run_avito_producer, run_id=manual__2025-10-31T15:41:21.242984+00:00, execution_date=20251031T154121, start_date=20251031T154122, end_date=20251031T154142
[2025-10-31T16:41:42.079+0100] {local_task_job_runner.py:243} INFO - Task exited with return code 0
[2025-10-31T16:41:42.109+0100] {taskinstance.py:3503} INFO - 0 downstream tasks scheduled from follow-on schedule check
[2025-10-31T16:41:42.112+0100] {local_task_job_runner.py:222} INFO - ::endgroup::
