[2025-10-31T23:20:00.678+0100] {local_task_job_runner.py:120} INFO - ::group::Pre task execution logs
[2025-10-31T23:20:00.735+0100] {taskinstance.py:2076} INFO - Dependencies all met for dep_context=non-requeueable deps ti=<TaskInstance: avito_kafka_every_5min.run_avito_producer scheduled__2025-10-31T22:15:00+00:00 [queued]>
[2025-10-31T23:20:00.744+0100] {taskinstance.py:2076} INFO - Dependencies all met for dep_context=requeueable deps ti=<TaskInstance: avito_kafka_every_5min.run_avito_producer scheduled__2025-10-31T22:15:00+00:00 [queued]>
[2025-10-31T23:20:00.745+0100] {taskinstance.py:2306} INFO - Starting attempt 1 of 3
[2025-10-31T23:20:00.759+0100] {taskinstance.py:2330} INFO - Executing <Task(BashOperator): run_avito_producer> on 2025-10-31 22:15:00+00:00
[2025-10-31T23:20:00.766+0100] {standard_task_runner.py:90} INFO - Running: ['***', 'tasks', 'run', 'avito_kafka_every_5min', 'run_avito_producer', 'scheduled__2025-10-31T22:15:00+00:00', '--job-id', '78', '--raw', '--subdir', 'DAGS_FOLDER/avito_kafka_every_5min.py', '--cfg-path', '/tmp/tmpr8mj7goh']
[2025-10-31T23:20:00.769+0100] {logging_mixin.py:188} WARNING - /home/***/.local/lib/python3.12/site-packages/***/task/task_runner/standard_task_runner.py:62 DeprecationWarning: This process (pid=2808) is multi-threaded, use of fork() may lead to deadlocks in the child.
[2025-10-31T23:20:00.771+0100] {standard_task_runner.py:91} INFO - Job 78: Subtask run_avito_producer
[2025-10-31T23:20:00.771+0100] {standard_task_runner.py:64} INFO - Started process 2809 to run task
[2025-10-31T23:20:00.848+0100] {task_command.py:426} INFO - Running <TaskInstance: avito_kafka_every_5min.run_avito_producer scheduled__2025-10-31T22:15:00+00:00 [running]> on host bfe5844a8915
[2025-10-31T23:20:00.965+0100] {taskinstance.py:2648} INFO - Exporting env vars: AIRFLOW_CTX_DAG_OWNER='data' AIRFLOW_CTX_DAG_ID='avito_kafka_every_5min' AIRFLOW_CTX_TASK_ID='run_avito_producer' AIRFLOW_CTX_EXECUTION_DATE='2025-10-31T22:15:00+00:00' AIRFLOW_CTX_TRY_NUMBER='1' AIRFLOW_CTX_DAG_RUN_ID='scheduled__2025-10-31T22:15:00+00:00'
[2025-10-31T23:20:00.967+0100] {taskinstance.py:430} INFO - ::endgroup::
[2025-10-31T23:20:00.985+0100] {subprocess.py:63} INFO - Tmp dir root location: /tmp
[2025-10-31T23:20:00.987+0100] {subprocess.py:75} INFO - Running command: ['/usr/bin/bash', '-c', 'python -m Pipeline.producer.avito_producer --mode louer --pages 1 --limit 10 --bootstrap kafka:9092 --topic realestate.avito.raw']
[2025-10-31T23:20:00.996+0100] {subprocess.py:86} INFO - Output:
[2025-10-31T23:20:20.815+0100] {subprocess.py:93} INFO - [*] Mode: LOUER | Pages: 1 | Sink: kafka | Limit: 10
[2025-10-31T23:20:20.818+0100] {subprocess.py:93} INFO - [SERP] Page 1 → https://www.avito.ma/fr/maroc/locations_immobilieres-à_louer
[2025-10-31T23:20:20.819+0100] {subprocess.py:93} INFO -        Reached limit 10, stopping SERP crawl
[2025-10-31T23:20:20.819+0100] {subprocess.py:93} INFO - [*] Total URLs: 10
[2025-10-31T23:20:20.819+0100] {subprocess.py:93} INFO - [1/10] https://www.avito.ma/fr/hamria/local/Grand_magasin_57062109.htm
[2025-10-31T23:20:20.820+0100] {subprocess.py:93} INFO - [2/10] https://www.avito.ma/fr/skikina/appartements/Appartement_neuf_jamais_proposé_à_la_location__idéal_pour_les_familles_56744741.htm
[2025-10-31T23:20:20.820+0100] {subprocess.py:93} INFO - [3/10] https://www.avito.ma/fr/hay_mohammadi/bureaux/Bureau_à_louer__ascenseur__immeuble_professionnel_55716240.htm
[2025-10-31T23:20:20.821+0100] {subprocess.py:93} INFO - [4/10] https://www.avito.ma/fr/bad_boujloud/appartements/Appartement_à_location_60_m²_à_Fès_57146613.htm
[2025-10-31T23:20:20.821+0100] {subprocess.py:93} INFO - [5/10] https://www.avito.ma/fr/autre_secteur/bureaux/Bureau_à_louer_57146610.htm
[2025-10-31T23:20:20.822+0100] {subprocess.py:93} INFO - [6/10] https://www.avito.ma/fr/centre_ville/appartements/Loft_vide_à_louer_57052656.htm
[2025-10-31T23:20:20.822+0100] {subprocess.py:93} INFO - [7/10] https://www.avito.ma/fr/sidi_bouknadel/appartements/Appartement_à_Louer_Plages_Nations_Sidi_Bouknadel_56849806.htm
[2025-10-31T23:20:20.823+0100] {subprocess.py:93} INFO - [8/10] https://www.avito.ma/fr/hay_riad/appartements/Appartement_à_louer_sur_Hay_Riad_Prestigia_53174953.htm
[2025-10-31T23:20:20.823+0100] {subprocess.py:93} INFO - [9/10] https://www.avito.ma/fr/harhoura/villas_et_riads/Villa_à_Louer_avec_Vue_sur_Mer_à_Harhoura_56894079.htm
[2025-10-31T23:20:20.824+0100] {subprocess.py:93} INFO - [10/10] https://www.avito.ma/fr/av_mohammed_vi/appartements/Appartement_à_louer_Mohammed_6_55869236.htm
[2025-10-31T23:20:20.824+0100] {subprocess.py:93} INFO - [✓] Sent 10 messages to Kafka topic 'realestate.avito.raw'
[2025-10-31T23:20:20.861+0100] {subprocess.py:97} INFO - Command exited with return code 0
[2025-10-31T23:20:20.863+0100] {taskinstance.py:441} INFO - ::group::Post task execution logs
[2025-10-31T23:20:20.900+0100] {taskinstance.py:1206} INFO - Marking task as SUCCESS. dag_id=avito_kafka_every_5min, task_id=run_avito_producer, run_id=scheduled__2025-10-31T22:15:00+00:00, execution_date=20251031T221500, start_date=20251031T222000, end_date=20251031T222020
[2025-10-31T23:20:20.956+0100] {local_task_job_runner.py:243} INFO - Task exited with return code 0
[2025-10-31T23:20:20.980+0100] {taskinstance.py:3503} INFO - 0 downstream tasks scheduled from follow-on schedule check
[2025-10-31T23:20:20.982+0100] {local_task_job_runner.py:222} INFO - ::endgroup::
