[2025-10-31T20:35:01.264+0100] {local_task_job_runner.py:120} INFO - ::group::Pre task execution logs
[2025-10-31T20:35:01.306+0100] {taskinstance.py:2076} INFO - Dependencies all met for dep_context=non-requeueable deps ti=<TaskInstance: avito_kafka_every_5min.run_avito_producer scheduled__2025-10-31T19:30:00+00:00 [queued]>
[2025-10-31T20:35:01.316+0100] {taskinstance.py:2076} INFO - Dependencies all met for dep_context=requeueable deps ti=<TaskInstance: avito_kafka_every_5min.run_avito_producer scheduled__2025-10-31T19:30:00+00:00 [queued]>
[2025-10-31T20:35:01.317+0100] {taskinstance.py:2306} INFO - Starting attempt 1 of 3
[2025-10-31T20:35:01.331+0100] {taskinstance.py:2330} INFO - Executing <Task(BashOperator): run_avito_producer> on 2025-10-31 19:30:00+00:00
[2025-10-31T20:35:01.339+0100] {standard_task_runner.py:90} INFO - Running: ['***', 'tasks', 'run', 'avito_kafka_every_5min', 'run_avito_producer', 'scheduled__2025-10-31T19:30:00+00:00', '--job-id', '45', '--raw', '--subdir', 'DAGS_FOLDER/avito_kafka_every_5min.py', '--cfg-path', '/tmp/tmpmn8xawdo']
[2025-10-31T20:35:01.342+0100] {logging_mixin.py:188} WARNING - /home/***/.local/lib/python3.12/site-packages/***/task/task_runner/standard_task_runner.py:62 DeprecationWarning: This process (pid=957) is multi-threaded, use of fork() may lead to deadlocks in the child.
[2025-10-31T20:35:01.343+0100] {standard_task_runner.py:91} INFO - Job 45: Subtask run_avito_producer
[2025-10-31T20:35:01.343+0100] {standard_task_runner.py:64} INFO - Started process 958 to run task
[2025-10-31T20:35:01.407+0100] {task_command.py:426} INFO - Running <TaskInstance: avito_kafka_every_5min.run_avito_producer scheduled__2025-10-31T19:30:00+00:00 [running]> on host bfe5844a8915
[2025-10-31T20:35:01.510+0100] {taskinstance.py:2648} INFO - Exporting env vars: AIRFLOW_CTX_DAG_OWNER='data' AIRFLOW_CTX_DAG_ID='avito_kafka_every_5min' AIRFLOW_CTX_TASK_ID='run_avito_producer' AIRFLOW_CTX_EXECUTION_DATE='2025-10-31T19:30:00+00:00' AIRFLOW_CTX_TRY_NUMBER='1' AIRFLOW_CTX_DAG_RUN_ID='scheduled__2025-10-31T19:30:00+00:00'
[2025-10-31T20:35:01.510+0100] {taskinstance.py:430} INFO - ::endgroup::
[2025-10-31T20:35:01.527+0100] {subprocess.py:63} INFO - Tmp dir root location: /tmp
[2025-10-31T20:35:01.529+0100] {subprocess.py:75} INFO - Running command: ['/usr/bin/bash', '-c', 'python -m Pipeline.producer.avito_producer --mode louer --pages 1 --limit 10 --bootstrap kafka:9092 --topic realestate.avito.raw']
[2025-10-31T20:35:01.538+0100] {subprocess.py:86} INFO - Output:
[2025-10-31T20:35:20.905+0100] {subprocess.py:93} INFO - [*] Mode: LOUER | Pages: 1 | Sink: kafka | Limit: 10
[2025-10-31T20:35:20.906+0100] {subprocess.py:93} INFO - [SERP] Page 1 → https://www.avito.ma/fr/maroc/locations_immobilieres-à_louer
[2025-10-31T20:35:20.907+0100] {subprocess.py:93} INFO -        Reached limit 10, stopping SERP crawl
[2025-10-31T20:35:20.908+0100] {subprocess.py:93} INFO - [*] Total URLs: 10
[2025-10-31T20:35:20.908+0100] {subprocess.py:93} INFO - [1/10] https://www.avito.ma/fr/manar/appartements/Appartement_à_louer_à_Cap_Tenjis_57140170.htm
[2025-10-31T20:35:20.908+0100] {subprocess.py:93} INFO - [2/10] https://www.avito.ma/fr/hay_riad/villas_et_riads/villa_a_louer_à_hay_riad_57086185.htm
[2025-10-31T20:35:20.909+0100] {subprocess.py:93} INFO - [3/10] https://www.avito.ma/fr/maarif/bureaux/Bureaux_à_Louer_pour_Métiers_Médicaux_57142087.htm
[2025-10-31T20:35:20.909+0100] {subprocess.py:93} INFO - [4/10] https://www.avito.ma/fr/abdelmoumen/appartements/Bel_appartement_vide_de_57_m²_à_Abdelmoumen_57129036.htm
[2025-10-31T20:35:20.910+0100] {subprocess.py:93} INFO - [5/10] https://www.avito.ma/fr/quartier_des_hôpitaux/appartements/Appartement_spacieux_à_bv_anoual_57001642.htm
[2025-10-31T20:35:20.910+0100] {subprocess.py:93} INFO - [6/10] https://www.avito.ma/fr/autre_secteur/appartements/Magnifique_appartement_Orchidées_6_Mannesman_56953491.htm
[2025-10-31T20:35:20.911+0100] {subprocess.py:93} INFO - [7/10] https://www.avito.ma/fr/mimosas/appartements/Appartement_à_louer_vu_sur_mer_57033323.htm
[2025-10-31T20:35:20.911+0100] {subprocess.py:93} INFO - [8/10] https://www.avito.ma/fr/autre_secteur/maisons/Premier_étage_en_hypothèque_à_Douar_Lasker__familles_uniquement_57146200.htm
[2025-10-31T20:35:20.911+0100] {subprocess.py:93} INFO - [9/10] https://www.avito.ma/fr/bourgogne/appartements/Appart_à_Bourgogne_3_ch_en_face_lycée_Lyautey_57076605.htm
[2025-10-31T20:35:20.911+0100] {subprocess.py:93} INFO - [10/10] https://www.avito.ma/fr/palmier/appartements/Appartement_meublé_Palmier_57080511.htm
[2025-10-31T20:35:20.912+0100] {subprocess.py:93} INFO - [✓] Sent 10 messages to Kafka topic 'realestate.avito.raw'
[2025-10-31T20:35:20.942+0100] {subprocess.py:97} INFO - Command exited with return code 0
[2025-10-31T20:35:20.943+0100] {taskinstance.py:441} INFO - ::group::Post task execution logs
[2025-10-31T20:35:20.979+0100] {taskinstance.py:1206} INFO - Marking task as SUCCESS. dag_id=avito_kafka_every_5min, task_id=run_avito_producer, run_id=scheduled__2025-10-31T19:30:00+00:00, execution_date=20251031T193000, start_date=20251031T193501, end_date=20251031T193520
[2025-10-31T20:35:21.014+0100] {local_task_job_runner.py:243} INFO - Task exited with return code 0
[2025-10-31T20:35:21.038+0100] {taskinstance.py:3503} INFO - 0 downstream tasks scheduled from follow-on schedule check
[2025-10-31T20:35:21.040+0100] {local_task_job_runner.py:222} INFO - ::endgroup::
