[2025-10-31T21:40:00.644+0100] {local_task_job_runner.py:120} INFO - ::group::Pre task execution logs
[2025-10-31T21:40:00.682+0100] {taskinstance.py:2076} INFO - Dependencies all met for dep_context=non-requeueable deps ti=<TaskInstance: avito_kafka_every_5min.run_avito_producer scheduled__2025-10-31T20:35:00+00:00 [queued]>
[2025-10-31T21:40:00.689+0100] {taskinstance.py:2076} INFO - Dependencies all met for dep_context=requeueable deps ti=<TaskInstance: avito_kafka_every_5min.run_avito_producer scheduled__2025-10-31T20:35:00+00:00 [queued]>
[2025-10-31T21:40:00.690+0100] {taskinstance.py:2306} INFO - Starting attempt 1 of 3
[2025-10-31T21:40:00.702+0100] {taskinstance.py:2330} INFO - Executing <Task(BashOperator): run_avito_producer> on 2025-10-31 20:35:00+00:00
[2025-10-31T21:40:00.709+0100] {standard_task_runner.py:90} INFO - Running: ['***', 'tasks', 'run', 'avito_kafka_every_5min', 'run_avito_producer', 'scheduled__2025-10-31T20:35:00+00:00', '--job-id', '58', '--raw', '--subdir', 'DAGS_FOLDER/avito_kafka_every_5min.py', '--cfg-path', '/tmp/tmp_55ye514']
[2025-10-31T21:40:00.712+0100] {standard_task_runner.py:91} INFO - Job 58: Subtask run_avito_producer
[2025-10-31T21:40:00.713+0100] {logging_mixin.py:188} WARNING - /home/***/.local/lib/python3.12/site-packages/***/task/task_runner/standard_task_runner.py:62 DeprecationWarning: This process (pid=1683) is multi-threaded, use of fork() may lead to deadlocks in the child.
[2025-10-31T21:40:00.714+0100] {standard_task_runner.py:64} INFO - Started process 1684 to run task
[2025-10-31T21:40:00.775+0100] {task_command.py:426} INFO - Running <TaskInstance: avito_kafka_every_5min.run_avito_producer scheduled__2025-10-31T20:35:00+00:00 [running]> on host bfe5844a8915
[2025-10-31T21:40:00.890+0100] {taskinstance.py:2648} INFO - Exporting env vars: AIRFLOW_CTX_DAG_OWNER='data' AIRFLOW_CTX_DAG_ID='avito_kafka_every_5min' AIRFLOW_CTX_TASK_ID='run_avito_producer' AIRFLOW_CTX_EXECUTION_DATE='2025-10-31T20:35:00+00:00' AIRFLOW_CTX_TRY_NUMBER='1' AIRFLOW_CTX_DAG_RUN_ID='scheduled__2025-10-31T20:35:00+00:00'
[2025-10-31T21:40:00.891+0100] {taskinstance.py:430} INFO - ::endgroup::
[2025-10-31T21:40:00.908+0100] {subprocess.py:63} INFO - Tmp dir root location: /tmp
[2025-10-31T21:40:00.909+0100] {subprocess.py:75} INFO - Running command: ['/usr/bin/bash', '-c', 'python -m Pipeline.producer.avito_producer --mode louer --pages 1 --limit 10 --bootstrap kafka:9092 --topic realestate.avito.raw']
[2025-10-31T21:40:00.919+0100] {subprocess.py:86} INFO - Output:
[2025-10-31T21:40:21.495+0100] {subprocess.py:93} INFO - [*] Mode: LOUER | Pages: 1 | Sink: kafka | Limit: 10
[2025-10-31T21:40:21.499+0100] {subprocess.py:93} INFO - [SERP] Page 1 → https://www.avito.ma/fr/maroc/locations_immobilieres-à_louer
[2025-10-31T21:40:21.500+0100] {subprocess.py:93} INFO -        Reached limit 10, stopping SERP crawl
[2025-10-31T21:40:21.500+0100] {subprocess.py:93} INFO - [*] Total URLs: 10
[2025-10-31T21:40:21.500+0100] {subprocess.py:93} INFO - [1/10] https://www.avito.ma/fr/agdal/appartements/Appartement_meublé_moderne_haut_Agdal_57102063.htm
[2025-10-31T21:40:21.501+0100] {subprocess.py:93} INFO - [2/10] https://www.avito.ma/fr/gauthier/appartements/Très_joli_appartement_à_Gauthier_à_louer_57140848.htm
[2025-10-31T21:40:21.501+0100] {subprocess.py:93} INFO - [3/10] https://www.avito.ma/fr/route_de_sefrou/bureaux/bureau_81_m2_à_louer_57038149.htm
[2025-10-31T21:40:21.501+0100] {subprocess.py:93} INFO - [4/10] https://www.avito.ma/fr/centre_ville/appartements/Studio_meublé_avec_ascenseur_et_garage_Bordeaux_57117570.htm
[2025-10-31T21:40:21.502+0100] {subprocess.py:93} INFO - [5/10] https://www.avito.ma/fr/sidi_maarouf/bureaux/En_plein_bd_bureau_neuf_à_louer_évasion_square_55881560.htm
[2025-10-31T21:40:21.502+0100] {subprocess.py:93} INFO - [6/10] https://www.avito.ma/fr/mers_sultan/appartements/Appart_de_64m2_Mers_Sultan_location_57134836.htm
[2025-10-31T21:40:21.502+0100] {subprocess.py:93} INFO - [7/10] https://www.avito.ma/fr/centre_ville/appartements/Appartement_à_louer_100_m²_à_Tanger_57086599.htm
[2025-10-31T21:40:21.503+0100] {subprocess.py:93} INFO - [8/10] https://www.avito.ma/fr/maarif/bureaux/Bureau_de_95_m²_à_Maarif_Ghandi_57146353.htm
[2025-10-31T21:40:21.503+0100] {subprocess.py:93} INFO - [9/10] https://www.avito.ma/fr/centre_ville/appartements/Appartements_meublés_à_louer_Jawad__rue_Youssef_Ibn_Tachfine_55942423.htm
[2025-10-31T21:40:21.503+0100] {subprocess.py:93} INFO - [10/10] https://www.avito.ma/fr/sidi_maarouf/bureaux/Bureaux_à_louer_57123061.htm
[2025-10-31T21:40:21.504+0100] {subprocess.py:93} INFO - [✓] Sent 10 messages to Kafka topic 'realestate.avito.raw'
[2025-10-31T21:40:21.535+0100] {subprocess.py:97} INFO - Command exited with return code 0
[2025-10-31T21:40:21.536+0100] {taskinstance.py:441} INFO - ::group::Post task execution logs
[2025-10-31T21:40:21.563+0100] {taskinstance.py:1206} INFO - Marking task as SUCCESS. dag_id=avito_kafka_every_5min, task_id=run_avito_producer, run_id=scheduled__2025-10-31T20:35:00+00:00, execution_date=20251031T203500, start_date=20251031T204000, end_date=20251031T204021
[2025-10-31T21:40:21.583+0100] {local_task_job_runner.py:243} INFO - Task exited with return code 0
[2025-10-31T21:40:21.623+0100] {taskinstance.py:3503} INFO - 0 downstream tasks scheduled from follow-on schedule check
[2025-10-31T21:40:21.626+0100] {local_task_job_runner.py:222} INFO - ::endgroup::
