[2025-10-31T21:00:01.185+0100] {local_task_job_runner.py:120} INFO - ::group::Pre task execution logs
[2025-10-31T21:00:01.227+0100] {taskinstance.py:2076} INFO - Dependencies all met for dep_context=non-requeueable deps ti=<TaskInstance: avito_kafka_every_5min.run_avito_producer scheduled__2025-10-31T19:55:00+00:00 [queued]>
[2025-10-31T21:00:01.237+0100] {taskinstance.py:2076} INFO - Dependencies all met for dep_context=requeueable deps ti=<TaskInstance: avito_kafka_every_5min.run_avito_producer scheduled__2025-10-31T19:55:00+00:00 [queued]>
[2025-10-31T21:00:01.238+0100] {taskinstance.py:2306} INFO - Starting attempt 1 of 3
[2025-10-31T21:00:01.251+0100] {taskinstance.py:2330} INFO - Executing <Task(BashOperator): run_avito_producer> on 2025-10-31 19:55:00+00:00
[2025-10-31T21:00:01.261+0100] {standard_task_runner.py:90} INFO - Running: ['***', 'tasks', 'run', 'avito_kafka_every_5min', 'run_avito_producer', 'scheduled__2025-10-31T19:55:00+00:00', '--job-id', '50', '--raw', '--subdir', 'DAGS_FOLDER/avito_kafka_every_5min.py', '--cfg-path', '/tmp/tmptz_ggqcp']
[2025-10-31T21:00:01.264+0100] {standard_task_runner.py:91} INFO - Job 50: Subtask run_avito_producer
[2025-10-31T21:00:01.264+0100] {logging_mixin.py:188} WARNING - /home/***/.local/lib/python3.12/site-packages/***/task/task_runner/standard_task_runner.py:62 DeprecationWarning: This process (pid=1232) is multi-threaded, use of fork() may lead to deadlocks in the child.
[2025-10-31T21:00:01.265+0100] {standard_task_runner.py:64} INFO - Started process 1233 to run task
[2025-10-31T21:00:01.328+0100] {task_command.py:426} INFO - Running <TaskInstance: avito_kafka_every_5min.run_avito_producer scheduled__2025-10-31T19:55:00+00:00 [running]> on host bfe5844a8915
[2025-10-31T21:00:01.450+0100] {taskinstance.py:2648} INFO - Exporting env vars: AIRFLOW_CTX_DAG_OWNER='data' AIRFLOW_CTX_DAG_ID='avito_kafka_every_5min' AIRFLOW_CTX_TASK_ID='run_avito_producer' AIRFLOW_CTX_EXECUTION_DATE='2025-10-31T19:55:00+00:00' AIRFLOW_CTX_TRY_NUMBER='1' AIRFLOW_CTX_DAG_RUN_ID='scheduled__2025-10-31T19:55:00+00:00'
[2025-10-31T21:00:01.451+0100] {taskinstance.py:430} INFO - ::endgroup::
[2025-10-31T21:00:01.470+0100] {subprocess.py:63} INFO - Tmp dir root location: /tmp
[2025-10-31T21:00:01.471+0100] {subprocess.py:75} INFO - Running command: ['/usr/bin/bash', '-c', 'python -m Pipeline.producer.avito_producer --mode louer --pages 1 --limit 10 --bootstrap kafka:9092 --topic realestate.avito.raw']
[2025-10-31T21:00:01.481+0100] {subprocess.py:86} INFO - Output:
[2025-10-31T21:00:23.954+0100] {subprocess.py:93} INFO - [*] Mode: LOUER | Pages: 1 | Sink: kafka | Limit: 10
[2025-10-31T21:00:23.955+0100] {subprocess.py:93} INFO - [SERP] Page 1 → https://www.avito.ma/fr/maroc/locations_immobilieres-à_louer
[2025-10-31T21:00:23.955+0100] {subprocess.py:93} INFO -        Reached limit 10, stopping SERP crawl
[2025-10-31T21:00:23.956+0100] {subprocess.py:93} INFO - [*] Total URLs: 10
[2025-10-31T21:00:23.956+0100] {subprocess.py:93} INFO - [1/10] https://www.avito.ma/fr/maarif/bureaux/Bureaux_à_Louer_pour_Métiers_Médicaux_57142087.htm
[2025-10-31T21:00:23.957+0100] {subprocess.py:93} INFO - [2/10] https://www.avito.ma/fr/malabata/appartements/Appartement_meublé_à_louer_mensuellement_à_Malabata_Hills_56715740.htm
[2025-10-31T21:00:23.957+0100] {subprocess.py:93} INFO - [3/10] https://www.avito.ma/fr/bourgogne/appartements/Bel_appart_meublé_2_ch___Rue_Ibn_Amine_Bourgogne_57131310.htm
[2025-10-31T21:00:23.957+0100] {subprocess.py:93} INFO - [4/10] https://www.avito.ma/fr/hay_riad/bureaux/Villa_plateau_bureau_en_location_49412119.htm
[2025-10-31T21:00:23.958+0100] {subprocess.py:93} INFO - [5/10] https://www.avito.ma/fr/hay_riad/appartements/Appartement_à_louer_sur_Hay_Riad_56772495.htm
[2025-10-31T21:00:23.958+0100] {subprocess.py:93} INFO - [6/10] https://www.avito.ma/fr/2_mars/appartements/Appartement_à_louer_138_m²_à_Casablanca_56989007.htm
[2025-10-31T21:00:23.958+0100] {subprocess.py:93} INFO - [7/10] https://www.avito.ma/fr/belvédère/bureaux/Bureau_de_200m2_début_Bd_Moukawama_à_louer_56823699.htm
[2025-10-31T21:00:23.959+0100] {subprocess.py:93} INFO - [8/10] https://www.avito.ma/fr/sidi_maarouf/bureaux/Bureau_près_de_la_clinique_Akidal_à_louer_57049564.htm
[2025-10-31T21:00:23.959+0100] {subprocess.py:93} INFO - [9/10] https://www.avito.ma/fr/souissi/appartements/Appartement_à_louer_sur_Souissi_Orangeraie_56805812.htm
[2025-10-31T21:00:23.959+0100] {subprocess.py:93} INFO - [10/10] https://www.avito.ma/fr/souissi/appartements/Appartement_3_chambres_Souissi_56209095.htm
[2025-10-31T21:00:23.960+0100] {subprocess.py:93} INFO - [✓] Sent 10 messages to Kafka topic 'realestate.avito.raw'
[2025-10-31T21:00:23.983+0100] {subprocess.py:97} INFO - Command exited with return code 0
[2025-10-31T21:00:23.984+0100] {taskinstance.py:441} INFO - ::group::Post task execution logs
[2025-10-31T21:00:24.013+0100] {taskinstance.py:1206} INFO - Marking task as SUCCESS. dag_id=avito_kafka_every_5min, task_id=run_avito_producer, run_id=scheduled__2025-10-31T19:55:00+00:00, execution_date=20251031T195500, start_date=20251031T200001, end_date=20251031T200024
[2025-10-31T21:00:24.038+0100] {local_task_job_runner.py:243} INFO - Task exited with return code 0
[2025-10-31T21:00:24.054+0100] {taskinstance.py:3503} INFO - 0 downstream tasks scheduled from follow-on schedule check
[2025-10-31T21:00:24.056+0100] {local_task_job_runner.py:222} INFO - ::endgroup::
