[2025-10-31T17:45:01.238+0100] {local_task_job_runner.py:120} INFO - ::group::Pre task execution logs
[2025-10-31T17:45:01.291+0100] {taskinstance.py:2076} INFO - Dependencies all met for dep_context=non-requeueable deps ti=<TaskInstance: avito_kafka_every_5min.run_avito_producer scheduled__2025-10-31T16:40:00+00:00 [queued]>
[2025-10-31T17:45:01.305+0100] {taskinstance.py:2076} INFO - Dependencies all met for dep_context=requeueable deps ti=<TaskInstance: avito_kafka_every_5min.run_avito_producer scheduled__2025-10-31T16:40:00+00:00 [queued]>
[2025-10-31T17:45:01.305+0100] {taskinstance.py:2306} INFO - Starting attempt 1 of 3
[2025-10-31T17:45:01.327+0100] {taskinstance.py:2330} INFO - Executing <Task(BashOperator): run_avito_producer> on 2025-10-31 16:40:00+00:00
[2025-10-31T17:45:01.333+0100] {standard_task_runner.py:90} INFO - Running: ['***', 'tasks', 'run', 'avito_kafka_every_5min', 'run_avito_producer', 'scheduled__2025-10-31T16:40:00+00:00', '--job-id', '11', '--raw', '--subdir', 'DAGS_FOLDER/avito_kafka_every_5min.py', '--cfg-path', '/tmp/tmpoe79o1y3']
[2025-10-31T17:45:01.336+0100] {standard_task_runner.py:91} INFO - Job 11: Subtask run_avito_producer
[2025-10-31T17:45:01.336+0100] {logging_mixin.py:188} WARNING - /home/***/.local/lib/python3.12/site-packages/***/task/task_runner/standard_task_runner.py:62 DeprecationWarning: This process (pid=715) is multi-threaded, use of fork() may lead to deadlocks in the child.
[2025-10-31T17:45:01.337+0100] {standard_task_runner.py:64} INFO - Started process 716 to run task
[2025-10-31T17:45:01.394+0100] {task_command.py:426} INFO - Running <TaskInstance: avito_kafka_every_5min.run_avito_producer scheduled__2025-10-31T16:40:00+00:00 [running]> on host bfe5844a8915
[2025-10-31T17:45:01.506+0100] {taskinstance.py:2648} INFO - Exporting env vars: AIRFLOW_CTX_DAG_OWNER='data' AIRFLOW_CTX_DAG_ID='avito_kafka_every_5min' AIRFLOW_CTX_TASK_ID='run_avito_producer' AIRFLOW_CTX_EXECUTION_DATE='2025-10-31T16:40:00+00:00' AIRFLOW_CTX_TRY_NUMBER='1' AIRFLOW_CTX_DAG_RUN_ID='scheduled__2025-10-31T16:40:00+00:00'
[2025-10-31T17:45:01.507+0100] {taskinstance.py:430} INFO - ::endgroup::
[2025-10-31T17:45:01.525+0100] {subprocess.py:63} INFO - Tmp dir root location: /tmp
[2025-10-31T17:45:01.526+0100] {subprocess.py:75} INFO - Running command: ['/usr/bin/bash', '-c', 'python -m Pipeline.producer.avito_producer --mode louer --pages 1 --limit 10 --bootstrap kafka:9092 --topic realestate.avito.raw']
[2025-10-31T17:45:01.535+0100] {subprocess.py:86} INFO - Output:
[2025-10-31T17:45:27.186+0100] {subprocess.py:93} INFO - [*] Mode: LOUER | Pages: 1 | Sink: kafka | Limit: 10
[2025-10-31T17:45:27.191+0100] {subprocess.py:93} INFO - [SERP] Page 1 → https://www.avito.ma/fr/maroc/locations_immobilieres-à_louer
[2025-10-31T17:45:27.191+0100] {subprocess.py:93} INFO -        Reached limit 10, stopping SERP crawl
[2025-10-31T17:45:27.192+0100] {subprocess.py:93} INFO - [*] Total URLs: 10
[2025-10-31T17:45:27.192+0100] {subprocess.py:93} INFO - [1/10] https://www.avito.ma/fr/palmier/local/Local_commercial_Palmier_proche_de_l_université_56952547.htm
[2025-10-31T17:45:27.193+0100] {subprocess.py:93} INFO - [2/10] https://www.avito.ma/fr/souissi/appartements/Sublime_appartement_à_louer_à_souissi_57113050.htm
[2025-10-31T17:45:27.193+0100] {subprocess.py:93} INFO - [3/10] https://www.avito.ma/fr/av_mohammed_vi/appartements/Appartement_à_louer_160_m²_à_Marrakech_53845575.htm
[2025-10-31T17:45:27.194+0100] {subprocess.py:93} INFO - [4/10] https://www.avito.ma/fr/casablanca_finance_city/appartements/Appartement_90m_Meublé_Luxe_CFC_56664753.htm
[2025-10-31T17:45:27.194+0100] {subprocess.py:93} INFO - [5/10] https://www.avito.ma/fr/quartier_des_hôpitaux/appartements/Appartement_meublé_à_louer_boulevard_Anoual_57129185.htm
[2025-10-31T17:45:27.195+0100] {subprocess.py:93} INFO - [6/10] https://www.avito.ma/fr/quartier_du_parc/appartements/Appartement_vide_à_louer_près_du_parc_56761518.htm
[2025-10-31T17:45:27.195+0100] {subprocess.py:93} INFO - [7/10] https://www.avito.ma/fr/ferme_bretone/appartements/Studio_Ferme_Bretonne_56266320.htm
[2025-10-31T17:45:27.196+0100] {subprocess.py:93} INFO - [8/10] https://www.avito.ma/fr/tilila/appartements/Appartement_meublé_à_louer_à_Tilila_57031770.htm
[2025-10-31T17:45:27.196+0100] {subprocess.py:93} INFO - [9/10] https://www.avito.ma/fr/ain_sebaa/local/Des_dépôts_en_Location_a_partir_45_000_dh_48928693.htm
[2025-10-31T17:45:27.197+0100] {subprocess.py:93} INFO - [10/10] https://www.avito.ma/fr/hay_salam/bureaux/Si_Mohamed_57145662.htm
[2025-10-31T17:45:27.197+0100] {subprocess.py:93} INFO - [✓] Sent 10 messages to Kafka topic 'realestate.avito.raw'
[2025-10-31T17:45:27.224+0100] {subprocess.py:97} INFO - Command exited with return code 0
[2025-10-31T17:45:27.225+0100] {taskinstance.py:441} INFO - ::group::Post task execution logs
[2025-10-31T17:45:27.260+0100] {taskinstance.py:1206} INFO - Marking task as SUCCESS. dag_id=avito_kafka_every_5min, task_id=run_avito_producer, run_id=scheduled__2025-10-31T16:40:00+00:00, execution_date=20251031T164000, start_date=20251031T164501, end_date=20251031T164527
[2025-10-31T17:45:27.318+0100] {local_task_job_runner.py:243} INFO - Task exited with return code 0
[2025-10-31T17:45:27.345+0100] {taskinstance.py:3503} INFO - 0 downstream tasks scheduled from follow-on schedule check
[2025-10-31T17:45:27.358+0100] {local_task_job_runner.py:222} INFO - ::endgroup::
