[2025-10-31T18:20:00.825+0100] {local_task_job_runner.py:120} INFO - ::group::Pre task execution logs
[2025-10-31T18:20:00.865+0100] {taskinstance.py:2076} INFO - Dependencies all met for dep_context=non-requeueable deps ti=<TaskInstance: avito_kafka_every_5min.run_avito_producer scheduled__2025-10-31T17:15:00+00:00 [queued]>
[2025-10-31T18:20:00.873+0100] {taskinstance.py:2076} INFO - Dependencies all met for dep_context=requeueable deps ti=<TaskInstance: avito_kafka_every_5min.run_avito_producer scheduled__2025-10-31T17:15:00+00:00 [queued]>
[2025-10-31T18:20:00.874+0100] {taskinstance.py:2306} INFO - Starting attempt 1 of 3
[2025-10-31T18:20:00.887+0100] {taskinstance.py:2330} INFO - Executing <Task(BashOperator): run_avito_producer> on 2025-10-31 17:15:00+00:00
[2025-10-31T18:20:00.894+0100] {standard_task_runner.py:90} INFO - Running: ['***', 'tasks', 'run', 'avito_kafka_every_5min', 'run_avito_producer', 'scheduled__2025-10-31T17:15:00+00:00', '--job-id', '18', '--raw', '--subdir', 'DAGS_FOLDER/avito_kafka_every_5min.py', '--cfg-path', '/tmp/tmpk8wt7b1i']
[2025-10-31T18:20:00.897+0100] {standard_task_runner.py:91} INFO - Job 18: Subtask run_avito_producer
[2025-10-31T18:20:00.897+0100] {logging_mixin.py:188} WARNING - /home/***/.local/lib/python3.12/site-packages/***/task/task_runner/standard_task_runner.py:62 DeprecationWarning: This process (pid=1109) is multi-threaded, use of fork() may lead to deadlocks in the child.
[2025-10-31T18:20:00.898+0100] {standard_task_runner.py:64} INFO - Started process 1110 to run task
[2025-10-31T18:20:00.962+0100] {task_command.py:426} INFO - Running <TaskInstance: avito_kafka_every_5min.run_avito_producer scheduled__2025-10-31T17:15:00+00:00 [running]> on host bfe5844a8915
[2025-10-31T18:20:01.114+0100] {taskinstance.py:2648} INFO - Exporting env vars: AIRFLOW_CTX_DAG_OWNER='data' AIRFLOW_CTX_DAG_ID='avito_kafka_every_5min' AIRFLOW_CTX_TASK_ID='run_avito_producer' AIRFLOW_CTX_EXECUTION_DATE='2025-10-31T17:15:00+00:00' AIRFLOW_CTX_TRY_NUMBER='1' AIRFLOW_CTX_DAG_RUN_ID='scheduled__2025-10-31T17:15:00+00:00'
[2025-10-31T18:20:01.115+0100] {taskinstance.py:430} INFO - ::endgroup::
[2025-10-31T18:20:01.131+0100] {subprocess.py:63} INFO - Tmp dir root location: /tmp
[2025-10-31T18:20:01.132+0100] {subprocess.py:75} INFO - Running command: ['/usr/bin/bash', '-c', 'python -m Pipeline.producer.avito_producer --mode louer --pages 1 --limit 10 --bootstrap kafka:9092 --topic realestate.avito.raw']
[2025-10-31T18:20:01.140+0100] {subprocess.py:86} INFO - Output:
[2025-10-31T18:20:25.730+0100] {subprocess.py:93} INFO - [*] Mode: LOUER | Pages: 1 | Sink: kafka | Limit: 10
[2025-10-31T18:20:25.731+0100] {subprocess.py:93} INFO - [SERP] Page 1 → https://www.avito.ma/fr/maroc/locations_immobilieres-à_louer
[2025-10-31T18:20:25.732+0100] {subprocess.py:93} INFO -        Reached limit 10, stopping SERP crawl
[2025-10-31T18:20:25.732+0100] {subprocess.py:93} INFO - [*] Total URLs: 10
[2025-10-31T18:20:25.733+0100] {subprocess.py:93} INFO - [1/10] https://www.avito.ma/fr/autre_secteur/terrains_et_fermes/Terrain_à_louer_à_Médiouna__enregistré_et_conservé_57014261.htm
[2025-10-31T18:20:25.733+0100] {subprocess.py:93} INFO - [2/10] https://www.avito.ma/fr/agdal/autre_immobilier/Appartement_usage_de_bureau_à_louer_à_l_Agdal_56995728.htm
[2025-10-31T18:20:25.734+0100] {subprocess.py:93} INFO - [3/10] https://www.avito.ma/fr/agdal/appartements/Appart_meublé_Arribat_centre_56885836.htm
[2025-10-31T18:20:25.734+0100] {subprocess.py:93} INFO - [4/10] https://www.avito.ma/fr/sidi_bernoussi/autre_immobilier/Complexe_multi_activités_à_louer___Casablanca_57105528.htm
[2025-10-31T18:20:25.735+0100] {subprocess.py:93} INFO - [5/10] https://www.avito.ma/fr/cité_adrar/appartements/Appartement_à_louer_à_Adrar_Agadir_56992031.htm
[2025-10-31T18:20:25.735+0100] {subprocess.py:93} INFO - [6/10] https://www.avito.ma/fr/californie/appartements/À_Louer_Appartement_Meublé_3_Chambres_à_Californie_56926178.htm
[2025-10-31T18:20:25.735+0100] {subprocess.py:93} INFO - [7/10] https://www.avito.ma/fr/agdal/bureaux/Plateau_bureau_à_louer_sur_l_Agdal_57124542.htm
[2025-10-31T18:20:25.736+0100] {subprocess.py:93} INFO - [8/10] https://www.avito.ma/fr/autre_secteur/local/Magasin_à_louer_57145734.htm
[2025-10-31T18:20:25.737+0100] {subprocess.py:93} INFO - [9/10] https://www.avito.ma/fr/ain_sebaa/bureaux/À_louer___Local_neuf_à_Moulay_Ismail_56973686.htm
[2025-10-31T18:20:25.738+0100] {subprocess.py:93} INFO - [10/10] https://www.avito.ma/fr/maarif/appartements/Appartement_120m_Meublé_A_Roumondi_57006548.htm
[2025-10-31T18:20:25.739+0100] {subprocess.py:93} INFO - [✓] Sent 10 messages to Kafka topic 'realestate.avito.raw'
[2025-10-31T18:20:25.804+0100] {subprocess.py:97} INFO - Command exited with return code 0
[2025-10-31T18:20:25.806+0100] {taskinstance.py:441} INFO - ::group::Post task execution logs
[2025-10-31T18:20:25.847+0100] {taskinstance.py:1206} INFO - Marking task as SUCCESS. dag_id=avito_kafka_every_5min, task_id=run_avito_producer, run_id=scheduled__2025-10-31T17:15:00+00:00, execution_date=20251031T171500, start_date=20251031T172000, end_date=20251031T172025
[2025-10-31T18:20:25.897+0100] {local_task_job_runner.py:243} INFO - Task exited with return code 0
[2025-10-31T18:20:25.920+0100] {taskinstance.py:3503} INFO - 0 downstream tasks scheduled from follow-on schedule check
[2025-10-31T18:20:25.922+0100] {local_task_job_runner.py:222} INFO - ::endgroup::
