[2025-10-31T19:20:00.653+0100] {local_task_job_runner.py:120} INFO - ::group::Pre task execution logs
[2025-10-31T19:20:00.697+0100] {taskinstance.py:2076} INFO - Dependencies all met for dep_context=non-requeueable deps ti=<TaskInstance: avito_kafka_every_5min.run_avito_producer scheduled__2025-10-31T18:15:00+00:00 [queued]>
[2025-10-31T19:20:00.735+0100] {taskinstance.py:2076} INFO - Dependencies all met for dep_context=requeueable deps ti=<TaskInstance: avito_kafka_every_5min.run_avito_producer scheduled__2025-10-31T18:15:00+00:00 [queued]>
[2025-10-31T19:20:00.736+0100] {taskinstance.py:2306} INFO - Starting attempt 1 of 3
[2025-10-31T19:20:00.753+0100] {taskinstance.py:2330} INFO - Executing <Task(BashOperator): run_avito_producer> on 2025-10-31 18:15:00+00:00
[2025-10-31T19:20:00.762+0100] {standard_task_runner.py:90} INFO - Running: ['***', 'tasks', 'run', 'avito_kafka_every_5min', 'run_avito_producer', 'scheduled__2025-10-31T18:15:00+00:00', '--job-id', '31', '--raw', '--subdir', 'DAGS_FOLDER/avito_kafka_every_5min.py', '--cfg-path', '/tmp/tmpacohmpax']
[2025-10-31T19:20:00.765+0100] {logging_mixin.py:188} WARNING - /home/***/.local/lib/python3.12/site-packages/***/task/task_runner/standard_task_runner.py:62 DeprecationWarning: This process (pid=309) is multi-threaded, use of fork() may lead to deadlocks in the child.
[2025-10-31T19:20:00.765+0100] {standard_task_runner.py:91} INFO - Job 31: Subtask run_avito_producer
[2025-10-31T19:20:00.766+0100] {standard_task_runner.py:64} INFO - Started process 310 to run task
[2025-10-31T19:20:00.822+0100] {task_command.py:426} INFO - Running <TaskInstance: avito_kafka_every_5min.run_avito_producer scheduled__2025-10-31T18:15:00+00:00 [running]> on host bfe5844a8915
[2025-10-31T19:20:00.919+0100] {taskinstance.py:2648} INFO - Exporting env vars: AIRFLOW_CTX_DAG_OWNER='data' AIRFLOW_CTX_DAG_ID='avito_kafka_every_5min' AIRFLOW_CTX_TASK_ID='run_avito_producer' AIRFLOW_CTX_EXECUTION_DATE='2025-10-31T18:15:00+00:00' AIRFLOW_CTX_TRY_NUMBER='1' AIRFLOW_CTX_DAG_RUN_ID='scheduled__2025-10-31T18:15:00+00:00'
[2025-10-31T19:20:00.920+0100] {taskinstance.py:430} INFO - ::endgroup::
[2025-10-31T19:20:00.937+0100] {subprocess.py:63} INFO - Tmp dir root location: /tmp
[2025-10-31T19:20:00.938+0100] {subprocess.py:75} INFO - Running command: ['/usr/bin/bash', '-c', 'python -m Pipeline.producer.avito_producer --mode louer --pages 1 --limit 10 --bootstrap kafka:9092 --topic realestate.avito.raw']
[2025-10-31T19:20:00.947+0100] {subprocess.py:86} INFO - Output:
[2025-10-31T19:20:21.958+0100] {subprocess.py:93} INFO - [*] Mode: LOUER | Pages: 1 | Sink: kafka | Limit: 10
[2025-10-31T19:20:21.959+0100] {subprocess.py:93} INFO - [SERP] Page 1 → https://www.avito.ma/fr/maroc/locations_immobilieres-à_louer
[2025-10-31T19:20:21.960+0100] {subprocess.py:93} INFO -        Reached limit 10, stopping SERP crawl
[2025-10-31T19:20:21.961+0100] {subprocess.py:93} INFO - [*] Total URLs: 10
[2025-10-31T19:20:21.961+0100] {subprocess.py:93} INFO - [1/10] https://www.avito.ma/fr/mozart/appartements/Appartement_à_louer_longue_durée_à_Riad_Tétouan_57123688.htm
[2025-10-31T19:20:21.962+0100] {subprocess.py:93} INFO - [2/10] https://www.avito.ma/fr/massira/appartements/Appartement_meublé_à_louer_à_Al_Massira_Miami_H_Y_M_4500DH_57131560.htm
[2025-10-31T19:20:21.963+0100] {subprocess.py:93} INFO - [3/10] https://www.avito.ma/fr/hassan/appartements/PentHouse_Marina_57144221.htm
[2025-10-31T19:20:21.964+0100] {subprocess.py:93} INFO - [4/10] https://www.avito.ma/fr/ville_verte/appartements/Appartement_meublé_à_louer___Prestigia__Bouskoura_56997117.htm
[2025-10-31T19:20:21.964+0100] {subprocess.py:93} INFO - [5/10] https://www.avito.ma/fr/bouskoura_centre/villas_et_riads/Belle_villa_à_Bouskoura_pour_location_56997156.htm
[2025-10-31T19:20:21.965+0100] {subprocess.py:93} INFO - [6/10] https://www.avito.ma/fr/abdelmoumen/appartements/Studio_à_louer_52_m²_à_bd_Abdelmoumen_56966598.htm
[2025-10-31T19:20:21.965+0100] {subprocess.py:93} INFO - [7/10] https://www.avito.ma/fr/oasis/appartements/À_louer_Appartement___2ch___Meublées_à_Oasis_56706878.htm
[2025-10-31T19:20:21.966+0100] {subprocess.py:93} INFO - [8/10] https://www.avito.ma/fr/agdal/appartements/STUDIO_dispo_le_1er_Décembre_56713782.htm
[2025-10-31T19:20:21.966+0100] {subprocess.py:93} INFO - [9/10] https://www.avito.ma/fr/maarif/appartements/Appartement_de_standing_123_m²_Calme_et_lumineux_56670074.htm
[2025-10-31T19:20:21.967+0100] {subprocess.py:93} INFO - [10/10] https://www.avito.ma/fr/souissi/appartements/Appartement_à_louer_160_m²_à_Rabat_56049944.htm
[2025-10-31T19:20:21.967+0100] {subprocess.py:93} INFO - [✓] Sent 10 messages to Kafka topic 'realestate.avito.raw'
[2025-10-31T19:20:22.003+0100] {subprocess.py:97} INFO - Command exited with return code 0
[2025-10-31T19:20:22.004+0100] {taskinstance.py:441} INFO - ::group::Post task execution logs
[2025-10-31T19:20:22.044+0100] {taskinstance.py:1206} INFO - Marking task as SUCCESS. dag_id=avito_kafka_every_5min, task_id=run_avito_producer, run_id=scheduled__2025-10-31T18:15:00+00:00, execution_date=20251031T181500, start_date=20251031T182000, end_date=20251031T182022
[2025-10-31T19:20:22.098+0100] {local_task_job_runner.py:243} INFO - Task exited with return code 0
[2025-10-31T19:20:22.120+0100] {taskinstance.py:3503} INFO - 0 downstream tasks scheduled from follow-on schedule check
[2025-10-31T19:20:22.123+0100] {local_task_job_runner.py:222} INFO - ::endgroup::
