[2025-10-31T19:40:00.851+0100] {local_task_job_runner.py:120} INFO - ::group::Pre task execution logs
[2025-10-31T19:40:00.916+0100] {taskinstance.py:2076} INFO - Dependencies all met for dep_context=non-requeueable deps ti=<TaskInstance: avito_kafka_every_5min.run_avito_producer scheduled__2025-10-31T18:35:00+00:00 [queued]>
[2025-10-31T19:40:00.935+0100] {taskinstance.py:2076} INFO - Dependencies all met for dep_context=requeueable deps ti=<TaskInstance: avito_kafka_every_5min.run_avito_producer scheduled__2025-10-31T18:35:00+00:00 [queued]>
[2025-10-31T19:40:00.937+0100] {taskinstance.py:2306} INFO - Starting attempt 1 of 3
[2025-10-31T19:40:00.973+0100] {taskinstance.py:2330} INFO - Executing <Task(BashOperator): run_avito_producer> on 2025-10-31 18:35:00+00:00
[2025-10-31T19:40:00.993+0100] {standard_task_runner.py:90} INFO - Running: ['***', 'tasks', 'run', 'avito_kafka_every_5min', 'run_avito_producer', 'scheduled__2025-10-31T18:35:00+00:00', '--job-id', '35', '--raw', '--subdir', 'DAGS_FOLDER/avito_kafka_every_5min.py', '--cfg-path', '/tmp/tmp76igh3eq']
[2025-10-31T19:40:01.005+0100] {standard_task_runner.py:91} INFO - Job 35: Subtask run_avito_producer
[2025-10-31T19:40:01.017+0100] {logging_mixin.py:188} WARNING - /home/***/.local/lib/python3.12/site-packages/***/task/task_runner/standard_task_runner.py:62 DeprecationWarning: This process (pid=532) is multi-threaded, use of fork() may lead to deadlocks in the child.
[2025-10-31T19:40:01.018+0100] {standard_task_runner.py:64} INFO - Started process 533 to run task
[2025-10-31T19:40:01.115+0100] {task_command.py:426} INFO - Running <TaskInstance: avito_kafka_every_5min.run_avito_producer scheduled__2025-10-31T18:35:00+00:00 [running]> on host bfe5844a8915
[2025-10-31T19:40:01.289+0100] {taskinstance.py:2648} INFO - Exporting env vars: AIRFLOW_CTX_DAG_OWNER='data' AIRFLOW_CTX_DAG_ID='avito_kafka_every_5min' AIRFLOW_CTX_TASK_ID='run_avito_producer' AIRFLOW_CTX_EXECUTION_DATE='2025-10-31T18:35:00+00:00' AIRFLOW_CTX_TRY_NUMBER='1' AIRFLOW_CTX_DAG_RUN_ID='scheduled__2025-10-31T18:35:00+00:00'
[2025-10-31T19:40:01.291+0100] {taskinstance.py:430} INFO - ::endgroup::
[2025-10-31T19:40:01.320+0100] {subprocess.py:63} INFO - Tmp dir root location: /tmp
[2025-10-31T19:40:01.322+0100] {subprocess.py:75} INFO - Running command: ['/usr/bin/bash', '-c', 'python -m Pipeline.producer.avito_producer --mode louer --pages 1 --limit 10 --bootstrap kafka:9092 --topic realestate.avito.raw']
[2025-10-31T19:40:01.337+0100] {subprocess.py:86} INFO - Output:
[2025-10-31T19:40:22.898+0100] {subprocess.py:93} INFO - [*] Mode: LOUER | Pages: 1 | Sink: kafka | Limit: 10
[2025-10-31T19:40:22.899+0100] {subprocess.py:93} INFO - [SERP] Page 1 → https://www.avito.ma/fr/maroc/locations_immobilieres-à_louer
[2025-10-31T19:40:22.900+0100] {subprocess.py:93} INFO -        Reached limit 10, stopping SERP crawl
[2025-10-31T19:40:22.901+0100] {subprocess.py:93} INFO - [*] Total URLs: 10
[2025-10-31T19:40:22.902+0100] {subprocess.py:93} INFO - [1/10] https://www.avito.ma/fr/hay_el_fath/local/Magasin_centre_commercial_ait_baha_57104674.htm
[2025-10-31T19:40:22.903+0100] {subprocess.py:93} INFO - [2/10] https://www.avito.ma/fr/agdal/autre_immobilier/Appartement_usage_de_bureau_à_louer_à_l_Agdal_56995728.htm
[2025-10-31T19:40:22.905+0100] {subprocess.py:93} INFO - [3/10] https://www.avito.ma/fr/hay_riad/appartements/Appartement_à_louer_amahaj_riad_57032554.htm
[2025-10-31T19:40:22.907+0100] {subprocess.py:93} INFO - [4/10] https://www.avito.ma/fr/oulfa/appartements/Studio_Meublé_Proche_Cheikh_Khalifa_57146012.htm
[2025-10-31T19:40:22.909+0100] {subprocess.py:93} INFO - [5/10] https://www.avito.ma/fr/hamria/villas_et_riads/Villa_à_louer_56584305.htm
[2025-10-31T19:40:22.910+0100] {subprocess.py:93} INFO - [6/10] https://www.avito.ma/fr/agdal/appartements/Appartement_à_louer_60_m²_Agdal_Rabat_57146007.htm
[2025-10-31T19:40:22.910+0100] {subprocess.py:93} INFO - [7/10] https://www.avito.ma/fr/aïn_borja/bureaux/Plateau_bureau_en_location_casanearshore_57073462.htm
[2025-10-31T19:40:22.914+0100] {subprocess.py:93} INFO - [8/10] https://www.avito.ma/fr/victor_hugo/appartements/Appartement_à_louer_57_m²_à_Marrakech_57118800.htm
[2025-10-31T19:40:22.915+0100] {subprocess.py:93} INFO - [9/10] https://www.avito.ma/fr/hassan/appartements/Appartement_à_louer_100_m²_à_Rabat_56661647.htm
[2025-10-31T19:40:22.926+0100] {subprocess.py:93} INFO - [10/10] https://www.avito.ma/fr/hay_riad/appartements/À_Louer_Appartement_F3_Hay_Riad_56122244.htm
[2025-10-31T19:40:22.928+0100] {subprocess.py:93} INFO - [✓] Sent 10 messages to Kafka topic 'realestate.avito.raw'
[2025-10-31T19:40:22.988+0100] {subprocess.py:97} INFO - Command exited with return code 0
[2025-10-31T19:40:22.990+0100] {taskinstance.py:441} INFO - ::group::Post task execution logs
[2025-10-31T19:40:23.096+0100] {taskinstance.py:1206} INFO - Marking task as SUCCESS. dag_id=avito_kafka_every_5min, task_id=run_avito_producer, run_id=scheduled__2025-10-31T18:35:00+00:00, execution_date=20251031T183500, start_date=20251031T184000, end_date=20251031T184023
[2025-10-31T19:40:23.165+0100] {local_task_job_runner.py:243} INFO - Task exited with return code 0
[2025-10-31T19:40:23.203+0100] {taskinstance.py:3503} INFO - 0 downstream tasks scheduled from follow-on schedule check
[2025-10-31T19:40:23.211+0100] {local_task_job_runner.py:222} INFO - ::endgroup::
