[2025-11-01T00:55:50.826+0100] {local_task_job_runner.py:120} INFO - ::group::Pre task execution logs
[2025-11-01T00:55:50.863+0100] {taskinstance.py:2076} INFO - Dependencies all met for dep_context=non-requeueable deps ti=<TaskInstance: avito_minimal_scrape_to_iceberg.run_scraper scheduled__2025-10-31T23:50:00+00:00 [queued]>
[2025-11-01T00:55:50.872+0100] {taskinstance.py:2076} INFO - Dependencies all met for dep_context=requeueable deps ti=<TaskInstance: avito_minimal_scrape_to_iceberg.run_scraper scheduled__2025-10-31T23:50:00+00:00 [queued]>
[2025-11-01T00:55:50.873+0100] {taskinstance.py:2306} INFO - Starting attempt 1 of 3
[2025-11-01T00:55:50.885+0100] {taskinstance.py:2330} INFO - Executing <Task(BashOperator): run_scraper> on 2025-10-31 23:50:00+00:00
[2025-11-01T00:55:50.894+0100] {logging_mixin.py:188} WARNING - /home/***/.local/lib/python3.12/site-packages/***/task/task_runner/standard_task_runner.py:62 DeprecationWarning: This process (pid=964) is multi-threaded, use of fork() may lead to deadlocks in the child.
[2025-11-01T00:55:50.892+0100] {standard_task_runner.py:90} INFO - Running: ['***', 'tasks', 'run', 'avito_minimal_scrape_to_iceberg', 'run_scraper', 'scheduled__2025-10-31T23:50:00+00:00', '--job-id', '130', '--raw', '--subdir', 'DAGS_FOLDER/avito_pipeline.py', '--cfg-path', '/tmp/tmpjgd9ltem']
[2025-11-01T00:55:50.894+0100] {standard_task_runner.py:64} INFO - Started process 965 to run task
[2025-11-01T00:55:50.895+0100] {standard_task_runner.py:91} INFO - Job 130: Subtask run_scraper
[2025-11-01T00:55:50.948+0100] {task_command.py:426} INFO - Running <TaskInstance: avito_minimal_scrape_to_iceberg.run_scraper scheduled__2025-10-31T23:50:00+00:00 [running]> on host 840b98c7ef92
[2025-11-01T00:55:51.050+0100] {taskinstance.py:2648} INFO - Exporting env vars: AIRFLOW_CTX_DAG_OWNER='avito' AIRFLOW_CTX_DAG_ID='avito_minimal_scrape_to_iceberg' AIRFLOW_CTX_TASK_ID='run_scraper' AIRFLOW_CTX_EXECUTION_DATE='2025-10-31T23:50:00+00:00' AIRFLOW_CTX_TRY_NUMBER='1' AIRFLOW_CTX_DAG_RUN_ID='scheduled__2025-10-31T23:50:00+00:00'
[2025-11-01T00:55:51.051+0100] {taskinstance.py:430} INFO - ::endgroup::
[2025-11-01T00:55:51.064+0100] {subprocess.py:63} INFO - Tmp dir root location: /tmp
[2025-11-01T00:55:51.066+0100] {subprocess.py:75} INFO - Running command: ['/usr/bin/bash', '-c', 'docker exec -i avito-scraper bash -lc "/app/run_avito_scraper.sh --mode louer --pages 1 --limit 10 --bootstrap kafka:9092 --topic realestate.avito.raw"']
[2025-11-01T00:55:51.074+0100] {subprocess.py:86} INFO - Output:
[2025-11-01T00:55:51.814+0100] {subprocess.py:93} INFO - [*] Mode: LOUER | Pages: 1 | Sink: kafka | Limit: 10
[2025-11-01T00:55:51.814+0100] {subprocess.py:93} INFO - [SERP] Page 1 → https://www.avito.ma/fr/maroc/locations_immobilieres-à_louer
[2025-11-01T00:55:52.776+0100] {subprocess.py:93} INFO -        Reached limit 10, stopping SERP crawl
[2025-11-01T00:55:52.776+0100] {subprocess.py:93} INFO - [*] Total URLs: 10
[2025-11-01T00:55:52.778+0100] {subprocess.py:93} INFO - [1/10] https://www.avito.ma/fr/oasis/appartements/Appart_studio_meublé_à_louer_115_m_à_Casa_Oasis_57090434.htm
[2025-11-01T00:55:54.728+0100] {subprocess.py:93} INFO - [2/10] https://www.avito.ma/fr/lissasfa/bureaux/Bureaux_à_louer_PL_N_201_D_53020607.htm
[2025-11-01T00:55:57.052+0100] {subprocess.py:93} INFO - [3/10] https://www.avito.ma/fr/malabata/appartements/Appartement_meublé_à_louer_mensuellement_à_Malabata_Hills_56715740.htm
[2025-11-01T00:55:58.868+0100] {subprocess.py:93} INFO - [4/10] https://www.avito.ma/fr/c.i.l/appartements/Location_appart_vide_CIL_près_Institut_Dominique_57131214.htm
[2025-11-01T00:56:00.684+0100] {subprocess.py:93} INFO - [5/10] https://www.avito.ma/fr/autre_secteur/local/Magasin_110m_Avenue_Tarik_Bno_Ziyad_56982951.htm
[2025-11-01T00:56:02.527+0100] {subprocess.py:93} INFO - [6/10] https://www.avito.ma/fr/centre_ville/appartements/Appartement_meublé_au_centre_ville_57146722.htm
[2025-11-01T00:56:04.426+0100] {subprocess.py:93} INFO - [7/10] https://www.avito.ma/fr/safir/appartements/Appartement_à_louer_140_m²_à_Tétouan_57146720.htm
[2025-11-01T00:56:06.179+0100] {subprocess.py:93} INFO - [8/10] https://www.avito.ma/fr/belvédère/appartements/Appartement_meublé_à_louer_quartier_Belvedere_57069850.htm
[2025-11-01T00:56:08.086+0100] {subprocess.py:93} INFO - [9/10] https://www.avito.ma/fr/plateau/appartements/Appartement_à_louer_78_m²_à_El_Jadida_57146716.htm
[2025-11-01T00:56:09.848+0100] {subprocess.py:93} INFO - [10/10] https://www.avito.ma/fr/guéliz/bureaux/Plateaux_bureaux_à_louer_56183999.htm
[2025-11-01T00:56:10.131+0100] {subprocess.py:93} INFO - [✓] Sent 10 messages to Kafka topic 'realestate.avito.raw'
[2025-11-01T00:56:10.180+0100] {subprocess.py:97} INFO - Command exited with return code 0
[2025-11-01T00:56:10.182+0100] {taskinstance.py:441} INFO - ::group::Post task execution logs
[2025-11-01T00:56:10.263+0100] {taskinstance.py:1206} INFO - Marking task as SUCCESS. dag_id=avito_minimal_scrape_to_iceberg, task_id=run_scraper, run_id=scheduled__2025-10-31T23:50:00+00:00, execution_date=20251031T235000, start_date=20251031T235550, end_date=20251031T235610
[2025-11-01T00:56:10.330+0100] {local_task_job_runner.py:243} INFO - Task exited with return code 0
[2025-11-01T00:56:10.359+0100] {taskinstance.py:3503} INFO - 0 downstream tasks scheduled from follow-on schedule check
[2025-11-01T00:56:10.362+0100] {local_task_job_runner.py:222} INFO - ::endgroup::
