[2025-10-31T21:25:00.462+0100] {local_task_job_runner.py:120} INFO - ::group::Pre task execution logs
[2025-10-31T21:25:00.504+0100] {taskinstance.py:2076} INFO - Dependencies all met for dep_context=non-requeueable deps ti=<TaskInstance: avito_kafka_every_5min.run_avito_producer scheduled__2025-10-31T20:20:00+00:00 [queued]>
[2025-10-31T21:25:00.515+0100] {taskinstance.py:2076} INFO - Dependencies all met for dep_context=requeueable deps ti=<TaskInstance: avito_kafka_every_5min.run_avito_producer scheduled__2025-10-31T20:20:00+00:00 [queued]>
[2025-10-31T21:25:00.517+0100] {taskinstance.py:2306} INFO - Starting attempt 1 of 3
[2025-10-31T21:25:00.536+0100] {taskinstance.py:2330} INFO - Executing <Task(BashOperator): run_avito_producer> on 2025-10-31 20:20:00+00:00
[2025-10-31T21:25:00.546+0100] {standard_task_runner.py:90} INFO - Running: ['***', 'tasks', 'run', 'avito_kafka_every_5min', 'run_avito_producer', 'scheduled__2025-10-31T20:20:00+00:00', '--job-id', '55', '--raw', '--subdir', 'DAGS_FOLDER/avito_kafka_every_5min.py', '--cfg-path', '/tmp/tmpzi8xp6gh']
[2025-10-31T21:25:00.548+0100] {standard_task_runner.py:91} INFO - Job 55: Subtask run_avito_producer
[2025-10-31T21:25:00.549+0100] {logging_mixin.py:188} WARNING - /home/***/.local/lib/python3.12/site-packages/***/task/task_runner/standard_task_runner.py:62 DeprecationWarning: This process (pid=1512) is multi-threaded, use of fork() may lead to deadlocks in the child.
[2025-10-31T21:25:00.550+0100] {standard_task_runner.py:64} INFO - Started process 1513 to run task
[2025-10-31T21:25:00.618+0100] {task_command.py:426} INFO - Running <TaskInstance: avito_kafka_every_5min.run_avito_producer scheduled__2025-10-31T20:20:00+00:00 [running]> on host bfe5844a8915
[2025-10-31T21:25:00.749+0100] {taskinstance.py:2648} INFO - Exporting env vars: AIRFLOW_CTX_DAG_OWNER='data' AIRFLOW_CTX_DAG_ID='avito_kafka_every_5min' AIRFLOW_CTX_TASK_ID='run_avito_producer' AIRFLOW_CTX_EXECUTION_DATE='2025-10-31T20:20:00+00:00' AIRFLOW_CTX_TRY_NUMBER='1' AIRFLOW_CTX_DAG_RUN_ID='scheduled__2025-10-31T20:20:00+00:00'
[2025-10-31T21:25:00.751+0100] {taskinstance.py:430} INFO - ::endgroup::
[2025-10-31T21:25:00.770+0100] {subprocess.py:63} INFO - Tmp dir root location: /tmp
[2025-10-31T21:25:00.771+0100] {subprocess.py:75} INFO - Running command: ['/usr/bin/bash', '-c', 'python -m Pipeline.producer.avito_producer --mode louer --pages 1 --limit 10 --bootstrap kafka:9092 --topic realestate.avito.raw']
[2025-10-31T21:25:00.781+0100] {subprocess.py:86} INFO - Output:
[2025-10-31T21:25:22.877+0100] {subprocess.py:93} INFO - [*] Mode: LOUER | Pages: 1 | Sink: kafka | Limit: 10
[2025-10-31T21:25:22.877+0100] {subprocess.py:93} INFO - [SERP] Page 1 → https://www.avito.ma/fr/maroc/locations_immobilieres-à_louer
[2025-10-31T21:25:22.878+0100] {subprocess.py:93} INFO -        Reached limit 10, stopping SERP crawl
[2025-10-31T21:25:22.879+0100] {subprocess.py:93} INFO - [*] Total URLs: 10
[2025-10-31T21:25:22.879+0100] {subprocess.py:93} INFO - [1/10] https://www.avito.ma/fr/gauthier/local/Très_beau_magasin_à_louer_à_Gauthier__Casablanca_56960539.htm
[2025-10-31T21:25:22.880+0100] {subprocess.py:93} INFO - [2/10] https://www.avito.ma/fr/branes_2/appartements/Appartement_à_louer_99_m²_à_Tanger_57051615.htm
[2025-10-31T21:25:22.880+0100] {subprocess.py:93} INFO - [3/10] https://www.avito.ma/fr/belvédère/bureaux/Bureaux_privés_équipés_à_Casablanca_57140470.htm
[2025-10-31T21:25:22.881+0100] {subprocess.py:93} INFO - [4/10] https://www.avito.ma/fr/zenata/appartements/Studio_meublé_à_louer___Zenata_56923293.htm
[2025-10-31T21:25:22.881+0100] {subprocess.py:93} INFO - [5/10] https://www.avito.ma/fr/florida/bureaux/Bureau_spacieux_à_louer_Alpha_business_florida_57128562.htm
[2025-10-31T21:25:22.881+0100] {subprocess.py:93} INFO - [6/10] https://www.avito.ma/fr/allal_el_fassi/appartements/Appartement_très_chic_meublé_à_louer_57095843.htm
[2025-10-31T21:25:22.882+0100] {subprocess.py:93} INFO - [7/10] https://www.avito.ma/fr/maarif/appartements/Appartement_meublé_à_louer_quartier_maarif_57139041.htm
[2025-10-31T21:25:22.882+0100] {subprocess.py:93} INFO - [8/10] https://www.avito.ma/fr/autre_secteur/terrains_et_fermes/___Ferme_à_louer_avec_piscine_56334268.htm
[2025-10-31T21:25:22.882+0100] {subprocess.py:93} INFO - [9/10] https://www.avito.ma/fr/sidi_maarouf/appartements/À_Almaz_rés_avec_piscine_Appartement_vide_57087877.htm
[2025-10-31T21:25:22.883+0100] {subprocess.py:93} INFO - [10/10] https://www.avito.ma/fr/assam/local/Local_Commercial_Kenitra_Assam_116m2___116m2_cave_57119121.htm
[2025-10-31T21:25:22.883+0100] {subprocess.py:93} INFO - [✓] Sent 10 messages to Kafka topic 'realestate.avito.raw'
[2025-10-31T21:25:22.914+0100] {subprocess.py:97} INFO - Command exited with return code 0
[2025-10-31T21:25:22.916+0100] {taskinstance.py:441} INFO - ::group::Post task execution logs
[2025-10-31T21:25:22.945+0100] {taskinstance.py:1206} INFO - Marking task as SUCCESS. dag_id=avito_kafka_every_5min, task_id=run_avito_producer, run_id=scheduled__2025-10-31T20:20:00+00:00, execution_date=20251031T202000, start_date=20251031T202500, end_date=20251031T202522
[2025-10-31T21:25:22.985+0100] {local_task_job_runner.py:243} INFO - Task exited with return code 0
[2025-10-31T21:25:23.002+0100] {taskinstance.py:3503} INFO - 0 downstream tasks scheduled from follow-on schedule check
[2025-10-31T21:25:23.005+0100] {local_task_job_runner.py:222} INFO - ::endgroup::
