[2025-10-31T16:40:00.830+0100] {local_task_job_runner.py:120} INFO - ::group::Pre task execution logs
[2025-10-31T16:40:00.887+0100] {taskinstance.py:2076} INFO - Dependencies all met for dep_context=non-requeueable deps ti=<TaskInstance: avito_kafka_every_5min.run_avito_producer scheduled__2025-10-31T15:35:00+00:00 [queued]>
[2025-10-31T16:40:00.899+0100] {taskinstance.py:2076} INFO - Dependencies all met for dep_context=requeueable deps ti=<TaskInstance: avito_kafka_every_5min.run_avito_producer scheduled__2025-10-31T15:35:00+00:00 [queued]>
[2025-10-31T16:40:00.900+0100] {taskinstance.py:2306} INFO - Starting attempt 1 of 3
[2025-10-31T16:40:00.915+0100] {taskinstance.py:2330} INFO - Executing <Task(BashOperator): run_avito_producer> on 2025-10-31 15:35:00+00:00
[2025-10-31T16:40:00.927+0100] {standard_task_runner.py:90} INFO - Running: ['***', 'tasks', 'run', 'avito_kafka_every_5min', 'run_avito_producer', 'scheduled__2025-10-31T15:35:00+00:00', '--job-id', '10', '--raw', '--subdir', 'DAGS_FOLDER/avito_kafka_every_5min.py', '--cfg-path', '/tmp/tmpojx_u51w']
[2025-10-31T16:40:00.932+0100] {standard_task_runner.py:91} INFO - Job 10: Subtask run_avito_producer
[2025-10-31T16:40:00.933+0100] {logging_mixin.py:188} WARNING - /home/***/.local/lib/python3.12/site-packages/***/task/task_runner/standard_task_runner.py:62 DeprecationWarning: This process (pid=343) is multi-threaded, use of fork() may lead to deadlocks in the child.
[2025-10-31T16:40:00.934+0100] {standard_task_runner.py:64} INFO - Started process 344 to run task
[2025-10-31T16:40:01.091+0100] {task_command.py:426} INFO - Running <TaskInstance: avito_kafka_every_5min.run_avito_producer scheduled__2025-10-31T15:35:00+00:00 [running]> on host f5eb3160223b
[2025-10-31T16:40:01.245+0100] {taskinstance.py:2648} INFO - Exporting env vars: AIRFLOW_CTX_DAG_OWNER='data' AIRFLOW_CTX_DAG_ID='avito_kafka_every_5min' AIRFLOW_CTX_TASK_ID='run_avito_producer' AIRFLOW_CTX_EXECUTION_DATE='2025-10-31T15:35:00+00:00' AIRFLOW_CTX_TRY_NUMBER='1' AIRFLOW_CTX_DAG_RUN_ID='scheduled__2025-10-31T15:35:00+00:00'
[2025-10-31T16:40:01.248+0100] {taskinstance.py:430} INFO - ::endgroup::
[2025-10-31T16:40:01.273+0100] {subprocess.py:63} INFO - Tmp dir root location: /tmp
[2025-10-31T16:40:01.275+0100] {subprocess.py:75} INFO - Running command: ['/usr/bin/bash', '-c', 'python -m Pipeline.producer.avito_producer --mode louer --pages 1 --limit 10 --bootstrap kafka:9092 --topic realestate.avito.raw']
[2025-10-31T16:40:01.289+0100] {subprocess.py:86} INFO - Output:
[2025-10-31T16:40:21.344+0100] {subprocess.py:93} INFO - [*] Mode: LOUER | Pages: 1 | Sink: kafka | Limit: 10
[2025-10-31T16:40:21.346+0100] {subprocess.py:93} INFO - [SERP] Page 1 → https://www.avito.ma/fr/maroc/locations_immobilieres-à_louer
[2025-10-31T16:40:21.347+0100] {subprocess.py:93} INFO -        Reached limit 10, stopping SERP crawl
[2025-10-31T16:40:21.347+0100] {subprocess.py:93} INFO - [*] Total URLs: 10
[2025-10-31T16:40:21.348+0100] {subprocess.py:93} INFO - [1/10] https://www.avito.ma/fr/mabrouka/appartements/Appartement_à_louer_1_m²_à_Marrakech_57091971.htm
[2025-10-31T16:40:21.349+0100] {subprocess.py:93} INFO - [2/10] https://www.avito.ma/fr/californie/appartements/Appartement_à_louer_52_m²_à_Casablanca_57126539.htm
[2025-10-31T16:40:21.349+0100] {subprocess.py:93} INFO - [3/10] https://www.avito.ma/fr/wifak/appartements/Dernières_unités__Apt_neufs_à_louer_pour_médecins_56028844.htm
[2025-10-31T16:40:21.350+0100] {subprocess.py:93} INFO - [4/10] https://www.avito.ma/fr/hay_riad/appartements/Joli_appart_4_chambres_1_salon_56845220.htm
[2025-10-31T16:40:21.350+0100] {subprocess.py:93} INFO - [5/10] https://www.avito.ma/fr/palmier/bureaux/Bureau_2gd_Open_6p_330m2_à_louer_au_Palmier_56130797.htm
[2025-10-31T16:40:21.351+0100] {subprocess.py:93} INFO - [6/10] https://www.avito.ma/fr/bourgogne/local/Magasin_à_louer_sur_boulevard_300_m²_56898127.htm
[2025-10-31T16:40:21.351+0100] {subprocess.py:93} INFO - [7/10] https://www.avito.ma/fr/maarif/appartements/Appartement_meublé_à_louer_quartier_Maarif_57034066.htm
[2025-10-31T16:40:21.351+0100] {subprocess.py:93} INFO - [8/10] https://www.avito.ma/fr/californie/appartements/À_Louer_Appartement_Meublé_3_Chambres_à_Californie_56926178.htm
[2025-10-31T16:40:21.352+0100] {subprocess.py:93} INFO - [9/10] https://www.avito.ma/fr/hay_riad/villas_et_riads/LOCATION_LONGUE_DUREE_OU_EVENEMENTS_56754407.htm
[2025-10-31T16:40:21.352+0100] {subprocess.py:93} INFO - [10/10] https://www.avito.ma/fr/la_colline/appartements/Appartement_meublé_à_Mouhamadia_à_louer_57018347.htm
[2025-10-31T16:40:21.353+0100] {subprocess.py:93} INFO - [✓] Sent 10 messages to Kafka topic 'realestate.avito.raw'
[2025-10-31T16:40:21.391+0100] {subprocess.py:97} INFO - Command exited with return code 0
[2025-10-31T16:40:21.392+0100] {taskinstance.py:441} INFO - ::group::Post task execution logs
[2025-10-31T16:40:21.427+0100] {taskinstance.py:1206} INFO - Marking task as SUCCESS. dag_id=avito_kafka_every_5min, task_id=run_avito_producer, run_id=scheduled__2025-10-31T15:35:00+00:00, execution_date=20251031T153500, start_date=20251031T154000, end_date=20251031T154021
[2025-10-31T16:40:21.480+0100] {local_task_job_runner.py:243} INFO - Task exited with return code 0
[2025-10-31T16:40:21.504+0100] {taskinstance.py:3503} INFO - 0 downstream tasks scheduled from follow-on schedule check
[2025-10-31T16:40:21.506+0100] {local_task_job_runner.py:222} INFO - ::endgroup::
