[2025-10-31T21:35:00.440+0100] {local_task_job_runner.py:120} INFO - ::group::Pre task execution logs
[2025-10-31T21:35:00.490+0100] {taskinstance.py:2076} INFO - Dependencies all met for dep_context=non-requeueable deps ti=<TaskInstance: avito_kafka_every_5min.run_avito_producer scheduled__2025-10-31T20:30:00+00:00 [queued]>
[2025-10-31T21:35:00.503+0100] {taskinstance.py:2076} INFO - Dependencies all met for dep_context=requeueable deps ti=<TaskInstance: avito_kafka_every_5min.run_avito_producer scheduled__2025-10-31T20:30:00+00:00 [queued]>
[2025-10-31T21:35:00.504+0100] {taskinstance.py:2306} INFO - Starting attempt 1 of 3
[2025-10-31T21:35:00.518+0100] {taskinstance.py:2330} INFO - Executing <Task(BashOperator): run_avito_producer> on 2025-10-31 20:30:00+00:00
[2025-10-31T21:35:00.529+0100] {logging_mixin.py:188} WARNING - /home/***/.local/lib/python3.12/site-packages/***/task/task_runner/standard_task_runner.py:62 DeprecationWarning: This process (pid=1626) is multi-threaded, use of fork() may lead to deadlocks in the child.
[2025-10-31T21:35:00.528+0100] {standard_task_runner.py:90} INFO - Running: ['***', 'tasks', 'run', 'avito_kafka_every_5min', 'run_avito_producer', 'scheduled__2025-10-31T20:30:00+00:00', '--job-id', '57', '--raw', '--subdir', 'DAGS_FOLDER/avito_kafka_every_5min.py', '--cfg-path', '/tmp/tmp915sw0ho']
[2025-10-31T21:35:00.531+0100] {standard_task_runner.py:64} INFO - Started process 1627 to run task
[2025-10-31T21:35:00.531+0100] {standard_task_runner.py:91} INFO - Job 57: Subtask run_avito_producer
[2025-10-31T21:35:00.605+0100] {task_command.py:426} INFO - Running <TaskInstance: avito_kafka_every_5min.run_avito_producer scheduled__2025-10-31T20:30:00+00:00 [running]> on host bfe5844a8915
[2025-10-31T21:35:00.730+0100] {taskinstance.py:2648} INFO - Exporting env vars: AIRFLOW_CTX_DAG_OWNER='data' AIRFLOW_CTX_DAG_ID='avito_kafka_every_5min' AIRFLOW_CTX_TASK_ID='run_avito_producer' AIRFLOW_CTX_EXECUTION_DATE='2025-10-31T20:30:00+00:00' AIRFLOW_CTX_TRY_NUMBER='1' AIRFLOW_CTX_DAG_RUN_ID='scheduled__2025-10-31T20:30:00+00:00'
[2025-10-31T21:35:00.731+0100] {taskinstance.py:430} INFO - ::endgroup::
[2025-10-31T21:35:00.751+0100] {subprocess.py:63} INFO - Tmp dir root location: /tmp
[2025-10-31T21:35:00.753+0100] {subprocess.py:75} INFO - Running command: ['/usr/bin/bash', '-c', 'python -m Pipeline.producer.avito_producer --mode louer --pages 1 --limit 10 --bootstrap kafka:9092 --topic realestate.avito.raw']
[2025-10-31T21:35:00.766+0100] {subprocess.py:86} INFO - Output:
[2025-10-31T21:35:19.468+0100] {subprocess.py:93} INFO - [*] Mode: LOUER | Pages: 1 | Sink: kafka | Limit: 10
[2025-10-31T21:35:19.468+0100] {subprocess.py:93} INFO - [SERP] Page 1 → https://www.avito.ma/fr/maroc/locations_immobilieres-à_louer
[2025-10-31T21:35:19.469+0100] {subprocess.py:93} INFO -        Reached limit 10, stopping SERP crawl
[2025-10-31T21:35:19.469+0100] {subprocess.py:93} INFO - [*] Total URLs: 10
[2025-10-31T21:35:19.470+0100] {subprocess.py:93} INFO - [1/10] https://www.avito.ma/fr/autre_secteur/local/Lavage_de_location_avec_vidange_à_Mediona_1000m²_56852768.htm
[2025-10-31T21:35:19.470+0100] {subprocess.py:93} INFO - [2/10] https://www.avito.ma/fr/quartier_des_hôpitaux/appartements/Appartement_de_luxe_à_louer_Bd_Anoual_57014110.htm
[2025-10-31T21:35:19.470+0100] {subprocess.py:93} INFO - [3/10] https://www.avito.ma/fr/autre_secteur/villas_et_riads/Villa_de_luxe_à_louer_à_Ain_Chkak_57027881.htm
[2025-10-31T21:35:19.471+0100] {subprocess.py:93} INFO - [4/10] https://www.avito.ma/fr/mimosas/appartements/Appartement_à_Résidence_kalaat_el_Mansouria_57032475.htm
[2025-10-31T21:35:19.471+0100] {subprocess.py:93} INFO - [5/10] https://www.avito.ma/fr/allal_el_fassi/appartements/Appartement_meublé_à_louer_Dyour_Marjane_57097502.htm
[2025-10-31T21:35:19.472+0100] {subprocess.py:93} INFO - [6/10] https://www.avito.ma/fr/centre_ville/appartements/Appartement_à_Louer_à_Témara___5Km_Hay_Riyad_56705899.htm
[2025-10-31T21:35:19.472+0100] {subprocess.py:93} INFO - [7/10] https://www.avito.ma/fr/karima/appartements/Appartement_à_louer_100_m²_à_Benslimane_57146339.htm
[2025-10-31T21:35:19.472+0100] {subprocess.py:93} INFO - [8/10] https://www.avito.ma/fr/ait_melloul/appartements/rez_de_chaussée__ait_melloul_57146337.htm
[2025-10-31T21:35:19.473+0100] {subprocess.py:93} INFO - [9/10] https://www.avito.ma/fr/el_mansouria/appartements/Appartement_de_116m²_à_louer_56965675.htm
[2025-10-31T21:35:19.473+0100] {subprocess.py:93} INFO - [10/10] https://www.avito.ma/fr/zenata/appartements/Studio_meublé_à_louer___Zenata_56923293.htm
[2025-10-31T21:35:19.473+0100] {subprocess.py:93} INFO - [✓] Sent 10 messages to Kafka topic 'realestate.avito.raw'
[2025-10-31T21:35:19.506+0100] {subprocess.py:97} INFO - Command exited with return code 0
[2025-10-31T21:35:19.507+0100] {taskinstance.py:441} INFO - ::group::Post task execution logs
[2025-10-31T21:35:19.536+0100] {taskinstance.py:1206} INFO - Marking task as SUCCESS. dag_id=avito_kafka_every_5min, task_id=run_avito_producer, run_id=scheduled__2025-10-31T20:30:00+00:00, execution_date=20251031T203000, start_date=20251031T203500, end_date=20251031T203519
[2025-10-31T21:35:19.571+0100] {local_task_job_runner.py:243} INFO - Task exited with return code 0
[2025-10-31T21:35:19.588+0100] {taskinstance.py:3503} INFO - 0 downstream tasks scheduled from follow-on schedule check
[2025-10-31T21:35:19.590+0100] {local_task_job_runner.py:222} INFO - ::endgroup::
