[2025-11-01T00:15:01.265+0100] {local_task_job_runner.py:120} INFO - ::group::Pre task execution logs
[2025-11-01T00:15:01.417+0100] {taskinstance.py:2076} INFO - Dependencies all met for dep_context=non-requeueable deps ti=<TaskInstance: avito_kafka_every_5min.run_avito_producer scheduled__2025-10-31T23:10:00+00:00 [queued]>
[2025-11-01T00:15:01.443+0100] {taskinstance.py:2076} INFO - Dependencies all met for dep_context=requeueable deps ti=<TaskInstance: avito_kafka_every_5min.run_avito_producer scheduled__2025-10-31T23:10:00+00:00 [queued]>
[2025-11-01T00:15:01.444+0100] {taskinstance.py:2306} INFO - Starting attempt 1 of 3
[2025-11-01T00:15:01.482+0100] {taskinstance.py:2330} INFO - Executing <Task(BashOperator): run_avito_producer> on 2025-10-31 23:10:00+00:00
[2025-11-01T00:15:01.536+0100] {logging_mixin.py:188} WARNING - /home/***/.local/lib/python3.12/site-packages/***/task/task_runner/standard_task_runner.py:62 DeprecationWarning: This process (pid=3437) is multi-threaded, use of fork() may lead to deadlocks in the child.
[2025-11-01T00:15:01.545+0100] {standard_task_runner.py:64} INFO - Started process 3438 to run task
[2025-11-01T00:15:01.530+0100] {standard_task_runner.py:90} INFO - Running: ['***', 'tasks', 'run', 'avito_kafka_every_5min', 'run_avito_producer', 'scheduled__2025-10-31T23:10:00+00:00', '--job-id', '90', '--raw', '--subdir', 'DAGS_FOLDER/avito_kafka_every_5min.py', '--cfg-path', '/tmp/tmpsuv7yulm']
[2025-11-01T00:15:01.550+0100] {standard_task_runner.py:91} INFO - Job 90: Subtask run_avito_producer
[2025-11-01T00:15:01.991+0100] {task_command.py:426} INFO - Running <TaskInstance: avito_kafka_every_5min.run_avito_producer scheduled__2025-10-31T23:10:00+00:00 [running]> on host bfe5844a8915
[2025-11-01T00:15:02.486+0100] {taskinstance.py:2648} INFO - Exporting env vars: AIRFLOW_CTX_DAG_OWNER='data' AIRFLOW_CTX_DAG_ID='avito_kafka_every_5min' AIRFLOW_CTX_TASK_ID='run_avito_producer' AIRFLOW_CTX_EXECUTION_DATE='2025-10-31T23:10:00+00:00' AIRFLOW_CTX_TRY_NUMBER='1' AIRFLOW_CTX_DAG_RUN_ID='scheduled__2025-10-31T23:10:00+00:00'
[2025-11-01T00:15:02.487+0100] {taskinstance.py:430} INFO - ::endgroup::
[2025-11-01T00:15:02.553+0100] {subprocess.py:63} INFO - Tmp dir root location: /tmp
[2025-11-01T00:15:02.560+0100] {subprocess.py:75} INFO - Running command: ['/usr/bin/bash', '-c', 'python -m Pipeline.producer.avito_producer --mode louer --pages 1 --limit 10 --bootstrap kafka:9092 --topic realestate.avito.raw']
[2025-11-01T00:15:02.595+0100] {subprocess.py:86} INFO - Output:
[2025-11-01T00:15:21.463+0100] {subprocess.py:93} INFO - [*] Mode: LOUER | Pages: 1 | Sink: kafka | Limit: 10
[2025-11-01T00:15:21.467+0100] {subprocess.py:93} INFO - [SERP] Page 1 → https://www.avito.ma/fr/maroc/locations_immobilieres-à_louer
[2025-11-01T00:15:21.467+0100] {subprocess.py:93} INFO -        Reached limit 10, stopping SERP crawl
[2025-11-01T00:15:21.468+0100] {subprocess.py:93} INFO - [*] Total URLs: 10
[2025-11-01T00:15:21.469+0100] {subprocess.py:93} INFO - [1/10] https://www.avito.ma/fr/hay_riad/villas_et_riads/Villa_à_louer_Hay_Riad_57136157.htm
[2025-11-01T00:15:21.470+0100] {subprocess.py:93} INFO - [2/10] https://www.avito.ma/fr/agdal/bureaux/Immeuble_neuf_à_louer_à_Rabat_57108998.htm
[2025-11-01T00:15:21.471+0100] {subprocess.py:93} INFO - [3/10] https://www.avito.ma/fr/berrechid/appartements/Appartements_à_louer_en_centre_ville_55044675.htm
[2025-11-01T00:15:21.472+0100] {subprocess.py:93} INFO - [4/10] https://www.avito.ma/fr/aida/appartements/Bel_appartement_meublé_a_Tanger_57146686.htm
[2025-11-01T00:15:21.473+0100] {subprocess.py:93} INFO - [5/10] https://www.avito.ma/fr/berrechid/appartements/Appartements_excellents_à_louer_à_Hay_Layali_57139305.htm
[2025-11-01T00:15:21.473+0100] {subprocess.py:93} INFO - [6/10] https://www.avito.ma/fr/hay_salam/appartements/Appartement_meublé_à_Salam_Agadir_4000_dh_57007819.htm
[2025-11-01T00:15:21.474+0100] {subprocess.py:93} INFO - [7/10] https://www.avito.ma/fr/extension_dakhla/appartements/beau_studio_à_louer_en_face_Macdonald_adrar_56950245.htm
[2025-11-01T00:15:21.475+0100] {subprocess.py:93} INFO - [8/10] https://www.avito.ma/fr/hay_riad/appartements/Appartement_en_location_à_prestigia_54684176.htm
[2025-11-01T00:15:21.475+0100] {subprocess.py:93} INFO - [9/10] https://www.avito.ma/fr/route_d_amezmiz/appartements/Studio_meublé_à_louer_60_m²_à_Chrifia_57104567.htm
[2025-11-01T00:15:21.476+0100] {subprocess.py:93} INFO - [10/10] https://www.avito.ma/fr/hay_riad/appartements/appartement_en_location_prestigia_56525647.htm
[2025-11-01T00:15:21.476+0100] {subprocess.py:93} INFO - [✓] Sent 10 messages to Kafka topic 'realestate.avito.raw'
[2025-11-01T00:15:21.517+0100] {subprocess.py:97} INFO - Command exited with return code 0
[2025-11-01T00:15:21.518+0100] {taskinstance.py:441} INFO - ::group::Post task execution logs
[2025-11-01T00:15:21.556+0100] {taskinstance.py:1206} INFO - Marking task as SUCCESS. dag_id=avito_kafka_every_5min, task_id=run_avito_producer, run_id=scheduled__2025-10-31T23:10:00+00:00, execution_date=20251031T231000, start_date=20251031T231501, end_date=20251031T231521
[2025-11-01T00:15:21.606+0100] {local_task_job_runner.py:243} INFO - Task exited with return code 0
[2025-11-01T00:15:21.626+0100] {taskinstance.py:3503} INFO - 0 downstream tasks scheduled from follow-on schedule check
[2025-11-01T00:15:21.629+0100] {local_task_job_runner.py:222} INFO - ::endgroup::
