[2025-10-31T20:13:58.266+0100] {local_task_job_runner.py:120} INFO - ::group::Pre task execution logs
[2025-10-31T20:13:58.514+0100] {taskinstance.py:2076} INFO - Dependencies all met for dep_context=non-requeueable deps ti=<TaskInstance: avito_kafka_every_5min.run_avito_producer scheduled__2025-10-31T19:05:00+00:00 [queued]>
[2025-10-31T20:13:58.561+0100] {taskinstance.py:2076} INFO - Dependencies all met for dep_context=requeueable deps ti=<TaskInstance: avito_kafka_every_5min.run_avito_producer scheduled__2025-10-31T19:05:00+00:00 [queued]>
[2025-10-31T20:13:58.580+0100] {taskinstance.py:2306} INFO - Starting attempt 1 of 3
[2025-10-31T20:13:58.654+0100] {taskinstance.py:2330} INFO - Executing <Task(BashOperator): run_avito_producer> on 2025-10-31 19:05:00+00:00
[2025-10-31T20:13:58.692+0100] {standard_task_runner.py:90} INFO - Running: ['***', 'tasks', 'run', 'avito_kafka_every_5min', 'run_avito_producer', 'scheduled__2025-10-31T19:05:00+00:00', '--job-id', '39', '--raw', '--subdir', 'DAGS_FOLDER/avito_kafka_every_5min.py', '--cfg-path', '/tmp/tmp7r7lf5ba']
[2025-10-31T20:13:58.715+0100] {standard_task_runner.py:91} INFO - Job 39: Subtask run_avito_producer
[2025-10-31T20:13:58.719+0100] {logging_mixin.py:188} WARNING - /home/***/.local/lib/python3.12/site-packages/***/task/task_runner/standard_task_runner.py:62 DeprecationWarning: This process (pid=706) is multi-threaded, use of fork() may lead to deadlocks in the child.
[2025-10-31T20:13:58.854+0100] {standard_task_runner.py:64} INFO - Started process 710 to run task
[2025-10-31T20:13:59.632+0100] {task_command.py:426} INFO - Running <TaskInstance: avito_kafka_every_5min.run_avito_producer scheduled__2025-10-31T19:05:00+00:00 [running]> on host bfe5844a8915
[2025-10-31T20:14:00.299+0100] {taskinstance.py:2648} INFO - Exporting env vars: AIRFLOW_CTX_DAG_OWNER='data' AIRFLOW_CTX_DAG_ID='avito_kafka_every_5min' AIRFLOW_CTX_TASK_ID='run_avito_producer' AIRFLOW_CTX_EXECUTION_DATE='2025-10-31T19:05:00+00:00' AIRFLOW_CTX_TRY_NUMBER='1' AIRFLOW_CTX_DAG_RUN_ID='scheduled__2025-10-31T19:05:00+00:00'
[2025-10-31T20:14:00.312+0100] {taskinstance.py:430} INFO - ::endgroup::
[2025-10-31T20:14:00.414+0100] {subprocess.py:63} INFO - Tmp dir root location: /tmp
[2025-10-31T20:14:00.486+0100] {subprocess.py:75} INFO - Running command: ['/usr/bin/bash', '-c', 'python -m Pipeline.producer.avito_producer --mode louer --pages 1 --limit 10 --bootstrap kafka:9092 --topic realestate.avito.raw']
[2025-10-31T20:14:00.535+0100] {subprocess.py:86} INFO - Output:
[2025-10-31T20:14:28.404+0100] {subprocess.py:93} INFO - [*] Mode: LOUER | Pages: 1 | Sink: kafka | Limit: 10
[2025-10-31T20:14:28.407+0100] {subprocess.py:93} INFO - [SERP] Page 1 → https://www.avito.ma/fr/maroc/locations_immobilieres-à_louer
[2025-10-31T20:14:28.408+0100] {subprocess.py:93} INFO -        Reached limit 10, stopping SERP crawl
[2025-10-31T20:14:28.410+0100] {subprocess.py:93} INFO - [*] Total URLs: 10
[2025-10-31T20:14:28.413+0100] {subprocess.py:93} INFO - [1/10] https://www.avito.ma/fr/ain_atig/appartements/Appartement_à_louer_à_Aïn_Atiq__spécialement_pour_les_fonctionnaires_57099037.htm
[2025-10-31T20:14:28.414+0100] {subprocess.py:93} INFO - [2/10] https://www.avito.ma/fr/autre_secteur/local/Lavage_de_location_avec_vidange_à_Mediona_1000m²_56852768.htm
[2025-10-31T20:14:28.416+0100] {subprocess.py:93} INFO - [3/10] https://www.avito.ma/fr/hassan/appartements/Appartement_pour_fonctionnaires_a_Hassan_57137607.htm
[2025-10-31T20:14:28.420+0100] {subprocess.py:93} INFO - [4/10] https://www.avito.ma/fr/aviation/appartements/Appartement_à_louer_165_m²_à_Rabat_57049193.htm
[2025-10-31T20:14:28.421+0100] {subprocess.py:93} INFO - [5/10] https://www.avito.ma/fr/roches_noires/appartements/Studio_vide_à_louer_sur_roche_noir_52_m²_57127356.htm
[2025-10-31T20:14:28.422+0100] {subprocess.py:93} INFO - [6/10] https://www.avito.ma/fr/autre_secteur/appartements/Superbe_Appartement_de_103m²_à_louer_avec_Vue_su____56930934.htm
[2025-10-31T20:14:28.423+0100] {subprocess.py:93} INFO - [7/10] https://www.avito.ma/fr/les_princesses/appartements/STUDIO_MEUBLÉ_NEUF_À_LOUER_À_LES_PRINCESSES_57146110.htm
[2025-10-31T20:14:28.424+0100] {subprocess.py:93} INFO - [8/10] https://www.avito.ma/fr/sidi_maarouf/appartements/à_Wouroud_avec_3_ch_apprt_meublé_à_louer_57041759.htm
[2025-10-31T20:14:28.427+0100] {subprocess.py:93} INFO - [9/10] https://www.avito.ma/fr/oulfa/appartements/Appartement_3_chambres_Oulfa_Rahma_56960341.htm
[2025-10-31T20:14:28.428+0100] {subprocess.py:93} INFO - [10/10] https://www.avito.ma/fr/oulfa/appartements/Appartement_à_louer_59_m²_à_Casablanca_57146084.htm
[2025-10-31T20:14:28.429+0100] {subprocess.py:93} INFO - [✓] Sent 10 messages to Kafka topic 'realestate.avito.raw'
[2025-10-31T20:14:28.554+0100] {subprocess.py:97} INFO - Command exited with return code 0
[2025-10-31T20:14:28.557+0100] {taskinstance.py:441} INFO - ::group::Post task execution logs
[2025-10-31T20:14:28.624+0100] {taskinstance.py:1206} INFO - Marking task as SUCCESS. dag_id=avito_kafka_every_5min, task_id=run_avito_producer, run_id=scheduled__2025-10-31T19:05:00+00:00, execution_date=20251031T190500, start_date=20251031T191358, end_date=20251031T191428
[2025-10-31T20:14:28.704+0100] {local_task_job_runner.py:243} INFO - Task exited with return code 0
[2025-10-31T20:14:28.748+0100] {taskinstance.py:3503} INFO - 0 downstream tasks scheduled from follow-on schedule check
[2025-10-31T20:14:28.753+0100] {local_task_job_runner.py:222} INFO - ::endgroup::
