[2025-10-31T22:45:00.707+0100] {local_task_job_runner.py:120} INFO - ::group::Pre task execution logs
[2025-10-31T22:45:00.749+0100] {taskinstance.py:2076} INFO - Dependencies all met for dep_context=non-requeueable deps ti=<TaskInstance: avito_kafka_every_5min.run_avito_producer scheduled__2025-10-31T21:40:00+00:00 [queued]>
[2025-10-31T22:45:00.757+0100] {taskinstance.py:2076} INFO - Dependencies all met for dep_context=requeueable deps ti=<TaskInstance: avito_kafka_every_5min.run_avito_producer scheduled__2025-10-31T21:40:00+00:00 [queued]>
[2025-10-31T22:45:00.758+0100] {taskinstance.py:2306} INFO - Starting attempt 1 of 3
[2025-10-31T22:45:00.771+0100] {taskinstance.py:2330} INFO - Executing <Task(BashOperator): run_avito_producer> on 2025-10-31 21:40:00+00:00
[2025-10-31T22:45:00.781+0100] {logging_mixin.py:188} WARNING - /home/***/.local/lib/python3.12/site-packages/***/task/task_runner/standard_task_runner.py:62 DeprecationWarning: This process (pid=2414) is multi-threaded, use of fork() may lead to deadlocks in the child.
[2025-10-31T22:45:00.779+0100] {standard_task_runner.py:90} INFO - Running: ['***', 'tasks', 'run', 'avito_kafka_every_5min', 'run_avito_producer', 'scheduled__2025-10-31T21:40:00+00:00', '--job-id', '71', '--raw', '--subdir', 'DAGS_FOLDER/avito_kafka_every_5min.py', '--cfg-path', '/tmp/tmpdbz7e21o']
[2025-10-31T22:45:00.782+0100] {standard_task_runner.py:64} INFO - Started process 2415 to run task
[2025-10-31T22:45:00.782+0100] {standard_task_runner.py:91} INFO - Job 71: Subtask run_avito_producer
[2025-10-31T22:45:00.842+0100] {task_command.py:426} INFO - Running <TaskInstance: avito_kafka_every_5min.run_avito_producer scheduled__2025-10-31T21:40:00+00:00 [running]> on host bfe5844a8915
[2025-10-31T22:45:00.946+0100] {taskinstance.py:2648} INFO - Exporting env vars: AIRFLOW_CTX_DAG_OWNER='data' AIRFLOW_CTX_DAG_ID='avito_kafka_every_5min' AIRFLOW_CTX_TASK_ID='run_avito_producer' AIRFLOW_CTX_EXECUTION_DATE='2025-10-31T21:40:00+00:00' AIRFLOW_CTX_TRY_NUMBER='1' AIRFLOW_CTX_DAG_RUN_ID='scheduled__2025-10-31T21:40:00+00:00'
[2025-10-31T22:45:00.947+0100] {taskinstance.py:430} INFO - ::endgroup::
[2025-10-31T22:45:00.961+0100] {subprocess.py:63} INFO - Tmp dir root location: /tmp
[2025-10-31T22:45:00.963+0100] {subprocess.py:75} INFO - Running command: ['/usr/bin/bash', '-c', 'python -m Pipeline.producer.avito_producer --mode louer --pages 1 --limit 10 --bootstrap kafka:9092 --topic realestate.avito.raw']
[2025-10-31T22:45:00.970+0100] {subprocess.py:86} INFO - Output:
[2025-10-31T22:45:22.834+0100] {subprocess.py:93} INFO - [*] Mode: LOUER | Pages: 1 | Sink: kafka | Limit: 10
[2025-10-31T22:45:22.836+0100] {subprocess.py:93} INFO - [SERP] Page 1 → https://www.avito.ma/fr/maroc/locations_immobilieres-à_louer
[2025-10-31T22:45:22.837+0100] {subprocess.py:93} INFO -        Reached limit 10, stopping SERP crawl
[2025-10-31T22:45:22.838+0100] {subprocess.py:93} INFO - [*] Total URLs: 10
[2025-10-31T22:45:22.838+0100] {subprocess.py:93} INFO - [1/10] https://www.avito.ma/fr/skikina/appartements/Appartement_neuf_jamais_proposé_à_la_location__idéal_pour_les_familles_56744741.htm
[2025-10-31T22:45:22.839+0100] {subprocess.py:93} INFO - [2/10] https://www.avito.ma/fr/racine/appartements/Appartement_à_louer_100m2_à_Racine_56958297.htm
[2025-10-31T22:45:22.840+0100] {subprocess.py:93} INFO - [3/10] https://www.avito.ma/fr/abbadi_braika/local/Magasin_à_louer_avenue_Le_Caire_56387220.htm
[2025-10-31T22:45:22.840+0100] {subprocess.py:93} INFO - [4/10] https://www.avito.ma/fr/bourgogne/appartements/Appartement_à_louer_45_m²_à_Casablanca_57146532.htm
[2025-10-31T22:45:22.841+0100] {subprocess.py:93} INFO - [5/10] https://www.avito.ma/fr/autre_secteur/appartements/Appartement_à_Chahdia_avec_garage_whatsapp_uni_57146533.htm
[2025-10-31T22:45:22.841+0100] {subprocess.py:93} INFO - [6/10] https://www.avito.ma/fr/californie/appartements/Studio_meublé_à_louer_à_arcadia_loft_ac_terrasse_56439532.htm
[2025-10-31T22:45:22.842+0100] {subprocess.py:93} INFO - [7/10] https://www.avito.ma/fr/autre_secteur/appartements/Bel_appartement_meublé_en_location_Mansouria_57126582.htm
[2025-10-31T22:45:22.843+0100] {subprocess.py:93} INFO - [8/10] https://www.avito.ma/fr/ain_harrouda/local/Local_industriel_de_800m2_à_Ain_Harrouda_znata_55915850.htm
[2025-10-31T22:45:22.843+0100] {subprocess.py:93} INFO - [9/10] https://www.avito.ma/fr/abdelmoumen/appartements/Appartement_2_ch_meublé_à_louer_à_abdelmoumen_56120248.htm
[2025-10-31T22:45:22.844+0100] {subprocess.py:93} INFO - [10/10] https://www.avito.ma/fr/sidi_bernoussi/local/Hangar_1400m2_à_Tit_mellil_Bernoussi_56014175.htm
[2025-10-31T22:45:22.844+0100] {subprocess.py:93} INFO - [✓] Sent 10 messages to Kafka topic 'realestate.avito.raw'
[2025-10-31T22:45:22.879+0100] {subprocess.py:97} INFO - Command exited with return code 0
[2025-10-31T22:45:22.880+0100] {taskinstance.py:441} INFO - ::group::Post task execution logs
[2025-10-31T22:45:22.921+0100] {taskinstance.py:1206} INFO - Marking task as SUCCESS. dag_id=avito_kafka_every_5min, task_id=run_avito_producer, run_id=scheduled__2025-10-31T21:40:00+00:00, execution_date=20251031T214000, start_date=20251031T214500, end_date=20251031T214522
[2025-10-31T22:45:22.949+0100] {local_task_job_runner.py:243} INFO - Task exited with return code 0
[2025-10-31T22:45:22.966+0100] {taskinstance.py:3503} INFO - 0 downstream tasks scheduled from follow-on schedule check
[2025-10-31T22:45:22.968+0100] {local_task_job_runner.py:222} INFO - ::endgroup::
