[2025-10-31T17:15:00.776+0100] {local_task_job_runner.py:120} INFO - ::group::Pre task execution logs
[2025-10-31T17:15:00.820+0100] {taskinstance.py:2076} INFO - Dependencies all met for dep_context=non-requeueable deps ti=<TaskInstance: avito_kafka_every_5min.run_avito_producer scheduled__2025-10-31T16:10:00+00:00 [queued]>
[2025-10-31T17:15:00.830+0100] {taskinstance.py:2076} INFO - Dependencies all met for dep_context=requeueable deps ti=<TaskInstance: avito_kafka_every_5min.run_avito_producer scheduled__2025-10-31T16:10:00+00:00 [queued]>
[2025-10-31T17:15:00.831+0100] {taskinstance.py:2306} INFO - Starting attempt 1 of 3
[2025-10-31T17:15:00.849+0100] {taskinstance.py:2330} INFO - Executing <Task(BashOperator): run_avito_producer> on 2025-10-31 16:10:00+00:00
[2025-10-31T17:15:00.858+0100] {standard_task_runner.py:90} INFO - Running: ['***', 'tasks', 'run', 'avito_kafka_every_5min', 'run_avito_producer', 'scheduled__2025-10-31T16:10:00+00:00', '--job-id', '4', '--raw', '--subdir', 'DAGS_FOLDER/avito_kafka_every_5min.py', '--cfg-path', '/tmp/tmpdb89r__f']
[2025-10-31T17:15:00.862+0100] {logging_mixin.py:188} WARNING - /home/***/.local/lib/python3.12/site-packages/***/task/task_runner/standard_task_runner.py:62 DeprecationWarning: This process (pid=371) is multi-threaded, use of fork() may lead to deadlocks in the child.
[2025-10-31T17:15:00.863+0100] {standard_task_runner.py:91} INFO - Job 4: Subtask run_avito_producer
[2025-10-31T17:15:00.863+0100] {standard_task_runner.py:64} INFO - Started process 372 to run task
[2025-10-31T17:15:00.946+0100] {task_command.py:426} INFO - Running <TaskInstance: avito_kafka_every_5min.run_avito_producer scheduled__2025-10-31T16:10:00+00:00 [running]> on host bfe5844a8915
[2025-10-31T17:15:01.058+0100] {taskinstance.py:2648} INFO - Exporting env vars: AIRFLOW_CTX_DAG_OWNER='data' AIRFLOW_CTX_DAG_ID='avito_kafka_every_5min' AIRFLOW_CTX_TASK_ID='run_avito_producer' AIRFLOW_CTX_EXECUTION_DATE='2025-10-31T16:10:00+00:00' AIRFLOW_CTX_TRY_NUMBER='1' AIRFLOW_CTX_DAG_RUN_ID='scheduled__2025-10-31T16:10:00+00:00'
[2025-10-31T17:15:01.060+0100] {taskinstance.py:430} INFO - ::endgroup::
[2025-10-31T17:15:01.077+0100] {subprocess.py:63} INFO - Tmp dir root location: /tmp
[2025-10-31T17:15:01.078+0100] {subprocess.py:75} INFO - Running command: ['/usr/bin/bash', '-c', 'python -m Pipeline.producer.avito_producer --mode louer --pages 1 --limit 10 --bootstrap kafka:9092 --topic realestate.avito.raw']
[2025-10-31T17:15:01.087+0100] {subprocess.py:86} INFO - Output:
[2025-10-31T17:15:19.547+0100] {subprocess.py:93} INFO - [*] Mode: LOUER | Pages: 1 | Sink: kafka | Limit: 10
[2025-10-31T17:15:19.549+0100] {subprocess.py:93} INFO - [SERP] Page 1 → https://www.avito.ma/fr/maroc/locations_immobilieres-à_louer
[2025-10-31T17:15:19.549+0100] {subprocess.py:93} INFO -        Reached limit 10, stopping SERP crawl
[2025-10-31T17:15:19.550+0100] {subprocess.py:93} INFO - [*] Total URLs: 10
[2025-10-31T17:15:19.551+0100] {subprocess.py:93} INFO - [1/10] https://www.avito.ma/fr/hay_riad/bureaux/Plateaux_de_bureaux_à_Rabat_55251804.htm
[2025-10-31T17:15:19.551+0100] {subprocess.py:93} INFO - [2/10] https://www.avito.ma/fr/roches_noires/bureaux/CENTRE_d_AFFAIRES_Mly_ISMAIL_BUREAUX_HAUT_STANDING_54396789.htm
[2025-10-31T17:15:19.551+0100] {subprocess.py:93} INFO - [3/10] https://www.avito.ma/fr/agdal/appartements/Appartement_neuf_à_louer_à_Rabat_Agdal_57022300.htm
[2025-10-31T17:15:19.552+0100] {subprocess.py:93} INFO - [4/10] https://www.avito.ma/fr/hay_mohammadi/local/Local_équipé_Lavage_de_voitures_Hay_Mohammadi_Casa_56982493.htm
[2025-10-31T17:15:19.552+0100] {subprocess.py:93} INFO - [5/10] https://www.avito.ma/fr/centre_ville/appartements/Appartement_gare_Mohammedia_57145489.htm
[2025-10-31T17:15:19.553+0100] {subprocess.py:93} INFO - [6/10] https://www.avito.ma/fr/autre_secteur/appartements/Appartements_à_louer_70_m²_à_Tamri_57145483.htm
[2025-10-31T17:15:19.553+0100] {subprocess.py:93} INFO - [7/10] https://www.avito.ma/fr/roches_noires/appartements/Appartement_meublé_à_louer_à_Roches_Noires_57133023.htm
[2025-10-31T17:15:19.553+0100] {subprocess.py:93} INFO - [8/10] https://www.avito.ma/fr/de_la_plage/appartements/Appartement_à_louer_80_m²_à_Tanger_57145480.htm
[2025-10-31T17:15:19.554+0100] {subprocess.py:93} INFO - [9/10] https://www.avito.ma/fr/bourgogne/appartements/Appart_à_Bourgogne_3_ch_en_face_lycée_Lyautey_57076605.htm
[2025-10-31T17:15:19.554+0100] {subprocess.py:93} INFO - [10/10] https://www.avito.ma/fr/mers_sultan/bureaux/Bureau_3p_100m2_à_louer_sur_bd_Mustapha_Maani_56127354.htm
[2025-10-31T17:15:19.554+0100] {subprocess.py:93} INFO - [✓] Sent 10 messages to Kafka topic 'realestate.avito.raw'
[2025-10-31T17:15:19.584+0100] {subprocess.py:97} INFO - Command exited with return code 0
[2025-10-31T17:15:19.585+0100] {taskinstance.py:441} INFO - ::group::Post task execution logs
[2025-10-31T17:15:19.615+0100] {taskinstance.py:1206} INFO - Marking task as SUCCESS. dag_id=avito_kafka_every_5min, task_id=run_avito_producer, run_id=scheduled__2025-10-31T16:10:00+00:00, execution_date=20251031T161000, start_date=20251031T161500, end_date=20251031T161519
[2025-10-31T17:15:19.671+0100] {local_task_job_runner.py:243} INFO - Task exited with return code 0
[2025-10-31T17:15:19.694+0100] {taskinstance.py:3503} INFO - 0 downstream tasks scheduled from follow-on schedule check
[2025-10-31T17:15:19.695+0100] {local_task_job_runner.py:222} INFO - ::endgroup::
