[2025-10-31T22:05:01.203+0100] {local_task_job_runner.py:120} INFO - ::group::Pre task execution logs
[2025-10-31T22:05:01.243+0100] {taskinstance.py:2076} INFO - Dependencies all met for dep_context=non-requeueable deps ti=<TaskInstance: avito_kafka_every_5min.run_avito_producer scheduled__2025-10-31T21:00:00+00:00 [queued]>
[2025-10-31T22:05:01.251+0100] {taskinstance.py:2076} INFO - Dependencies all met for dep_context=requeueable deps ti=<TaskInstance: avito_kafka_every_5min.run_avito_producer scheduled__2025-10-31T21:00:00+00:00 [queued]>
[2025-10-31T22:05:01.252+0100] {taskinstance.py:2306} INFO - Starting attempt 1 of 3
[2025-10-31T22:05:01.266+0100] {taskinstance.py:2330} INFO - Executing <Task(BashOperator): run_avito_producer> on 2025-10-31 21:00:00+00:00
[2025-10-31T22:05:01.272+0100] {standard_task_runner.py:90} INFO - Running: ['***', 'tasks', 'run', 'avito_kafka_every_5min', 'run_avito_producer', 'scheduled__2025-10-31T21:00:00+00:00', '--job-id', '63', '--raw', '--subdir', 'DAGS_FOLDER/avito_kafka_every_5min.py', '--cfg-path', '/tmp/tmp1ds_no2d']
[2025-10-31T22:05:01.274+0100] {logging_mixin.py:188} WARNING - /home/***/.local/lib/python3.12/site-packages/***/task/task_runner/standard_task_runner.py:62 DeprecationWarning: This process (pid=1963) is multi-threaded, use of fork() may lead to deadlocks in the child.
[2025-10-31T22:05:01.275+0100] {standard_task_runner.py:91} INFO - Job 63: Subtask run_avito_producer
[2025-10-31T22:05:01.275+0100] {standard_task_runner.py:64} INFO - Started process 1964 to run task
[2025-10-31T22:05:01.332+0100] {task_command.py:426} INFO - Running <TaskInstance: avito_kafka_every_5min.run_avito_producer scheduled__2025-10-31T21:00:00+00:00 [running]> on host bfe5844a8915
[2025-10-31T22:05:01.438+0100] {taskinstance.py:2648} INFO - Exporting env vars: AIRFLOW_CTX_DAG_OWNER='data' AIRFLOW_CTX_DAG_ID='avito_kafka_every_5min' AIRFLOW_CTX_TASK_ID='run_avito_producer' AIRFLOW_CTX_EXECUTION_DATE='2025-10-31T21:00:00+00:00' AIRFLOW_CTX_TRY_NUMBER='1' AIRFLOW_CTX_DAG_RUN_ID='scheduled__2025-10-31T21:00:00+00:00'
[2025-10-31T22:05:01.440+0100] {taskinstance.py:430} INFO - ::endgroup::
[2025-10-31T22:05:01.455+0100] {subprocess.py:63} INFO - Tmp dir root location: /tmp
[2025-10-31T22:05:01.456+0100] {subprocess.py:75} INFO - Running command: ['/usr/bin/bash', '-c', 'python -m Pipeline.producer.avito_producer --mode louer --pages 1 --limit 10 --bootstrap kafka:9092 --topic realestate.avito.raw']
[2025-10-31T22:05:01.465+0100] {subprocess.py:86} INFO - Output:
[2025-10-31T22:05:19.794+0100] {subprocess.py:93} INFO - [*] Mode: LOUER | Pages: 1 | Sink: kafka | Limit: 10
[2025-10-31T22:05:19.795+0100] {subprocess.py:93} INFO - [SERP] Page 1 → https://www.avito.ma/fr/maroc/locations_immobilieres-à_louer
[2025-10-31T22:05:19.795+0100] {subprocess.py:93} INFO -        Reached limit 10, stopping SERP crawl
[2025-10-31T22:05:19.796+0100] {subprocess.py:93} INFO - [*] Total URLs: 10
[2025-10-31T22:05:19.796+0100] {subprocess.py:93} INFO - [1/10] https://www.avito.ma/fr/gauthier/local/Très_beau_magasin_à_louer_à_Gauthier__Casablanca_56960539.htm
[2025-10-31T22:05:19.797+0100] {subprocess.py:93} INFO - [2/10] https://www.avito.ma/fr/mabrouka/appartements/Appartement_à_louer_1_m²_à_Marrakech_57091971.htm
[2025-10-31T22:05:19.797+0100] {subprocess.py:93} INFO - [3/10] https://www.avito.ma/fr/hay_riad/villas_et_riads/villa_a_louer_à_hay_riad_57086185.htm
[2025-10-31T22:05:19.797+0100] {subprocess.py:93} INFO - [4/10] https://www.avito.ma/fr/palmier/appartements/Grand_Appartement_Meublé_à_Palmier_57146419.htm
[2025-10-31T22:05:19.798+0100] {subprocess.py:93} INFO - [5/10] https://www.avito.ma/fr/oasis/appartements/A_louer_vide_emplacement_stratégique_Oasis_56897657.htm
[2025-10-31T22:05:19.798+0100] {subprocess.py:93} INFO - [6/10] https://www.avito.ma/fr/agdal/bureaux/Plateau_bureau_à_louer_sur_l_Agdal_56401717.htm
[2025-10-31T22:05:19.798+0100] {subprocess.py:93} INFO - [7/10] https://www.avito.ma/fr/gauthier/bureaux/Location_Bureau_de_468_m2_à_Casablanca_56936501.htm
[2025-10-31T22:05:19.799+0100] {subprocess.py:93} INFO - [8/10] https://www.avito.ma/fr/racine/local/Location_Local_de_140_m2_à_Casablanca_56957972.htm
[2025-10-31T22:05:19.799+0100] {subprocess.py:93} INFO - [9/10] https://www.avito.ma/fr/harhoura/villas_et_riads/Villa_neuf_à_louer_57095442.htm
[2025-10-31T22:05:19.799+0100] {subprocess.py:93} INFO - [10/10] https://www.avito.ma/fr/hay_riad/appartements/Appartement_à_louer_Prestigia_57123302.htm
[2025-10-31T22:05:19.800+0100] {subprocess.py:93} INFO - [✓] Sent 10 messages to Kafka topic 'realestate.avito.raw'
[2025-10-31T22:05:19.827+0100] {subprocess.py:97} INFO - Command exited with return code 0
[2025-10-31T22:05:19.828+0100] {taskinstance.py:441} INFO - ::group::Post task execution logs
[2025-10-31T22:05:19.858+0100] {taskinstance.py:1206} INFO - Marking task as SUCCESS. dag_id=avito_kafka_every_5min, task_id=run_avito_producer, run_id=scheduled__2025-10-31T21:00:00+00:00, execution_date=20251031T210000, start_date=20251031T210501, end_date=20251031T210519
[2025-10-31T22:05:19.884+0100] {local_task_job_runner.py:243} INFO - Task exited with return code 0
[2025-10-31T22:05:19.901+0100] {taskinstance.py:3503} INFO - 0 downstream tasks scheduled from follow-on schedule check
[2025-10-31T22:05:19.903+0100] {local_task_job_runner.py:222} INFO - ::endgroup::
