[2025-10-31T18:10:01.227+0100] {local_task_job_runner.py:120} INFO - ::group::Pre task execution logs
[2025-10-31T18:10:01.286+0100] {taskinstance.py:2076} INFO - Dependencies all met for dep_context=non-requeueable deps ti=<TaskInstance: avito_kafka_every_5min.run_avito_producer scheduled__2025-10-31T17:05:00+00:00 [queued]>
[2025-10-31T18:10:01.298+0100] {taskinstance.py:2076} INFO - Dependencies all met for dep_context=requeueable deps ti=<TaskInstance: avito_kafka_every_5min.run_avito_producer scheduled__2025-10-31T17:05:00+00:00 [queued]>
[2025-10-31T18:10:01.298+0100] {taskinstance.py:2306} INFO - Starting attempt 1 of 3
[2025-10-31T18:10:01.313+0100] {taskinstance.py:2330} INFO - Executing <Task(BashOperator): run_avito_producer> on 2025-10-31 17:05:00+00:00
[2025-10-31T18:10:01.320+0100] {standard_task_runner.py:90} INFO - Running: ['***', 'tasks', 'run', 'avito_kafka_every_5min', 'run_avito_producer', 'scheduled__2025-10-31T17:05:00+00:00', '--job-id', '16', '--raw', '--subdir', 'DAGS_FOLDER/avito_kafka_every_5min.py', '--cfg-path', '/tmp/tmp5w2pt37c']
[2025-10-31T18:10:01.323+0100] {standard_task_runner.py:91} INFO - Job 16: Subtask run_avito_producer
[2025-10-31T18:10:01.323+0100] {logging_mixin.py:188} WARNING - /home/***/.local/lib/python3.12/site-packages/***/task/task_runner/standard_task_runner.py:62 DeprecationWarning: This process (pid=1000) is multi-threaded, use of fork() may lead to deadlocks in the child.
[2025-10-31T18:10:01.324+0100] {standard_task_runner.py:64} INFO - Started process 1001 to run task
[2025-10-31T18:10:01.390+0100] {task_command.py:426} INFO - Running <TaskInstance: avito_kafka_every_5min.run_avito_producer scheduled__2025-10-31T17:05:00+00:00 [running]> on host bfe5844a8915
[2025-10-31T18:10:01.517+0100] {taskinstance.py:2648} INFO - Exporting env vars: AIRFLOW_CTX_DAG_OWNER='data' AIRFLOW_CTX_DAG_ID='avito_kafka_every_5min' AIRFLOW_CTX_TASK_ID='run_avito_producer' AIRFLOW_CTX_EXECUTION_DATE='2025-10-31T17:05:00+00:00' AIRFLOW_CTX_TRY_NUMBER='1' AIRFLOW_CTX_DAG_RUN_ID='scheduled__2025-10-31T17:05:00+00:00'
[2025-10-31T18:10:01.518+0100] {taskinstance.py:430} INFO - ::endgroup::
[2025-10-31T18:10:01.547+0100] {subprocess.py:63} INFO - Tmp dir root location: /tmp
[2025-10-31T18:10:01.550+0100] {subprocess.py:75} INFO - Running command: ['/usr/bin/bash', '-c', 'python -m Pipeline.producer.avito_producer --mode louer --pages 1 --limit 10 --bootstrap kafka:9092 --topic realestate.avito.raw']
[2025-10-31T18:10:01.564+0100] {subprocess.py:86} INFO - Output:
[2025-10-31T18:10:23.406+0100] {subprocess.py:93} INFO - [*] Mode: LOUER | Pages: 1 | Sink: kafka | Limit: 10
[2025-10-31T18:10:23.408+0100] {subprocess.py:93} INFO - [SERP] Page 1 → https://www.avito.ma/fr/maroc/locations_immobilieres-à_louer
[2025-10-31T18:10:23.408+0100] {subprocess.py:93} INFO -        Reached limit 10, stopping SERP crawl
[2025-10-31T18:10:23.409+0100] {subprocess.py:93} INFO - [*] Total URLs: 10
[2025-10-31T18:10:23.410+0100] {subprocess.py:93} INFO - [1/10] https://www.avito.ma/fr/hay_riad/appartements/Appartement_en_location_à_Hay_Riad_Rabat_57055336.htm
[2025-10-31T18:10:23.410+0100] {subprocess.py:93} INFO - [2/10] https://www.avito.ma/fr/nouaceur/appartements/Studio_meublé_haut_standing_55510235.htm
[2025-10-31T18:10:23.411+0100] {subprocess.py:93} INFO - [3/10] https://www.avito.ma/fr/route_de_sefrou/bureaux/bureau_81_m2_à_louer_57038149.htm
[2025-10-31T18:10:23.411+0100] {subprocess.py:93} INFO - [4/10] https://www.avito.ma/fr/bourgogne/appartements/Appartement_à_louer_78_m²_à_Casablanca_53704787.htm
[2025-10-31T18:10:23.412+0100] {subprocess.py:93} INFO - [5/10] https://www.avito.ma/fr/val_fleury/appartements/Location_meublée_d_un_appartement_de_73m²_56404232.htm
[2025-10-31T18:10:23.412+0100] {subprocess.py:93} INFO - [6/10] https://www.avito.ma/fr/bachkou/bureaux/Bureau_au_rond_point_bachkou__à_louer_56921503.htm
[2025-10-31T18:10:23.413+0100] {subprocess.py:93} INFO - [7/10] https://www.avito.ma/fr/achakar/appartements/Appartement_de_Rêve_avec_Vue_sur_Mer_56956414.htm
[2025-10-31T18:10:23.413+0100] {subprocess.py:93} INFO - [8/10] https://www.avito.ma/fr/aïn_diab/appartements/Appartement_spacieux_Aindiab_57026711.htm
[2025-10-31T18:10:23.414+0100] {subprocess.py:93} INFO - [9/10] https://www.avito.ma/fr/maarif/bureaux/Bureaux_à_Louer_pour_Métiers_Médicaux_57142087.htm
[2025-10-31T18:10:23.414+0100] {subprocess.py:93} INFO - [10/10] https://www.avito.ma/fr/quartier_des_hôpitaux/appartements/Appartement_à_louer_à_Gauthier_55917035.htm
[2025-10-31T18:10:23.415+0100] {subprocess.py:93} INFO - [✓] Sent 10 messages to Kafka topic 'realestate.avito.raw'
[2025-10-31T18:10:23.445+0100] {subprocess.py:97} INFO - Command exited with return code 0
[2025-10-31T18:10:23.446+0100] {taskinstance.py:441} INFO - ::group::Post task execution logs
[2025-10-31T18:10:23.492+0100] {taskinstance.py:1206} INFO - Marking task as SUCCESS. dag_id=avito_kafka_every_5min, task_id=run_avito_producer, run_id=scheduled__2025-10-31T17:05:00+00:00, execution_date=20251031T170500, start_date=20251031T171001, end_date=20251031T171023
[2025-10-31T18:10:23.528+0100] {local_task_job_runner.py:243} INFO - Task exited with return code 0
[2025-10-31T18:10:23.556+0100] {taskinstance.py:3503} INFO - 0 downstream tasks scheduled from follow-on schedule check
[2025-10-31T18:10:23.559+0100] {local_task_job_runner.py:222} INFO - ::endgroup::
