[2025-10-31T20:55:01.090+0100] {local_task_job_runner.py:120} INFO - ::group::Pre task execution logs
[2025-10-31T20:55:01.134+0100] {taskinstance.py:2076} INFO - Dependencies all met for dep_context=non-requeueable deps ti=<TaskInstance: avito_kafka_every_5min.run_avito_producer scheduled__2025-10-31T19:50:00+00:00 [queued]>
[2025-10-31T20:55:01.145+0100] {taskinstance.py:2076} INFO - Dependencies all met for dep_context=requeueable deps ti=<TaskInstance: avito_kafka_every_5min.run_avito_producer scheduled__2025-10-31T19:50:00+00:00 [queued]>
[2025-10-31T20:55:01.145+0100] {taskinstance.py:2306} INFO - Starting attempt 1 of 3
[2025-10-31T20:55:01.160+0100] {taskinstance.py:2330} INFO - Executing <Task(BashOperator): run_avito_producer> on 2025-10-31 19:50:00+00:00
[2025-10-31T20:55:01.167+0100] {standard_task_runner.py:90} INFO - Running: ['***', 'tasks', 'run', 'avito_kafka_every_5min', 'run_avito_producer', 'scheduled__2025-10-31T19:50:00+00:00', '--job-id', '49', '--raw', '--subdir', 'DAGS_FOLDER/avito_kafka_every_5min.py', '--cfg-path', '/tmp/tmpckc8pcf4']
[2025-10-31T20:55:01.171+0100] {standard_task_runner.py:91} INFO - Job 49: Subtask run_avito_producer
[2025-10-31T20:55:01.171+0100] {logging_mixin.py:188} WARNING - /home/***/.local/lib/python3.12/site-packages/***/task/task_runner/standard_task_runner.py:62 DeprecationWarning: This process (pid=1180) is multi-threaded, use of fork() may lead to deadlocks in the child.
[2025-10-31T20:55:01.173+0100] {standard_task_runner.py:64} INFO - Started process 1181 to run task
[2025-10-31T20:55:01.244+0100] {task_command.py:426} INFO - Running <TaskInstance: avito_kafka_every_5min.run_avito_producer scheduled__2025-10-31T19:50:00+00:00 [running]> on host bfe5844a8915
[2025-10-31T20:55:01.375+0100] {taskinstance.py:2648} INFO - Exporting env vars: AIRFLOW_CTX_DAG_OWNER='data' AIRFLOW_CTX_DAG_ID='avito_kafka_every_5min' AIRFLOW_CTX_TASK_ID='run_avito_producer' AIRFLOW_CTX_EXECUTION_DATE='2025-10-31T19:50:00+00:00' AIRFLOW_CTX_TRY_NUMBER='1' AIRFLOW_CTX_DAG_RUN_ID='scheduled__2025-10-31T19:50:00+00:00'
[2025-10-31T20:55:01.376+0100] {taskinstance.py:430} INFO - ::endgroup::
[2025-10-31T20:55:01.393+0100] {subprocess.py:63} INFO - Tmp dir root location: /tmp
[2025-10-31T20:55:01.394+0100] {subprocess.py:75} INFO - Running command: ['/usr/bin/bash', '-c', 'python -m Pipeline.producer.avito_producer --mode louer --pages 1 --limit 10 --bootstrap kafka:9092 --topic realestate.avito.raw']
[2025-10-31T20:55:01.404+0100] {subprocess.py:86} INFO - Output:
[2025-10-31T20:55:19.621+0100] {subprocess.py:93} INFO - [*] Mode: LOUER | Pages: 1 | Sink: kafka | Limit: 10
[2025-10-31T20:55:19.627+0100] {subprocess.py:93} INFO - [SERP] Page 1 → https://www.avito.ma/fr/maroc/locations_immobilieres-à_louer
[2025-10-31T20:55:19.628+0100] {subprocess.py:93} INFO -        Reached limit 10, stopping SERP crawl
[2025-10-31T20:55:19.629+0100] {subprocess.py:93} INFO - [*] Total URLs: 10
[2025-10-31T20:55:19.629+0100] {subprocess.py:93} INFO - [1/10] https://www.avito.ma/fr/hay_mohammadi/local/Magasin_85m2_et_Cave_212m2_à_louer_H_M_Casa__56143311.htm
[2025-10-31T20:55:19.630+0100] {subprocess.py:93} INFO - [2/10] https://www.avito.ma/fr/autre_secteur/appartements/Appartement_à_louer_100_m²_à_El_Jadida_57070910.htm
[2025-10-31T20:55:19.630+0100] {subprocess.py:93} INFO - [3/10] https://www.avito.ma/fr/hay_riad/villas_et_riads/Villa_à_louer_Hay_Riad_57136157.htm
[2025-10-31T20:55:19.630+0100] {subprocess.py:93} INFO - [4/10] https://www.avito.ma/fr/roches_noires/appartements/Appartement_meublé_à_louer_à_Roches_Noires_57133023.htm
[2025-10-31T20:55:19.631+0100] {subprocess.py:93} INFO - [5/10] https://www.avito.ma/fr/mers_sultan/appartements/Studio_Mersultan_56932682.htm
[2025-10-31T20:55:19.631+0100] {subprocess.py:93} INFO - [6/10] https://www.avito.ma/fr/quartier_du_parc/appartements/Studio_meublé_de_38m²_à_louer_56999370.htm
[2025-10-31T20:55:19.631+0100] {subprocess.py:93} INFO - [7/10] https://www.avito.ma/fr/la_siesta/appartements/Joli_studio_à_louer_57013776.htm
[2025-10-31T20:55:19.632+0100] {subprocess.py:93} INFO - [8/10] https://www.avito.ma/fr/bourgogne/appartements/Appartement_meublé_à_louer_Bourgogne__57094699.htm
[2025-10-31T20:55:19.632+0100] {subprocess.py:93} INFO - [9/10] https://www.avito.ma/fr/el_alia/appartements/Appartement_meublé_à_louer_à_hay_masira_57041869.htm
[2025-10-31T20:55:19.632+0100] {subprocess.py:93} INFO - [10/10] https://www.avito.ma/fr/aïn_diab/appartements/Appartement_Ain_Diab_neuf_jamais_habiter_57041405.htm
[2025-10-31T20:55:19.633+0100] {subprocess.py:93} INFO - [✓] Sent 10 messages to Kafka topic 'realestate.avito.raw'
[2025-10-31T20:55:19.662+0100] {subprocess.py:97} INFO - Command exited with return code 0
[2025-10-31T20:55:19.663+0100] {taskinstance.py:441} INFO - ::group::Post task execution logs
[2025-10-31T20:55:19.694+0100] {taskinstance.py:1206} INFO - Marking task as SUCCESS. dag_id=avito_kafka_every_5min, task_id=run_avito_producer, run_id=scheduled__2025-10-31T19:50:00+00:00, execution_date=20251031T195000, start_date=20251031T195501, end_date=20251031T195519
[2025-10-31T20:55:19.734+0100] {local_task_job_runner.py:243} INFO - Task exited with return code 0
[2025-10-31T20:55:19.751+0100] {taskinstance.py:3503} INFO - 0 downstream tasks scheduled from follow-on schedule check
[2025-10-31T20:55:19.753+0100] {local_task_job_runner.py:222} INFO - ::endgroup::
