[2025-10-31T21:50:00.672+0100] {local_task_job_runner.py:120} INFO - ::group::Pre task execution logs
[2025-10-31T21:50:00.808+0100] {taskinstance.py:2076} INFO - Dependencies all met for dep_context=non-requeueable deps ti=<TaskInstance: avito_kafka_every_5min.run_avito_producer scheduled__2025-10-31T20:45:00+00:00 [queued]>
[2025-10-31T21:50:00.828+0100] {taskinstance.py:2076} INFO - Dependencies all met for dep_context=requeueable deps ti=<TaskInstance: avito_kafka_every_5min.run_avito_producer scheduled__2025-10-31T20:45:00+00:00 [queued]>
[2025-10-31T21:50:00.829+0100] {taskinstance.py:2306} INFO - Starting attempt 1 of 3
[2025-10-31T21:50:00.853+0100] {taskinstance.py:2330} INFO - Executing <Task(BashOperator): run_avito_producer> on 2025-10-31 20:45:00+00:00
[2025-10-31T21:50:00.882+0100] {standard_task_runner.py:90} INFO - Running: ['***', 'tasks', 'run', 'avito_kafka_every_5min', 'run_avito_producer', 'scheduled__2025-10-31T20:45:00+00:00', '--job-id', '60', '--raw', '--subdir', 'DAGS_FOLDER/avito_kafka_every_5min.py', '--cfg-path', '/tmp/tmpdq8nn8hk']
[2025-10-31T21:50:00.886+0100] {standard_task_runner.py:91} INFO - Job 60: Subtask run_avito_producer
[2025-10-31T21:50:00.886+0100] {logging_mixin.py:188} WARNING - /home/***/.local/lib/python3.12/site-packages/***/task/task_runner/standard_task_runner.py:62 DeprecationWarning: This process (pid=1797) is multi-threaded, use of fork() may lead to deadlocks in the child.
[2025-10-31T21:50:00.887+0100] {standard_task_runner.py:64} INFO - Started process 1798 to run task
[2025-10-31T21:50:01.123+0100] {task_command.py:426} INFO - Running <TaskInstance: avito_kafka_every_5min.run_avito_producer scheduled__2025-10-31T20:45:00+00:00 [running]> on host bfe5844a8915
[2025-10-31T21:50:01.278+0100] {taskinstance.py:2648} INFO - Exporting env vars: AIRFLOW_CTX_DAG_OWNER='data' AIRFLOW_CTX_DAG_ID='avito_kafka_every_5min' AIRFLOW_CTX_TASK_ID='run_avito_producer' AIRFLOW_CTX_EXECUTION_DATE='2025-10-31T20:45:00+00:00' AIRFLOW_CTX_TRY_NUMBER='1' AIRFLOW_CTX_DAG_RUN_ID='scheduled__2025-10-31T20:45:00+00:00'
[2025-10-31T21:50:01.279+0100] {taskinstance.py:430} INFO - ::endgroup::
[2025-10-31T21:50:01.294+0100] {subprocess.py:63} INFO - Tmp dir root location: /tmp
[2025-10-31T21:50:01.295+0100] {subprocess.py:75} INFO - Running command: ['/usr/bin/bash', '-c', 'python -m Pipeline.producer.avito_producer --mode louer --pages 1 --limit 10 --bootstrap kafka:9092 --topic realestate.avito.raw']
[2025-10-31T21:50:01.304+0100] {subprocess.py:86} INFO - Output:
[2025-10-31T21:50:20.591+0100] {subprocess.py:93} INFO - [*] Mode: LOUER | Pages: 1 | Sink: kafka | Limit: 10
[2025-10-31T21:50:20.592+0100] {subprocess.py:93} INFO - [SERP] Page 1 → https://www.avito.ma/fr/maroc/locations_immobilieres-à_louer
[2025-10-31T21:50:20.593+0100] {subprocess.py:93} INFO -        Reached limit 10, stopping SERP crawl
[2025-10-31T21:50:20.593+0100] {subprocess.py:93} INFO - [*] Total URLs: 10
[2025-10-31T21:50:20.594+0100] {subprocess.py:93} INFO - [1/10] https://www.avito.ma/fr/casablanca_finance_city/appartements/Studio_meublé_neuf_à_louer_53m2_à_CFC_56822757.htm
[2025-10-31T21:50:20.594+0100] {subprocess.py:93} INFO - [2/10] https://www.avito.ma/fr/nouaceur/appartements/Studio_meublé_haut_standing_55510235.htm
[2025-10-31T21:50:20.594+0100] {subprocess.py:93} INFO - [3/10] https://www.avito.ma/fr/mabrouka/appartements/Appartement_à_louer_60_m²_à_Marrakech_57112468.htm
[2025-10-31T21:50:20.595+0100] {subprocess.py:93} INFO - [4/10] https://www.avito.ma/fr/marjane/appartements/Appartement_à_louer_à_Marjan_route_de_Rabat_57090988.htm
[2025-10-31T21:50:20.595+0100] {subprocess.py:93} INFO - [5/10] https://www.avito.ma/fr/quartier_du_parc/appartements/Appartement_non_meublé_à_Louer__Idéalement_Age____57077678.htm
[2025-10-31T21:50:20.596+0100] {subprocess.py:93} INFO - [6/10] https://www.avito.ma/fr/bouskoura_centre/bureaux/Bureau_54_m²___Capital_Center_Bouskoura_57057375.htm
[2025-10-31T21:50:20.596+0100] {subprocess.py:93} INFO - [7/10] https://www.avito.ma/fr/berrechid/appartements/Appartements_à_louer_au_centre_ville_de_Berrechid_56771128.htm
[2025-10-31T21:50:20.597+0100] {subprocess.py:93} INFO - [8/10] https://www.avito.ma/fr/quartier_du_parc/villas_et_riads/à_Mohammedia_villa_à_louer_de_160_m²_56952828.htm
[2025-10-31T21:50:20.597+0100] {subprocess.py:93} INFO - [9/10] https://www.avito.ma/fr/autre_secteur/maisons/Maison_hypothéquée_au_premier_étage_Douar_Laskar_57146372.htm
[2025-10-31T21:50:20.598+0100] {subprocess.py:93} INFO - [10/10] https://www.avito.ma/fr/val_d_or/appartements/Appartement_Haut_standing_résidence_avec_piscine_57119255.htm
[2025-10-31T21:50:20.598+0100] {subprocess.py:93} INFO - [✓] Sent 10 messages to Kafka topic 'realestate.avito.raw'
[2025-10-31T21:50:20.626+0100] {subprocess.py:97} INFO - Command exited with return code 0
[2025-10-31T21:50:20.627+0100] {taskinstance.py:441} INFO - ::group::Post task execution logs
[2025-10-31T21:50:20.652+0100] {taskinstance.py:1206} INFO - Marking task as SUCCESS. dag_id=avito_kafka_every_5min, task_id=run_avito_producer, run_id=scheduled__2025-10-31T20:45:00+00:00, execution_date=20251031T204500, start_date=20251031T205000, end_date=20251031T205020
[2025-10-31T21:50:20.700+0100] {local_task_job_runner.py:243} INFO - Task exited with return code 0
[2025-10-31T21:50:20.720+0100] {taskinstance.py:3503} INFO - 0 downstream tasks scheduled from follow-on schedule check
[2025-10-31T21:50:20.723+0100] {local_task_job_runner.py:222} INFO - ::endgroup::
