[2025-10-31T19:05:00.518+0100] {local_task_job_runner.py:120} INFO - ::group::Pre task execution logs
[2025-10-31T19:05:00.569+0100] {taskinstance.py:2076} INFO - Dependencies all met for dep_context=non-requeueable deps ti=<TaskInstance: avito_kafka_every_5min.run_avito_producer scheduled__2025-10-31T18:00:00+00:00 [queued]>
[2025-10-31T19:05:00.581+0100] {taskinstance.py:2076} INFO - Dependencies all met for dep_context=requeueable deps ti=<TaskInstance: avito_kafka_every_5min.run_avito_producer scheduled__2025-10-31T18:00:00+00:00 [queued]>
[2025-10-31T19:05:00.582+0100] {taskinstance.py:2306} INFO - Starting attempt 1 of 3
[2025-10-31T19:05:00.599+0100] {taskinstance.py:2330} INFO - Executing <Task(BashOperator): run_avito_producer> on 2025-10-31 18:00:00+00:00
[2025-10-31T19:05:00.609+0100] {standard_task_runner.py:90} INFO - Running: ['***', 'tasks', 'run', 'avito_kafka_every_5min', 'run_avito_producer', 'scheduled__2025-10-31T18:00:00+00:00', '--job-id', '27', '--raw', '--subdir', 'DAGS_FOLDER/avito_kafka_every_5min.py', '--cfg-path', '/tmp/tmpfr4pff50']
[2025-10-31T19:05:00.614+0100] {standard_task_runner.py:91} INFO - Job 27: Subtask run_avito_producer
[2025-10-31T19:05:00.615+0100] {logging_mixin.py:188} WARNING - /home/***/.local/lib/python3.12/site-packages/***/task/task_runner/standard_task_runner.py:62 DeprecationWarning: This process (pid=1617) is multi-threaded, use of fork() may lead to deadlocks in the child.
[2025-10-31T19:05:00.616+0100] {standard_task_runner.py:64} INFO - Started process 1618 to run task
[2025-10-31T19:05:00.688+0100] {task_command.py:426} INFO - Running <TaskInstance: avito_kafka_every_5min.run_avito_producer scheduled__2025-10-31T18:00:00+00:00 [running]> on host bfe5844a8915
[2025-10-31T19:05:00.826+0100] {taskinstance.py:2648} INFO - Exporting env vars: AIRFLOW_CTX_DAG_OWNER='data' AIRFLOW_CTX_DAG_ID='avito_kafka_every_5min' AIRFLOW_CTX_TASK_ID='run_avito_producer' AIRFLOW_CTX_EXECUTION_DATE='2025-10-31T18:00:00+00:00' AIRFLOW_CTX_TRY_NUMBER='1' AIRFLOW_CTX_DAG_RUN_ID='scheduled__2025-10-31T18:00:00+00:00'
[2025-10-31T19:05:00.828+0100] {taskinstance.py:430} INFO - ::endgroup::
[2025-10-31T19:05:00.861+0100] {subprocess.py:63} INFO - Tmp dir root location: /tmp
[2025-10-31T19:05:00.863+0100] {subprocess.py:75} INFO - Running command: ['/usr/bin/bash', '-c', 'python -m Pipeline.producer.avito_producer --mode louer --pages 1 --limit 10 --bootstrap kafka:9092 --topic realestate.avito.raw']
[2025-10-31T19:05:00.885+0100] {subprocess.py:86} INFO - Output:
[2025-10-31T19:05:21.460+0100] {subprocess.py:93} INFO - [*] Mode: LOUER | Pages: 1 | Sink: kafka | Limit: 10
[2025-10-31T19:05:21.475+0100] {subprocess.py:93} INFO - [SERP] Page 1 → https://www.avito.ma/fr/maroc/locations_immobilieres-à_louer
[2025-10-31T19:05:21.484+0100] {subprocess.py:93} INFO -        Reached limit 10, stopping SERP crawl
[2025-10-31T19:05:21.486+0100] {subprocess.py:93} INFO - [*] Total URLs: 10
[2025-10-31T19:05:21.487+0100] {subprocess.py:93} INFO - [1/10] https://www.avito.ma/fr/autre_secteur/appartements/Appart_haut_standing_5Km___ASWAK_SALAM_RiYad_56744104.htm
[2025-10-31T19:05:21.494+0100] {subprocess.py:93} INFO - [2/10] https://www.avito.ma/fr/allal_el_fassi/local/Magasin_à_louer_57055228.htm
[2025-10-31T19:05:21.496+0100] {subprocess.py:93} INFO - [3/10] https://www.avito.ma/fr/agdal/bureaux/Immeuble_neuf_à_louer_à_Rabat_57108998.htm
[2025-10-31T19:05:21.499+0100] {subprocess.py:93} INFO - [4/10] https://www.avito.ma/fr/californie/villas_et_riads/Location_Villa_7_pièces_de_822_m2_à_Casablanca_57076850.htm
[2025-10-31T19:05:21.501+0100] {subprocess.py:93} INFO - [5/10] https://www.avito.ma/fr/centre_ville/appartements/Appartement_exceptionnel_à_louer_au_centre__Tanger_56869432.htm
[2025-10-31T19:05:21.502+0100] {subprocess.py:93} INFO - [6/10] https://www.avito.ma/fr/val_fleuri/appartements/Studio_57m_Meublé_A_Val_Fleuri_57018864.htm
[2025-10-31T19:05:21.504+0100] {subprocess.py:93} INFO - [7/10] https://www.avito.ma/fr/hay_riad/villas_et_riads/Villa_Moderne_avec_Piscine_à_Louer_56731166.htm
[2025-10-31T19:05:21.505+0100] {subprocess.py:93} INFO - [8/10] https://www.avito.ma/fr/agdal/appartements/À_louer___Appartement_2CH___Les_perles_de_L_agdal_56411075.htm
[2025-10-31T19:05:21.506+0100] {subprocess.py:93} INFO - [9/10] https://www.avito.ma/fr/tabriquet/local/Équipement_à_louer_pour_une_crèche_ou_un_cabinet_56051438.htm
[2025-10-31T19:05:21.507+0100] {subprocess.py:93} INFO - [10/10] https://www.avito.ma/fr/hay_riad/appartements/Appartement_à_louer_à_Rabat_Hay_Riad_Prestigia_55155134.htm
[2025-10-31T19:05:21.508+0100] {subprocess.py:93} INFO - [✓] Sent 10 messages to Kafka topic 'realestate.avito.raw'
[2025-10-31T19:05:21.540+0100] {subprocess.py:97} INFO - Command exited with return code 0
[2025-10-31T19:05:21.541+0100] {taskinstance.py:441} INFO - ::group::Post task execution logs
[2025-10-31T19:05:21.591+0100] {taskinstance.py:1206} INFO - Marking task as SUCCESS. dag_id=avito_kafka_every_5min, task_id=run_avito_producer, run_id=scheduled__2025-10-31T18:00:00+00:00, execution_date=20251031T180000, start_date=20251031T180500, end_date=20251031T180521
[2025-10-31T19:05:21.645+0100] {local_task_job_runner.py:243} INFO - Task exited with return code 0
[2025-10-31T19:05:21.700+0100] {taskinstance.py:3503} INFO - 0 downstream tasks scheduled from follow-on schedule check
[2025-10-31T19:05:21.703+0100] {local_task_job_runner.py:222} INFO - ::endgroup::
