[2025-10-31T23:15:00.542+0100] {local_task_job_runner.py:120} INFO - ::group::Pre task execution logs
[2025-10-31T23:15:00.585+0100] {taskinstance.py:2076} INFO - Dependencies all met for dep_context=non-requeueable deps ti=<TaskInstance: avito_kafka_every_5min.run_avito_producer scheduled__2025-10-31T22:10:00+00:00 [queued]>
[2025-10-31T23:15:00.594+0100] {taskinstance.py:2076} INFO - Dependencies all met for dep_context=requeueable deps ti=<TaskInstance: avito_kafka_every_5min.run_avito_producer scheduled__2025-10-31T22:10:00+00:00 [queued]>
[2025-10-31T23:15:00.595+0100] {taskinstance.py:2306} INFO - Starting attempt 1 of 3
[2025-10-31T23:15:00.607+0100] {taskinstance.py:2330} INFO - Executing <Task(BashOperator): run_avito_producer> on 2025-10-31 22:10:00+00:00
[2025-10-31T23:15:00.616+0100] {standard_task_runner.py:90} INFO - Running: ['***', 'tasks', 'run', 'avito_kafka_every_5min', 'run_avito_producer', 'scheduled__2025-10-31T22:10:00+00:00', '--job-id', '77', '--raw', '--subdir', 'DAGS_FOLDER/avito_kafka_every_5min.py', '--cfg-path', '/tmp/tmpbxot_9y9']
[2025-10-31T23:15:00.619+0100] {standard_task_runner.py:91} INFO - Job 77: Subtask run_avito_producer
[2025-10-31T23:15:00.619+0100] {logging_mixin.py:188} WARNING - /home/***/.local/lib/python3.12/site-packages/***/task/task_runner/standard_task_runner.py:62 DeprecationWarning: This process (pid=2751) is multi-threaded, use of fork() may lead to deadlocks in the child.
[2025-10-31T23:15:00.621+0100] {standard_task_runner.py:64} INFO - Started process 2752 to run task
[2025-10-31T23:15:00.684+0100] {task_command.py:426} INFO - Running <TaskInstance: avito_kafka_every_5min.run_avito_producer scheduled__2025-10-31T22:10:00+00:00 [running]> on host bfe5844a8915
[2025-10-31T23:15:00.793+0100] {taskinstance.py:2648} INFO - Exporting env vars: AIRFLOW_CTX_DAG_OWNER='data' AIRFLOW_CTX_DAG_ID='avito_kafka_every_5min' AIRFLOW_CTX_TASK_ID='run_avito_producer' AIRFLOW_CTX_EXECUTION_DATE='2025-10-31T22:10:00+00:00' AIRFLOW_CTX_TRY_NUMBER='1' AIRFLOW_CTX_DAG_RUN_ID='scheduled__2025-10-31T22:10:00+00:00'
[2025-10-31T23:15:00.795+0100] {taskinstance.py:430} INFO - ::endgroup::
[2025-10-31T23:15:00.812+0100] {subprocess.py:63} INFO - Tmp dir root location: /tmp
[2025-10-31T23:15:00.814+0100] {subprocess.py:75} INFO - Running command: ['/usr/bin/bash', '-c', 'python -m Pipeline.producer.avito_producer --mode louer --pages 1 --limit 10 --bootstrap kafka:9092 --topic realestate.avito.raw']
[2025-10-31T23:15:00.828+0100] {subprocess.py:86} INFO - Output:
[2025-10-31T23:15:23.946+0100] {subprocess.py:93} INFO - [*] Mode: LOUER | Pages: 1 | Sink: kafka | Limit: 10
[2025-10-31T23:15:23.948+0100] {subprocess.py:93} INFO - [SERP] Page 1 → https://www.avito.ma/fr/maroc/locations_immobilieres-à_louer
[2025-10-31T23:15:23.949+0100] {subprocess.py:93} INFO -        Reached limit 10, stopping SERP crawl
[2025-10-31T23:15:23.949+0100] {subprocess.py:93} INFO - [*] Total URLs: 10
[2025-10-31T23:15:23.950+0100] {subprocess.py:93} INFO - [1/10] https://www.avito.ma/fr/palmeraie/villas_et_riads/Appartement_à_Gueliz_avec_piscine_privée_57080548.htm
[2025-10-31T23:15:23.951+0100] {subprocess.py:93} INFO - [2/10] https://www.avito.ma/fr/lissasfa/bureaux/Bureau_à_louer_d_une_superficie_136_m²_57020709.htm
[2025-10-31T23:15:23.951+0100] {subprocess.py:93} INFO - [3/10] https://www.avito.ma/fr/2_mars/appartements/Appartement_à_louer_80_m²_à_Casablanca_57061643.htm
[2025-10-31T23:15:23.952+0100] {subprocess.py:93} INFO - [4/10] https://www.avito.ma/fr/centre_ville/appartements/Loft_vide_à_louer_57052656.htm
[2025-10-31T23:15:23.952+0100] {subprocess.py:93} INFO - [5/10] https://www.avito.ma/fr/sidi_bouknadel/appartements/Appartement_à_Louer_Plages_Nations_Sidi_Bouknadel_56849806.htm
[2025-10-31T23:15:23.953+0100] {subprocess.py:93} INFO - [6/10] https://www.avito.ma/fr/hay_riad/appartements/Appartement_à_louer_sur_Hay_Riad_Prestigia_53174953.htm
[2025-10-31T23:15:23.954+0100] {subprocess.py:93} INFO - [7/10] https://www.avito.ma/fr/harhoura/villas_et_riads/Villa_à_Louer_avec_Vue_sur_Mer_à_Harhoura_56894079.htm
[2025-10-31T23:15:23.955+0100] {subprocess.py:93} INFO - [8/10] https://www.avito.ma/fr/av_mohammed_vi/appartements/Appartement_à_louer_Mohammed_6_55869236.htm
[2025-10-31T23:15:23.955+0100] {subprocess.py:93} INFO - [9/10] https://www.avito.ma/fr/haut_agdal/appartements/Appartement_Meublé_à_Louer__Haut_Agdal_56849594.htm
[2025-10-31T23:15:23.956+0100] {subprocess.py:93} INFO - [10/10] https://www.avito.ma/fr/val_d_or/appartements/Appartement_à_louer_120_m²_à_Temara_57119354.htm
[2025-10-31T23:15:23.957+0100] {subprocess.py:93} INFO - [✓] Sent 10 messages to Kafka topic 'realestate.avito.raw'
[2025-10-31T23:15:24.008+0100] {subprocess.py:97} INFO - Command exited with return code 0
[2025-10-31T23:15:24.014+0100] {taskinstance.py:441} INFO - ::group::Post task execution logs
[2025-10-31T23:15:24.071+0100] {taskinstance.py:1206} INFO - Marking task as SUCCESS. dag_id=avito_kafka_every_5min, task_id=run_avito_producer, run_id=scheduled__2025-10-31T22:10:00+00:00, execution_date=20251031T221000, start_date=20251031T221500, end_date=20251031T221524
[2025-10-31T23:15:24.099+0100] {local_task_job_runner.py:243} INFO - Task exited with return code 0
[2025-10-31T23:15:24.118+0100] {taskinstance.py:3503} INFO - 0 downstream tasks scheduled from follow-on schedule check
[2025-10-31T23:15:24.121+0100] {local_task_job_runner.py:222} INFO - ::endgroup::
