[2025-10-31T19:00:00.498+0100] {local_task_job_runner.py:120} INFO - ::group::Pre task execution logs
[2025-10-31T19:00:00.545+0100] {taskinstance.py:2076} INFO - Dependencies all met for dep_context=non-requeueable deps ti=<TaskInstance: avito_kafka_every_5min.run_avito_producer scheduled__2025-10-31T17:55:00+00:00 [queued]>
[2025-10-31T19:00:00.557+0100] {taskinstance.py:2076} INFO - Dependencies all met for dep_context=requeueable deps ti=<TaskInstance: avito_kafka_every_5min.run_avito_producer scheduled__2025-10-31T17:55:00+00:00 [queued]>
[2025-10-31T19:00:00.558+0100] {taskinstance.py:2306} INFO - Starting attempt 1 of 3
[2025-10-31T19:00:00.575+0100] {taskinstance.py:2330} INFO - Executing <Task(BashOperator): run_avito_producer> on 2025-10-31 17:55:00+00:00
[2025-10-31T19:00:00.585+0100] {standard_task_runner.py:90} INFO - Running: ['***', 'tasks', 'run', 'avito_kafka_every_5min', 'run_avito_producer', 'scheduled__2025-10-31T17:55:00+00:00', '--job-id', '26', '--raw', '--subdir', 'DAGS_FOLDER/avito_kafka_every_5min.py', '--cfg-path', '/tmp/tmponjljz8t']
[2025-10-31T19:00:00.589+0100] {standard_task_runner.py:91} INFO - Job 26: Subtask run_avito_producer
[2025-10-31T19:00:00.590+0100] {logging_mixin.py:188} WARNING - /home/***/.local/lib/python3.12/site-packages/***/task/task_runner/standard_task_runner.py:62 DeprecationWarning: This process (pid=1560) is multi-threaded, use of fork() may lead to deadlocks in the child.
[2025-10-31T19:00:00.591+0100] {standard_task_runner.py:64} INFO - Started process 1561 to run task
[2025-10-31T19:00:00.658+0100] {task_command.py:426} INFO - Running <TaskInstance: avito_kafka_every_5min.run_avito_producer scheduled__2025-10-31T17:55:00+00:00 [running]> on host bfe5844a8915
[2025-10-31T19:00:00.829+0100] {taskinstance.py:2648} INFO - Exporting env vars: AIRFLOW_CTX_DAG_OWNER='data' AIRFLOW_CTX_DAG_ID='avito_kafka_every_5min' AIRFLOW_CTX_TASK_ID='run_avito_producer' AIRFLOW_CTX_EXECUTION_DATE='2025-10-31T17:55:00+00:00' AIRFLOW_CTX_TRY_NUMBER='1' AIRFLOW_CTX_DAG_RUN_ID='scheduled__2025-10-31T17:55:00+00:00'
[2025-10-31T19:00:00.831+0100] {taskinstance.py:430} INFO - ::endgroup::
[2025-10-31T19:00:00.849+0100] {subprocess.py:63} INFO - Tmp dir root location: /tmp
[2025-10-31T19:00:00.851+0100] {subprocess.py:75} INFO - Running command: ['/usr/bin/bash', '-c', 'python -m Pipeline.producer.avito_producer --mode louer --pages 1 --limit 10 --bootstrap kafka:9092 --topic realestate.avito.raw']
[2025-10-31T19:00:00.861+0100] {subprocess.py:86} INFO - Output:
[2025-10-31T19:00:21.062+0100] {subprocess.py:93} INFO - [*] Mode: LOUER | Pages: 1 | Sink: kafka | Limit: 10
[2025-10-31T19:00:21.064+0100] {subprocess.py:93} INFO - [SERP] Page 1 → https://www.avito.ma/fr/maroc/locations_immobilieres-à_louer
[2025-10-31T19:00:21.065+0100] {subprocess.py:93} INFO -        Reached limit 10, stopping SERP crawl
[2025-10-31T19:00:21.065+0100] {subprocess.py:93} INFO - [*] Total URLs: 10
[2025-10-31T19:00:21.066+0100] {subprocess.py:93} INFO - [1/10] https://www.avito.ma/fr/targa/bureaux/Bureaux_privés_Domiciliation_à_Targa__Marrakech_57140550.htm
[2025-10-31T19:00:21.067+0100] {subprocess.py:93} INFO - [2/10] https://www.avito.ma/fr/aviation___mabella/appartements/Appartement_Rénové_à_louer_Quartier_Administratif_55344055.htm
[2025-10-31T19:00:21.068+0100] {subprocess.py:93} INFO - [3/10] https://www.avito.ma/fr/el_alia/bureaux/Plateau_bureau_neuf_à_louer_56787541.htm
[2025-10-31T19:00:21.069+0100] {subprocess.py:93} INFO - [4/10] https://www.avito.ma/fr/tabriquet/local/Boutique_de_10_m²_à_Tabriquet__Salé_55247752.htm
[2025-10-31T19:00:21.069+0100] {subprocess.py:93} INFO - [5/10] https://www.avito.ma/fr/aïn_borja/local/Grand_magasin_en_location_Ain_Borja_55522337.htm
[2025-10-31T19:00:21.070+0100] {subprocess.py:93} INFO - [6/10] https://www.avito.ma/fr/guich_oudaya/appartements/Appartement_vide_à_louer_sur_Riad_Ouled_Mtaa_56846587.htm
[2025-10-31T19:00:21.071+0100] {subprocess.py:93} INFO - [7/10] https://www.avito.ma/fr/hay_riad/bureaux/appartement_bureau_autorisé_56990768.htm
[2025-10-31T19:00:21.073+0100] {subprocess.py:93} INFO - [8/10] https://www.avito.ma/fr/route_de_safi/appartements/Appartement_à_vendre_70_m²_à_Marrakech_57138409.htm
[2025-10-31T19:00:21.075+0100] {subprocess.py:93} INFO - [9/10] https://www.avito.ma/fr/ennasr/appartements/Appartement_vide_à_louer_mensuellement_dans_le_quartier_Nasser_56965473.htm
[2025-10-31T19:00:21.076+0100] {subprocess.py:93} INFO - [10/10] https://www.avito.ma/fr/tanja_balia/appartements/Rico_Costa_4min_la_gare_57101916.htm
[2025-10-31T19:00:21.077+0100] {subprocess.py:93} INFO - [✓] Sent 10 messages to Kafka topic 'realestate.avito.raw'
[2025-10-31T19:00:21.165+0100] {subprocess.py:97} INFO - Command exited with return code 0
[2025-10-31T19:00:21.166+0100] {taskinstance.py:441} INFO - ::group::Post task execution logs
[2025-10-31T19:00:21.224+0100] {taskinstance.py:1206} INFO - Marking task as SUCCESS. dag_id=avito_kafka_every_5min, task_id=run_avito_producer, run_id=scheduled__2025-10-31T17:55:00+00:00, execution_date=20251031T175500, start_date=20251031T180000, end_date=20251031T180021
[2025-10-31T19:00:21.277+0100] {local_task_job_runner.py:243} INFO - Task exited with return code 0
[2025-10-31T19:00:21.309+0100] {taskinstance.py:3503} INFO - 0 downstream tasks scheduled from follow-on schedule check
[2025-10-31T19:00:21.311+0100] {local_task_job_runner.py:222} INFO - ::endgroup::
