[2025-10-31T16:35:00.364+0100] {local_task_job_runner.py:120} INFO - ::group::Pre task execution logs
[2025-10-31T16:35:00.400+0100] {taskinstance.py:2076} INFO - Dependencies all met for dep_context=non-requeueable deps ti=<TaskInstance: avito_kafka_every_5min.run_avito_producer scheduled__2025-10-31T15:30:00+00:00 [queued]>
[2025-10-31T16:35:00.408+0100] {taskinstance.py:2076} INFO - Dependencies all met for dep_context=requeueable deps ti=<TaskInstance: avito_kafka_every_5min.run_avito_producer scheduled__2025-10-31T15:30:00+00:00 [queued]>
[2025-10-31T16:35:00.409+0100] {taskinstance.py:2306} INFO - Starting attempt 1 of 3
[2025-10-31T16:35:00.421+0100] {taskinstance.py:2330} INFO - Executing <Task(BashOperator): run_avito_producer> on 2025-10-31 15:30:00+00:00
[2025-10-31T16:35:00.428+0100] {standard_task_runner.py:90} INFO - Running: ['***', 'tasks', 'run', 'avito_kafka_every_5min', 'run_avito_producer', 'scheduled__2025-10-31T15:30:00+00:00', '--job-id', '9', '--raw', '--subdir', 'DAGS_FOLDER/avito_kafka_every_5min.py', '--cfg-path', '/tmp/tmpw1433l_5']
[2025-10-31T16:35:00.431+0100] {logging_mixin.py:188} WARNING - /home/***/.local/lib/python3.12/site-packages/***/task/task_runner/standard_task_runner.py:62 DeprecationWarning: This process (pid=286) is multi-threaded, use of fork() may lead to deadlocks in the child.
[2025-10-31T16:35:00.431+0100] {standard_task_runner.py:91} INFO - Job 9: Subtask run_avito_producer
[2025-10-31T16:35:00.432+0100] {standard_task_runner.py:64} INFO - Started process 287 to run task
[2025-10-31T16:35:00.492+0100] {task_command.py:426} INFO - Running <TaskInstance: avito_kafka_every_5min.run_avito_producer scheduled__2025-10-31T15:30:00+00:00 [running]> on host f5eb3160223b
[2025-10-31T16:35:00.592+0100] {taskinstance.py:2648} INFO - Exporting env vars: AIRFLOW_CTX_DAG_OWNER='data' AIRFLOW_CTX_DAG_ID='avito_kafka_every_5min' AIRFLOW_CTX_TASK_ID='run_avito_producer' AIRFLOW_CTX_EXECUTION_DATE='2025-10-31T15:30:00+00:00' AIRFLOW_CTX_TRY_NUMBER='1' AIRFLOW_CTX_DAG_RUN_ID='scheduled__2025-10-31T15:30:00+00:00'
[2025-10-31T16:35:00.593+0100] {taskinstance.py:430} INFO - ::endgroup::
[2025-10-31T16:35:00.608+0100] {subprocess.py:63} INFO - Tmp dir root location: /tmp
[2025-10-31T16:35:00.610+0100] {subprocess.py:75} INFO - Running command: ['/usr/bin/bash', '-c', 'python -m Pipeline.producer.avito_producer --mode louer --pages 1 --limit 10 --bootstrap kafka:9092 --topic realestate.avito.raw']
[2025-10-31T16:35:00.620+0100] {subprocess.py:86} INFO - Output:
[2025-10-31T16:35:21.934+0100] {subprocess.py:93} INFO - [*] Mode: LOUER | Pages: 1 | Sink: kafka | Limit: 10
[2025-10-31T16:35:21.935+0100] {subprocess.py:93} INFO - [SERP] Page 1 → https://www.avito.ma/fr/maroc/locations_immobilieres-à_louer
[2025-10-31T16:35:21.935+0100] {subprocess.py:93} INFO -        Reached limit 10, stopping SERP crawl
[2025-10-31T16:35:21.936+0100] {subprocess.py:93} INFO - [*] Total URLs: 10
[2025-10-31T16:35:21.936+0100] {subprocess.py:93} INFO - [1/10] https://www.avito.ma/fr/mozart/appartements/Appartement_à_louer_100_m²_à_Tanger_57144820.htm
[2025-10-31T16:35:21.937+0100] {subprocess.py:93} INFO - [2/10] https://www.avito.ma/fr/quartier_des_hôpitaux/appartements/Appartement_de_luxe_à_louer_Bd_Anoual_57014110.htm
[2025-10-31T16:35:21.938+0100] {subprocess.py:93} INFO - [3/10] https://www.avito.ma/fr/agdal/bureaux/Immeuble_neuf_à_louer_à_Rabat_57108998.htm
[2025-10-31T16:35:21.939+0100] {subprocess.py:93} INFO - [4/10] https://www.avito.ma/fr/nouaceur/appartements/À_Louer___Studio_60_m²_à_La_Perle_de_Nouaceur_56926575.htm
[2025-10-31T16:35:21.940+0100] {subprocess.py:93} INFO - [5/10] https://www.avito.ma/fr/oulfa/appartements/À_louer___Appartement_T2_à_Oulfa__Av_Tayeb_Naciri_56973488.htm
[2025-10-31T16:35:21.940+0100] {subprocess.py:93} INFO - [6/10] https://www.avito.ma/fr/autre_secteur/appartements/Ravissante_Appartement_à_louer_à_Mohammedia_56813101.htm
[2025-10-31T16:35:21.941+0100] {subprocess.py:93} INFO - [7/10] https://www.avito.ma/fr/mozart/local/Local_commercial_en_location_route_de_Malabata_57089708.htm
[2025-10-31T16:35:21.941+0100] {subprocess.py:93} INFO - [8/10] https://www.avito.ma/fr/malabata/appartements/Appartement_sympa_57145365.htm
[2025-10-31T16:35:21.942+0100] {subprocess.py:93} INFO - [9/10] https://www.avito.ma/fr/massira_1/bureaux/Immeuble_usage_bureau_à_louer_53601860.htm
[2025-10-31T16:35:21.943+0100] {subprocess.py:93} INFO - [10/10] https://www.avito.ma/fr/hay_el_fath/local/Magasin_centre_commercial_ait_baha_57104674.htm
[2025-10-31T16:35:21.943+0100] {subprocess.py:93} INFO - [✓] Sent 10 messages to Kafka topic 'realestate.avito.raw'
[2025-10-31T16:35:21.984+0100] {subprocess.py:97} INFO - Command exited with return code 0
[2025-10-31T16:35:21.985+0100] {taskinstance.py:441} INFO - ::group::Post task execution logs
[2025-10-31T16:35:22.021+0100] {taskinstance.py:1206} INFO - Marking task as SUCCESS. dag_id=avito_kafka_every_5min, task_id=run_avito_producer, run_id=scheduled__2025-10-31T15:30:00+00:00, execution_date=20251031T153000, start_date=20251031T153500, end_date=20251031T153522
[2025-10-31T16:35:22.070+0100] {local_task_job_runner.py:243} INFO - Task exited with return code 0
[2025-10-31T16:35:22.095+0100] {taskinstance.py:3503} INFO - 0 downstream tasks scheduled from follow-on schedule check
[2025-10-31T16:35:22.097+0100] {local_task_job_runner.py:222} INFO - ::endgroup::
