[2025-10-31T23:45:00.498+0100] {local_task_job_runner.py:120} INFO - ::group::Pre task execution logs
[2025-10-31T23:45:00.553+0100] {taskinstance.py:2076} INFO - Dependencies all met for dep_context=non-requeueable deps ti=<TaskInstance: avito_kafka_every_5min.run_avito_producer scheduled__2025-10-31T22:40:00+00:00 [queued]>
[2025-10-31T23:45:00.563+0100] {taskinstance.py:2076} INFO - Dependencies all met for dep_context=requeueable deps ti=<TaskInstance: avito_kafka_every_5min.run_avito_producer scheduled__2025-10-31T22:40:00+00:00 [queued]>
[2025-10-31T23:45:00.564+0100] {taskinstance.py:2306} INFO - Starting attempt 1 of 3
[2025-10-31T23:45:00.580+0100] {taskinstance.py:2330} INFO - Executing <Task(BashOperator): run_avito_producer> on 2025-10-31 22:40:00+00:00
[2025-10-31T23:45:00.592+0100] {logging_mixin.py:188} WARNING - /home/***/.local/lib/python3.12/site-packages/***/task/task_runner/standard_task_runner.py:62 DeprecationWarning: This process (pid=3088) is multi-threaded, use of fork() may lead to deadlocks in the child.
[2025-10-31T23:45:00.590+0100] {standard_task_runner.py:90} INFO - Running: ['***', 'tasks', 'run', 'avito_kafka_every_5min', 'run_avito_producer', 'scheduled__2025-10-31T22:40:00+00:00', '--job-id', '83', '--raw', '--subdir', 'DAGS_FOLDER/avito_kafka_every_5min.py', '--cfg-path', '/tmp/tmphnm30e85']
[2025-10-31T23:45:00.594+0100] {standard_task_runner.py:64} INFO - Started process 3089 to run task
[2025-10-31T23:45:00.594+0100] {standard_task_runner.py:91} INFO - Job 83: Subtask run_avito_producer
[2025-10-31T23:45:00.682+0100] {task_command.py:426} INFO - Running <TaskInstance: avito_kafka_every_5min.run_avito_producer scheduled__2025-10-31T22:40:00+00:00 [running]> on host bfe5844a8915
[2025-10-31T23:45:00.837+0100] {taskinstance.py:2648} INFO - Exporting env vars: AIRFLOW_CTX_DAG_OWNER='data' AIRFLOW_CTX_DAG_ID='avito_kafka_every_5min' AIRFLOW_CTX_TASK_ID='run_avito_producer' AIRFLOW_CTX_EXECUTION_DATE='2025-10-31T22:40:00+00:00' AIRFLOW_CTX_TRY_NUMBER='1' AIRFLOW_CTX_DAG_RUN_ID='scheduled__2025-10-31T22:40:00+00:00'
[2025-10-31T23:45:00.839+0100] {taskinstance.py:430} INFO - ::endgroup::
[2025-10-31T23:45:00.863+0100] {subprocess.py:63} INFO - Tmp dir root location: /tmp
[2025-10-31T23:45:00.865+0100] {subprocess.py:75} INFO - Running command: ['/usr/bin/bash', '-c', 'python -m Pipeline.producer.avito_producer --mode louer --pages 1 --limit 10 --bootstrap kafka:9092 --topic realestate.avito.raw']
[2025-10-31T23:45:00.878+0100] {subprocess.py:86} INFO - Output:
[2025-10-31T23:45:22.084+0100] {subprocess.py:93} INFO - [*] Mode: LOUER | Pages: 1 | Sink: kafka | Limit: 10
[2025-10-31T23:45:22.087+0100] {subprocess.py:93} INFO - [SERP] Page 1 → https://www.avito.ma/fr/maroc/locations_immobilieres-à_louer
[2025-10-31T23:45:22.087+0100] {subprocess.py:93} INFO -        Reached limit 10, stopping SERP crawl
[2025-10-31T23:45:22.088+0100] {subprocess.py:93} INFO - [*] Total URLs: 10
[2025-10-31T23:45:22.088+0100] {subprocess.py:93} INFO - [1/10] https://www.avito.ma/fr/bourgogne/appartements/Appartement_meublé_à_Bourgogne__blvrd_tan_tan_57141394.htm
[2025-10-31T23:45:22.089+0100] {subprocess.py:93} INFO - [2/10] https://www.avito.ma/fr/agdal/appartements/Appartement_à_louer_Agdal_57127168.htm
[2025-10-31T23:45:22.090+0100] {subprocess.py:93} INFO - [3/10] https://www.avito.ma/fr/hassan/appartements/PentHouse_Marina_57144221.htm
[2025-10-31T23:45:22.090+0100] {subprocess.py:93} INFO - [4/10] https://www.avito.ma/fr/hay_riad/appartements/Appartement_à_louer_100_m²_à_Rabat_56747897.htm
[2025-10-31T23:45:22.090+0100] {subprocess.py:93} INFO - [5/10] https://www.avito.ma/fr/hay_massira/appartements/Appartement_vide_à_louer_mensuellement_57146652.htm
[2025-10-31T23:45:22.091+0100] {subprocess.py:93} INFO - [6/10] https://www.avito.ma/fr/allal_el_fassi/maisons/Étage_de_maison_à_louer_57046530.htm
[2025-10-31T23:45:22.091+0100] {subprocess.py:93} INFO - [7/10] https://www.avito.ma/fr/hermitage/bureaux/Plateau_bureau_neuf_boulevard_Anoual__2eme_étage__57143291.htm
[2025-10-31T23:45:22.091+0100] {subprocess.py:93} INFO - [8/10] https://www.avito.ma/fr/harhoura/maisons/Maison_à_Louer_Harhoura_57143362.htm
[2025-10-31T23:45:22.092+0100] {subprocess.py:93} INFO - [9/10] https://www.avito.ma/fr/autre_secteur/appartements/Appartements_meublés_à_louer_57010297.htm
[2025-10-31T23:45:22.093+0100] {subprocess.py:93} INFO - [10/10] https://www.avito.ma/fr/hay_mohammadi/appartements/Appartement_meublé_à_quartier_Mohamedi_57146644.htm
[2025-10-31T23:45:22.094+0100] {subprocess.py:93} INFO - [✓] Sent 10 messages to Kafka topic 'realestate.avito.raw'
[2025-10-31T23:45:22.149+0100] {subprocess.py:97} INFO - Command exited with return code 0
[2025-10-31T23:45:22.150+0100] {taskinstance.py:441} INFO - ::group::Post task execution logs
[2025-10-31T23:45:22.185+0100] {taskinstance.py:1206} INFO - Marking task as SUCCESS. dag_id=avito_kafka_every_5min, task_id=run_avito_producer, run_id=scheduled__2025-10-31T22:40:00+00:00, execution_date=20251031T224000, start_date=20251031T224500, end_date=20251031T224522
[2025-10-31T23:45:22.211+0100] {local_task_job_runner.py:243} INFO - Task exited with return code 0
[2025-10-31T23:45:22.229+0100] {taskinstance.py:3503} INFO - 0 downstream tasks scheduled from follow-on schedule check
[2025-10-31T23:45:22.231+0100] {local_task_job_runner.py:222} INFO - ::endgroup::
