[2025-10-31T18:15:00.909+0100] {local_task_job_runner.py:120} INFO - ::group::Pre task execution logs
[2025-10-31T18:15:00.961+0100] {taskinstance.py:2076} INFO - Dependencies all met for dep_context=non-requeueable deps ti=<TaskInstance: avito_kafka_every_5min.run_avito_producer scheduled__2025-10-31T17:10:00+00:00 [queued]>
[2025-10-31T18:15:00.969+0100] {taskinstance.py:2076} INFO - Dependencies all met for dep_context=requeueable deps ti=<TaskInstance: avito_kafka_every_5min.run_avito_producer scheduled__2025-10-31T17:10:00+00:00 [queued]>
[2025-10-31T18:15:00.970+0100] {taskinstance.py:2306} INFO - Starting attempt 1 of 3
[2025-10-31T18:15:00.982+0100] {taskinstance.py:2330} INFO - Executing <Task(BashOperator): run_avito_producer> on 2025-10-31 17:10:00+00:00
[2025-10-31T18:15:00.990+0100] {standard_task_runner.py:90} INFO - Running: ['***', 'tasks', 'run', 'avito_kafka_every_5min', 'run_avito_producer', 'scheduled__2025-10-31T17:10:00+00:00', '--job-id', '17', '--raw', '--subdir', 'DAGS_FOLDER/avito_kafka_every_5min.py', '--cfg-path', '/tmp/tmpkpkhueya']
[2025-10-31T18:15:00.993+0100] {standard_task_runner.py:91} INFO - Job 17: Subtask run_avito_producer
[2025-10-31T18:15:00.994+0100] {logging_mixin.py:188} WARNING - /home/***/.local/lib/python3.12/site-packages/***/task/task_runner/standard_task_runner.py:62 DeprecationWarning: This process (pid=1057) is multi-threaded, use of fork() may lead to deadlocks in the child.
[2025-10-31T18:15:00.995+0100] {standard_task_runner.py:64} INFO - Started process 1058 to run task
[2025-10-31T18:15:01.056+0100] {task_command.py:426} INFO - Running <TaskInstance: avito_kafka_every_5min.run_avito_producer scheduled__2025-10-31T17:10:00+00:00 [running]> on host bfe5844a8915
[2025-10-31T18:15:01.163+0100] {taskinstance.py:2648} INFO - Exporting env vars: AIRFLOW_CTX_DAG_OWNER='data' AIRFLOW_CTX_DAG_ID='avito_kafka_every_5min' AIRFLOW_CTX_TASK_ID='run_avito_producer' AIRFLOW_CTX_EXECUTION_DATE='2025-10-31T17:10:00+00:00' AIRFLOW_CTX_TRY_NUMBER='1' AIRFLOW_CTX_DAG_RUN_ID='scheduled__2025-10-31T17:10:00+00:00'
[2025-10-31T18:15:01.164+0100] {taskinstance.py:430} INFO - ::endgroup::
[2025-10-31T18:15:01.179+0100] {subprocess.py:63} INFO - Tmp dir root location: /tmp
[2025-10-31T18:15:01.180+0100] {subprocess.py:75} INFO - Running command: ['/usr/bin/bash', '-c', 'python -m Pipeline.producer.avito_producer --mode louer --pages 1 --limit 10 --bootstrap kafka:9092 --topic realestate.avito.raw']
[2025-10-31T18:15:01.189+0100] {subprocess.py:86} INFO - Output:
[2025-10-31T18:15:20.712+0100] {subprocess.py:93} INFO - [*] Mode: LOUER | Pages: 1 | Sink: kafka | Limit: 10
[2025-10-31T18:15:20.713+0100] {subprocess.py:93} INFO - [SERP] Page 1 → https://www.avito.ma/fr/maroc/locations_immobilieres-à_louer
[2025-10-31T18:15:20.713+0100] {subprocess.py:93} INFO -        Reached limit 10, stopping SERP crawl
[2025-10-31T18:15:20.714+0100] {subprocess.py:93} INFO - [*] Total URLs: 10
[2025-10-31T18:15:20.714+0100] {subprocess.py:93} INFO - [1/10] https://www.avito.ma/fr/route_de_casablanca/appartements/Appartement_à_louer_60_m²_à_Marrakech_57145351.htm
[2025-10-31T18:15:20.715+0100] {subprocess.py:93} INFO - [2/10] https://www.avito.ma/fr/tamaris/appartements/Bel_Appartement_en_Rez_de_jardin_à_louer___Tamaris_56775583.htm
[2025-10-31T18:15:20.716+0100] {subprocess.py:93} INFO - [3/10] https://www.avito.ma/fr/bouskoura_centre/local/Loyer_Magasin_46m²__spte_22m²__cave_46m²_à_Bouskoura_55816416.htm
[2025-10-31T18:15:20.716+0100] {subprocess.py:93} INFO - [4/10] https://www.avito.ma/fr/autre_secteur/local/Magasin_à_louer_57145734.htm
[2025-10-31T18:15:20.717+0100] {subprocess.py:93} INFO - [5/10] https://www.avito.ma/fr/ain_sebaa/bureaux/À_louer___Local_neuf_à_Moulay_Ismail_56973686.htm
[2025-10-31T18:15:20.717+0100] {subprocess.py:93} INFO - [6/10] https://www.avito.ma/fr/maarif/appartements/Appartement_120m_Meublé_A_Roumondi_57006548.htm
[2025-10-31T18:15:20.718+0100] {subprocess.py:93} INFO - [7/10] https://www.avito.ma/fr/2_mars/appartements/Studio_à_louer_50_m²_à_Casablanca_57116740.htm
[2025-10-31T18:15:20.718+0100] {subprocess.py:93} INFO - [8/10] https://www.avito.ma/fr/mabrouka/appartements/Appartement_meublé_57145732.htm
[2025-10-31T18:15:20.719+0100] {subprocess.py:93} INFO - [9/10] https://www.avito.ma/fr/saknia/appartements/Appartement_à_louer_92_m²_à_Kénitra_56492138.htm
[2025-10-31T18:15:20.719+0100] {subprocess.py:93} INFO - [10/10] https://www.avito.ma/fr/belvédère/appartements/Belvédère_casa_voyageur_rue_planquette_6_étages_2_57145727.htm
[2025-10-31T18:15:20.719+0100] {subprocess.py:93} INFO - [✓] Sent 10 messages to Kafka topic 'realestate.avito.raw'
[2025-10-31T18:15:20.746+0100] {subprocess.py:97} INFO - Command exited with return code 0
[2025-10-31T18:15:20.747+0100] {taskinstance.py:441} INFO - ::group::Post task execution logs
[2025-10-31T18:15:20.777+0100] {taskinstance.py:1206} INFO - Marking task as SUCCESS. dag_id=avito_kafka_every_5min, task_id=run_avito_producer, run_id=scheduled__2025-10-31T17:10:00+00:00, execution_date=20251031T171000, start_date=20251031T171500, end_date=20251031T171520
[2025-10-31T18:15:20.830+0100] {local_task_job_runner.py:243} INFO - Task exited with return code 0
[2025-10-31T18:15:20.847+0100] {taskinstance.py:3503} INFO - 0 downstream tasks scheduled from follow-on schedule check
[2025-10-31T18:15:20.849+0100] {local_task_job_runner.py:222} INFO - ::endgroup::
