[2025-11-01T01:00:17.376+0100] {processor.py:161} INFO - Started process (PID=1066) to work on /opt/airflow/dags/avito_pipeline.py
[2025-11-01T01:00:17.379+0100] {processor.py:830} INFO - Processing file /opt/airflow/dags/avito_pipeline.py for tasks to queue
[2025-11-01T01:00:17.384+0100] {logging_mixin.py:188} INFO - [2025-11-01T01:00:17.383+0100] {dagbag.py:545} INFO - Filling up the DagBag from /opt/airflow/dags/avito_pipeline.py
[2025-11-01T01:00:17.435+0100] {processor.py:840} INFO - DAG(s) 'avito_minimal_scrape_to_iceberg' retrieved from /opt/airflow/dags/avito_pipeline.py
[2025-11-01T01:00:17.522+0100] {logging_mixin.py:188} INFO - [2025-11-01T01:00:17.521+0100] {dag.py:3089} INFO - Sync 1 DAGs
[2025-11-01T01:00:17.609+0100] {processor.py:183} INFO - Processing /opt/airflow/dags/avito_pipeline.py took 0.248 seconds
[2025-11-01T01:00:47.847+0100] {processor.py:161} INFO - Started process (PID=1071) to work on /opt/airflow/dags/avito_pipeline.py
[2025-11-01T01:00:47.848+0100] {processor.py:830} INFO - Processing file /opt/airflow/dags/avito_pipeline.py for tasks to queue
[2025-11-01T01:00:47.850+0100] {logging_mixin.py:188} INFO - [2025-11-01T01:00:47.850+0100] {dagbag.py:545} INFO - Filling up the DagBag from /opt/airflow/dags/avito_pipeline.py
[2025-11-01T01:00:47.872+0100] {processor.py:840} INFO - DAG(s) 'avito_minimal_scrape_to_iceberg' retrieved from /opt/airflow/dags/avito_pipeline.py
[2025-11-01T01:00:47.910+0100] {logging_mixin.py:188} INFO - [2025-11-01T01:00:47.909+0100] {dag.py:3089} INFO - Sync 1 DAGs
[2025-11-01T01:00:47.934+0100] {logging_mixin.py:188} INFO - [2025-11-01T01:00:47.934+0100] {dag.py:3947} INFO - Setting next_dagrun for avito_minimal_scrape_to_iceberg to 2025-11-01 00:00:00+00:00, run_after=2025-11-01 00:05:00+00:00
[2025-11-01T01:00:47.955+0100] {processor.py:183} INFO - Processing /opt/airflow/dags/avito_pipeline.py took 0.114 seconds
[2025-11-01T01:01:18.121+0100] {processor.py:161} INFO - Started process (PID=1076) to work on /opt/airflow/dags/avito_pipeline.py
[2025-11-01T01:01:18.123+0100] {processor.py:830} INFO - Processing file /opt/airflow/dags/avito_pipeline.py for tasks to queue
[2025-11-01T01:01:18.126+0100] {logging_mixin.py:188} INFO - [2025-11-01T01:01:18.125+0100] {dagbag.py:545} INFO - Filling up the DagBag from /opt/airflow/dags/avito_pipeline.py
[2025-11-01T01:01:18.146+0100] {processor.py:840} INFO - DAG(s) 'avito_minimal_scrape_to_iceberg' retrieved from /opt/airflow/dags/avito_pipeline.py
[2025-11-01T01:01:18.177+0100] {logging_mixin.py:188} INFO - [2025-11-01T01:01:18.177+0100] {dag.py:3089} INFO - Sync 1 DAGs
[2025-11-01T01:01:18.202+0100] {logging_mixin.py:188} INFO - [2025-11-01T01:01:18.202+0100] {dag.py:3947} INFO - Setting next_dagrun for avito_minimal_scrape_to_iceberg to 2025-11-01 00:00:00+00:00, run_after=2025-11-01 00:05:00+00:00
[2025-11-01T01:01:18.219+0100] {processor.py:183} INFO - Processing /opt/airflow/dags/avito_pipeline.py took 0.105 seconds
[2025-11-01T01:01:48.389+0100] {processor.py:161} INFO - Started process (PID=1081) to work on /opt/airflow/dags/avito_pipeline.py
[2025-11-01T01:01:48.391+0100] {processor.py:830} INFO - Processing file /opt/airflow/dags/avito_pipeline.py for tasks to queue
[2025-11-01T01:01:48.394+0100] {logging_mixin.py:188} INFO - [2025-11-01T01:01:48.393+0100] {dagbag.py:545} INFO - Filling up the DagBag from /opt/airflow/dags/avito_pipeline.py
[2025-11-01T01:01:48.419+0100] {processor.py:840} INFO - DAG(s) 'avito_minimal_scrape_to_iceberg' retrieved from /opt/airflow/dags/avito_pipeline.py
[2025-11-01T01:01:48.460+0100] {logging_mixin.py:188} INFO - [2025-11-01T01:01:48.460+0100] {dag.py:3089} INFO - Sync 1 DAGs
[2025-11-01T01:01:48.494+0100] {logging_mixin.py:188} INFO - [2025-11-01T01:01:48.494+0100] {dag.py:3947} INFO - Setting next_dagrun for avito_minimal_scrape_to_iceberg to 2025-11-01 00:00:00+00:00, run_after=2025-11-01 00:05:00+00:00
[2025-11-01T01:01:48.518+0100] {processor.py:183} INFO - Processing /opt/airflow/dags/avito_pipeline.py took 0.136 seconds
[2025-11-01T01:02:18.707+0100] {processor.py:161} INFO - Started process (PID=1086) to work on /opt/airflow/dags/avito_pipeline.py
[2025-11-01T01:02:18.708+0100] {processor.py:830} INFO - Processing file /opt/airflow/dags/avito_pipeline.py for tasks to queue
[2025-11-01T01:02:18.710+0100] {logging_mixin.py:188} INFO - [2025-11-01T01:02:18.710+0100] {dagbag.py:545} INFO - Filling up the DagBag from /opt/airflow/dags/avito_pipeline.py
[2025-11-01T01:02:18.731+0100] {processor.py:840} INFO - DAG(s) 'avito_minimal_scrape_to_iceberg' retrieved from /opt/airflow/dags/avito_pipeline.py
[2025-11-01T01:02:18.767+0100] {logging_mixin.py:188} INFO - [2025-11-01T01:02:18.766+0100] {dag.py:3089} INFO - Sync 1 DAGs
[2025-11-01T01:02:18.803+0100] {logging_mixin.py:188} INFO - [2025-11-01T01:02:18.802+0100] {dag.py:3947} INFO - Setting next_dagrun for avito_minimal_scrape_to_iceberg to 2025-11-01 00:00:00+00:00, run_after=2025-11-01 00:05:00+00:00
[2025-11-01T01:02:18.825+0100] {processor.py:183} INFO - Processing /opt/airflow/dags/avito_pipeline.py took 0.124 seconds
[2025-11-01T01:02:48.899+0100] {processor.py:161} INFO - Started process (PID=1091) to work on /opt/airflow/dags/avito_pipeline.py
[2025-11-01T01:02:48.901+0100] {processor.py:830} INFO - Processing file /opt/airflow/dags/avito_pipeline.py for tasks to queue
[2025-11-01T01:02:48.903+0100] {logging_mixin.py:188} INFO - [2025-11-01T01:02:48.903+0100] {dagbag.py:545} INFO - Filling up the DagBag from /opt/airflow/dags/avito_pipeline.py
[2025-11-01T01:02:48.926+0100] {processor.py:840} INFO - DAG(s) 'avito_minimal_scrape_to_iceberg' retrieved from /opt/airflow/dags/avito_pipeline.py
[2025-11-01T01:02:48.970+0100] {logging_mixin.py:188} INFO - [2025-11-01T01:02:48.969+0100] {dag.py:3089} INFO - Sync 1 DAGs
[2025-11-01T01:02:49.010+0100] {logging_mixin.py:188} INFO - [2025-11-01T01:02:49.009+0100] {dag.py:3947} INFO - Setting next_dagrun for avito_minimal_scrape_to_iceberg to 2025-11-01 00:00:00+00:00, run_after=2025-11-01 00:05:00+00:00
[2025-11-01T01:02:49.043+0100] {processor.py:183} INFO - Processing /opt/airflow/dags/avito_pipeline.py took 0.151 seconds
[2025-11-01T01:03:19.215+0100] {processor.py:161} INFO - Started process (PID=1096) to work on /opt/airflow/dags/avito_pipeline.py
[2025-11-01T01:03:19.216+0100] {processor.py:830} INFO - Processing file /opt/airflow/dags/avito_pipeline.py for tasks to queue
[2025-11-01T01:03:19.217+0100] {logging_mixin.py:188} INFO - [2025-11-01T01:03:19.217+0100] {dagbag.py:545} INFO - Filling up the DagBag from /opt/airflow/dags/avito_pipeline.py
[2025-11-01T01:03:19.236+0100] {processor.py:840} INFO - DAG(s) 'avito_minimal_scrape_to_iceberg' retrieved from /opt/airflow/dags/avito_pipeline.py
[2025-11-01T01:03:19.269+0100] {logging_mixin.py:188} INFO - [2025-11-01T01:03:19.269+0100] {dag.py:3089} INFO - Sync 1 DAGs
[2025-11-01T01:03:19.300+0100] {logging_mixin.py:188} INFO - [2025-11-01T01:03:19.299+0100] {dag.py:3947} INFO - Setting next_dagrun for avito_minimal_scrape_to_iceberg to 2025-11-01 00:00:00+00:00, run_after=2025-11-01 00:05:00+00:00
[2025-11-01T01:03:19.319+0100] {processor.py:183} INFO - Processing /opt/airflow/dags/avito_pipeline.py took 0.111 seconds
[2025-11-01T01:03:49.419+0100] {processor.py:161} INFO - Started process (PID=1101) to work on /opt/airflow/dags/avito_pipeline.py
[2025-11-01T01:03:49.421+0100] {processor.py:830} INFO - Processing file /opt/airflow/dags/avito_pipeline.py for tasks to queue
[2025-11-01T01:03:49.425+0100] {logging_mixin.py:188} INFO - [2025-11-01T01:03:49.424+0100] {dagbag.py:545} INFO - Filling up the DagBag from /opt/airflow/dags/avito_pipeline.py
[2025-11-01T01:03:49.494+0100] {processor.py:840} INFO - DAG(s) 'avito_minimal_scrape_to_iceberg' retrieved from /opt/airflow/dags/avito_pipeline.py
[2025-11-01T01:03:49.575+0100] {logging_mixin.py:188} INFO - [2025-11-01T01:03:49.574+0100] {dag.py:3089} INFO - Sync 1 DAGs
[2025-11-01T01:03:49.622+0100] {logging_mixin.py:188} INFO - [2025-11-01T01:03:49.622+0100] {dag.py:3947} INFO - Setting next_dagrun for avito_minimal_scrape_to_iceberg to 2025-11-01 00:00:00+00:00, run_after=2025-11-01 00:05:00+00:00
[2025-11-01T01:03:49.652+0100] {processor.py:183} INFO - Processing /opt/airflow/dags/avito_pipeline.py took 0.244 seconds
[2025-11-01T01:04:19.760+0100] {processor.py:161} INFO - Started process (PID=1106) to work on /opt/airflow/dags/avito_pipeline.py
[2025-11-01T01:04:19.761+0100] {processor.py:830} INFO - Processing file /opt/airflow/dags/avito_pipeline.py for tasks to queue
[2025-11-01T01:04:19.764+0100] {logging_mixin.py:188} INFO - [2025-11-01T01:04:19.763+0100] {dagbag.py:545} INFO - Filling up the DagBag from /opt/airflow/dags/avito_pipeline.py
[2025-11-01T01:04:19.784+0100] {processor.py:840} INFO - DAG(s) 'avito_minimal_scrape_to_iceberg' retrieved from /opt/airflow/dags/avito_pipeline.py
[2025-11-01T01:04:19.820+0100] {logging_mixin.py:188} INFO - [2025-11-01T01:04:19.820+0100] {dag.py:3089} INFO - Sync 1 DAGs
[2025-11-01T01:04:19.853+0100] {logging_mixin.py:188} INFO - [2025-11-01T01:04:19.853+0100] {dag.py:3947} INFO - Setting next_dagrun for avito_minimal_scrape_to_iceberg to 2025-11-01 00:00:00+00:00, run_after=2025-11-01 00:05:00+00:00
[2025-11-01T01:04:19.874+0100] {processor.py:183} INFO - Processing /opt/airflow/dags/avito_pipeline.py took 0.122 seconds
[2025-11-01T01:04:50.102+0100] {processor.py:161} INFO - Started process (PID=1111) to work on /opt/airflow/dags/avito_pipeline.py
[2025-11-01T01:04:50.103+0100] {processor.py:830} INFO - Processing file /opt/airflow/dags/avito_pipeline.py for tasks to queue
[2025-11-01T01:04:50.104+0100] {logging_mixin.py:188} INFO - [2025-11-01T01:04:50.104+0100] {dagbag.py:545} INFO - Filling up the DagBag from /opt/airflow/dags/avito_pipeline.py
[2025-11-01T01:04:50.124+0100] {processor.py:840} INFO - DAG(s) 'avito_minimal_scrape_to_iceberg' retrieved from /opt/airflow/dags/avito_pipeline.py
[2025-11-01T01:04:50.158+0100] {logging_mixin.py:188} INFO - [2025-11-01T01:04:50.158+0100] {dag.py:3089} INFO - Sync 1 DAGs
[2025-11-01T01:04:50.197+0100] {logging_mixin.py:188} INFO - [2025-11-01T01:04:50.197+0100] {dag.py:3947} INFO - Setting next_dagrun for avito_minimal_scrape_to_iceberg to 2025-11-01 00:00:00+00:00, run_after=2025-11-01 00:05:00+00:00
[2025-11-01T01:04:50.220+0100] {processor.py:183} INFO - Processing /opt/airflow/dags/avito_pipeline.py took 0.124 seconds
