[2025-11-01T01:00:08.209+0100] {local_task_job_runner.py:120} INFO - ::group::Pre task execution logs
[2025-11-01T01:00:08.247+0100] {taskinstance.py:2076} INFO - Dependencies all met for dep_context=non-requeueable deps ti=<TaskInstance: avito_minimal_scrape_to_iceberg.run_scraper scheduled__2025-10-31T23:55:00+00:00 [queued]>
[2025-11-01T01:00:08.257+0100] {taskinstance.py:2076} INFO - Dependencies all met for dep_context=requeueable deps ti=<TaskInstance: avito_minimal_scrape_to_iceberg.run_scraper scheduled__2025-10-31T23:55:00+00:00 [queued]>
[2025-11-01T01:00:08.258+0100] {taskinstance.py:2306} INFO - Starting attempt 1 of 3
[2025-11-01T01:00:08.270+0100] {taskinstance.py:2330} INFO - Executing <Task(BashOperator): run_scraper> on 2025-10-31 23:55:00+00:00
[2025-11-01T01:00:08.278+0100] {standard_task_runner.py:90} INFO - Running: ['***', 'tasks', 'run', 'avito_minimal_scrape_to_iceberg', 'run_scraper', 'scheduled__2025-10-31T23:55:00+00:00', '--job-id', '134', '--raw', '--subdir', 'DAGS_FOLDER/avito_pipeline.py', '--cfg-path', '/tmp/tmpayp_ycst']
[2025-11-01T01:00:08.280+0100] {standard_task_runner.py:91} INFO - Job 134: Subtask run_scraper
[2025-11-01T01:00:08.280+0100] {logging_mixin.py:188} WARNING - /home/***/.local/lib/python3.12/site-packages/***/task/task_runner/standard_task_runner.py:62 DeprecationWarning: This process (pid=1051) is multi-threaded, use of fork() may lead to deadlocks in the child.
[2025-11-01T01:00:08.281+0100] {standard_task_runner.py:64} INFO - Started process 1052 to run task
[2025-11-01T01:00:08.336+0100] {task_command.py:426} INFO - Running <TaskInstance: avito_minimal_scrape_to_iceberg.run_scraper scheduled__2025-10-31T23:55:00+00:00 [running]> on host 840b98c7ef92
[2025-11-01T01:00:08.449+0100] {taskinstance.py:2648} INFO - Exporting env vars: AIRFLOW_CTX_DAG_OWNER='avito' AIRFLOW_CTX_DAG_ID='avito_minimal_scrape_to_iceberg' AIRFLOW_CTX_TASK_ID='run_scraper' AIRFLOW_CTX_EXECUTION_DATE='2025-10-31T23:55:00+00:00' AIRFLOW_CTX_TRY_NUMBER='1' AIRFLOW_CTX_DAG_RUN_ID='scheduled__2025-10-31T23:55:00+00:00'
[2025-11-01T01:00:08.450+0100] {taskinstance.py:430} INFO - ::endgroup::
[2025-11-01T01:00:08.467+0100] {subprocess.py:63} INFO - Tmp dir root location: /tmp
[2025-11-01T01:00:08.468+0100] {subprocess.py:75} INFO - Running command: ['/usr/bin/bash', '-c', 'docker exec -i avito-scraper bash -lc "/app/run_avito_scraper.sh --mode louer --pages 1 --limit 10 --bootstrap kafka:9092 --topic realestate.avito.raw"']
[2025-11-01T01:00:08.478+0100] {subprocess.py:86} INFO - Output:
[2025-11-01T01:00:09.341+0100] {subprocess.py:93} INFO - [*] Mode: LOUER | Pages: 1 | Sink: kafka | Limit: 10
[2025-11-01T01:00:09.342+0100] {subprocess.py:93} INFO - [SERP] Page 1 → https://www.avito.ma/fr/maroc/locations_immobilieres-à_louer
[2025-11-01T01:00:09.891+0100] {subprocess.py:93} INFO -        Reached limit 10, stopping SERP crawl
[2025-11-01T01:00:09.891+0100] {subprocess.py:93} INFO - [*] Total URLs: 10
[2025-11-01T01:00:09.893+0100] {subprocess.py:93} INFO - [1/10] https://www.avito.ma/fr/riad_oulad_mtaa/appartements/Appartement_à_louer_à_Temara_Oulad_Mtaa_57134665.htm
[2025-11-01T01:00:12.168+0100] {subprocess.py:93} INFO - [2/10] https://www.avito.ma/fr/abdelmoumen/appartements/Studio_neuf_meublé_à_louer_65m2_Casablanca_56629376.htm
[2025-11-01T01:00:15.313+0100] {subprocess.py:93} INFO - [3/10] https://www.avito.ma/fr/hay_riad/villas_et_riads/Villa_à_louer_Hay_Riad_57136157.htm
[2025-11-01T01:00:17.138+0100] {subprocess.py:93} INFO - [4/10] https://www.avito.ma/fr/laimoune/appartements/Appartement_Laimoune_haut_standing_57131222.htm
[2025-11-01T01:00:20.102+0100] {subprocess.py:93} INFO - [5/10] https://www.avito.ma/fr/sala_el_jadida/appartements/Appart_meublé_à_louer_Résidence_Dalal_56911487.htm
[2025-11-01T01:00:21.933+0100] {subprocess.py:93} INFO - [6/10] https://www.avito.ma/fr/quartier_du_parc/bureaux/Plateaux_de_bureaux_sup_de_50_m2_à_190_sur_parc_55573494.htm
[2025-11-01T01:00:23.798+0100] {subprocess.py:93} INFO - [7/10] https://www.avito.ma/fr/marjane/appartements/Appartement_à_louer_Mojama3_Hassani_57146726.htm
[2025-11-01T01:00:25.613+0100] {subprocess.py:93} INFO - [8/10] https://www.avito.ma/fr/centre_ville/appartements/Appartement_meublé_à_louer_mensuellement_au_centre_ville_57146724.htm
[2025-11-01T01:00:27.413+0100] {subprocess.py:93} INFO - [9/10] https://www.avito.ma/fr/c.i.l/appartements/Location_appart_vide_CIL_près_Institut_Dominique_57131214.htm
[2025-11-01T01:00:29.594+0100] {subprocess.py:93} INFO - [10/10] https://www.avito.ma/fr/autre_secteur/local/Magasin_110m_Avenue_Tarik_Bno_Ziyad_56982951.htm
[2025-11-01T01:00:29.899+0100] {subprocess.py:93} INFO - [✓] Sent 10 messages to Kafka topic 'realestate.avito.raw'
[2025-11-01T01:00:29.959+0100] {subprocess.py:97} INFO - Command exited with return code 0
[2025-11-01T01:00:29.960+0100] {taskinstance.py:441} INFO - ::group::Post task execution logs
[2025-11-01T01:00:29.995+0100] {taskinstance.py:1206} INFO - Marking task as SUCCESS. dag_id=avito_minimal_scrape_to_iceberg, task_id=run_scraper, run_id=scheduled__2025-10-31T23:55:00+00:00, execution_date=20251031T235500, start_date=20251101T000008, end_date=20251101T000029
[2025-11-01T01:00:30.026+0100] {local_task_job_runner.py:243} INFO - Task exited with return code 0
[2025-11-01T01:00:30.072+0100] {taskinstance.py:3503} INFO - 0 downstream tasks scheduled from follow-on schedule check
[2025-11-01T01:00:30.081+0100] {local_task_job_runner.py:222} INFO - ::endgroup::
