[2025-10-31T21:45:00.561+0100] {local_task_job_runner.py:120} INFO - ::group::Pre task execution logs
[2025-10-31T21:45:00.607+0100] {taskinstance.py:2076} INFO - Dependencies all met for dep_context=non-requeueable deps ti=<TaskInstance: avito_kafka_every_5min.run_avito_producer scheduled__2025-10-31T20:40:00+00:00 [queued]>
[2025-10-31T21:45:00.616+0100] {taskinstance.py:2076} INFO - Dependencies all met for dep_context=requeueable deps ti=<TaskInstance: avito_kafka_every_5min.run_avito_producer scheduled__2025-10-31T20:40:00+00:00 [queued]>
[2025-10-31T21:45:00.617+0100] {taskinstance.py:2306} INFO - Starting attempt 1 of 3
[2025-10-31T21:45:00.635+0100] {taskinstance.py:2330} INFO - Executing <Task(BashOperator): run_avito_producer> on 2025-10-31 20:40:00+00:00
[2025-10-31T21:45:00.653+0100] {standard_task_runner.py:90} INFO - Running: ['***', 'tasks', 'run', 'avito_kafka_every_5min', 'run_avito_producer', 'scheduled__2025-10-31T20:40:00+00:00', '--job-id', '59', '--raw', '--subdir', 'DAGS_FOLDER/avito_kafka_every_5min.py', '--cfg-path', '/tmp/tmp79wgzo55']
[2025-10-31T21:45:00.657+0100] {standard_task_runner.py:91} INFO - Job 59: Subtask run_avito_producer
[2025-10-31T21:45:00.660+0100] {logging_mixin.py:188} WARNING - /home/***/.local/lib/python3.12/site-packages/***/task/task_runner/standard_task_runner.py:62 DeprecationWarning: This process (pid=1740) is multi-threaded, use of fork() may lead to deadlocks in the child.
[2025-10-31T21:45:00.661+0100] {standard_task_runner.py:64} INFO - Started process 1741 to run task
[2025-10-31T21:45:00.727+0100] {task_command.py:426} INFO - Running <TaskInstance: avito_kafka_every_5min.run_avito_producer scheduled__2025-10-31T20:40:00+00:00 [running]> on host bfe5844a8915
[2025-10-31T21:45:00.835+0100] {taskinstance.py:2648} INFO - Exporting env vars: AIRFLOW_CTX_DAG_OWNER='data' AIRFLOW_CTX_DAG_ID='avito_kafka_every_5min' AIRFLOW_CTX_TASK_ID='run_avito_producer' AIRFLOW_CTX_EXECUTION_DATE='2025-10-31T20:40:00+00:00' AIRFLOW_CTX_TRY_NUMBER='1' AIRFLOW_CTX_DAG_RUN_ID='scheduled__2025-10-31T20:40:00+00:00'
[2025-10-31T21:45:00.836+0100] {taskinstance.py:430} INFO - ::endgroup::
[2025-10-31T21:45:00.852+0100] {subprocess.py:63} INFO - Tmp dir root location: /tmp
[2025-10-31T21:45:00.853+0100] {subprocess.py:75} INFO - Running command: ['/usr/bin/bash', '-c', 'python -m Pipeline.producer.avito_producer --mode louer --pages 1 --limit 10 --bootstrap kafka:9092 --topic realestate.avito.raw']
[2025-10-31T21:45:00.861+0100] {subprocess.py:86} INFO - Output:
[2025-10-31T21:45:20.872+0100] {subprocess.py:93} INFO - [*] Mode: LOUER | Pages: 1 | Sink: kafka | Limit: 10
[2025-10-31T21:45:20.877+0100] {subprocess.py:93} INFO - [SERP] Page 1 → https://www.avito.ma/fr/maroc/locations_immobilieres-à_louer
[2025-10-31T21:45:20.877+0100] {subprocess.py:93} INFO -        Reached limit 10, stopping SERP crawl
[2025-10-31T21:45:20.878+0100] {subprocess.py:93} INFO - [*] Total URLs: 10
[2025-10-31T21:45:20.878+0100] {subprocess.py:93} INFO - [1/10] https://www.avito.ma/fr/californie/appartements/Studio_luxueux_à_louer_Californie_56726527.htm
[2025-10-31T21:45:20.879+0100] {subprocess.py:93} INFO - [2/10] https://www.avito.ma/fr/aviation___mabella/appartements/Appartement_Rénové_à_louer_Quartier_Administratif_55344055.htm
[2025-10-31T21:45:20.879+0100] {subprocess.py:93} INFO - [3/10] https://www.avito.ma/fr/lissasfa/bureaux/Bureaux_à_louer_PL_N_201_D_53020607.htm
[2025-10-31T21:45:20.880+0100] {subprocess.py:93} INFO - [4/10] https://www.avito.ma/fr/quartier_du_parc/villas_et_riads/à_Mohammedia_villa_à_louer_de_160_m²_56952828.htm
[2025-10-31T21:45:20.880+0100] {subprocess.py:93} INFO - [5/10] https://www.avito.ma/fr/autre_secteur/maisons/Maison_hypothéquée_au_premier_étage_Douar_Laskar_57146372.htm
[2025-10-31T21:45:20.880+0100] {subprocess.py:93} INFO - [6/10] https://www.avito.ma/fr/val_d_or/appartements/Appartement_Haut_standing_résidence_avec_piscine_57119255.htm
[2025-10-31T21:45:20.881+0100] {subprocess.py:93} INFO - [7/10] https://www.avito.ma/fr/bir_rami_est/villas_et_riads/Étage_villa_en_location_à_Kenitra_Birami_55836003.htm
[2025-10-31T21:45:20.881+0100] {subprocess.py:93} INFO - [8/10] https://www.avito.ma/fr/autre_secteur/appartements/Appartement_Meublé_80_m²_à_deux_pas_de_la_mer_56587434.htm
[2025-10-31T21:45:20.881+0100] {subprocess.py:93} INFO - [9/10] https://www.avito.ma/fr/safi_2/appartements/Appartement_à_louer_à_safi2_57138839.htm
[2025-10-31T21:45:20.882+0100] {subprocess.py:93} INFO - [10/10] https://www.avito.ma/fr/sidi_othmane/appartements/Appartement_meublé_2_chambres__Sidi_othmane_57081345.htm
[2025-10-31T21:45:20.882+0100] {subprocess.py:93} INFO - [✓] Sent 10 messages to Kafka topic 'realestate.avito.raw'
[2025-10-31T21:45:20.901+0100] {subprocess.py:97} INFO - Command exited with return code 0
[2025-10-31T21:45:20.902+0100] {taskinstance.py:441} INFO - ::group::Post task execution logs
[2025-10-31T21:45:20.929+0100] {taskinstance.py:1206} INFO - Marking task as SUCCESS. dag_id=avito_kafka_every_5min, task_id=run_avito_producer, run_id=scheduled__2025-10-31T20:40:00+00:00, execution_date=20251031T204000, start_date=20251031T204500, end_date=20251031T204520
[2025-10-31T21:45:20.949+0100] {local_task_job_runner.py:243} INFO - Task exited with return code 0
[2025-10-31T21:45:20.966+0100] {taskinstance.py:3503} INFO - 0 downstream tasks scheduled from follow-on schedule check
[2025-10-31T21:45:20.967+0100] {local_task_job_runner.py:222} INFO - ::endgroup::
