[2025-10-31T22:00:00.727+0100] {local_task_job_runner.py:120} INFO - ::group::Pre task execution logs
[2025-10-31T22:00:00.765+0100] {taskinstance.py:2076} INFO - Dependencies all met for dep_context=non-requeueable deps ti=<TaskInstance: avito_kafka_every_5min.run_avito_producer scheduled__2025-10-31T20:55:00+00:00 [queued]>
[2025-10-31T22:00:00.773+0100] {taskinstance.py:2076} INFO - Dependencies all met for dep_context=requeueable deps ti=<TaskInstance: avito_kafka_every_5min.run_avito_producer scheduled__2025-10-31T20:55:00+00:00 [queued]>
[2025-10-31T22:00:00.774+0100] {taskinstance.py:2306} INFO - Starting attempt 1 of 3
[2025-10-31T22:00:00.787+0100] {taskinstance.py:2330} INFO - Executing <Task(BashOperator): run_avito_producer> on 2025-10-31 20:55:00+00:00
[2025-10-31T22:00:00.795+0100] {standard_task_runner.py:90} INFO - Running: ['***', 'tasks', 'run', 'avito_kafka_every_5min', 'run_avito_producer', 'scheduled__2025-10-31T20:55:00+00:00', '--job-id', '62', '--raw', '--subdir', 'DAGS_FOLDER/avito_kafka_every_5min.py', '--cfg-path', '/tmp/tmpwd8zsogh']
[2025-10-31T22:00:00.798+0100] {standard_task_runner.py:91} INFO - Job 62: Subtask run_avito_producer
[2025-10-31T22:00:00.799+0100] {logging_mixin.py:188} WARNING - /home/***/.local/lib/python3.12/site-packages/***/task/task_runner/standard_task_runner.py:62 DeprecationWarning: This process (pid=1906) is multi-threaded, use of fork() may lead to deadlocks in the child.
[2025-10-31T22:00:00.799+0100] {standard_task_runner.py:64} INFO - Started process 1907 to run task
[2025-10-31T22:00:00.850+0100] {task_command.py:426} INFO - Running <TaskInstance: avito_kafka_every_5min.run_avito_producer scheduled__2025-10-31T20:55:00+00:00 [running]> on host bfe5844a8915
[2025-10-31T22:00:00.946+0100] {taskinstance.py:2648} INFO - Exporting env vars: AIRFLOW_CTX_DAG_OWNER='data' AIRFLOW_CTX_DAG_ID='avito_kafka_every_5min' AIRFLOW_CTX_TASK_ID='run_avito_producer' AIRFLOW_CTX_EXECUTION_DATE='2025-10-31T20:55:00+00:00' AIRFLOW_CTX_TRY_NUMBER='1' AIRFLOW_CTX_DAG_RUN_ID='scheduled__2025-10-31T20:55:00+00:00'
[2025-10-31T22:00:00.947+0100] {taskinstance.py:430} INFO - ::endgroup::
[2025-10-31T22:00:00.964+0100] {subprocess.py:63} INFO - Tmp dir root location: /tmp
[2025-10-31T22:00:00.966+0100] {subprocess.py:75} INFO - Running command: ['/usr/bin/bash', '-c', 'python -m Pipeline.producer.avito_producer --mode louer --pages 1 --limit 10 --bootstrap kafka:9092 --topic realestate.avito.raw']
[2025-10-31T22:00:00.973+0100] {subprocess.py:86} INFO - Output:
[2025-10-31T22:00:19.579+0100] {subprocess.py:93} INFO - [*] Mode: LOUER | Pages: 1 | Sink: kafka | Limit: 10
[2025-10-31T22:00:19.580+0100] {subprocess.py:93} INFO - [SERP] Page 1 → https://www.avito.ma/fr/maroc/locations_immobilieres-à_louer
[2025-10-31T22:00:19.580+0100] {subprocess.py:93} INFO -        Reached limit 10, stopping SERP crawl
[2025-10-31T22:00:19.581+0100] {subprocess.py:93} INFO - [*] Total URLs: 10
[2025-10-31T22:00:19.581+0100] {subprocess.py:93} INFO - [1/10] https://www.avito.ma/fr/agdal/autre_immobilier/Appartement_usage_de_bureau_à_louer_à_l_Agdal_56995728.htm
[2025-10-31T22:00:19.582+0100] {subprocess.py:93} INFO - [2/10] https://www.avito.ma/fr/autre_secteur/local/Lavage_de_location_avec_vidange_à_Mediona_1000m²_56852768.htm
[2025-10-31T22:00:19.582+0100] {subprocess.py:93} INFO - [3/10] https://www.avito.ma/fr/abbadi/local/Local_commercial_à_louer_avec_pas_de_porte_saroute_57002798.htm
[2025-10-31T22:00:19.583+0100] {subprocess.py:93} INFO - [4/10] https://www.avito.ma/fr/mabrouka/appartements/Appartement_meublé_57095829.htm
[2025-10-31T22:00:19.583+0100] {subprocess.py:93} INFO - [5/10] https://www.avito.ma/fr/autre_secteur/appartements/appartement_à_louer_56969566.htm
[2025-10-31T22:00:19.584+0100] {subprocess.py:93} INFO - [6/10] https://www.avito.ma/fr/centre_ville/villas_et_riads/Villa_Vide_à_Louer_57142794.htm
[2025-10-31T22:00:19.585+0100] {subprocess.py:93} INFO - [7/10] https://www.avito.ma/fr/malabata/appartements/Appartement_à_louer_75_m²_à_centre_ville_56903358.htm
[2025-10-31T22:00:19.585+0100] {subprocess.py:93} INFO - [8/10] https://www.avito.ma/fr/californie/appartements/Appartement_à_louer_52_m²_à_Casablanca_57126539.htm
[2025-10-31T22:00:19.585+0100] {subprocess.py:93} INFO - [9/10] https://www.avito.ma/fr/victoria/appartements/Appartement_neuf_et_lumineux_à_Victoria_Bouskoura_56968050.htm
[2025-10-31T22:00:19.586+0100] {subprocess.py:93} INFO - [10/10] https://www.avito.ma/fr/mesnana/appartements/Appartement_à_louer_57146407.htm
[2025-10-31T22:00:19.586+0100] {subprocess.py:93} INFO - [✓] Sent 10 messages to Kafka topic 'realestate.avito.raw'
[2025-10-31T22:00:19.616+0100] {subprocess.py:97} INFO - Command exited with return code 0
[2025-10-31T22:00:19.617+0100] {taskinstance.py:441} INFO - ::group::Post task execution logs
[2025-10-31T22:00:19.646+0100] {taskinstance.py:1206} INFO - Marking task as SUCCESS. dag_id=avito_kafka_every_5min, task_id=run_avito_producer, run_id=scheduled__2025-10-31T20:55:00+00:00, execution_date=20251031T205500, start_date=20251031T210000, end_date=20251031T210019
[2025-10-31T22:00:19.673+0100] {local_task_job_runner.py:243} INFO - Task exited with return code 0
[2025-10-31T22:00:19.689+0100] {taskinstance.py:3503} INFO - 0 downstream tasks scheduled from follow-on schedule check
[2025-10-31T22:00:19.691+0100] {local_task_job_runner.py:222} INFO - ::endgroup::
