[2025-10-31T18:40:01.058+0100] {local_task_job_runner.py:120} INFO - ::group::Pre task execution logs
[2025-10-31T18:40:01.103+0100] {taskinstance.py:2076} INFO - Dependencies all met for dep_context=non-requeueable deps ti=<TaskInstance: avito_kafka_every_5min.run_avito_producer scheduled__2025-10-31T17:35:00+00:00 [queued]>
[2025-10-31T18:40:01.113+0100] {taskinstance.py:2076} INFO - Dependencies all met for dep_context=requeueable deps ti=<TaskInstance: avito_kafka_every_5min.run_avito_producer scheduled__2025-10-31T17:35:00+00:00 [queued]>
[2025-10-31T18:40:01.113+0100] {taskinstance.py:2306} INFO - Starting attempt 1 of 3
[2025-10-31T18:40:01.127+0100] {taskinstance.py:2330} INFO - Executing <Task(BashOperator): run_avito_producer> on 2025-10-31 17:35:00+00:00
[2025-10-31T18:40:01.138+0100] {standard_task_runner.py:90} INFO - Running: ['***', 'tasks', 'run', 'avito_kafka_every_5min', 'run_avito_producer', 'scheduled__2025-10-31T17:35:00+00:00', '--job-id', '22', '--raw', '--subdir', 'DAGS_FOLDER/avito_kafka_every_5min.py', '--cfg-path', '/tmp/tmpaz0uhr3t']
[2025-10-31T18:40:01.142+0100] {standard_task_runner.py:91} INFO - Job 22: Subtask run_avito_producer
[2025-10-31T18:40:01.142+0100] {logging_mixin.py:188} WARNING - /home/***/.local/lib/python3.12/site-packages/***/task/task_runner/standard_task_runner.py:62 DeprecationWarning: This process (pid=1337) is multi-threaded, use of fork() may lead to deadlocks in the child.
[2025-10-31T18:40:01.145+0100] {standard_task_runner.py:64} INFO - Started process 1338 to run task
[2025-10-31T18:40:01.219+0100] {task_command.py:426} INFO - Running <TaskInstance: avito_kafka_every_5min.run_avito_producer scheduled__2025-10-31T17:35:00+00:00 [running]> on host bfe5844a8915
[2025-10-31T18:40:01.330+0100] {taskinstance.py:2648} INFO - Exporting env vars: AIRFLOW_CTX_DAG_OWNER='data' AIRFLOW_CTX_DAG_ID='avito_kafka_every_5min' AIRFLOW_CTX_TASK_ID='run_avito_producer' AIRFLOW_CTX_EXECUTION_DATE='2025-10-31T17:35:00+00:00' AIRFLOW_CTX_TRY_NUMBER='1' AIRFLOW_CTX_DAG_RUN_ID='scheduled__2025-10-31T17:35:00+00:00'
[2025-10-31T18:40:01.331+0100] {taskinstance.py:430} INFO - ::endgroup::
[2025-10-31T18:40:01.346+0100] {subprocess.py:63} INFO - Tmp dir root location: /tmp
[2025-10-31T18:40:01.347+0100] {subprocess.py:75} INFO - Running command: ['/usr/bin/bash', '-c', 'python -m Pipeline.producer.avito_producer --mode louer --pages 1 --limit 10 --bootstrap kafka:9092 --topic realestate.avito.raw']
[2025-10-31T18:40:01.355+0100] {subprocess.py:86} INFO - Output:
[2025-10-31T18:40:23.122+0100] {subprocess.py:93} INFO - [*] Mode: LOUER | Pages: 1 | Sink: kafka | Limit: 10
[2025-10-31T18:40:23.125+0100] {subprocess.py:93} INFO - [SERP] Page 1 → https://www.avito.ma/fr/maroc/locations_immobilieres-à_louer
[2025-10-31T18:40:23.125+0100] {subprocess.py:93} INFO -        Reached limit 10, stopping SERP crawl
[2025-10-31T18:40:23.126+0100] {subprocess.py:93} INFO - [*] Total URLs: 10
[2025-10-31T18:40:23.126+0100] {subprocess.py:93} INFO - [1/10] https://www.avito.ma/fr/lissasfa/bureaux/Bureau_à_louer_d_une_superficie_29_m²_57020720.htm
[2025-10-31T18:40:23.127+0100] {subprocess.py:93} INFO - [2/10] https://www.avito.ma/fr/souissi/appartements/Penthouse_lumineux_à_louer___Rabat_Square__56739633.htm
[2025-10-31T18:40:23.127+0100] {subprocess.py:93} INFO - [3/10] https://www.avito.ma/fr/oasis/appartements/Studio_meublé_à_Oasis___Route_El_Jadida_57131276.htm
[2025-10-31T18:40:23.128+0100] {subprocess.py:93} INFO - [4/10] https://www.avito.ma/fr/hay_riad/appartements/Appartement_à_louer_Hay_Riad_57080540.htm
[2025-10-31T18:40:23.128+0100] {subprocess.py:93} INFO - [5/10] https://www.avito.ma/fr/belvédère/appartements/Appartement_à_louer_45_m²_à_Casablanca_57122225.htm
[2025-10-31T18:40:23.129+0100] {subprocess.py:93} INFO - [6/10] https://www.avito.ma/fr/targa/appartements/Superbe_3_chambres_à_louer___mois_57145798.htm
[2025-10-31T18:40:23.130+0100] {subprocess.py:93} INFO - [7/10] https://www.avito.ma/fr/centre_ville/appartements/Location_studio_spacieux_avec_terrasse_Bd_d_Anfa_57125777.htm
[2025-10-31T18:40:23.131+0100] {subprocess.py:93} INFO - [8/10] https://www.avito.ma/fr/hay_salam/appartements/Appartement_meublé_à_hay_salam_53511907.htm
[2025-10-31T18:40:23.131+0100] {subprocess.py:93} INFO - [9/10] https://www.avito.ma/fr/ain_amiyer/appartements/Un_bel_appartement_Intelligent_en_location_meublé_50250619.htm
[2025-10-31T18:40:23.132+0100] {subprocess.py:93} INFO - [10/10] https://www.avito.ma/fr/av_mohammed_vi/appartements/Appartement_meublé_PRESTEGIA_À_louer_57142266.htm
[2025-10-31T18:40:23.132+0100] {subprocess.py:93} INFO - [✓] Sent 10 messages to Kafka topic 'realestate.avito.raw'
[2025-10-31T18:40:23.181+0100] {subprocess.py:97} INFO - Command exited with return code 0
[2025-10-31T18:40:23.182+0100] {taskinstance.py:441} INFO - ::group::Post task execution logs
[2025-10-31T18:40:23.228+0100] {taskinstance.py:1206} INFO - Marking task as SUCCESS. dag_id=avito_kafka_every_5min, task_id=run_avito_producer, run_id=scheduled__2025-10-31T17:35:00+00:00, execution_date=20251031T173500, start_date=20251031T174001, end_date=20251031T174023
[2025-10-31T18:40:23.259+0100] {local_task_job_runner.py:243} INFO - Task exited with return code 0
[2025-10-31T18:40:23.288+0100] {taskinstance.py:3503} INFO - 0 downstream tasks scheduled from follow-on schedule check
[2025-10-31T18:40:23.290+0100] {local_task_job_runner.py:222} INFO - ::endgroup::
