[2025-10-31T19:45:01.735+0100] {local_task_job_runner.py:120} INFO - ::group::Pre task execution logs
[2025-10-31T19:45:01.828+0100] {taskinstance.py:2076} INFO - Dependencies all met for dep_context=non-requeueable deps ti=<TaskInstance: avito_kafka_every_5min.run_avito_producer scheduled__2025-10-31T18:40:00+00:00 [queued]>
[2025-10-31T19:45:01.845+0100] {taskinstance.py:2076} INFO - Dependencies all met for dep_context=requeueable deps ti=<TaskInstance: avito_kafka_every_5min.run_avito_producer scheduled__2025-10-31T18:40:00+00:00 [queued]>
[2025-10-31T19:45:01.847+0100] {taskinstance.py:2306} INFO - Starting attempt 1 of 3
[2025-10-31T19:45:01.869+0100] {taskinstance.py:2330} INFO - Executing <Task(BashOperator): run_avito_producer> on 2025-10-31 18:40:00+00:00
[2025-10-31T19:45:01.879+0100] {standard_task_runner.py:90} INFO - Running: ['***', 'tasks', 'run', 'avito_kafka_every_5min', 'run_avito_producer', 'scheduled__2025-10-31T18:40:00+00:00', '--job-id', '36', '--raw', '--subdir', 'DAGS_FOLDER/avito_kafka_every_5min.py', '--cfg-path', '/tmp/tmphjpp4ups']
[2025-10-31T19:45:01.884+0100] {standard_task_runner.py:91} INFO - Job 36: Subtask run_avito_producer
[2025-10-31T19:45:01.885+0100] {logging_mixin.py:188} WARNING - /home/***/.local/lib/python3.12/site-packages/***/task/task_runner/standard_task_runner.py:62 DeprecationWarning: This process (pid=587) is multi-threaded, use of fork() may lead to deadlocks in the child.
[2025-10-31T19:45:01.886+0100] {standard_task_runner.py:64} INFO - Started process 590 to run task
[2025-10-31T19:45:01.982+0100] {task_command.py:426} INFO - Running <TaskInstance: avito_kafka_every_5min.run_avito_producer scheduled__2025-10-31T18:40:00+00:00 [running]> on host bfe5844a8915
[2025-10-31T19:45:02.153+0100] {taskinstance.py:2648} INFO - Exporting env vars: AIRFLOW_CTX_DAG_OWNER='data' AIRFLOW_CTX_DAG_ID='avito_kafka_every_5min' AIRFLOW_CTX_TASK_ID='run_avito_producer' AIRFLOW_CTX_EXECUTION_DATE='2025-10-31T18:40:00+00:00' AIRFLOW_CTX_TRY_NUMBER='1' AIRFLOW_CTX_DAG_RUN_ID='scheduled__2025-10-31T18:40:00+00:00'
[2025-10-31T19:45:02.155+0100] {taskinstance.py:430} INFO - ::endgroup::
[2025-10-31T19:45:02.190+0100] {subprocess.py:63} INFO - Tmp dir root location: /tmp
[2025-10-31T19:45:02.192+0100] {subprocess.py:75} INFO - Running command: ['/usr/bin/bash', '-c', 'python -m Pipeline.producer.avito_producer --mode louer --pages 1 --limit 10 --bootstrap kafka:9092 --topic realestate.avito.raw']
[2025-10-31T19:45:02.207+0100] {subprocess.py:86} INFO - Output:
[2025-10-31T19:45:23.626+0100] {subprocess.py:93} INFO - [*] Mode: LOUER | Pages: 1 | Sink: kafka | Limit: 10
[2025-10-31T19:45:23.629+0100] {subprocess.py:93} INFO - [SERP] Page 1 → https://www.avito.ma/fr/maroc/locations_immobilieres-à_louer
[2025-10-31T19:45:23.630+0100] {subprocess.py:93} INFO -        Reached limit 10, stopping SERP crawl
[2025-10-31T19:45:23.638+0100] {subprocess.py:93} INFO - [*] Total URLs: 10
[2025-10-31T19:45:23.643+0100] {subprocess.py:93} INFO - [1/10] https://www.avito.ma/fr/hay_el_fath/local/Magasin_centre_commercial_ait_baha_57104674.htm
[2025-10-31T19:45:23.644+0100] {subprocess.py:93} INFO - [2/10] https://www.avito.ma/fr/sidi_bernoussi/local/Local_commercial_dans_la_rue_57122351.htm
[2025-10-31T19:45:23.644+0100] {subprocess.py:93} INFO - [3/10] https://www.avito.ma/fr/ain_amiyer/appartements/Appartement_équipé_pour_votre_confort_56936441.htm
[2025-10-31T19:45:23.645+0100] {subprocess.py:93} INFO - [4/10] https://www.avito.ma/fr/quartier_du_parc/villas_et_riads/à_Mohammedia_villa_à_louer_de_160_m²_56952828.htm
[2025-10-31T19:45:23.646+0100] {subprocess.py:93} INFO - [5/10] https://www.avito.ma/fr/harhoura/villas_et_riads/Magnifique_Villa_à_Louer___Harhoura__Vue_sur_Mer_56078434.htm
[2025-10-31T19:45:23.646+0100] {subprocess.py:93} INFO - [6/10] https://www.avito.ma/fr/mimosas/appartements/Appartement_à_louer_85_m²_à_Mohammedia_57054803.htm
[2025-10-31T19:45:23.647+0100] {subprocess.py:93} INFO - [7/10] https://www.avito.ma/fr/wifak/appartements/Appartement_à_louer_à_Temara_57095031.htm
[2025-10-31T19:45:23.648+0100] {subprocess.py:93} INFO - [8/10] https://www.avito.ma/fr/iberie/appartements/Appartement_à_louer_80_m²_à_Tanger_57141915.htm
[2025-10-31T19:45:23.648+0100] {subprocess.py:93} INFO - [9/10] https://www.avito.ma/fr/victor_hugo/appartements/Appartement_à_louer_68_m²_à_Marrakech_56720385.htm
[2025-10-31T19:45:23.649+0100] {subprocess.py:93} INFO - [10/10] https://www.avito.ma/fr/marjane/appartements/Appartement_meublé_à_louer_mensuellement_57048030.htm
[2025-10-31T19:45:23.650+0100] {subprocess.py:93} INFO - [✓] Sent 10 messages to Kafka topic 'realestate.avito.raw'
[2025-10-31T19:45:23.694+0100] {subprocess.py:97} INFO - Command exited with return code 0
[2025-10-31T19:45:23.696+0100] {taskinstance.py:441} INFO - ::group::Post task execution logs
[2025-10-31T19:45:23.744+0100] {taskinstance.py:1206} INFO - Marking task as SUCCESS. dag_id=avito_kafka_every_5min, task_id=run_avito_producer, run_id=scheduled__2025-10-31T18:40:00+00:00, execution_date=20251031T184000, start_date=20251031T184501, end_date=20251031T184523
[2025-10-31T19:45:23.795+0100] {local_task_job_runner.py:243} INFO - Task exited with return code 0
[2025-10-31T19:45:23.830+0100] {taskinstance.py:3503} INFO - 0 downstream tasks scheduled from follow-on schedule check
[2025-10-31T19:45:23.834+0100] {local_task_job_runner.py:222} INFO - ::endgroup::
