[2025-10-31T16:29:41.109+0100] {local_task_job_runner.py:120} INFO - ::group::Pre task execution logs
[2025-10-31T16:29:41.170+0100] {taskinstance.py:2076} INFO - Dependencies all met for dep_context=non-requeueable deps ti=<TaskInstance: avito_kafka_every_5min.run_avito_producer manual__2025-10-31T15:29:39.600139+00:00 [queued]>
[2025-10-31T16:29:41.181+0100] {taskinstance.py:2076} INFO - Dependencies all met for dep_context=requeueable deps ti=<TaskInstance: avito_kafka_every_5min.run_avito_producer manual__2025-10-31T15:29:39.600139+00:00 [queued]>
[2025-10-31T16:29:41.182+0100] {taskinstance.py:2306} INFO - Starting attempt 1 of 3
[2025-10-31T16:29:41.204+0100] {taskinstance.py:2330} INFO - Executing <Task(BashOperator): run_avito_producer> on 2025-10-31 15:29:39.600139+00:00
[2025-10-31T16:29:41.232+0100] {logging_mixin.py:188} WARNING - /home/***/.local/lib/python3.12/site-packages/***/task/task_runner/standard_task_runner.py:62 DeprecationWarning: This process (pid=217) is multi-threaded, use of fork() may lead to deadlocks in the child.
[2025-10-31T16:29:41.218+0100] {standard_task_runner.py:90} INFO - Running: ['***', 'tasks', 'run', 'avito_kafka_every_5min', 'run_avito_producer', 'manual__2025-10-31T15:29:39.600139+00:00', '--job-id', '7', '--raw', '--subdir', 'DAGS_FOLDER/avito_kafka_every_5min.py', '--cfg-path', '/tmp/tmph_ktgy7x']
[2025-10-31T16:29:41.236+0100] {standard_task_runner.py:64} INFO - Started process 218 to run task
[2025-10-31T16:29:41.236+0100] {standard_task_runner.py:91} INFO - Job 7: Subtask run_avito_producer
[2025-10-31T16:29:41.422+0100] {task_command.py:426} INFO - Running <TaskInstance: avito_kafka_every_5min.run_avito_producer manual__2025-10-31T15:29:39.600139+00:00 [running]> on host f5eb3160223b
[2025-10-31T16:29:41.653+0100] {taskinstance.py:2648} INFO - Exporting env vars: AIRFLOW_CTX_DAG_OWNER='data' AIRFLOW_CTX_DAG_ID='avito_kafka_every_5min' AIRFLOW_CTX_TASK_ID='run_avito_producer' AIRFLOW_CTX_EXECUTION_DATE='2025-10-31T15:29:39.600139+00:00' AIRFLOW_CTX_TRY_NUMBER='1' AIRFLOW_CTX_DAG_RUN_ID='manual__2025-10-31T15:29:39.600139+00:00'
[2025-10-31T16:29:41.655+0100] {taskinstance.py:430} INFO - ::endgroup::
[2025-10-31T16:29:41.720+0100] {subprocess.py:63} INFO - Tmp dir root location: /tmp
[2025-10-31T16:29:41.722+0100] {subprocess.py:75} INFO - Running command: ['/usr/bin/bash', '-c', 'python -m Pipeline.producer.avito_producer --mode louer --pages 1 --limit 10 --bootstrap kafka:9092 --topic realestate.avito.raw']
[2025-10-31T16:29:41.736+0100] {subprocess.py:86} INFO - Output:
[2025-10-31T16:30:01.100+0100] {subprocess.py:93} INFO - [*] Mode: LOUER | Pages: 1 | Sink: kafka | Limit: 10
[2025-10-31T16:30:01.101+0100] {subprocess.py:93} INFO - [SERP] Page 1 → https://www.avito.ma/fr/maroc/locations_immobilieres-à_louer
[2025-10-31T16:30:01.102+0100] {subprocess.py:93} INFO -        Reached limit 10, stopping SERP crawl
[2025-10-31T16:30:01.102+0100] {subprocess.py:93} INFO - [*] Total URLs: 10
[2025-10-31T16:30:01.103+0100] {subprocess.py:93} INFO - [1/10] https://www.avito.ma/fr/agdal/appartements/appartement_meublé_à_louer_56333284.htm
[2025-10-31T16:30:01.103+0100] {subprocess.py:93} INFO - [2/10] https://www.avito.ma/fr/palmeraie/villas_et_riads/Appartement_à_Gueliz_avec_piscine_privée_57080548.htm
[2025-10-31T16:30:01.104+0100] {subprocess.py:93} INFO - [3/10] https://www.avito.ma/fr/ain_atig/appartements/Appartement_à_louer_à_Aïn_Atiq__spécialement_pour_les_fonctionnaires_57099037.htm
[2025-10-31T16:30:01.104+0100] {subprocess.py:93} INFO - [4/10] https://www.avito.ma/fr/sidi_maarouf/bureaux/Bureau_bien_équipé_près_de_l_Hôtel_Onomo_148_m²_56127732.htm
[2025-10-31T16:30:01.105+0100] {subprocess.py:93} INFO - [5/10] https://www.avito.ma/fr/tilila/appartements/Appartement_à_louer_à_Tilila_Agadir_56969333.htm
[2025-10-31T16:30:01.105+0100] {subprocess.py:93} INFO - [6/10] https://www.avito.ma/fr/saidia/bureaux/Bureaux_à_louer___Centre_commercial_Medina_Mall_Saïdia_57101260.htm
[2025-10-31T16:30:01.106+0100] {subprocess.py:93} INFO - [7/10] https://www.avito.ma/fr/el_haddada/appartements/Appartement_à_louer_92_m²_à_Kénitra_57145340.htm
[2025-10-31T16:30:01.106+0100] {subprocess.py:93} INFO - [8/10] https://www.avito.ma/fr/autre_secteur/appartements/Appartement_meublé_à_louer_57099707.htm
[2025-10-31T16:30:01.106+0100] {subprocess.py:93} INFO - [9/10] https://www.avito.ma/fr/la_gironde/appartements/Appartement_avec_3_chambres_à_la_gironde_108m²_56721102.htm
[2025-10-31T16:30:01.107+0100] {subprocess.py:93} INFO - [10/10] https://www.avito.ma/fr/bouskoura_centre/local/Magasin_à_Bouskoura_pour_location_de_20_m²_56734678.htm
[2025-10-31T16:30:01.107+0100] {subprocess.py:93} INFO - [✓] Sent 10 messages to Kafka topic 'realestate.avito.raw'
[2025-10-31T16:30:01.144+0100] {subprocess.py:97} INFO - Command exited with return code 0
[2025-10-31T16:30:01.145+0100] {taskinstance.py:441} INFO - ::group::Post task execution logs
[2025-10-31T16:30:01.177+0100] {taskinstance.py:1206} INFO - Marking task as SUCCESS. dag_id=avito_kafka_every_5min, task_id=run_avito_producer, run_id=manual__2025-10-31T15:29:39.600139+00:00, execution_date=20251031T152939, start_date=20251031T152941, end_date=20251031T153001
[2025-10-31T16:30:01.219+0100] {local_task_job_runner.py:243} INFO - Task exited with return code 0
[2025-10-31T16:30:01.245+0100] {taskinstance.py:3503} INFO - 0 downstream tasks scheduled from follow-on schedule check
[2025-10-31T16:30:01.247+0100] {local_task_job_runner.py:222} INFO - ::endgroup::
