[2025-10-31T21:20:00.751+0100] {local_task_job_runner.py:120} INFO - ::group::Pre task execution logs
[2025-10-31T21:20:00.792+0100] {taskinstance.py:2076} INFO - Dependencies all met for dep_context=non-requeueable deps ti=<TaskInstance: avito_kafka_every_5min.run_avito_producer scheduled__2025-10-31T20:15:00+00:00 [queued]>
[2025-10-31T21:20:00.800+0100] {taskinstance.py:2076} INFO - Dependencies all met for dep_context=requeueable deps ti=<TaskInstance: avito_kafka_every_5min.run_avito_producer scheduled__2025-10-31T20:15:00+00:00 [queued]>
[2025-10-31T21:20:00.801+0100] {taskinstance.py:2306} INFO - Starting attempt 1 of 3
[2025-10-31T21:20:00.814+0100] {taskinstance.py:2330} INFO - Executing <Task(BashOperator): run_avito_producer> on 2025-10-31 20:15:00+00:00
[2025-10-31T21:20:00.821+0100] {standard_task_runner.py:90} INFO - Running: ['***', 'tasks', 'run', 'avito_kafka_every_5min', 'run_avito_producer', 'scheduled__2025-10-31T20:15:00+00:00', '--job-id', '54', '--raw', '--subdir', 'DAGS_FOLDER/avito_kafka_every_5min.py', '--cfg-path', '/tmp/tmpw3c_7s5w']
[2025-10-31T21:20:00.824+0100] {standard_task_runner.py:91} INFO - Job 54: Subtask run_avito_producer
[2025-10-31T21:20:00.825+0100] {logging_mixin.py:188} WARNING - /home/***/.local/lib/python3.12/site-packages/***/task/task_runner/standard_task_runner.py:62 DeprecationWarning: This process (pid=1460) is multi-threaded, use of fork() may lead to deadlocks in the child.
[2025-10-31T21:20:00.826+0100] {standard_task_runner.py:64} INFO - Started process 1461 to run task
[2025-10-31T21:20:00.886+0100] {task_command.py:426} INFO - Running <TaskInstance: avito_kafka_every_5min.run_avito_producer scheduled__2025-10-31T20:15:00+00:00 [running]> on host bfe5844a8915
[2025-10-31T21:20:00.986+0100] {taskinstance.py:2648} INFO - Exporting env vars: AIRFLOW_CTX_DAG_OWNER='data' AIRFLOW_CTX_DAG_ID='avito_kafka_every_5min' AIRFLOW_CTX_TASK_ID='run_avito_producer' AIRFLOW_CTX_EXECUTION_DATE='2025-10-31T20:15:00+00:00' AIRFLOW_CTX_TRY_NUMBER='1' AIRFLOW_CTX_DAG_RUN_ID='scheduled__2025-10-31T20:15:00+00:00'
[2025-10-31T21:20:00.988+0100] {taskinstance.py:430} INFO - ::endgroup::
[2025-10-31T21:20:01.003+0100] {subprocess.py:63} INFO - Tmp dir root location: /tmp
[2025-10-31T21:20:01.004+0100] {subprocess.py:75} INFO - Running command: ['/usr/bin/bash', '-c', 'python -m Pipeline.producer.avito_producer --mode louer --pages 1 --limit 10 --bootstrap kafka:9092 --topic realestate.avito.raw']
[2025-10-31T21:20:01.014+0100] {subprocess.py:86} INFO - Output:
[2025-10-31T21:20:18.738+0100] {subprocess.py:93} INFO - [*] Mode: LOUER | Pages: 1 | Sink: kafka | Limit: 10
[2025-10-31T21:20:18.745+0100] {subprocess.py:93} INFO - [SERP] Page 1 → https://www.avito.ma/fr/maroc/locations_immobilieres-à_louer
[2025-10-31T21:20:18.745+0100] {subprocess.py:93} INFO -        Reached limit 10, stopping SERP crawl
[2025-10-31T21:20:18.746+0100] {subprocess.py:93} INFO - [*] Total URLs: 10
[2025-10-31T21:20:18.746+0100] {subprocess.py:93} INFO - [1/10] https://www.avito.ma/fr/palmeraie/villas_et_riads/Appartement_à_Gueliz_avec_piscine_privée_57080548.htm
[2025-10-31T21:20:18.746+0100] {subprocess.py:93} INFO - [2/10] https://www.avito.ma/fr/ville_verte/villas_et_riads/Villa_jumelée_neuf_à_Prestigia_golf_Bouskoura_57132809.htm
[2025-10-31T21:20:18.747+0100] {subprocess.py:93} INFO - [3/10] https://www.avito.ma/fr/gauthier/local/Très_beau_magasin_à_louer_à_Gauthier__Casablanca_56960539.htm
[2025-10-31T21:20:18.747+0100] {subprocess.py:93} INFO - [4/10] https://www.avito.ma/fr/av_mohammed_vi/appartements/Appartement_300_lila_Marrakech_Rue_Mohammed_VI_57146313.htm
[2025-10-31T21:20:18.747+0100] {subprocess.py:93} INFO - [5/10] https://www.avito.ma/fr/guéliz/appartements/Appartement_à_louer_en_longue_duree_à_GUELIZ_57146311.htm
[2025-10-31T21:20:18.748+0100] {subprocess.py:93} INFO - [6/10] https://www.avito.ma/fr/nassim/appartements/appartement_meuble_nassim_mohammedia_57146310.htm
[2025-10-31T21:20:18.748+0100] {subprocess.py:93} INFO - [7/10] https://www.avito.ma/fr/wifak/appartements/Excellents_appartements_à_louer_56835070.htm
[2025-10-31T21:20:18.748+0100] {subprocess.py:93} INFO - [8/10] https://www.avito.ma/fr/quartier_du_parc/appartements/Superbe_Appartement_3_Chambres_avec_Vue_Mer_Impren____56382434.htm
[2025-10-31T21:20:18.749+0100] {subprocess.py:93} INFO - [9/10] https://www.avito.ma/fr/sidi_maarouf/appartements/Appartement_en_location_à_Sidi_maarouf_57146291.htm
[2025-10-31T21:20:18.749+0100] {subprocess.py:93} INFO - [10/10] https://www.avito.ma/fr/route_de_safi/local/Salons_et_spa_équipée_à_louer_57146287.htm
[2025-10-31T21:20:18.749+0100] {subprocess.py:93} INFO - [✓] Sent 10 messages to Kafka topic 'realestate.avito.raw'
[2025-10-31T21:20:18.783+0100] {subprocess.py:97} INFO - Command exited with return code 0
[2025-10-31T21:20:18.784+0100] {taskinstance.py:441} INFO - ::group::Post task execution logs
[2025-10-31T21:20:18.821+0100] {taskinstance.py:1206} INFO - Marking task as SUCCESS. dag_id=avito_kafka_every_5min, task_id=run_avito_producer, run_id=scheduled__2025-10-31T20:15:00+00:00, execution_date=20251031T201500, start_date=20251031T202000, end_date=20251031T202018
[2025-10-31T21:20:18.844+0100] {local_task_job_runner.py:243} INFO - Task exited with return code 0
[2025-10-31T21:20:18.862+0100] {taskinstance.py:3503} INFO - 0 downstream tasks scheduled from follow-on schedule check
[2025-10-31T21:20:18.864+0100] {local_task_job_runner.py:222} INFO - ::endgroup::
