[2025-10-31T18:55:01.323+0100] {local_task_job_runner.py:120} INFO - ::group::Pre task execution logs
[2025-10-31T18:55:01.374+0100] {taskinstance.py:2076} INFO - Dependencies all met for dep_context=non-requeueable deps ti=<TaskInstance: avito_kafka_every_5min.run_avito_producer scheduled__2025-10-31T17:50:00+00:00 [queued]>
[2025-10-31T18:55:01.386+0100] {taskinstance.py:2076} INFO - Dependencies all met for dep_context=requeueable deps ti=<TaskInstance: avito_kafka_every_5min.run_avito_producer scheduled__2025-10-31T17:50:00+00:00 [queued]>
[2025-10-31T18:55:01.387+0100] {taskinstance.py:2306} INFO - Starting attempt 1 of 3
[2025-10-31T18:55:01.406+0100] {taskinstance.py:2330} INFO - Executing <Task(BashOperator): run_avito_producer> on 2025-10-31 17:50:00+00:00
[2025-10-31T18:55:01.416+0100] {standard_task_runner.py:90} INFO - Running: ['***', 'tasks', 'run', 'avito_kafka_every_5min', 'run_avito_producer', 'scheduled__2025-10-31T17:50:00+00:00', '--job-id', '25', '--raw', '--subdir', 'DAGS_FOLDER/avito_kafka_every_5min.py', '--cfg-path', '/tmp/tmpyu4oqumf']
[2025-10-31T18:55:01.422+0100] {standard_task_runner.py:91} INFO - Job 25: Subtask run_avito_producer
[2025-10-31T18:55:01.423+0100] {logging_mixin.py:188} WARNING - /home/***/.local/lib/python3.12/site-packages/***/task/task_runner/standard_task_runner.py:62 DeprecationWarning: This process (pid=1503) is multi-threaded, use of fork() may lead to deadlocks in the child.
[2025-10-31T18:55:01.424+0100] {standard_task_runner.py:64} INFO - Started process 1504 to run task
[2025-10-31T18:55:01.537+0100] {task_command.py:426} INFO - Running <TaskInstance: avito_kafka_every_5min.run_avito_producer scheduled__2025-10-31T17:50:00+00:00 [running]> on host bfe5844a8915
[2025-10-31T18:55:01.676+0100] {taskinstance.py:2648} INFO - Exporting env vars: AIRFLOW_CTX_DAG_OWNER='data' AIRFLOW_CTX_DAG_ID='avito_kafka_every_5min' AIRFLOW_CTX_TASK_ID='run_avito_producer' AIRFLOW_CTX_EXECUTION_DATE='2025-10-31T17:50:00+00:00' AIRFLOW_CTX_TRY_NUMBER='1' AIRFLOW_CTX_DAG_RUN_ID='scheduled__2025-10-31T17:50:00+00:00'
[2025-10-31T18:55:01.677+0100] {taskinstance.py:430} INFO - ::endgroup::
[2025-10-31T18:55:01.696+0100] {subprocess.py:63} INFO - Tmp dir root location: /tmp
[2025-10-31T18:55:01.698+0100] {subprocess.py:75} INFO - Running command: ['/usr/bin/bash', '-c', 'python -m Pipeline.producer.avito_producer --mode louer --pages 1 --limit 10 --bootstrap kafka:9092 --topic realestate.avito.raw']
[2025-10-31T18:55:01.708+0100] {subprocess.py:86} INFO - Output:
[2025-10-31T18:55:22.826+0100] {subprocess.py:93} INFO - [*] Mode: LOUER | Pages: 1 | Sink: kafka | Limit: 10
[2025-10-31T18:55:22.827+0100] {subprocess.py:93} INFO - [SERP] Page 1 → https://www.avito.ma/fr/maroc/locations_immobilieres-à_louer
[2025-10-31T18:55:22.828+0100] {subprocess.py:93} INFO -        Reached limit 10, stopping SERP crawl
[2025-10-31T18:55:22.828+0100] {subprocess.py:93} INFO - [*] Total URLs: 10
[2025-10-31T18:55:22.829+0100] {subprocess.py:93} INFO - [1/10] https://www.avito.ma/fr/hay_mohammadi/bureaux/Plateau_bureau_Neuf_à_louer_BD_grande_ceinture_53080322.htm
[2025-10-31T18:55:22.830+0100] {subprocess.py:93} INFO - [2/10] https://www.avito.ma/fr/anfa/bureaux/Création_des_Entreprises_à_Casa_Anfa_57050301.htm
[2025-10-31T18:55:22.830+0100] {subprocess.py:93} INFO - [3/10] https://www.avito.ma/fr/lissasfa/bureaux/Bureau_à_louer_d_une_superficie_136_m²_57020709.htm
[2025-10-31T18:55:22.831+0100] {subprocess.py:93} INFO - [4/10] https://www.avito.ma/fr/la_colline/appartements/Appartement_à_louer_à_Mohammedia_57117864.htm
[2025-10-31T18:55:22.831+0100] {subprocess.py:93} INFO - [5/10] https://www.avito.ma/fr/hivernage/appartements/___Magnifique_appartement_à_louer_à_Marrakech_57112391.htm
[2025-10-31T18:55:22.832+0100] {subprocess.py:93} INFO - [6/10] https://www.avito.ma/fr/route_de_safi/appartements/Appartement_à_louer_60_m²_à_Marrakech_57112654.htm
[2025-10-31T18:55:22.833+0100] {subprocess.py:93} INFO - [7/10] https://www.avito.ma/fr/haddad/appartements/Appartement_meublé_de_3_chambres_à_louer_à_Hay_El_Haddad_56885491.htm
[2025-10-31T18:55:22.833+0100] {subprocess.py:93} INFO - [8/10] https://www.avito.ma/fr/founty/appartements/Appartement_à_louer_125_m²_à_Agadir_57089946.htm
[2025-10-31T18:55:22.834+0100] {subprocess.py:93} INFO - [9/10] https://www.avito.ma/fr/hay_riad/appartements/Appartement_53738812.htm
[2025-10-31T18:55:22.835+0100] {subprocess.py:93} INFO - [10/10] https://www.avito.ma/fr/hay_riad/appartements/appart_4ch_en_location_56534020.htm
[2025-10-31T18:55:22.835+0100] {subprocess.py:93} INFO - [✓] Sent 10 messages to Kafka topic 'realestate.avito.raw'
[2025-10-31T18:55:22.867+0100] {subprocess.py:97} INFO - Command exited with return code 0
[2025-10-31T18:55:22.868+0100] {taskinstance.py:441} INFO - ::group::Post task execution logs
[2025-10-31T18:55:22.910+0100] {taskinstance.py:1206} INFO - Marking task as SUCCESS. dag_id=avito_kafka_every_5min, task_id=run_avito_producer, run_id=scheduled__2025-10-31T17:50:00+00:00, execution_date=20251031T175000, start_date=20251031T175501, end_date=20251031T175522
[2025-10-31T18:55:22.961+0100] {local_task_job_runner.py:243} INFO - Task exited with return code 0
[2025-10-31T18:55:22.985+0100] {taskinstance.py:3503} INFO - 0 downstream tasks scheduled from follow-on schedule check
[2025-10-31T18:55:22.989+0100] {local_task_job_runner.py:222} INFO - ::endgroup::
