[2025-10-31T19:50:01.370+0100] {local_task_job_runner.py:120} INFO - ::group::Pre task execution logs
[2025-10-31T19:50:01.447+0100] {taskinstance.py:2076} INFO - Dependencies all met for dep_context=non-requeueable deps ti=<TaskInstance: avito_kafka_every_5min.run_avito_producer scheduled__2025-10-31T18:45:00+00:00 [queued]>
[2025-10-31T19:50:01.466+0100] {taskinstance.py:2076} INFO - Dependencies all met for dep_context=requeueable deps ti=<TaskInstance: avito_kafka_every_5min.run_avito_producer scheduled__2025-10-31T18:45:00+00:00 [queued]>
[2025-10-31T19:50:01.467+0100] {taskinstance.py:2306} INFO - Starting attempt 1 of 3
[2025-10-31T19:50:01.489+0100] {taskinstance.py:2330} INFO - Executing <Task(BashOperator): run_avito_producer> on 2025-10-31 18:45:00+00:00
[2025-10-31T19:50:01.502+0100] {standard_task_runner.py:90} INFO - Running: ['***', 'tasks', 'run', 'avito_kafka_every_5min', 'run_avito_producer', 'scheduled__2025-10-31T18:45:00+00:00', '--job-id', '37', '--raw', '--subdir', 'DAGS_FOLDER/avito_kafka_every_5min.py', '--cfg-path', '/tmp/tmpi7hjv47e']
[2025-10-31T19:50:01.509+0100] {standard_task_runner.py:91} INFO - Job 37: Subtask run_avito_producer
[2025-10-31T19:50:01.510+0100] {logging_mixin.py:188} WARNING - /home/***/.local/lib/python3.12/site-packages/***/task/task_runner/standard_task_runner.py:62 DeprecationWarning: This process (pid=641) is multi-threaded, use of fork() may lead to deadlocks in the child.
[2025-10-31T19:50:01.512+0100] {standard_task_runner.py:64} INFO - Started process 642 to run task
[2025-10-31T19:50:01.709+0100] {task_command.py:426} INFO - Running <TaskInstance: avito_kafka_every_5min.run_avito_producer scheduled__2025-10-31T18:45:00+00:00 [running]> on host bfe5844a8915
[2025-10-31T19:50:01.950+0100] {taskinstance.py:2648} INFO - Exporting env vars: AIRFLOW_CTX_DAG_OWNER='data' AIRFLOW_CTX_DAG_ID='avito_kafka_every_5min' AIRFLOW_CTX_TASK_ID='run_avito_producer' AIRFLOW_CTX_EXECUTION_DATE='2025-10-31T18:45:00+00:00' AIRFLOW_CTX_TRY_NUMBER='1' AIRFLOW_CTX_DAG_RUN_ID='scheduled__2025-10-31T18:45:00+00:00'
[2025-10-31T19:50:01.952+0100] {taskinstance.py:430} INFO - ::endgroup::
[2025-10-31T19:50:02.008+0100] {subprocess.py:63} INFO - Tmp dir root location: /tmp
[2025-10-31T19:50:02.010+0100] {subprocess.py:75} INFO - Running command: ['/usr/bin/bash', '-c', 'python -m Pipeline.producer.avito_producer --mode louer --pages 1 --limit 10 --bootstrap kafka:9092 --topic realestate.avito.raw']
[2025-10-31T19:50:02.026+0100] {subprocess.py:86} INFO - Output:
[2025-10-31T19:50:22.725+0100] {subprocess.py:93} INFO - [*] Mode: LOUER | Pages: 1 | Sink: kafka | Limit: 10
[2025-10-31T19:50:22.726+0100] {subprocess.py:93} INFO - [SERP] Page 1 → https://www.avito.ma/fr/maroc/locations_immobilieres-à_louer
[2025-10-31T19:50:22.727+0100] {subprocess.py:93} INFO -        Reached limit 10, stopping SERP crawl
[2025-10-31T19:50:22.728+0100] {subprocess.py:93} INFO - [*] Total URLs: 10
[2025-10-31T19:50:22.729+0100] {subprocess.py:93} INFO - [1/10] https://www.avito.ma/fr/ain_amiyer/appartements/Appartement_équipé_pour_votre_confort_56936441.htm
[2025-10-31T19:50:22.730+0100] {subprocess.py:93} INFO - [2/10] https://www.avito.ma/fr/lissasfa/bureaux/Bureau_à_louer_d_une_superficie_53_m²_52456437.htm
[2025-10-31T19:50:22.731+0100] {subprocess.py:93} INFO - [3/10] https://www.avito.ma/fr/tamesna/appartements/Appartement_à_louer_avec_ascenseur_et_garage_56777643.htm
[2025-10-31T19:50:22.731+0100] {subprocess.py:93} INFO - [4/10] https://www.avito.ma/fr/sidi_maarouf/appartements/À_Almaz_rés_avec_piscine_Appartement_vide_57087877.htm
[2025-10-31T19:50:22.732+0100] {subprocess.py:93} INFO - [5/10] https://www.avito.ma/fr/sidi_maarouf/local/Salon_équipé_à_Sidi_Maarouf___Gestion_7_000_Dhs_57088525.htm
[2025-10-31T19:50:22.733+0100] {subprocess.py:93} INFO - [6/10] https://www.avito.ma/fr/casablanca_finance_city/appartements/À_louer___Appartement_neuf_110_m²_à_Cfc_56922427.htm
[2025-10-31T19:50:22.733+0100] {subprocess.py:93} INFO - [7/10] https://www.avito.ma/fr/wifak/appartements/Appartement_à_louer_à_Temara__Résid_Mashaellah_4_57094682.htm
[2025-10-31T19:50:22.734+0100] {subprocess.py:93} INFO - [8/10] https://www.avito.ma/fr/diour_jamaa/bureaux/Bureau_en_location_à_Dior_Jamae_Rabat_55888606.htm
[2025-10-31T19:50:22.735+0100] {subprocess.py:93} INFO - [9/10] https://www.avito.ma/fr/iberie/appartements/Appartement_meublé_à_Louer_Iberia___Tanger_56885182.htm
[2025-10-31T19:50:22.736+0100] {subprocess.py:93} INFO - [10/10] https://www.avito.ma/fr/mesnana/appartements/Studio_meublé_à_louer_mensuellement_en_face_de_l_université_M_sana_56971431.htm
[2025-10-31T19:50:22.737+0100] {subprocess.py:93} INFO - [✓] Sent 10 messages to Kafka topic 'realestate.avito.raw'
[2025-10-31T19:50:22.767+0100] {subprocess.py:97} INFO - Command exited with return code 0
[2025-10-31T19:50:22.769+0100] {taskinstance.py:441} INFO - ::group::Post task execution logs
[2025-10-31T19:50:22.819+0100] {taskinstance.py:1206} INFO - Marking task as SUCCESS. dag_id=avito_kafka_every_5min, task_id=run_avito_producer, run_id=scheduled__2025-10-31T18:45:00+00:00, execution_date=20251031T184500, start_date=20251031T185001, end_date=20251031T185022
[2025-10-31T19:50:22.867+0100] {local_task_job_runner.py:243} INFO - Task exited with return code 0
[2025-10-31T19:50:22.891+0100] {taskinstance.py:3503} INFO - 0 downstream tasks scheduled from follow-on schedule check
[2025-10-31T19:50:22.893+0100] {local_task_job_runner.py:222} INFO - ::endgroup::
