[2025-10-31T22:15:00.303+0100] {local_task_job_runner.py:120} INFO - ::group::Pre task execution logs
[2025-10-31T22:15:00.345+0100] {taskinstance.py:2076} INFO - Dependencies all met for dep_context=non-requeueable deps ti=<TaskInstance: avito_kafka_every_5min.run_avito_producer scheduled__2025-10-31T21:10:00+00:00 [queued]>
[2025-10-31T22:15:00.352+0100] {taskinstance.py:2076} INFO - Dependencies all met for dep_context=requeueable deps ti=<TaskInstance: avito_kafka_every_5min.run_avito_producer scheduled__2025-10-31T21:10:00+00:00 [queued]>
[2025-10-31T22:15:00.353+0100] {taskinstance.py:2306} INFO - Starting attempt 1 of 3
[2025-10-31T22:15:00.365+0100] {taskinstance.py:2330} INFO - Executing <Task(BashOperator): run_avito_producer> on 2025-10-31 21:10:00+00:00
[2025-10-31T22:15:00.371+0100] {standard_task_runner.py:90} INFO - Running: ['***', 'tasks', 'run', 'avito_kafka_every_5min', 'run_avito_producer', 'scheduled__2025-10-31T21:10:00+00:00', '--job-id', '65', '--raw', '--subdir', 'DAGS_FOLDER/avito_kafka_every_5min.py', '--cfg-path', '/tmp/tmp7jltoppe']
[2025-10-31T22:15:00.374+0100] {logging_mixin.py:188} WARNING - /home/***/.local/lib/python3.12/site-packages/***/task/task_runner/standard_task_runner.py:62 DeprecationWarning: This process (pid=2077) is multi-threaded, use of fork() may lead to deadlocks in the child.
[2025-10-31T22:15:00.375+0100] {standard_task_runner.py:91} INFO - Job 65: Subtask run_avito_producer
[2025-10-31T22:15:00.375+0100] {standard_task_runner.py:64} INFO - Started process 2078 to run task
[2025-10-31T22:15:00.432+0100] {task_command.py:426} INFO - Running <TaskInstance: avito_kafka_every_5min.run_avito_producer scheduled__2025-10-31T21:10:00+00:00 [running]> on host bfe5844a8915
[2025-10-31T22:15:00.535+0100] {taskinstance.py:2648} INFO - Exporting env vars: AIRFLOW_CTX_DAG_OWNER='data' AIRFLOW_CTX_DAG_ID='avito_kafka_every_5min' AIRFLOW_CTX_TASK_ID='run_avito_producer' AIRFLOW_CTX_EXECUTION_DATE='2025-10-31T21:10:00+00:00' AIRFLOW_CTX_TRY_NUMBER='1' AIRFLOW_CTX_DAG_RUN_ID='scheduled__2025-10-31T21:10:00+00:00'
[2025-10-31T22:15:00.536+0100] {taskinstance.py:430} INFO - ::endgroup::
[2025-10-31T22:15:00.551+0100] {subprocess.py:63} INFO - Tmp dir root location: /tmp
[2025-10-31T22:15:00.553+0100] {subprocess.py:75} INFO - Running command: ['/usr/bin/bash', '-c', 'python -m Pipeline.producer.avito_producer --mode louer --pages 1 --limit 10 --bootstrap kafka:9092 --topic realestate.avito.raw']
[2025-10-31T22:15:00.560+0100] {subprocess.py:86} INFO - Output:
[2025-10-31T22:15:19.022+0100] {subprocess.py:93} INFO - [*] Mode: LOUER | Pages: 1 | Sink: kafka | Limit: 10
[2025-10-31T22:15:19.022+0100] {subprocess.py:93} INFO - [SERP] Page 1 → https://www.avito.ma/fr/maroc/locations_immobilieres-à_louer
[2025-10-31T22:15:19.023+0100] {subprocess.py:93} INFO -        Reached limit 10, stopping SERP crawl
[2025-10-31T22:15:19.023+0100] {subprocess.py:93} INFO - [*] Total URLs: 10
[2025-10-31T22:15:19.023+0100] {subprocess.py:93} INFO - [1/10] https://www.avito.ma/fr/oulfa/bureaux/Plateau_bureau_neuf_à_louer_Quartier_Oulfa_57016872.htm
[2025-10-31T22:15:19.024+0100] {subprocess.py:93} INFO - [2/10] https://www.avito.ma/fr/allal_el_fassi/local/Magasin_à_louer_57055228.htm
[2025-10-31T22:15:19.024+0100] {subprocess.py:93} INFO - [3/10] https://www.avito.ma/fr/ain_amiyer/appartements/Appartement_équipé_pour_votre_confort_56936441.htm
[2025-10-31T22:15:19.024+0100] {subprocess.py:93} INFO - [4/10] https://www.avito.ma/fr/florida/autre_immobilier/À_LOUER___VILLA_ANCIENNE_CRÈCHE___400_m²_57017616.htm
[2025-10-31T22:15:19.025+0100] {subprocess.py:93} INFO - [5/10] https://www.avito.ma/fr/palmier/appartements/Grand_Appartement_Meublé_à_Palmier_57146419.htm
[2025-10-31T22:15:19.025+0100] {subprocess.py:93} INFO - [6/10] https://www.avito.ma/fr/oasis/appartements/A_louer_vide_emplacement_stratégique_Oasis_56897657.htm
[2025-10-31T22:15:19.025+0100] {subprocess.py:93} INFO - [7/10] https://www.avito.ma/fr/agdal/bureaux/Plateau_bureau_à_louer_sur_l_Agdal_56401717.htm
[2025-10-31T22:15:19.026+0100] {subprocess.py:93} INFO - [8/10] https://www.avito.ma/fr/gauthier/bureaux/Location_Bureau_de_468_m2_à_Casablanca_56936501.htm
[2025-10-31T22:15:19.026+0100] {subprocess.py:93} INFO - [9/10] https://www.avito.ma/fr/racine/local/Location_Local_de_140_m2_à_Casablanca_56957972.htm
[2025-10-31T22:15:19.026+0100] {subprocess.py:93} INFO - [10/10] https://www.avito.ma/fr/harhoura/villas_et_riads/Villa_neuf_à_louer_57095442.htm
[2025-10-31T22:15:19.027+0100] {subprocess.py:93} INFO - [✓] Sent 10 messages to Kafka topic 'realestate.avito.raw'
[2025-10-31T22:15:19.056+0100] {subprocess.py:97} INFO - Command exited with return code 0
[2025-10-31T22:15:19.057+0100] {taskinstance.py:441} INFO - ::group::Post task execution logs
[2025-10-31T22:15:19.083+0100] {taskinstance.py:1206} INFO - Marking task as SUCCESS. dag_id=avito_kafka_every_5min, task_id=run_avito_producer, run_id=scheduled__2025-10-31T21:10:00+00:00, execution_date=20251031T211000, start_date=20251031T211500, end_date=20251031T211519
[2025-10-31T22:15:19.125+0100] {local_task_job_runner.py:243} INFO - Task exited with return code 0
[2025-10-31T22:15:19.141+0100] {taskinstance.py:3503} INFO - 0 downstream tasks scheduled from follow-on schedule check
[2025-10-31T22:15:19.143+0100] {local_task_job_runner.py:222} INFO - ::endgroup::
