[2025-10-31T20:40:00.964+0100] {local_task_job_runner.py:120} INFO - ::group::Pre task execution logs
[2025-10-31T20:40:01.011+0100] {taskinstance.py:2076} INFO - Dependencies all met for dep_context=non-requeueable deps ti=<TaskInstance: avito_kafka_every_5min.run_avito_producer scheduled__2025-10-31T19:35:00+00:00 [queued]>
[2025-10-31T20:40:01.025+0100] {taskinstance.py:2076} INFO - Dependencies all met for dep_context=requeueable deps ti=<TaskInstance: avito_kafka_every_5min.run_avito_producer scheduled__2025-10-31T19:35:00+00:00 [queued]>
[2025-10-31T20:40:01.026+0100] {taskinstance.py:2306} INFO - Starting attempt 1 of 3
[2025-10-31T20:40:01.042+0100] {taskinstance.py:2330} INFO - Executing <Task(BashOperator): run_avito_producer> on 2025-10-31 19:35:00+00:00
[2025-10-31T20:40:01.051+0100] {standard_task_runner.py:90} INFO - Running: ['***', 'tasks', 'run', 'avito_kafka_every_5min', 'run_avito_producer', 'scheduled__2025-10-31T19:35:00+00:00', '--job-id', '46', '--raw', '--subdir', 'DAGS_FOLDER/avito_kafka_every_5min.py', '--cfg-path', '/tmp/tmprbzxo90u']
[2025-10-31T20:40:01.055+0100] {standard_task_runner.py:91} INFO - Job 46: Subtask run_avito_producer
[2025-10-31T20:40:01.057+0100] {logging_mixin.py:188} WARNING - /home/***/.local/lib/python3.12/site-packages/***/task/task_runner/standard_task_runner.py:62 DeprecationWarning: This process (pid=1009) is multi-threaded, use of fork() may lead to deadlocks in the child.
[2025-10-31T20:40:01.058+0100] {standard_task_runner.py:64} INFO - Started process 1013 to run task
[2025-10-31T20:40:01.129+0100] {task_command.py:426} INFO - Running <TaskInstance: avito_kafka_every_5min.run_avito_producer scheduled__2025-10-31T19:35:00+00:00 [running]> on host bfe5844a8915
[2025-10-31T20:40:01.253+0100] {taskinstance.py:2648} INFO - Exporting env vars: AIRFLOW_CTX_DAG_OWNER='data' AIRFLOW_CTX_DAG_ID='avito_kafka_every_5min' AIRFLOW_CTX_TASK_ID='run_avito_producer' AIRFLOW_CTX_EXECUTION_DATE='2025-10-31T19:35:00+00:00' AIRFLOW_CTX_TRY_NUMBER='1' AIRFLOW_CTX_DAG_RUN_ID='scheduled__2025-10-31T19:35:00+00:00'
[2025-10-31T20:40:01.255+0100] {taskinstance.py:430} INFO - ::endgroup::
[2025-10-31T20:40:01.272+0100] {subprocess.py:63} INFO - Tmp dir root location: /tmp
[2025-10-31T20:40:01.274+0100] {subprocess.py:75} INFO - Running command: ['/usr/bin/bash', '-c', 'python -m Pipeline.producer.avito_producer --mode louer --pages 1 --limit 10 --bootstrap kafka:9092 --topic realestate.avito.raw']
[2025-10-31T20:40:01.283+0100] {subprocess.py:86} INFO - Output:
[2025-10-31T20:40:19.530+0100] {subprocess.py:93} INFO - [*] Mode: LOUER | Pages: 1 | Sink: kafka | Limit: 10
[2025-10-31T20:40:19.530+0100] {subprocess.py:93} INFO - [SERP] Page 1 → https://www.avito.ma/fr/maroc/locations_immobilieres-à_louer
[2025-10-31T20:40:19.531+0100] {subprocess.py:93} INFO -        Reached limit 10, stopping SERP crawl
[2025-10-31T20:40:19.531+0100] {subprocess.py:93} INFO - [*] Total URLs: 10
[2025-10-31T20:40:19.532+0100] {subprocess.py:93} INFO - [1/10] https://www.avito.ma/fr/guéliz/appartements/Prestige_Duplex_Gueliz_56680746.htm
[2025-10-31T20:40:19.532+0100] {subprocess.py:93} INFO - [2/10] https://www.avito.ma/fr/extension_dakhla/appartements/beau_studio_à_louer_en_face_Macdonald_adrar_56950245.htm
[2025-10-31T20:40:19.532+0100] {subprocess.py:93} INFO - [3/10] https://www.avito.ma/fr/de_la_plage/appartements/Appartement_vide_à_louer_3_chambres_57123691.htm
[2025-10-31T20:40:19.533+0100] {subprocess.py:93} INFO - [4/10] https://www.avito.ma/fr/oulfa/bureaux/Des_bureaux_neuf_pour_location_à_oulfa_56566494.htm
[2025-10-31T20:40:19.533+0100] {subprocess.py:93} INFO - [5/10] https://www.avito.ma/fr/bouskoura_centre/appartements/Studio_meublé_Etage_villa_rez_de_chausée_bouskoura_57141411.htm
[2025-10-31T20:40:19.533+0100] {subprocess.py:93} INFO - [6/10] https://www.avito.ma/fr/aviation/appartements/Appartement_à_louer_165_m²_à_Rabat_57049193.htm
[2025-10-31T20:40:19.534+0100] {subprocess.py:93} INFO - [7/10] https://www.avito.ma/fr/agdal/appartements/Appartement_à_louer_meublé_sur_Agdal_57140846.htm
[2025-10-31T20:40:19.534+0100] {subprocess.py:93} INFO - [8/10] https://www.avito.ma/fr/maarif/local/Locale_commerciale_à_louer_sur_Maârif_Extension_57133966.htm
[2025-10-31T20:40:19.535+0100] {subprocess.py:93} INFO - [9/10] https://www.avito.ma/fr/les_princesses/appartements/Appartement_à_louer_50_m²_à_Casablanca_57146211.htm
[2025-10-31T20:40:19.535+0100] {subprocess.py:93} INFO - [10/10] https://www.avito.ma/fr/abdelmoumen/appartements/Bel_appartement_vide_de_57_m²_à_Abdelmoumen_57129036.htm
[2025-10-31T20:40:19.536+0100] {subprocess.py:93} INFO - [✓] Sent 10 messages to Kafka topic 'realestate.avito.raw'
[2025-10-31T20:40:19.573+0100] {subprocess.py:97} INFO - Command exited with return code 0
[2025-10-31T20:40:19.574+0100] {taskinstance.py:441} INFO - ::group::Post task execution logs
[2025-10-31T20:40:19.603+0100] {taskinstance.py:1206} INFO - Marking task as SUCCESS. dag_id=avito_kafka_every_5min, task_id=run_avito_producer, run_id=scheduled__2025-10-31T19:35:00+00:00, execution_date=20251031T193500, start_date=20251031T194001, end_date=20251031T194019
[2025-10-31T20:40:19.621+0100] {local_task_job_runner.py:243} INFO - Task exited with return code 0
[2025-10-31T20:40:19.641+0100] {taskinstance.py:3503} INFO - 0 downstream tasks scheduled from follow-on schedule check
[2025-10-31T20:40:19.643+0100] {local_task_job_runner.py:222} INFO - ::endgroup::
