[2025-11-01T00:55:10.309+0100] {local_task_job_runner.py:120} INFO - ::group::Pre task execution logs
[2025-11-01T00:55:10.353+0100] {taskinstance.py:2076} INFO - Dependencies all met for dep_context=non-requeueable deps ti=<TaskInstance: avito_minimal_scrape_to_iceberg.prepare_scraper_launcher manual__2025-10-31T23:54:14.385033+00:00 [queued]>
[2025-11-01T00:55:10.365+0100] {taskinstance.py:2076} INFO - Dependencies all met for dep_context=requeueable deps ti=<TaskInstance: avito_minimal_scrape_to_iceberg.prepare_scraper_launcher manual__2025-10-31T23:54:14.385033+00:00 [queued]>
[2025-11-01T00:55:10.366+0100] {taskinstance.py:2306} INFO - Starting attempt 1 of 3
[2025-11-01T00:55:10.380+0100] {taskinstance.py:2330} INFO - Executing <Task(BashOperator): prepare_scraper_launcher> on 2025-10-31 23:54:14.385033+00:00
[2025-11-01T00:55:10.387+0100] {standard_task_runner.py:90} INFO - Running: ['***', 'tasks', 'run', 'avito_minimal_scrape_to_iceberg', 'prepare_scraper_launcher', 'manual__2025-10-31T23:54:14.385033+00:00', '--job-id', '125', '--raw', '--subdir', 'DAGS_FOLDER/avito_pipeline.py', '--cfg-path', '/tmp/tmpfzmkbeve']
[2025-11-01T00:55:10.390+0100] {standard_task_runner.py:91} INFO - Job 125: Subtask prepare_scraper_launcher
[2025-11-01T00:55:10.390+0100] {logging_mixin.py:188} WARNING - /home/***/.local/lib/python3.12/site-packages/***/task/task_runner/standard_task_runner.py:62 DeprecationWarning: This process (pid=890) is multi-threaded, use of fork() may lead to deadlocks in the child.
[2025-11-01T00:55:10.392+0100] {standard_task_runner.py:64} INFO - Started process 891 to run task
[2025-11-01T00:55:10.456+0100] {task_command.py:426} INFO - Running <TaskInstance: avito_minimal_scrape_to_iceberg.prepare_scraper_launcher manual__2025-10-31T23:54:14.385033+00:00 [running]> on host 840b98c7ef92
[2025-11-01T00:55:10.559+0100] {taskinstance.py:2648} INFO - Exporting env vars: AIRFLOW_CTX_DAG_OWNER='avito' AIRFLOW_CTX_DAG_ID='avito_minimal_scrape_to_iceberg' AIRFLOW_CTX_TASK_ID='prepare_scraper_launcher' AIRFLOW_CTX_EXECUTION_DATE='2025-10-31T23:54:14.385033+00:00' AIRFLOW_CTX_TRY_NUMBER='1' AIRFLOW_CTX_DAG_RUN_ID='manual__2025-10-31T23:54:14.385033+00:00'
[2025-11-01T00:55:10.561+0100] {taskinstance.py:430} INFO - ::endgroup::
[2025-11-01T00:55:10.578+0100] {subprocess.py:63} INFO - Tmp dir root location: /tmp
[2025-11-01T00:55:10.579+0100] {subprocess.py:75} INFO - Running command: ['/usr/bin/bash', '-c', '\ndocker exec -i avito-scraper bash -lc \'\nset -euo pipefail\ncat > /app/run_avito_scraper.sh << "SH"\n#!/usr/bin/env bash\nset -euo pipefail\n\n# candidate script paths (adjust/extend if you rename files)\nCANDIDATES=(\n  "/app/src/Pipeline/extract/avito_producer.py"\n  "/app/src/avito_producer.py"\n  "/app/src/Pipeline/extract/avito_scraper.py"\n  "/app/src/avito_scraper.py"\n)\n\nSCRIPT=""\nfor p in "${CANDIDATES[@]}"; do\n  if [ -f "$p" ]; then SCRIPT="$p"; break; fi\ndone\n\nif [ -z "$SCRIPT" ]; then\n  echo "[launcher] ERROR: could not find avito producer script under /app/src" >&2\n  echo "[launcher] HINT: check volume mount and file name (case-sensitive)" >&2\n  exit 2\nfi\n\nexport PYTHONPATH=/app/src\npython "$SCRIPT" "$@"\nSH\nchmod +x /app/run_avito_scraper.sh\n\'']
[2025-11-01T00:55:10.589+0100] {subprocess.py:86} INFO - Output:
[2025-11-01T00:55:10.693+0100] {subprocess.py:97} INFO - Command exited with return code 0
[2025-11-01T00:55:10.694+0100] {taskinstance.py:441} INFO - ::group::Post task execution logs
[2025-11-01T00:55:10.723+0100] {taskinstance.py:1206} INFO - Marking task as SUCCESS. dag_id=avito_minimal_scrape_to_iceberg, task_id=prepare_scraper_launcher, run_id=manual__2025-10-31T23:54:14.385033+00:00, execution_date=20251031T235414, start_date=20251031T235510, end_date=20251031T235510
[2025-11-01T00:55:10.766+0100] {local_task_job_runner.py:243} INFO - Task exited with return code 0
[2025-11-01T00:55:10.789+0100] {taskinstance.py:3503} INFO - 1 downstream tasks scheduled from follow-on schedule check
[2025-11-01T00:55:10.793+0100] {local_task_job_runner.py:222} INFO - ::endgroup::
